[01m[K/home/arveds/ros2_ws/src/ros_kctrl_interface_pkg/src/ros2ctrl_udp_reciever.cpp:16:14:[m[K [01;31m[Kerror: [m[K‘[01m[Knlohmann[m[K’ does not name a type
   16 | using json = [01;31m[Knlohmann[m[K::json;
      |              [01;31m[K^~~~~~~~[m[K
[01m[K/home/arveds/ros2_ws/src/ros_kctrl_interface_pkg/src/ros2ctrl_udp_reciever.cpp:[m[K In member function ‘[01m[Kvoid Ros2UdpReceiver::[01;32m[Khandle_kssis_401[m[K(const std::string&)[m[K’:
[01m[K/home/arveds/ros2_ws/src/ros_kctrl_interface_pkg/src/ros2ctrl_udp_reciever.cpp:155:22:[m[K [01;31m[Kerror: [m[K‘[01m[Kjson[m[K’ has not been declared
  155 |             auto j = [01;31m[Kjson[m[K::parse(json_str);
      |                      [01;31m[K^~~~[m[K
[01m[K/home/arveds/ros2_ws/src/ros_kctrl_interface_pkg/src/ros2ctrl_udp_reciever.cpp:158:89:[m[K [01;31m[Kerror: [m[Kexpected primary-expression before ‘[01m[K>[m[K’ token
  158 |                 oss << "  " << (param.contains("label") ? param["label"].get<std::string[01;31m[K>[m[K() : param["id"].get<std::string>())
      |                                                                                         [01;31m[K^[m[K
[01m[K/home/arveds/ros2_ws/src/ros_kctrl_interface_pkg/src/ros2ctrl_udp_reciever.cpp:158:91:[m[K [01;31m[Kerror: [m[Kexpected primary-expression before ‘[01m[K)[m[K’ token
  158 |                 oss << "  " << (param.contains("label") ? param["label"].get<std::string>([01;31m[K)[m[K : param["id"].get<std::string>())
      |                                                                                           [01;31m[K^[m[K
[01m[K/home/arveds/ros2_ws/src/ros_kctrl_interface_pkg/src/ros2ctrl_udp_reciever.cpp:158:122:[m[K [01;31m[Kerror: [m[Kexpected primary-expression before ‘[01m[K>[m[K’ token
  158 |                 oss << "  " << (param.contains("label") ? param["label"].get<std::string>() : param["id"].get<std::string[01;31m[K>[m[K())
      |                                                                                                                          [01;31m[K^[m[K
[01m[K/home/arveds/ros2_ws/src/ros_kctrl_interface_pkg/src/ros2ctrl_udp_reciever.cpp:158:124:[m[K [01;31m[Kerror: [m[Kexpected primary-expression before ‘[01m[K)[m[K’ token
  158 |                 oss << "  " << (param.contains("label") ? param["label"].get<std::string>() : param["id"].get<std::string>([01;31m[K)[m[K)
      |                                                                                                                            [01;31m[K^[m[K
[01m[K/home/arveds/ros2_ws/src/ros_kctrl_interface_pkg/src/ros2ctrl_udp_reciever.cpp:159:63:[m[K [01;31m[Kerror: [m[Kexpected primary-expression before ‘[01m[K>[m[K’ token
  159 |                     << " = " << param["value"].get<std::string[01;31m[K>[m[K() << "\n";
      |                                                               [01;31m[K^[m[K
[01m[K/home/arveds/ros2_ws/src/ros_kctrl_interface_pkg/src/ros2ctrl_udp_reciever.cpp:159:65:[m[K [01;31m[Kerror: [m[Kexpected primary-expression before ‘[01m[K)[m[K’ token
  159 |                     << " = " << param["value"].get<std::string>([01;31m[K)[m[K << "\n";
      |                                                                 [01;31m[K^[m[K
gmake[2]: *** [CMakeFiles/ros2ctrl_udp_reciever.dir/build.make:76: CMakeFiles/ros2ctrl_udp_reciever.dir/src/ros2ctrl_udp_reciever.cpp.o] Error 1
gmake[1]: *** [CMakeFiles/Makefile2:193: CMakeFiles/ros2ctrl_udp_reciever.dir/all] Error 2
gmake: *** [Makefile:146: all] Error 2
