-- Found ament_cmake: 2.5.4 (/opt/ros/jazzy/share/ament_cmake/cmake)
-- Found rclcpp: 28.1.9 (/opt/ros/jazzy/share/rclcpp/cmake)
-- Found rosidl_generator_c: 4.6.5 (/opt/ros/jazzy/share/rosidl_generator_c/cmake)
-- Found rosidl_generator_cpp: 4.6.5 (/opt/ros/jazzy/share/rosidl_generator_cpp/cmake)
-- Using all available rosidl_typesupport_c: rosidl_typesupport_fastrtps_c;rosidl_typesupport_introspection_c
-- Using all available rosidl_typesupport_cpp: rosidl_typesupport_fastrtps_cpp;rosidl_typesupport_introspection_cpp
-- Found rmw_implementation_cmake: 7.3.2 (/opt/ros/jazzy/share/rmw_implementation_cmake/cmake)
-- Found rmw_fastrtps_cpp: 8.4.2 (/opt/ros/jazzy/share/rmw_fastrtps_cpp/cmake)
-- Using RMW implementation 'rmw_fastrtps_cpp' as default
-- Found std_msgs: 5.3.6 (/opt/ros/jazzy/share/std_msgs/cmake)
-- Found ros_kctrl_custom_interfaces: 0.0.0 (/home/arveds/ros2_ws/install/ros_kctrl_custom_interfaces/share/ros_kctrl_custom_interfaces/cmake)
-- Configuring done (1.0s)
-- Generating done (0.0s)
-- Build files have been written to: /home/arveds/ros2_ws/build/ros_kctrl_interface_pkg
[ 33%] Built target ros2ctrl_udp_client
[ 50%] [32mBuilding CXX object CMakeFiles/ros2ctrl_udp_reciever.dir/src/ros2ctrl_udp_reciever.cpp.o[0m
[ 83%] Built target ros2ctrl_wrapper_node
[01m[K/home/arveds/ros2_ws/src/ros_kctrl_interface_pkg/src/ros2ctrl_udp_reciever.cpp:16:14:[m[K [01;31m[Kerror: [m[K‘[01m[Knlohmann[m[K’ does not name a type
   16 | using json = [01;31m[Knlohmann[m[K::json;
      |              [01;31m[K^~~~~~~~[m[K
[01m[K/home/arveds/ros2_ws/src/ros_kctrl_interface_pkg/src/ros2ctrl_udp_reciever.cpp:[m[K In member function ‘[01m[Kvoid Ros2UdpReceiver::[01;32m[Khandle_kssis_401[m[K(const std::string&)[m[K’:
[01m[K/home/arveds/ros2_ws/src/ros_kctrl_interface_pkg/src/ros2ctrl_udp_reciever.cpp:155:22:[m[K [01;31m[Kerror: [m[K‘[01m[Kjson[m[K’ has not been declared
  155 |             auto j = [01;31m[Kjson[m[K::parse(json_str);
      |                      [01;31m[K^~~~[m[K
[01m[K/home/arveds/ros2_ws/src/ros_kctrl_interface_pkg/src/ros2ctrl_udp_reciever.cpp:158:89:[m[K [01;31m[Kerror: [m[Kexpected primary-expression before ‘[01m[K>[m[K’ token
  158 |                 oss << "  " << (param.contains("label") ? param["label"].get<std::string[01;31m[K>[m[K() : param["id"].get<std::string>())
      |                                                                                         [01;31m[K^[m[K
[01m[K/home/arveds/ros2_ws/src/ros_kctrl_interface_pkg/src/ros2ctrl_udp_reciever.cpp:158:91:[m[K [01;31m[Kerror: [m[Kexpected primary-expression before ‘[01m[K)[m[K’ token
  158 |                 oss << "  " << (param.contains("label") ? param["label"].get<std::string>([01;31m[K)[m[K : param["id"].get<std::string>())
      |                                                                                           [01;31m[K^[m[K
[01m[K/home/arveds/ros2_ws/src/ros_kctrl_interface_pkg/src/ros2ctrl_udp_reciever.cpp:158:122:[m[K [01;31m[Kerror: [m[Kexpected primary-expression before ‘[01m[K>[m[K’ token
  158 |                 oss << "  " << (param.contains("label") ? param["label"].get<std::string>() : param["id"].get<std::string[01;31m[K>[m[K())
      |                                                                                                                          [01;31m[K^[m[K
[01m[K/home/arveds/ros2_ws/src/ros_kctrl_interface_pkg/src/ros2ctrl_udp_reciever.cpp:158:124:[m[K [01;31m[Kerror: [m[Kexpected primary-expression before ‘[01m[K)[m[K’ token
  158 |                 oss << "  " << (param.contains("label") ? param["label"].get<std::string>() : param["id"].get<std::string>([01;31m[K)[m[K)
      |                                                                                                                            [01;31m[K^[m[K
[01m[K/home/arveds/ros2_ws/src/ros_kctrl_interface_pkg/src/ros2ctrl_udp_reciever.cpp:159:63:[m[K [01;31m[Kerror: [m[Kexpected primary-expression before ‘[01m[K>[m[K’ token
  159 |                     << " = " << param["value"].get<std::string[01;31m[K>[m[K() << "\n";
      |                                                               [01;31m[K^[m[K
[01m[K/home/arveds/ros2_ws/src/ros_kctrl_interface_pkg/src/ros2ctrl_udp_reciever.cpp:159:65:[m[K [01;31m[Kerror: [m[Kexpected primary-expression before ‘[01m[K)[m[K’ token
  159 |                     << " = " << param["value"].get<std::string>([01;31m[K)[m[K << "\n";
      |                                                                 [01;31m[K^[m[K
gmake[2]: *** [CMakeFiles/ros2ctrl_udp_reciever.dir/build.make:76: CMakeFiles/ros2ctrl_udp_reciever.dir/src/ros2ctrl_udp_reciever.cpp.o] Error 1
gmake[1]: *** [CMakeFiles/Makefile2:193: CMakeFiles/ros2ctrl_udp_reciever.dir/all] Error 2
gmake: *** [Makefile:146: all] Error 2
