[0.009s] Invoking command in '/home/arveds/ros2_ws/build/ros_kctrl_custom_interfaces': CMAKE_PREFIX_PATH=${CMAKE_PREFIX_PATH}:/opt/ros/jazzy /usr/bin/cmake /home/arveds/ros2_ws/src/ros_kctrl_custom_interfaces -DCMAKE_INSTALL_PREFIX=/home/arveds/ros2_ws/install/ros_kctrl_custom_interfaces
[0.173s] -- The C compiler identification is GNU 13.3.0
[0.431s] -- The CXX compiler identification is GNU 13.3.0
[0.640s] -- Detecting C compiler ABI info
[0.772s] -- Detecting C compiler ABI info - done
[0.780s] -- Check for working C compiler: /usr/bin/cc - skipped
[0.781s] -- Detecting C compile features
[0.782s] -- Detecting C compile features - done
[0.814s] -- Detecting CXX compiler ABI info
[0.948s] -- Detecting CXX compiler ABI info - done
[0.957s] -- Check for working CXX compiler: /usr/bin/c++ - skipped
[0.958s] -- Detecting CXX compile features
[0.958s] -- Detecting CXX compile features - done
[0.977s] -- Found ament_cmake: 2.5.4 (/opt/ros/jazzy/share/ament_cmake/cmake)
[1.106s] -- Found Python3: /usr/bin/python3 (found version "3.12.3") found components: Interpreter 
[1.198s] -- Found rosidl_default_generators: 1.6.0 (/opt/ros/jazzy/share/rosidl_default_generators/cmake)
[1.206s] -- Using all available rosidl_typesupport_c: rosidl_typesupport_fastrtps_c;rosidl_typesupport_introspection_c
[1.311s] -- Using all available rosidl_typesupport_cpp: rosidl_typesupport_fastrtps_cpp;rosidl_typesupport_introspection_cpp
[1.356s] -- Found rosidl_adapter: 4.6.5 (/opt/ros/jazzy/share/rosidl_adapter/cmake)
[1.926s] -- Found ament_cmake_ros: 0.12.0 (/opt/ros/jazzy/share/ament_cmake_ros/cmake)
[2.296s] -- Using all available rosidl_typesupport_c: rosidl_typesupport_fastrtps_c;rosidl_typesupport_introspection_c
[2.775s] -- Using all available rosidl_typesupport_cpp: rosidl_typesupport_fastrtps_cpp;rosidl_typesupport_introspection_cpp
[2.778s] -- Found python_cmake_module: 0.11.1 (/opt/ros/jazzy/share/python_cmake_module/cmake)
[2.893s] -- Found PythonExtra: /usr/bin/python3  
[3.270s] -- Found Python3: /usr/bin/python3 (found version "3.12.3") found components: Interpreter Development NumPy Development.Module Development.Embed 
[3.306s] -- Configuring done (3.3s)
[3.366s] -- Generating done (0.1s)
[3.380s] -- Build files have been written to: /home/arveds/ros2_ws/build/ros_kctrl_custom_interfaces
[3.387s] Invoked command in '/home/arveds/ros2_ws/build/ros_kctrl_custom_interfaces' returned '0': CMAKE_PREFIX_PATH=${CMAKE_PREFIX_PATH}:/opt/ros/jazzy /usr/bin/cmake /home/arveds/ros2_ws/src/ros_kctrl_custom_interfaces -DCMAKE_INSTALL_PREFIX=/home/arveds/ros2_ws/install/ros_kctrl_custom_interfaces
[3.389s] Invoking command in '/home/arveds/ros2_ws/build/ros_kctrl_custom_interfaces': CMAKE_PREFIX_PATH=${CMAKE_PREFIX_PATH}:/opt/ros/jazzy /usr/bin/cmake --build /home/arveds/ros2_ws/build/ros_kctrl_custom_interfaces -- -j12 -l12
[3.435s] [  1%] [34m[1mGenerating type hashes for ROS interfaces[0m
[3.443s] [  1%] Built target ament_cmake_python_copy_ros_kctrl_custom_interfaces
[3.690s] running egg_info
[3.690s] creating ros_kctrl_custom_interfaces.egg-info
[3.715s] writing ros_kctrl_custom_interfaces.egg-info/PKG-INFO
[3.715s] writing dependency_links to ros_kctrl_custom_interfaces.egg-info/dependency_links.txt
[3.716s] writing top-level names to ros_kctrl_custom_interfaces.egg-info/top_level.txt
[3.716s] writing manifest file 'ros_kctrl_custom_interfaces.egg-info/SOURCES.txt'
[3.737s] [  1%] Built target ros_kctrl_custom_interfaces__rosidl_generator_type_description
[3.748s] [  2%] [34m[1mGenerating C code for ROS interfaces[0m
[3.760s] [  3%] [34m[1mGenerating C++ code for ROS interfaces[0m
[3.795s] reading manifest file 'ros_kctrl_custom_interfaces.egg-info/SOURCES.txt'
[3.796s] writing manifest file 'ros_kctrl_custom_interfaces.egg-info/SOURCES.txt'
[3.827s] [  3%] Built target ament_cmake_python_build_ros_kctrl_custom_interfaces_egg
[4.610s] [  3%] Built target ros_kctrl_custom_interfaces__cpp
[4.775s] [  4%] [32mBuilding C object CMakeFiles/ros_kctrl_custom_interfaces__rosidl_generator_c.dir/rosidl_generator_c/ros_kctrl_custom_interfaces/srv/detail/sounder_command__description.c.o[0m
[4.775s] [  7%] [32mBuilding C object CMakeFiles/ros_kctrl_custom_interfaces__rosidl_generator_c.dir/rosidl_generator_c/ros_kctrl_custom_interfaces/srv/detail/sounder_command__type_support.c.o[0m
[4.775s] [  7%] [32mBuilding C object CMakeFiles/ros_kctrl_custom_interfaces__rosidl_generator_c.dir/rosidl_generator_c/ros_kctrl_custom_interfaces/srv/detail/set_pu_parameters__type_support.c.o[0m
[4.775s] [  7%] [32mBuilding C object CMakeFiles/ros_kctrl_custom_interfaces__rosidl_generator_c.dir/rosidl_generator_c/ros_kctrl_custom_interfaces/srv/detail/set_pu_parameters__functions.c.o[0m
[4.775s] [  9%] [32mBuilding C object CMakeFiles/ros_kctrl_custom_interfaces__rosidl_generator_c.dir/rosidl_generator_c/ros_kctrl_custom_interfaces/srv/detail/set_pu_parameters__description.c.o[0m
[4.775s] [  9%] [32mBuilding C object CMakeFiles/ros_kctrl_custom_interfaces__rosidl_generator_c.dir/rosidl_generator_c/ros_kctrl_custom_interfaces/srv/detail/request_pu_parameters__functions.c.o[0m
[4.776s] [ 10%] [32mBuilding C object CMakeFiles/ros_kctrl_custom_interfaces__rosidl_generator_c.dir/rosidl_generator_c/ros_kctrl_custom_interfaces/srv/detail/request_pu_parameters__description.c.o[0m
[4.776s] [ 11%] [32mBuilding C object CMakeFiles/ros_kctrl_custom_interfaces__rosidl_generator_c.dir/rosidl_generator_c/ros_kctrl_custom_interfaces/srv/detail/recording_control__functions.c.o[0m
[4.776s] [ 12%] [32mBuilding C object CMakeFiles/ros_kctrl_custom_interfaces__rosidl_generator_c.dir/rosidl_generator_c/ros_kctrl_custom_interfaces/srv/detail/request_pu_parameters__type_support.c.o[0m
[4.776s] [ 13%] [32mBuilding C object CMakeFiles/ros_kctrl_custom_interfaces__rosidl_generator_c.dir/rosidl_generator_c/ros_kctrl_custom_interfaces/srv/detail/recording_control__description.c.o[0m
[4.777s] [ 14%] [32mBuilding C object CMakeFiles/ros_kctrl_custom_interfaces__rosidl_generator_c.dir/rosidl_generator_c/ros_kctrl_custom_interfaces/srv/detail/sounder_command__functions.c.o[0m
[4.777s] [ 15%] [32mBuilding C object CMakeFiles/ros_kctrl_custom_interfaces__rosidl_generator_c.dir/rosidl_generator_c/ros_kctrl_custom_interfaces/srv/detail/recording_control__type_support.c.o[0m
[4.861s] [ 18%] [32mBuilding C object CMakeFiles/ros_kctrl_custom_interfaces__rosidl_generator_c.dir/rosidl_generator_c/ros_kctrl_custom_interfaces/srv/detail/update_recording_path__functions.c.o[0m
[4.862s] [ 18%] [32mBuilding C object CMakeFiles/ros_kctrl_custom_interfaces__rosidl_generator_c.dir/rosidl_generator_c/ros_kctrl_custom_interfaces/srv/detail/update_recording_path__description.c.o[0m
[4.862s] [ 19%] [32mBuilding C object CMakeFiles/ros_kctrl_custom_interfaces__rosidl_generator_c.dir/rosidl_generator_c/ros_kctrl_custom_interfaces/srv/detail/update_recording_path__type_support.c.o[0m
[4.862s] [ 20%] [32mBuilding C object CMakeFiles/ros_kctrl_custom_interfaces__rosidl_generator_c.dir/rosidl_generator_c/ros_kctrl_custom_interfaces/srv/detail/pu_parameters__description.c.o[0m
[4.887s] [ 21%] [32mBuilding C object CMakeFiles/ros_kctrl_custom_interfaces__rosidl_generator_c.dir/rosidl_generator_c/ros_kctrl_custom_interfaces/srv/detail/request_detected_sounders__description.c.o[0m
[4.887s] [ 22%] [32mBuilding C object CMakeFiles/ros_kctrl_custom_interfaces__rosidl_generator_c.dir/rosidl_generator_c/ros_kctrl_custom_interfaces/srv/detail/request_detected_sounders__functions.c.o[0m
[4.889s] [ 23%] [32mBuilding C object CMakeFiles/ros_kctrl_custom_interfaces__rosidl_generator_c.dir/rosidl_generator_c/ros_kctrl_custom_interfaces/srv/detail/pu_parameters__functions.c.o[0m
[4.889s] [ 24%] [32mBuilding C object CMakeFiles/ros_kctrl_custom_interfaces__rosidl_generator_c.dir/rosidl_generator_c/ros_kctrl_custom_interfaces/srv/detail/pu_parameters__type_support.c.o[0m
[4.943s] [ 25%] [32mBuilding C object CMakeFiles/ros_kctrl_custom_interfaces__rosidl_generator_c.dir/rosidl_generator_c/ros_kctrl_custom_interfaces/srv/detail/request_detected_sounders__type_support.c.o[0m
[4.997s] [ 26%] [32m[1mLinking C shared library libros_kctrl_custom_interfaces__rosidl_generator_c.so[0m
[5.059s] [ 26%] Built target ros_kctrl_custom_interfaces__rosidl_generator_c
[5.070s] [ 27%] [34m[1mGenerating C type support for eProsima Fast-RTPS[0m
[5.070s] [ 28%] [34m[1mGenerating C type support dispatch for ROS interfaces[0m
[5.072s] [ 30%] [34m[1mGenerating C++ type support dispatch for ROS interfaces[0m
[5.072s] [ 30%] [34m[1mGenerating C++ introspection for ROS interfaces[0m
[5.072s] [ 31%] [34m[1mGenerating C++ type support for eProsima Fast-RTPS[0m
[5.073s] [ 32%] [34m[1mGenerating C introspection for ROS interfaces[0m
[5.648s] [ 34%] [32mBuilding CXX object CMakeFiles/ros_kctrl_custom_interfaces__rosidl_typesupport_c.dir/rosidl_typesupport_c/ros_kctrl_custom_interfaces/srv/sounder_command__type_support.cpp.o[0m
[5.648s] [ 35%] [32mBuilding CXX object CMakeFiles/ros_kctrl_custom_interfaces__rosidl_typesupport_c.dir/rosidl_typesupport_c/ros_kctrl_custom_interfaces/srv/set_pu_parameters__type_support.cpp.o[0m
[5.656s] [ 36%] [32mBuilding CXX object CMakeFiles/ros_kctrl_custom_interfaces__rosidl_typesupport_c.dir/rosidl_typesupport_c/ros_kctrl_custom_interfaces/srv/update_recording_path__type_support.cpp.o[0m
[5.656s] [ 37%] [32mBuilding CXX object CMakeFiles/ros_kctrl_custom_interfaces__rosidl_typesupport_c.dir/rosidl_typesupport_c/ros_kctrl_custom_interfaces/srv/recording_control__type_support.cpp.o[0m
[5.658s] [ 38%] [32mBuilding CXX object CMakeFiles/ros_kctrl_custom_interfaces__rosidl_typesupport_c.dir/rosidl_typesupport_c/ros_kctrl_custom_interfaces/srv/pu_parameters__type_support.cpp.o[0m
[5.663s] [ 39%] [32mBuilding CXX object CMakeFiles/ros_kctrl_custom_interfaces__rosidl_typesupport_c.dir/rosidl_typesupport_c/ros_kctrl_custom_interfaces/srv/request_pu_parameters__type_support.cpp.o[0m
[5.665s] [ 40%] [32mBuilding CXX object CMakeFiles/ros_kctrl_custom_interfaces__rosidl_typesupport_c.dir/rosidl_typesupport_c/ros_kctrl_custom_interfaces/srv/request_detected_sounders__type_support.cpp.o[0m
[5.682s] [ 41%] [32mBuilding CXX object CMakeFiles/ros_kctrl_custom_interfaces__rosidl_typesupport_cpp.dir/rosidl_typesupport_cpp/ros_kctrl_custom_interfaces/srv/sounder_command__type_support.cpp.o[0m
[5.762s] [ 42%] [32mBuilding CXX object CMakeFiles/ros_kctrl_custom_interfaces__rosidl_typesupport_cpp.dir/rosidl_typesupport_cpp/ros_kctrl_custom_interfaces/srv/request_pu_parameters__type_support.cpp.o[0m
[5.763s] [ 43%] [32mBuilding CXX object CMakeFiles/ros_kctrl_custom_interfaces__rosidl_typesupport_cpp.dir/rosidl_typesupport_cpp/ros_kctrl_custom_interfaces/srv/set_pu_parameters__type_support.cpp.o[0m
[5.768s] [ 44%] [32mBuilding CXX object CMakeFiles/ros_kctrl_custom_interfaces__rosidl_typesupport_cpp.dir/rosidl_typesupport_cpp/ros_kctrl_custom_interfaces/srv/recording_control__type_support.cpp.o[0m
[5.774s] [ 45%] [32mBuilding CXX object CMakeFiles/ros_kctrl_custom_interfaces__rosidl_typesupport_cpp.dir/rosidl_typesupport_cpp/ros_kctrl_custom_interfaces/srv/update_recording_path__type_support.cpp.o[0m
[5.774s] [ 46%] [32mBuilding CXX object CMakeFiles/ros_kctrl_custom_interfaces__rosidl_typesupport_cpp.dir/rosidl_typesupport_cpp/ros_kctrl_custom_interfaces/srv/request_detected_sounders__type_support.cpp.o[0m
[5.775s] [ 47%] [32mBuilding CXX object CMakeFiles/ros_kctrl_custom_interfaces__rosidl_typesupport_cpp.dir/rosidl_typesupport_cpp/ros_kctrl_custom_interfaces/srv/pu_parameters__type_support.cpp.o[0m
[5.779s] [ 48%] [32m[1mLinking CXX shared library libros_kctrl_custom_interfaces__rosidl_typesupport_c.so[0m
[5.953s] [ 48%] Built target ros_kctrl_custom_interfaces__rosidl_typesupport_c
[6.169s] [ 50%] [32mBuilding CXX object CMakeFiles/ros_kctrl_custom_interfaces__rosidl_typesupport_introspection_cpp.dir/rosidl_typesupport_introspection_cpp/ros_kctrl_custom_interfaces/srv/detail/sounder_command__type_support.cpp.o[0m
[6.191s] [ 51%] [32mBuilding CXX object CMakeFiles/ros_kctrl_custom_interfaces__rosidl_typesupport_introspection_cpp.dir/rosidl_typesupport_introspection_cpp/ros_kctrl_custom_interfaces/srv/detail/set_pu_parameters__type_support.cpp.o[0m
[6.372s] [ 52%] [32mBuilding C object CMakeFiles/ros_kctrl_custom_interfaces__rosidl_typesupport_introspection_c.dir/rosidl_typesupport_introspection_c/ros_kctrl_custom_interfaces/srv/detail/sounder_command__type_support.c.o[0m
[6.516s] [ 53%] [32mBuilding C object CMakeFiles/ros_kctrl_custom_interfaces__rosidl_typesupport_introspection_c.dir/rosidl_typesupport_introspection_c/ros_kctrl_custom_interfaces/srv/detail/set_pu_parameters__type_support.c.o[0m
[6.628s] [ 54%] [32mBuilding C object CMakeFiles/ros_kctrl_custom_interfaces__rosidl_typesupport_introspection_c.dir/rosidl_typesupport_introspection_c/ros_kctrl_custom_interfaces/srv/detail/request_pu_parameters__type_support.c.o[0m
[6.730s] [ 55%] [32mBuilding C object CMakeFiles/ros_kctrl_custom_interfaces__rosidl_typesupport_introspection_c.dir/rosidl_typesupport_introspection_c/ros_kctrl_custom_interfaces/srv/detail/recording_control__type_support.c.o[0m
[6.740s] [ 57%] [32mBuilding CXX object CMakeFiles/ros_kctrl_custom_interfaces__rosidl_typesupport_introspection_cpp.dir/rosidl_typesupport_introspection_cpp/ros_kctrl_custom_interfaces/srv/detail/request_pu_parameters__type_support.cpp.o[0m
[6.741s] [ 57%] [32mBuilding C object CMakeFiles/ros_kctrl_custom_interfaces__rosidl_typesupport_introspection_c.dir/rosidl_typesupport_introspection_c/ros_kctrl_custom_interfaces/srv/detail/pu_parameters__type_support.c.o[0m
[6.752s] [ 58%] [32mBuilding C object CMakeFiles/ros_kctrl_custom_interfaces__rosidl_typesupport_introspection_c.dir/rosidl_typesupport_introspection_c/ros_kctrl_custom_interfaces/srv/detail/update_recording_path__type_support.c.o[0m
[6.754s] [ 59%] [32mBuilding C object CMakeFiles/ros_kctrl_custom_interfaces__rosidl_typesupport_introspection_c.dir/rosidl_typesupport_introspection_c/ros_kctrl_custom_interfaces/srv/detail/request_detected_sounders__type_support.c.o[0m
[6.759s] [ 60%] [32mBuilding CXX object CMakeFiles/ros_kctrl_custom_interfaces__rosidl_typesupport_introspection_cpp.dir/rosidl_typesupport_introspection_cpp/ros_kctrl_custom_interfaces/srv/detail/recording_control__type_support.cpp.o[0m
[6.791s] [ 61%] [32mBuilding CXX object CMakeFiles/ros_kctrl_custom_interfaces__rosidl_typesupport_introspection_cpp.dir/rosidl_typesupport_introspection_cpp/ros_kctrl_custom_interfaces/srv/detail/update_recording_path__type_support.cpp.o[0m
[6.801s] [ 62%] [32m[1mLinking CXX shared library libros_kctrl_custom_interfaces__rosidl_typesupport_cpp.so[0m
[6.832s] [ 63%] [32mBuilding CXX object CMakeFiles/ros_kctrl_custom_interfaces__rosidl_typesupport_introspection_cpp.dir/rosidl_typesupport_introspection_cpp/ros_kctrl_custom_interfaces/srv/detail/pu_parameters__type_support.cpp.o[0m
[6.842s] [ 64%] [32mBuilding CXX object CMakeFiles/ros_kctrl_custom_interfaces__rosidl_typesupport_introspection_cpp.dir/rosidl_typesupport_introspection_cpp/ros_kctrl_custom_interfaces/srv/detail/request_detected_sounders__type_support.cpp.o[0m
[6.859s] [ 65%] [32m[1mLinking C shared library libros_kctrl_custom_interfaces__rosidl_typesupport_introspection_c.so[0m
[6.886s] [ 67%] [32mBuilding CXX object CMakeFiles/ros_kctrl_custom_interfaces__rosidl_typesupport_fastrtps_cpp.dir/rosidl_typesupport_fastrtps_cpp/ros_kctrl_custom_interfaces/srv/detail/dds_fastrtps/sounder_command__type_support.cpp.o[0m
[6.901s] [ 68%] [32mBuilding CXX object CMakeFiles/ros_kctrl_custom_interfaces__rosidl_typesupport_fastrtps_cpp.dir/rosidl_typesupport_fastrtps_cpp/ros_kctrl_custom_interfaces/srv/detail/dds_fastrtps/set_pu_parameters__type_support.cpp.o[0m
[6.992s] [ 68%] Built target ros_kctrl_custom_interfaces__rosidl_typesupport_introspection_c
[7.011s] [ 69%] [32mBuilding CXX object CMakeFiles/ros_kctrl_custom_interfaces__rosidl_typesupport_fastrtps_cpp.dir/rosidl_typesupport_fastrtps_cpp/ros_kctrl_custom_interfaces/srv/detail/dds_fastrtps/request_pu_parameters__type_support.cpp.o[0m
[7.068s] [ 69%] Built target ros_kctrl_custom_interfaces__rosidl_typesupport_cpp
[7.086s] [ 70%] [32mBuilding CXX object CMakeFiles/ros_kctrl_custom_interfaces__rosidl_typesupport_fastrtps_cpp.dir/rosidl_typesupport_fastrtps_cpp/ros_kctrl_custom_interfaces/srv/detail/dds_fastrtps/recording_control__type_support.cpp.o[0m
[7.121s] [ 71%] [32mBuilding CXX object CMakeFiles/ros_kctrl_custom_interfaces__rosidl_typesupport_fastrtps_c.dir/rosidl_typesupport_fastrtps_c/ros_kctrl_custom_interfaces/srv/detail/sounder_command__type_support_c.cpp.o[0m
[7.160s] [ 72%] [32mBuilding CXX object CMakeFiles/ros_kctrl_custom_interfaces__rosidl_typesupport_fastrtps_c.dir/rosidl_typesupport_fastrtps_c/ros_kctrl_custom_interfaces/srv/detail/set_pu_parameters__type_support_c.cpp.o[0m
[7.371s] [ 73%] [32mBuilding CXX object CMakeFiles/ros_kctrl_custom_interfaces__rosidl_typesupport_fastrtps_cpp.dir/rosidl_typesupport_fastrtps_cpp/ros_kctrl_custom_interfaces/srv/detail/dds_fastrtps/update_recording_path__type_support.cpp.o[0m
[7.680s] [ 74%] [32mBuilding CXX object CMakeFiles/ros_kctrl_custom_interfaces__rosidl_typesupport_fastrtps_c.dir/rosidl_typesupport_fastrtps_c/ros_kctrl_custom_interfaces/srv/detail/request_pu_parameters__type_support_c.cpp.o[0m
[7.707s] [ 75%] [32mBuilding CXX object CMakeFiles/ros_kctrl_custom_interfaces__rosidl_typesupport_fastrtps_cpp.dir/rosidl_typesupport_fastrtps_cpp/ros_kctrl_custom_interfaces/srv/detail/dds_fastrtps/pu_parameters__type_support.cpp.o[0m
[7.806s] [ 76%] [32mBuilding CXX object CMakeFiles/ros_kctrl_custom_interfaces__rosidl_typesupport_fastrtps_c.dir/rosidl_typesupport_fastrtps_c/ros_kctrl_custom_interfaces/srv/detail/recording_control__type_support_c.cpp.o[0m
[7.816s] [ 77%] [32mBuilding CXX object CMakeFiles/ros_kctrl_custom_interfaces__rosidl_typesupport_fastrtps_cpp.dir/rosidl_typesupport_fastrtps_cpp/ros_kctrl_custom_interfaces/srv/detail/dds_fastrtps/request_detected_sounders__type_support.cpp.o[0m
[7.908s] [ 78%] [32m[1mLinking CXX shared library libros_kctrl_custom_interfaces__rosidl_typesupport_introspection_cpp.so[0m
[8.198s] [ 78%] Built target ros_kctrl_custom_interfaces__rosidl_typesupport_introspection_cpp
[8.216s] [ 79%] [32mBuilding CXX object CMakeFiles/ros_kctrl_custom_interfaces__rosidl_typesupport_fastrtps_c.dir/rosidl_typesupport_fastrtps_c/ros_kctrl_custom_interfaces/srv/detail/update_recording_path__type_support_c.cpp.o[0m
[8.289s] [ 80%] [32mBuilding CXX object CMakeFiles/ros_kctrl_custom_interfaces__rosidl_typesupport_fastrtps_c.dir/rosidl_typesupport_fastrtps_c/ros_kctrl_custom_interfaces/srv/detail/pu_parameters__type_support_c.cpp.o[0m
[8.316s] [ 81%] [32mBuilding CXX object CMakeFiles/ros_kctrl_custom_interfaces__rosidl_typesupport_fastrtps_c.dir/rosidl_typesupport_fastrtps_c/ros_kctrl_custom_interfaces/srv/detail/request_detected_sounders__type_support_c.cpp.o[0m
[8.968s] [ 82%] [32m[1mLinking CXX shared library libros_kctrl_custom_interfaces__rosidl_typesupport_fastrtps_cpp.so[0m
[9.103s] [ 82%] Built target ros_kctrl_custom_interfaces__rosidl_typesupport_fastrtps_cpp
[9.108s] [ 84%] [32m[1mLinking CXX shared library libros_kctrl_custom_interfaces__rosidl_typesupport_fastrtps_c.so[0m
[9.200s] [ 84%] Built target ros_kctrl_custom_interfaces__rosidl_typesupport_fastrtps_c
[9.218s] [ 84%] Built target ros_kctrl_custom_interfaces
[9.237s] [ 85%] [34m[1mGenerating Python code for ROS interfaces[0m
[10.578s] [ 85%] Built target ros_kctrl_custom_interfaces__py
[10.603s] [ 88%] [32mBuilding C object CMakeFiles/ros_kctrl_custom_interfaces__rosidl_generator_py.dir/rosidl_generator_py/ros_kctrl_custom_interfaces/srv/_update_recording_path_s.c.o[0m
[10.603s] [ 88%] [32mBuilding C object CMakeFiles/ros_kctrl_custom_interfaces__rosidl_generator_py.dir/rosidl_generator_py/ros_kctrl_custom_interfaces/srv/_sounder_command_s.c.o[0m
[10.604s] [ 88%] [32mBuilding C object CMakeFiles/ros_kctrl_custom_interfaces__rosidl_generator_py.dir/rosidl_generator_py/ros_kctrl_custom_interfaces/srv/_set_pu_parameters_s.c.o[0m
[10.604s] [ 90%] [32mBuilding C object CMakeFiles/ros_kctrl_custom_interfaces__rosidl_generator_py.dir/rosidl_generator_py/ros_kctrl_custom_interfaces/srv/_recording_control_s.c.o[0m
[10.604s] [ 90%] [32mBuilding C object CMakeFiles/ros_kctrl_custom_interfaces__rosidl_generator_py.dir/rosidl_generator_py/ros_kctrl_custom_interfaces/srv/_request_pu_parameters_s.c.o[0m
[10.604s] [ 91%] [32mBuilding C object CMakeFiles/ros_kctrl_custom_interfaces__rosidl_generator_py.dir/rosidl_generator_py/ros_kctrl_custom_interfaces/srv/_pu_parameters_s.c.o[0m
[10.604s] [ 92%] [32mBuilding C object CMakeFiles/ros_kctrl_custom_interfaces__rosidl_generator_py.dir/rosidl_generator_py/ros_kctrl_custom_interfaces/srv/_request_detected_sounders_s.c.o[0m
[10.928s] [ 93%] [32m[1mLinking C shared library libros_kctrl_custom_interfaces__rosidl_generator_py.so[0m
[10.996s] [ 93%] Built target ros_kctrl_custom_interfaces__rosidl_generator_py
[11.018s] [ 96%] [32mBuilding C object CMakeFiles/ros_kctrl_custom_interfaces_s__rosidl_typesupport_fastrtps_c.dir/rosidl_generator_py/ros_kctrl_custom_interfaces/_ros_kctrl_custom_interfaces_s.ep.rosidl_typesupport_fastrtps_c.c.o[0m
[11.019s] [ 96%] [32mBuilding C object CMakeFiles/ros_kctrl_custom_interfaces_s__rosidl_typesupport_c.dir/rosidl_generator_py/ros_kctrl_custom_interfaces/_ros_kctrl_custom_interfaces_s.ep.rosidl_typesupport_c.c.o[0m
[11.019s] [ 96%] [32mBuilding C object CMakeFiles/ros_kctrl_custom_interfaces_s__rosidl_typesupport_introspection_c.dir/rosidl_generator_py/ros_kctrl_custom_interfaces/_ros_kctrl_custom_interfaces_s.ep.rosidl_typesupport_introspection_c.c.o[0m
[11.233s] [ 97%] [32m[1mLinking C shared module rosidl_generator_py/ros_kctrl_custom_interfaces/ros_kctrl_custom_interfaces_s__rosidl_typesupport_c.so[0m
[11.237s] [ 98%] [32m[1mLinking C shared module rosidl_generator_py/ros_kctrl_custom_interfaces/ros_kctrl_custom_interfaces_s__rosidl_typesupport_fastrtps_c.so[0m
[11.249s] [100%] [32m[1mLinking C shared module rosidl_generator_py/ros_kctrl_custom_interfaces/ros_kctrl_custom_interfaces_s__rosidl_typesupport_introspection_c.so[0m
[11.287s] [100%] Built target ros_kctrl_custom_interfaces_s__rosidl_typesupport_c
[11.288s] [100%] Built target ros_kctrl_custom_interfaces_s__rosidl_typesupport_fastrtps_c
[11.303s] [100%] Built target ros_kctrl_custom_interfaces_s__rosidl_typesupport_introspection_c
[11.317s] Invoked command in '/home/arveds/ros2_ws/build/ros_kctrl_custom_interfaces' returned '0': CMAKE_PREFIX_PATH=${CMAKE_PREFIX_PATH}:/opt/ros/jazzy /usr/bin/cmake --build /home/arveds/ros2_ws/build/ros_kctrl_custom_interfaces -- -j12 -l12
[11.326s] Invoking command in '/home/arveds/ros2_ws/build/ros_kctrl_custom_interfaces': CMAKE_PREFIX_PATH=${CMAKE_PREFIX_PATH}:/opt/ros/jazzy /usr/bin/cmake --install /home/arveds/ros2_ws/build/ros_kctrl_custom_interfaces
[11.334s] -- Install configuration: ""
[11.335s] -- Installing: /home/arveds/ros2_ws/install/ros_kctrl_custom_interfaces/share/ament_index/resource_index/rosidl_interfaces/ros_kctrl_custom_interfaces
[11.336s] -- Installing: /home/arveds/ros2_ws/install/ros_kctrl_custom_interfaces/share/ros_kctrl_custom_interfaces/srv/SounderCommand.json
[11.336s] -- Installing: /home/arveds/ros2_ws/install/ros_kctrl_custom_interfaces/share/ros_kctrl_custom_interfaces/srv/SetPUParameters.json
[11.336s] -- Installing: /home/arveds/ros2_ws/install/ros_kctrl_custom_interfaces/share/ros_kctrl_custom_interfaces/srv/RequestPUParameters.json
[11.336s] -- Installing: /home/arveds/ros2_ws/install/ros_kctrl_custom_interfaces/share/ros_kctrl_custom_interfaces/srv/RecordingControl.json
[11.337s] -- Installing: /home/arveds/ros2_ws/install/ros_kctrl_custom_interfaces/share/ros_kctrl_custom_interfaces/srv/UpdateRecordingPath.json
[11.337s] -- Installing: /home/arveds/ros2_ws/install/ros_kctrl_custom_interfaces/share/ros_kctrl_custom_interfaces/srv/PUParameters.json
[11.337s] -- Installing: /home/arveds/ros2_ws/install/ros_kctrl_custom_interfaces/share/ros_kctrl_custom_interfaces/srv/RequestDetectedSounders.json
[11.337s] -- Installing: /home/arveds/ros2_ws/install/ros_kctrl_custom_interfaces/include/ros_kctrl_custom_interfaces/ros_kctrl_custom_interfaces
[11.338s] -- Installing: /home/arveds/ros2_ws/install/ros_kctrl_custom_interfaces/include/ros_kctrl_custom_interfaces/ros_kctrl_custom_interfaces/msg
[11.338s] -- Installing: /home/arveds/ros2_ws/install/ros_kctrl_custom_interfaces/include/ros_kctrl_custom_interfaces/ros_kctrl_custom_interfaces/msg/rosidl_generator_c__visibility_control.h
[11.338s] -- Installing: /home/arveds/ros2_ws/install/ros_kctrl_custom_interfaces/include/ros_kctrl_custom_interfaces/ros_kctrl_custom_interfaces/srv
[11.338s] -- Installing: /home/arveds/ros2_ws/install/ros_kctrl_custom_interfaces/include/ros_kctrl_custom_interfaces/ros_kctrl_custom_interfaces/srv/request_detected_sounders.h
[11.338s] -- Installing: /home/arveds/ros2_ws/install/ros_kctrl_custom_interfaces/include/ros_kctrl_custom_interfaces/ros_kctrl_custom_interfaces/srv/set_pu_parameters.h
[11.338s] -- Installing: /home/arveds/ros2_ws/install/ros_kctrl_custom_interfaces/include/ros_kctrl_custom_interfaces/ros_kctrl_custom_interfaces/srv/detail
[11.339s] -- Installing: /home/arveds/ros2_ws/install/ros_kctrl_custom_interfaces/include/ros_kctrl_custom_interfaces/ros_kctrl_custom_interfaces/srv/detail/request_detected_sounders__description.c
[11.339s] -- Installing: /home/arveds/ros2_ws/install/ros_kctrl_custom_interfaces/include/ros_kctrl_custom_interfaces/ros_kctrl_custom_interfaces/srv/detail/request_detected_sounders__struct.h
[11.339s] -- Installing: /home/arveds/ros2_ws/install/ros_kctrl_custom_interfaces/include/ros_kctrl_custom_interfaces/ros_kctrl_custom_interfaces/srv/detail/recording_control__type_support.h
[11.339s] -- Installing: /home/arveds/ros2_ws/install/ros_kctrl_custom_interfaces/include/ros_kctrl_custom_interfaces/ros_kctrl_custom_interfaces/srv/detail/recording_control__description.c
[11.339s] -- Installing: /home/arveds/ros2_ws/install/ros_kctrl_custom_interfaces/include/ros_kctrl_custom_interfaces/ros_kctrl_custom_interfaces/srv/detail/request_pu_parameters__struct.h
[11.340s] -- Installing: /home/arveds/ros2_ws/install/ros_kctrl_custom_interfaces/include/ros_kctrl_custom_interfaces/ros_kctrl_custom_interfaces/srv/detail/sounder_command__struct.h
[11.340s] -- Installing: /home/arveds/ros2_ws/install/ros_kctrl_custom_interfaces/include/ros_kctrl_custom_interfaces/ros_kctrl_custom_interfaces/srv/detail/pu_parameters__functions.h
[11.340s] -- Installing: /home/arveds/ros2_ws/install/ros_kctrl_custom_interfaces/include/ros_kctrl_custom_interfaces/ros_kctrl_custom_interfaces/srv/detail/update_recording_path__functions.h
[11.340s] -- Installing: /home/arveds/ros2_ws/install/ros_kctrl_custom_interfaces/include/ros_kctrl_custom_interfaces/ros_kctrl_custom_interfaces/srv/detail/update_recording_path__description.c
[11.340s] -- Installing: /home/arveds/ros2_ws/install/ros_kctrl_custom_interfaces/include/ros_kctrl_custom_interfaces/ros_kctrl_custom_interfaces/srv/detail/sounder_command__type_support.h
[11.341s] -- Installing: /home/arveds/ros2_ws/install/ros_kctrl_custom_interfaces/include/ros_kctrl_custom_interfaces/ros_kctrl_custom_interfaces/srv/detail/request_detected_sounders__functions.h
[11.341s] -- Installing: /home/arveds/ros2_ws/install/ros_kctrl_custom_interfaces/include/ros_kctrl_custom_interfaces/ros_kctrl_custom_interfaces/srv/detail/recording_control__type_support.c
[11.341s] -- Installing: /home/arveds/ros2_ws/install/ros_kctrl_custom_interfaces/include/ros_kctrl_custom_interfaces/ros_kctrl_custom_interfaces/srv/detail/set_pu_parameters__type_support.h
[11.341s] -- Installing: /home/arveds/ros2_ws/install/ros_kctrl_custom_interfaces/include/ros_kctrl_custom_interfaces/ros_kctrl_custom_interfaces/srv/detail/set_pu_parameters__description.c
[11.341s] -- Installing: /home/arveds/ros2_ws/install/ros_kctrl_custom_interfaces/include/ros_kctrl_custom_interfaces/ros_kctrl_custom_interfaces/srv/detail/pu_parameters__description.c
[11.342s] -- Installing: /home/arveds/ros2_ws/install/ros_kctrl_custom_interfaces/include/ros_kctrl_custom_interfaces/ros_kctrl_custom_interfaces/srv/detail/pu_parameters__type_support.h
[11.342s] -- Installing: /home/arveds/ros2_ws/install/ros_kctrl_custom_interfaces/include/ros_kctrl_custom_interfaces/ros_kctrl_custom_interfaces/srv/detail/request_detected_sounders__type_support.c
[11.342s] -- Installing: /home/arveds/ros2_ws/install/ros_kctrl_custom_interfaces/include/ros_kctrl_custom_interfaces/ros_kctrl_custom_interfaces/srv/detail/request_detected_sounders__type_support.h
[11.342s] -- Installing: /home/arveds/ros2_ws/install/ros_kctrl_custom_interfaces/include/ros_kctrl_custom_interfaces/ros_kctrl_custom_interfaces/srv/detail/request_pu_parameters__type_support.c
[11.342s] -- Installing: /home/arveds/ros2_ws/install/ros_kctrl_custom_interfaces/include/ros_kctrl_custom_interfaces/ros_kctrl_custom_interfaces/srv/detail/update_recording_path__type_support.h
[11.342s] -- Installing: /home/arveds/ros2_ws/install/ros_kctrl_custom_interfaces/include/ros_kctrl_custom_interfaces/ros_kctrl_custom_interfaces/srv/detail/sounder_command__type_support.c
[11.342s] -- Installing: /home/arveds/ros2_ws/install/ros_kctrl_custom_interfaces/include/ros_kctrl_custom_interfaces/ros_kctrl_custom_interfaces/srv/detail/set_pu_parameters__functions.h
[11.343s] -- Installing: /home/arveds/ros2_ws/install/ros_kctrl_custom_interfaces/include/ros_kctrl_custom_interfaces/ros_kctrl_custom_interfaces/srv/detail/recording_control__struct.h
[11.343s] -- Installing: /home/arveds/ros2_ws/install/ros_kctrl_custom_interfaces/include/ros_kctrl_custom_interfaces/ros_kctrl_custom_interfaces/srv/detail/request_pu_parameters__description.c
[11.343s] -- Installing: /home/arveds/ros2_ws/install/ros_kctrl_custom_interfaces/include/ros_kctrl_custom_interfaces/ros_kctrl_custom_interfaces/srv/detail/request_detected_sounders__functions.c
[11.343s] -- Installing: /home/arveds/ros2_ws/install/ros_kctrl_custom_interfaces/include/ros_kctrl_custom_interfaces/ros_kctrl_custom_interfaces/srv/detail/update_recording_path__functions.c
[11.343s] -- Installing: /home/arveds/ros2_ws/install/ros_kctrl_custom_interfaces/include/ros_kctrl_custom_interfaces/ros_kctrl_custom_interfaces/srv/detail/set_pu_parameters__functions.c
[11.344s] -- Installing: /home/arveds/ros2_ws/install/ros_kctrl_custom_interfaces/include/ros_kctrl_custom_interfaces/ros_kctrl_custom_interfaces/srv/detail/sounder_command__description.c
[11.344s] -- Installing: /home/arveds/ros2_ws/install/ros_kctrl_custom_interfaces/include/ros_kctrl_custom_interfaces/ros_kctrl_custom_interfaces/srv/detail/update_recording_path__struct.h
[11.344s] -- Installing: /home/arveds/ros2_ws/install/ros_kctrl_custom_interfaces/include/ros_kctrl_custom_interfaces/ros_kctrl_custom_interfaces/srv/detail/recording_control__functions.h
[11.344s] -- Installing: /home/arveds/ros2_ws/install/ros_kctrl_custom_interfaces/include/ros_kctrl_custom_interfaces/ros_kctrl_custom_interfaces/srv/detail/update_recording_path__type_support.c
[11.344s] -- Installing: /home/arveds/ros2_ws/install/ros_kctrl_custom_interfaces/include/ros_kctrl_custom_interfaces/ros_kctrl_custom_interfaces/srv/detail/request_pu_parameters__functions.c
[11.344s] -- Installing: /home/arveds/ros2_ws/install/ros_kctrl_custom_interfaces/include/ros_kctrl_custom_interfaces/ros_kctrl_custom_interfaces/srv/detail/pu_parameters__struct.h
[11.345s] -- Installing: /home/arveds/ros2_ws/install/ros_kctrl_custom_interfaces/include/ros_kctrl_custom_interfaces/ros_kctrl_custom_interfaces/srv/detail/request_pu_parameters__type_support.h
[11.345s] -- Installing: /home/arveds/ros2_ws/install/ros_kctrl_custom_interfaces/include/ros_kctrl_custom_interfaces/ros_kctrl_custom_interfaces/srv/detail/pu_parameters__type_support.c
[11.345s] -- Installing: /home/arveds/ros2_ws/install/ros_kctrl_custom_interfaces/include/ros_kctrl_custom_interfaces/ros_kctrl_custom_interfaces/srv/detail/sounder_command__functions.h
[11.345s] -- Installing: /home/arveds/ros2_ws/install/ros_kctrl_custom_interfaces/include/ros_kctrl_custom_interfaces/ros_kctrl_custom_interfaces/srv/detail/set_pu_parameters__type_support.c
[11.345s] -- Installing: /home/arveds/ros2_ws/install/ros_kctrl_custom_interfaces/include/ros_kctrl_custom_interfaces/ros_kctrl_custom_interfaces/srv/detail/sounder_command__functions.c
[11.345s] -- Installing: /home/arveds/ros2_ws/install/ros_kctrl_custom_interfaces/include/ros_kctrl_custom_interfaces/ros_kctrl_custom_interfaces/srv/detail/recording_control__functions.c
[11.346s] -- Installing: /home/arveds/ros2_ws/install/ros_kctrl_custom_interfaces/include/ros_kctrl_custom_interfaces/ros_kctrl_custom_interfaces/srv/detail/pu_parameters__functions.c
[11.346s] -- Installing: /home/arveds/ros2_ws/install/ros_kctrl_custom_interfaces/include/ros_kctrl_custom_interfaces/ros_kctrl_custom_interfaces/srv/detail/set_pu_parameters__struct.h
[11.346s] -- Installing: /home/arveds/ros2_ws/install/ros_kctrl_custom_interfaces/include/ros_kctrl_custom_interfaces/ros_kctrl_custom_interfaces/srv/detail/request_pu_parameters__functions.h
[11.346s] -- Installing: /home/arveds/ros2_ws/install/ros_kctrl_custom_interfaces/include/ros_kctrl_custom_interfaces/ros_kctrl_custom_interfaces/srv/recording_control.h
[11.346s] -- Installing: /home/arveds/ros2_ws/install/ros_kctrl_custom_interfaces/include/ros_kctrl_custom_interfaces/ros_kctrl_custom_interfaces/srv/request_pu_parameters.h
[11.346s] -- Installing: /home/arveds/ros2_ws/install/ros_kctrl_custom_interfaces/include/ros_kctrl_custom_interfaces/ros_kctrl_custom_interfaces/srv/pu_parameters.h
[11.347s] -- Installing: /home/arveds/ros2_ws/install/ros_kctrl_custom_interfaces/include/ros_kctrl_custom_interfaces/ros_kctrl_custom_interfaces/srv/sounder_command.h
[11.347s] -- Installing: /home/arveds/ros2_ws/install/ros_kctrl_custom_interfaces/include/ros_kctrl_custom_interfaces/ros_kctrl_custom_interfaces/srv/update_recording_path.h
[11.347s] -- Installing: /home/arveds/ros2_ws/install/ros_kctrl_custom_interfaces/share/ros_kctrl_custom_interfaces/environment/library_path.sh
[11.347s] -- Installing: /home/arveds/ros2_ws/install/ros_kctrl_custom_interfaces/share/ros_kctrl_custom_interfaces/environment/library_path.dsv
[11.347s] -- Installing: /home/arveds/ros2_ws/install/ros_kctrl_custom_interfaces/lib/libros_kctrl_custom_interfaces__rosidl_generator_c.so
[11.348s] -- Set non-toolchain portion of runtime path of "/home/arveds/ros2_ws/install/ros_kctrl_custom_interfaces/lib/libros_kctrl_custom_interfaces__rosidl_generator_c.so" to ""
[11.348s] -- Up-to-date: /home/arveds/ros2_ws/install/ros_kctrl_custom_interfaces/include/ros_kctrl_custom_interfaces/ros_kctrl_custom_interfaces
[11.348s] -- Up-to-date: /home/arveds/ros2_ws/install/ros_kctrl_custom_interfaces/include/ros_kctrl_custom_interfaces/ros_kctrl_custom_interfaces/msg
[11.348s] -- Installing: /home/arveds/ros2_ws/install/ros_kctrl_custom_interfaces/include/ros_kctrl_custom_interfaces/ros_kctrl_custom_interfaces/msg/rosidl_typesupport_fastrtps_c__visibility_control.h
[11.348s] -- Up-to-date: /home/arveds/ros2_ws/install/ros_kctrl_custom_interfaces/include/ros_kctrl_custom_interfaces/ros_kctrl_custom_interfaces/srv
[11.349s] -- Up-to-date: /home/arveds/ros2_ws/install/ros_kctrl_custom_interfaces/include/ros_kctrl_custom_interfaces/ros_kctrl_custom_interfaces/srv/detail
[11.349s] -- Installing: /home/arveds/ros2_ws/install/ros_kctrl_custom_interfaces/include/ros_kctrl_custom_interfaces/ros_kctrl_custom_interfaces/srv/detail/set_pu_parameters__rosidl_typesupport_fastrtps_c.h
[11.349s] -- Installing: /home/arveds/ros2_ws/install/ros_kctrl_custom_interfaces/include/ros_kctrl_custom_interfaces/ros_kctrl_custom_interfaces/srv/detail/request_detected_sounders__rosidl_typesupport_fastrtps_c.h
[11.349s] -- Installing: /home/arveds/ros2_ws/install/ros_kctrl_custom_interfaces/include/ros_kctrl_custom_interfaces/ros_kctrl_custom_interfaces/srv/detail/request_pu_parameters__rosidl_typesupport_fastrtps_c.h
[11.350s] -- Installing: /home/arveds/ros2_ws/install/ros_kctrl_custom_interfaces/include/ros_kctrl_custom_interfaces/ros_kctrl_custom_interfaces/srv/detail/sounder_command__rosidl_typesupport_fastrtps_c.h
[11.350s] -- Installing: /home/arveds/ros2_ws/install/ros_kctrl_custom_interfaces/include/ros_kctrl_custom_interfaces/ros_kctrl_custom_interfaces/srv/detail/pu_parameters__rosidl_typesupport_fastrtps_c.h
[11.350s] -- Installing: /home/arveds/ros2_ws/install/ros_kctrl_custom_interfaces/include/ros_kctrl_custom_interfaces/ros_kctrl_custom_interfaces/srv/detail/recording_control__rosidl_typesupport_fastrtps_c.h
[11.350s] -- Installing: /home/arveds/ros2_ws/install/ros_kctrl_custom_interfaces/include/ros_kctrl_custom_interfaces/ros_kctrl_custom_interfaces/srv/detail/update_recording_path__rosidl_typesupport_fastrtps_c.h
[11.350s] -- Installing: /home/arveds/ros2_ws/install/ros_kctrl_custom_interfaces/lib/libros_kctrl_custom_interfaces__rosidl_typesupport_fastrtps_c.so
[11.350s] -- Set non-toolchain portion of runtime path of "/home/arveds/ros2_ws/install/ros_kctrl_custom_interfaces/lib/libros_kctrl_custom_interfaces__rosidl_typesupport_fastrtps_c.so" to ""
[11.351s] -- Up-to-date: /home/arveds/ros2_ws/install/ros_kctrl_custom_interfaces/include/ros_kctrl_custom_interfaces/ros_kctrl_custom_interfaces
[11.351s] -- Up-to-date: /home/arveds/ros2_ws/install/ros_kctrl_custom_interfaces/include/ros_kctrl_custom_interfaces/ros_kctrl_custom_interfaces/msg
[11.351s] -- Installing: /home/arveds/ros2_ws/install/ros_kctrl_custom_interfaces/include/ros_kctrl_custom_interfaces/ros_kctrl_custom_interfaces/msg/rosidl_typesupport_introspection_c__visibility_control.h
[11.351s] -- Up-to-date: /home/arveds/ros2_ws/install/ros_kctrl_custom_interfaces/include/ros_kctrl_custom_interfaces/ros_kctrl_custom_interfaces/srv
[11.351s] -- Up-to-date: /home/arveds/ros2_ws/install/ros_kctrl_custom_interfaces/include/ros_kctrl_custom_interfaces/ros_kctrl_custom_interfaces/srv/detail
[11.352s] -- Installing: /home/arveds/ros2_ws/install/ros_kctrl_custom_interfaces/include/ros_kctrl_custom_interfaces/ros_kctrl_custom_interfaces/srv/detail/set_pu_parameters__rosidl_typesupport_introspection_c.h
[11.352s] -- Installing: /home/arveds/ros2_ws/install/ros_kctrl_custom_interfaces/include/ros_kctrl_custom_interfaces/ros_kctrl_custom_interfaces/srv/detail/request_detected_sounders__rosidl_typesupport_introspection_c.h
[11.352s] -- Installing: /home/arveds/ros2_ws/install/ros_kctrl_custom_interfaces/include/ros_kctrl_custom_interfaces/ros_kctrl_custom_interfaces/srv/detail/update_recording_path__rosidl_typesupport_introspection_c.h
[11.352s] -- Installing: /home/arveds/ros2_ws/install/ros_kctrl_custom_interfaces/include/ros_kctrl_custom_interfaces/ros_kctrl_custom_interfaces/srv/detail/pu_parameters__rosidl_typesupport_introspection_c.h
[11.352s] -- Installing: /home/arveds/ros2_ws/install/ros_kctrl_custom_interfaces/include/ros_kctrl_custom_interfaces/ros_kctrl_custom_interfaces/srv/detail/recording_control__type_support.c
[11.352s] -- Installing: /home/arveds/ros2_ws/install/ros_kctrl_custom_interfaces/include/ros_kctrl_custom_interfaces/ros_kctrl_custom_interfaces/srv/detail/request_pu_parameters__rosidl_typesupport_introspection_c.h
[11.353s] -- Installing: /home/arveds/ros2_ws/install/ros_kctrl_custom_interfaces/include/ros_kctrl_custom_interfaces/ros_kctrl_custom_interfaces/srv/detail/request_detected_sounders__type_support.c
[11.353s] -- Installing: /home/arveds/ros2_ws/install/ros_kctrl_custom_interfaces/include/ros_kctrl_custom_interfaces/ros_kctrl_custom_interfaces/srv/detail/request_pu_parameters__type_support.c
[11.353s] -- Installing: /home/arveds/ros2_ws/install/ros_kctrl_custom_interfaces/include/ros_kctrl_custom_interfaces/ros_kctrl_custom_interfaces/srv/detail/sounder_command__type_support.c
[11.353s] -- Installing: /home/arveds/ros2_ws/install/ros_kctrl_custom_interfaces/include/ros_kctrl_custom_interfaces/ros_kctrl_custom_interfaces/srv/detail/recording_control__rosidl_typesupport_introspection_c.h
[11.353s] -- Installing: /home/arveds/ros2_ws/install/ros_kctrl_custom_interfaces/include/ros_kctrl_custom_interfaces/ros_kctrl_custom_interfaces/srv/detail/update_recording_path__type_support.c
[11.354s] -- Installing: /home/arveds/ros2_ws/install/ros_kctrl_custom_interfaces/include/ros_kctrl_custom_interfaces/ros_kctrl_custom_interfaces/srv/detail/sounder_command__rosidl_typesupport_introspection_c.h
[11.354s] -- Installing: /home/arveds/ros2_ws/install/ros_kctrl_custom_interfaces/include/ros_kctrl_custom_interfaces/ros_kctrl_custom_interfaces/srv/detail/pu_parameters__type_support.c
[11.354s] -- Installing: /home/arveds/ros2_ws/install/ros_kctrl_custom_interfaces/include/ros_kctrl_custom_interfaces/ros_kctrl_custom_interfaces/srv/detail/set_pu_parameters__type_support.c
[11.354s] -- Installing: /home/arveds/ros2_ws/install/ros_kctrl_custom_interfaces/lib/libros_kctrl_custom_interfaces__rosidl_typesupport_introspection_c.so
[11.354s] -- Set non-toolchain portion of runtime path of "/home/arveds/ros2_ws/install/ros_kctrl_custom_interfaces/lib/libros_kctrl_custom_interfaces__rosidl_typesupport_introspection_c.so" to ""
[11.354s] -- Installing: /home/arveds/ros2_ws/install/ros_kctrl_custom_interfaces/lib/libros_kctrl_custom_interfaces__rosidl_typesupport_c.so
[11.355s] -- Set non-toolchain portion of runtime path of "/home/arveds/ros2_ws/install/ros_kctrl_custom_interfaces/lib/libros_kctrl_custom_interfaces__rosidl_typesupport_c.so" to ""
[11.355s] -- Up-to-date: /home/arveds/ros2_ws/install/ros_kctrl_custom_interfaces/include/ros_kctrl_custom_interfaces/ros_kctrl_custom_interfaces
[11.355s] -- Up-to-date: /home/arveds/ros2_ws/install/ros_kctrl_custom_interfaces/include/ros_kctrl_custom_interfaces/ros_kctrl_custom_interfaces/msg
[11.355s] -- Installing: /home/arveds/ros2_ws/install/ros_kctrl_custom_interfaces/include/ros_kctrl_custom_interfaces/ros_kctrl_custom_interfaces/msg/rosidl_generator_cpp__visibility_control.hpp
[11.355s] -- Up-to-date: /home/arveds/ros2_ws/install/ros_kctrl_custom_interfaces/include/ros_kctrl_custom_interfaces/ros_kctrl_custom_interfaces/srv
[11.355s] -- Installing: /home/arveds/ros2_ws/install/ros_kctrl_custom_interfaces/include/ros_kctrl_custom_interfaces/ros_kctrl_custom_interfaces/srv/request_pu_parameters.hpp
[11.356s] -- Installing: /home/arveds/ros2_ws/install/ros_kctrl_custom_interfaces/include/ros_kctrl_custom_interfaces/ros_kctrl_custom_interfaces/srv/update_recording_path.hpp
[11.356s] -- Installing: /home/arveds/ros2_ws/install/ros_kctrl_custom_interfaces/include/ros_kctrl_custom_interfaces/ros_kctrl_custom_interfaces/srv/request_detected_sounders.hpp
[11.356s] -- Up-to-date: /home/arveds/ros2_ws/install/ros_kctrl_custom_interfaces/include/ros_kctrl_custom_interfaces/ros_kctrl_custom_interfaces/srv/detail
[11.356s] -- Installing: /home/arveds/ros2_ws/install/ros_kctrl_custom_interfaces/include/ros_kctrl_custom_interfaces/ros_kctrl_custom_interfaces/srv/detail/sounder_command__type_support.hpp
[11.357s] -- Installing: /home/arveds/ros2_ws/install/ros_kctrl_custom_interfaces/include/ros_kctrl_custom_interfaces/ros_kctrl_custom_interfaces/srv/detail/request_pu_parameters__type_support.hpp
[11.357s] -- Installing: /home/arveds/ros2_ws/install/ros_kctrl_custom_interfaces/include/ros_kctrl_custom_interfaces/ros_kctrl_custom_interfaces/srv/detail/set_pu_parameters__struct.hpp
[11.357s] -- Installing: /home/arveds/ros2_ws/install/ros_kctrl_custom_interfaces/include/ros_kctrl_custom_interfaces/ros_kctrl_custom_interfaces/srv/detail/request_pu_parameters__struct.hpp
[11.357s] -- Installing: /home/arveds/ros2_ws/install/ros_kctrl_custom_interfaces/include/ros_kctrl_custom_interfaces/ros_kctrl_custom_interfaces/srv/detail/set_pu_parameters__builder.hpp
[11.357s] -- Installing: /home/arveds/ros2_ws/install/ros_kctrl_custom_interfaces/include/ros_kctrl_custom_interfaces/ros_kctrl_custom_interfaces/srv/detail/request_detected_sounders__type_support.hpp
[11.357s] -- Installing: /home/arveds/ros2_ws/install/ros_kctrl_custom_interfaces/include/ros_kctrl_custom_interfaces/ros_kctrl_custom_interfaces/srv/detail/sounder_command__traits.hpp
[11.357s] -- Installing: /home/arveds/ros2_ws/install/ros_kctrl_custom_interfaces/include/ros_kctrl_custom_interfaces/ros_kctrl_custom_interfaces/srv/detail/set_pu_parameters__type_support.hpp
[11.358s] -- Installing: /home/arveds/ros2_ws/install/ros_kctrl_custom_interfaces/include/ros_kctrl_custom_interfaces/ros_kctrl_custom_interfaces/srv/detail/pu_parameters__struct.hpp
[11.358s] -- Installing: /home/arveds/ros2_ws/install/ros_kctrl_custom_interfaces/include/ros_kctrl_custom_interfaces/ros_kctrl_custom_interfaces/srv/detail/recording_control__type_support.hpp
[11.358s] -- Installing: /home/arveds/ros2_ws/install/ros_kctrl_custom_interfaces/include/ros_kctrl_custom_interfaces/ros_kctrl_custom_interfaces/srv/detail/pu_parameters__builder.hpp
[11.358s] -- Installing: /home/arveds/ros2_ws/install/ros_kctrl_custom_interfaces/include/ros_kctrl_custom_interfaces/ros_kctrl_custom_interfaces/srv/detail/request_detected_sounders__struct.hpp
[11.358s] -- Installing: /home/arveds/ros2_ws/install/ros_kctrl_custom_interfaces/include/ros_kctrl_custom_interfaces/ros_kctrl_custom_interfaces/srv/detail/pu_parameters__type_support.hpp
[11.358s] -- Installing: /home/arveds/ros2_ws/install/ros_kctrl_custom_interfaces/include/ros_kctrl_custom_interfaces/ros_kctrl_custom_interfaces/srv/detail/sounder_command__struct.hpp
[11.359s] -- Installing: /home/arveds/ros2_ws/install/ros_kctrl_custom_interfaces/include/ros_kctrl_custom_interfaces/ros_kctrl_custom_interfaces/srv/detail/update_recording_path__builder.hpp
[11.359s] -- Installing: /home/arveds/ros2_ws/install/ros_kctrl_custom_interfaces/include/ros_kctrl_custom_interfaces/ros_kctrl_custom_interfaces/srv/detail/update_recording_path__traits.hpp
[11.359s] -- Installing: /home/arveds/ros2_ws/install/ros_kctrl_custom_interfaces/include/ros_kctrl_custom_interfaces/ros_kctrl_custom_interfaces/srv/detail/recording_control__traits.hpp
[11.359s] -- Installing: /home/arveds/ros2_ws/install/ros_kctrl_custom_interfaces/include/ros_kctrl_custom_interfaces/ros_kctrl_custom_interfaces/srv/detail/set_pu_parameters__traits.hpp
[11.359s] -- Installing: /home/arveds/ros2_ws/install/ros_kctrl_custom_interfaces/include/ros_kctrl_custom_interfaces/ros_kctrl_custom_interfaces/srv/detail/recording_control__builder.hpp
[11.359s] -- Installing: /home/arveds/ros2_ws/install/ros_kctrl_custom_interfaces/include/ros_kctrl_custom_interfaces/ros_kctrl_custom_interfaces/srv/detail/sounder_command__builder.hpp
[11.360s] -- Installing: /home/arveds/ros2_ws/install/ros_kctrl_custom_interfaces/include/ros_kctrl_custom_interfaces/ros_kctrl_custom_interfaces/srv/detail/pu_parameters__traits.hpp
[11.360s] -- Installing: /home/arveds/ros2_ws/install/ros_kctrl_custom_interfaces/include/ros_kctrl_custom_interfaces/ros_kctrl_custom_interfaces/srv/detail/update_recording_path__type_support.hpp
[11.360s] -- Installing: /home/arveds/ros2_ws/install/ros_kctrl_custom_interfaces/include/ros_kctrl_custom_interfaces/ros_kctrl_custom_interfaces/srv/detail/request_pu_parameters__traits.hpp
[11.360s] -- Installing: /home/arveds/ros2_ws/install/ros_kctrl_custom_interfaces/include/ros_kctrl_custom_interfaces/ros_kctrl_custom_interfaces/srv/detail/update_recording_path__struct.hpp
[11.360s] -- Installing: /home/arveds/ros2_ws/install/ros_kctrl_custom_interfaces/include/ros_kctrl_custom_interfaces/ros_kctrl_custom_interfaces/srv/detail/request_detected_sounders__builder.hpp
[11.360s] -- Installing: /home/arveds/ros2_ws/install/ros_kctrl_custom_interfaces/include/ros_kctrl_custom_interfaces/ros_kctrl_custom_interfaces/srv/detail/recording_control__struct.hpp
[11.361s] -- Installing: /home/arveds/ros2_ws/install/ros_kctrl_custom_interfaces/include/ros_kctrl_custom_interfaces/ros_kctrl_custom_interfaces/srv/detail/request_pu_parameters__builder.hpp
[11.361s] -- Installing: /home/arveds/ros2_ws/install/ros_kctrl_custom_interfaces/include/ros_kctrl_custom_interfaces/ros_kctrl_custom_interfaces/srv/detail/request_detected_sounders__traits.hpp
[11.361s] -- Installing: /home/arveds/ros2_ws/install/ros_kctrl_custom_interfaces/include/ros_kctrl_custom_interfaces/ros_kctrl_custom_interfaces/srv/recording_control.hpp
[11.361s] -- Installing: /home/arveds/ros2_ws/install/ros_kctrl_custom_interfaces/include/ros_kctrl_custom_interfaces/ros_kctrl_custom_interfaces/srv/pu_parameters.hpp
[11.361s] -- Installing: /home/arveds/ros2_ws/install/ros_kctrl_custom_interfaces/include/ros_kctrl_custom_interfaces/ros_kctrl_custom_interfaces/srv/sounder_command.hpp
[11.361s] -- Installing: /home/arveds/ros2_ws/install/ros_kctrl_custom_interfaces/include/ros_kctrl_custom_interfaces/ros_kctrl_custom_interfaces/srv/set_pu_parameters.hpp
[11.361s] -- Up-to-date: /home/arveds/ros2_ws/install/ros_kctrl_custom_interfaces/include/ros_kctrl_custom_interfaces/ros_kctrl_custom_interfaces
[11.362s] -- Up-to-date: /home/arveds/ros2_ws/install/ros_kctrl_custom_interfaces/include/ros_kctrl_custom_interfaces/ros_kctrl_custom_interfaces/msg
[11.362s] -- Installing: /home/arveds/ros2_ws/install/ros_kctrl_custom_interfaces/include/ros_kctrl_custom_interfaces/ros_kctrl_custom_interfaces/msg/rosidl_typesupport_fastrtps_cpp__visibility_control.h
[11.362s] -- Up-to-date: /home/arveds/ros2_ws/install/ros_kctrl_custom_interfaces/include/ros_kctrl_custom_interfaces/ros_kctrl_custom_interfaces/srv
[11.362s] -- Up-to-date: /home/arveds/ros2_ws/install/ros_kctrl_custom_interfaces/include/ros_kctrl_custom_interfaces/ros_kctrl_custom_interfaces/srv/detail
[11.363s] -- Installing: /home/arveds/ros2_ws/install/ros_kctrl_custom_interfaces/include/ros_kctrl_custom_interfaces/ros_kctrl_custom_interfaces/srv/detail/request_pu_parameters__rosidl_typesupport_fastrtps_cpp.hpp
[11.363s] -- Installing: /home/arveds/ros2_ws/install/ros_kctrl_custom_interfaces/include/ros_kctrl_custom_interfaces/ros_kctrl_custom_interfaces/srv/detail/request_detected_sounders__rosidl_typesupport_fastrtps_cpp.hpp
[11.363s] -- Installing: /home/arveds/ros2_ws/install/ros_kctrl_custom_interfaces/include/ros_kctrl_custom_interfaces/ros_kctrl_custom_interfaces/srv/detail/update_recording_path__rosidl_typesupport_fastrtps_cpp.hpp
[11.363s] -- Installing: /home/arveds/ros2_ws/install/ros_kctrl_custom_interfaces/include/ros_kctrl_custom_interfaces/ros_kctrl_custom_interfaces/srv/detail/pu_parameters__rosidl_typesupport_fastrtps_cpp.hpp
[11.363s] -- Installing: /home/arveds/ros2_ws/install/ros_kctrl_custom_interfaces/include/ros_kctrl_custom_interfaces/ros_kctrl_custom_interfaces/srv/detail/set_pu_parameters__rosidl_typesupport_fastrtps_cpp.hpp
[11.363s] -- Installing: /home/arveds/ros2_ws/install/ros_kctrl_custom_interfaces/include/ros_kctrl_custom_interfaces/ros_kctrl_custom_interfaces/srv/detail/recording_control__rosidl_typesupport_fastrtps_cpp.hpp
[11.363s] -- Installing: /home/arveds/ros2_ws/install/ros_kctrl_custom_interfaces/include/ros_kctrl_custom_interfaces/ros_kctrl_custom_interfaces/srv/detail/sounder_command__rosidl_typesupport_fastrtps_cpp.hpp
[11.363s] -- Installing: /home/arveds/ros2_ws/install/ros_kctrl_custom_interfaces/include/ros_kctrl_custom_interfaces/ros_kctrl_custom_interfaces/srv/detail/dds_fastrtps
[11.364s] -- Installing: /home/arveds/ros2_ws/install/ros_kctrl_custom_interfaces/lib/libros_kctrl_custom_interfaces__rosidl_typesupport_fastrtps_cpp.so
[11.364s] -- Set non-toolchain portion of runtime path of "/home/arveds/ros2_ws/install/ros_kctrl_custom_interfaces/lib/libros_kctrl_custom_interfaces__rosidl_typesupport_fastrtps_cpp.so" to ""
[11.364s] -- Up-to-date: /home/arveds/ros2_ws/install/ros_kctrl_custom_interfaces/include/ros_kctrl_custom_interfaces/ros_kctrl_custom_interfaces
[11.364s] -- Up-to-date: /home/arveds/ros2_ws/install/ros_kctrl_custom_interfaces/include/ros_kctrl_custom_interfaces/ros_kctrl_custom_interfaces/srv
[11.364s] -- Up-to-date: /home/arveds/ros2_ws/install/ros_kctrl_custom_interfaces/include/ros_kctrl_custom_interfaces/ros_kctrl_custom_interfaces/srv/detail
[11.364s] -- Installing: /home/arveds/ros2_ws/install/ros_kctrl_custom_interfaces/include/ros_kctrl_custom_interfaces/ros_kctrl_custom_interfaces/srv/detail/set_pu_parameters__rosidl_typesupport_introspection_cpp.hpp
[11.364s] -- Installing: /home/arveds/ros2_ws/install/ros_kctrl_custom_interfaces/include/ros_kctrl_custom_interfaces/ros_kctrl_custom_interfaces/srv/detail/pu_parameters__type_support.cpp
[11.365s] -- Installing: /home/arveds/ros2_ws/install/ros_kctrl_custom_interfaces/include/ros_kctrl_custom_interfaces/ros_kctrl_custom_interfaces/srv/detail/sounder_command__rosidl_typesupport_introspection_cpp.hpp
[11.365s] -- Installing: /home/arveds/ros2_ws/install/ros_kctrl_custom_interfaces/include/ros_kctrl_custom_interfaces/ros_kctrl_custom_interfaces/srv/detail/pu_parameters__rosidl_typesupport_introspection_cpp.hpp
[11.365s] -- Installing: /home/arveds/ros2_ws/install/ros_kctrl_custom_interfaces/include/ros_kctrl_custom_interfaces/ros_kctrl_custom_interfaces/srv/detail/request_pu_parameters__type_support.cpp
[11.365s] -- Installing: /home/arveds/ros2_ws/install/ros_kctrl_custom_interfaces/include/ros_kctrl_custom_interfaces/ros_kctrl_custom_interfaces/srv/detail/sounder_command__type_support.cpp
[11.365s] -- Installing: /home/arveds/ros2_ws/install/ros_kctrl_custom_interfaces/include/ros_kctrl_custom_interfaces/ros_kctrl_custom_interfaces/srv/detail/request_pu_parameters__rosidl_typesupport_introspection_cpp.hpp
[11.365s] -- Installing: /home/arveds/ros2_ws/install/ros_kctrl_custom_interfaces/include/ros_kctrl_custom_interfaces/ros_kctrl_custom_interfaces/srv/detail/recording_control__type_support.cpp
[11.365s] -- Installing: /home/arveds/ros2_ws/install/ros_kctrl_custom_interfaces/include/ros_kctrl_custom_interfaces/ros_kctrl_custom_interfaces/srv/detail/request_detected_sounders__rosidl_typesupport_introspection_cpp.hpp
[11.365s] -- Installing: /home/arveds/ros2_ws/install/ros_kctrl_custom_interfaces/include/ros_kctrl_custom_interfaces/ros_kctrl_custom_interfaces/srv/detail/recording_control__rosidl_typesupport_introspection_cpp.hpp
[11.365s] -- Installing: /home/arveds/ros2_ws/install/ros_kctrl_custom_interfaces/include/ros_kctrl_custom_interfaces/ros_kctrl_custom_interfaces/srv/detail/request_detected_sounders__type_support.cpp
[11.366s] -- Installing: /home/arveds/ros2_ws/install/ros_kctrl_custom_interfaces/include/ros_kctrl_custom_interfaces/ros_kctrl_custom_interfaces/srv/detail/update_recording_path__rosidl_typesupport_introspection_cpp.hpp
[11.366s] -- Installing: /home/arveds/ros2_ws/install/ros_kctrl_custom_interfaces/include/ros_kctrl_custom_interfaces/ros_kctrl_custom_interfaces/srv/detail/set_pu_parameters__type_support.cpp
[11.366s] -- Installing: /home/arveds/ros2_ws/install/ros_kctrl_custom_interfaces/include/ros_kctrl_custom_interfaces/ros_kctrl_custom_interfaces/srv/detail/update_recording_path__type_support.cpp
[11.366s] -- Installing: /home/arveds/ros2_ws/install/ros_kctrl_custom_interfaces/lib/libros_kctrl_custom_interfaces__rosidl_typesupport_introspection_cpp.so
[11.366s] -- Set non-toolchain portion of runtime path of "/home/arveds/ros2_ws/install/ros_kctrl_custom_interfaces/lib/libros_kctrl_custom_interfaces__rosidl_typesupport_introspection_cpp.so" to ""
[11.366s] -- Installing: /home/arveds/ros2_ws/install/ros_kctrl_custom_interfaces/lib/libros_kctrl_custom_interfaces__rosidl_typesupport_cpp.so
[11.367s] -- Set non-toolchain portion of runtime path of "/home/arveds/ros2_ws/install/ros_kctrl_custom_interfaces/lib/libros_kctrl_custom_interfaces__rosidl_typesupport_cpp.so" to ""
[11.367s] -- Installing: /home/arveds/ros2_ws/install/ros_kctrl_custom_interfaces/share/ros_kctrl_custom_interfaces/environment/pythonpath.sh
[11.367s] -- Installing: /home/arveds/ros2_ws/install/ros_kctrl_custom_interfaces/share/ros_kctrl_custom_interfaces/environment/pythonpath.dsv
[11.367s] -- Installing: /home/arveds/ros2_ws/install/ros_kctrl_custom_interfaces/lib/python3.12/site-packages/ros_kctrl_custom_interfaces-0.0.0-py3.12.egg-info
[11.367s] -- Installing: /home/arveds/ros2_ws/install/ros_kctrl_custom_interfaces/lib/python3.12/site-packages/ros_kctrl_custom_interfaces-0.0.0-py3.12.egg-info/top_level.txt
[11.368s] -- Installing: /home/arveds/ros2_ws/install/ros_kctrl_custom_interfaces/lib/python3.12/site-packages/ros_kctrl_custom_interfaces-0.0.0-py3.12.egg-info/dependency_links.txt
[11.368s] -- Installing: /home/arveds/ros2_ws/install/ros_kctrl_custom_interfaces/lib/python3.12/site-packages/ros_kctrl_custom_interfaces-0.0.0-py3.12.egg-info/SOURCES.txt
[11.368s] -- Installing: /home/arveds/ros2_ws/install/ros_kctrl_custom_interfaces/lib/python3.12/site-packages/ros_kctrl_custom_interfaces-0.0.0-py3.12.egg-info/PKG-INFO
[11.368s] -- Installing: /home/arveds/ros2_ws/install/ros_kctrl_custom_interfaces/lib/python3.12/site-packages/ros_kctrl_custom_interfaces
[11.368s] -- Installing: /home/arveds/ros2_ws/install/ros_kctrl_custom_interfaces/lib/python3.12/site-packages/ros_kctrl_custom_interfaces/ros_kctrl_custom_interfaces_s__rosidl_typesupport_fastrtps_c.so
[11.369s] -- Installing: /home/arveds/ros2_ws/install/ros_kctrl_custom_interfaces/lib/python3.12/site-packages/ros_kctrl_custom_interfaces/ros_kctrl_custom_interfaces_s__rosidl_typesupport_c.so
[11.369s] -- Installing: /home/arveds/ros2_ws/install/ros_kctrl_custom_interfaces/lib/python3.12/site-packages/ros_kctrl_custom_interfaces/_ros_kctrl_custom_interfaces_s.ep.rosidl_typesupport_introspection_c.c
[11.369s] -- Installing: /home/arveds/ros2_ws/install/ros_kctrl_custom_interfaces/lib/python3.12/site-packages/ros_kctrl_custom_interfaces/_ros_kctrl_custom_interfaces_s.ep.rosidl_typesupport_fastrtps_c.c
[11.369s] -- Installing: /home/arveds/ros2_ws/install/ros_kctrl_custom_interfaces/lib/python3.12/site-packages/ros_kctrl_custom_interfaces/__init__.py
[11.369s] -- Installing: /home/arveds/ros2_ws/install/ros_kctrl_custom_interfaces/lib/python3.12/site-packages/ros_kctrl_custom_interfaces/srv
[11.370s] -- Installing: /home/arveds/ros2_ws/install/ros_kctrl_custom_interfaces/lib/python3.12/site-packages/ros_kctrl_custom_interfaces/srv/_request_pu_parameters.py
[11.370s] -- Installing: /home/arveds/ros2_ws/install/ros_kctrl_custom_interfaces/lib/python3.12/site-packages/ros_kctrl_custom_interfaces/srv/_request_detected_sounders.py
[11.370s] -- Installing: /home/arveds/ros2_ws/install/ros_kctrl_custom_interfaces/lib/python3.12/site-packages/ros_kctrl_custom_interfaces/srv/_pu_parameters_s.c
[11.370s] -- Installing: /home/arveds/ros2_ws/install/ros_kctrl_custom_interfaces/lib/python3.12/site-packages/ros_kctrl_custom_interfaces/srv/_set_pu_parameters.py
[11.370s] -- Installing: /home/arveds/ros2_ws/install/ros_kctrl_custom_interfaces/lib/python3.12/site-packages/ros_kctrl_custom_interfaces/srv/_request_detected_sounders_s.c
[11.371s] -- Installing: /home/arveds/ros2_ws/install/ros_kctrl_custom_interfaces/lib/python3.12/site-packages/ros_kctrl_custom_interfaces/srv/_request_pu_parameters_s.c
[11.371s] -- Installing: /home/arveds/ros2_ws/install/ros_kctrl_custom_interfaces/lib/python3.12/site-packages/ros_kctrl_custom_interfaces/srv/_pu_parameters.py
[11.371s] -- Installing: /home/arveds/ros2_ws/install/ros_kctrl_custom_interfaces/lib/python3.12/site-packages/ros_kctrl_custom_interfaces/srv/_update_recording_path.py
[11.371s] -- Installing: /home/arveds/ros2_ws/install/ros_kctrl_custom_interfaces/lib/python3.12/site-packages/ros_kctrl_custom_interfaces/srv/_set_pu_parameters_s.c
[11.371s] -- Installing: /home/arveds/ros2_ws/install/ros_kctrl_custom_interfaces/lib/python3.12/site-packages/ros_kctrl_custom_interfaces/srv/__init__.py
[11.371s] -- Installing: /home/arveds/ros2_ws/install/ros_kctrl_custom_interfaces/lib/python3.12/site-packages/ros_kctrl_custom_interfaces/srv/_recording_control.py
[11.371s] -- Installing: /home/arveds/ros2_ws/install/ros_kctrl_custom_interfaces/lib/python3.12/site-packages/ros_kctrl_custom_interfaces/srv/_sounder_command_s.c
[11.371s] -- Installing: /home/arveds/ros2_ws/install/ros_kctrl_custom_interfaces/lib/python3.12/site-packages/ros_kctrl_custom_interfaces/srv/_recording_control_s.c
[11.371s] -- Installing: /home/arveds/ros2_ws/install/ros_kctrl_custom_interfaces/lib/python3.12/site-packages/ros_kctrl_custom_interfaces/srv/_sounder_command.py
[11.371s] -- Installing: /home/arveds/ros2_ws/install/ros_kctrl_custom_interfaces/lib/python3.12/site-packages/ros_kctrl_custom_interfaces/srv/_update_recording_path_s.c
[11.372s] -- Installing: /home/arveds/ros2_ws/install/ros_kctrl_custom_interfaces/lib/python3.12/site-packages/ros_kctrl_custom_interfaces/ros_kctrl_custom_interfaces_s__rosidl_typesupport_introspection_c.so
[11.372s] -- Installing: /home/arveds/ros2_ws/install/ros_kctrl_custom_interfaces/lib/python3.12/site-packages/ros_kctrl_custom_interfaces/_ros_kctrl_custom_interfaces_s.ep.rosidl_typesupport_c.c
[11.438s] Listing '/home/arveds/ros2_ws/install/ros_kctrl_custom_interfaces/lib/python3.12/site-packages/ros_kctrl_custom_interfaces'...
[11.438s] Compiling '/home/arveds/ros2_ws/install/ros_kctrl_custom_interfaces/lib/python3.12/site-packages/ros_kctrl_custom_interfaces/__init__.py'...
[11.438s] Listing '/home/arveds/ros2_ws/install/ros_kctrl_custom_interfaces/lib/python3.12/site-packages/ros_kctrl_custom_interfaces/srv'...
[11.439s] Compiling '/home/arveds/ros2_ws/install/ros_kctrl_custom_interfaces/lib/python3.12/site-packages/ros_kctrl_custom_interfaces/srv/__init__.py'...
[11.439s] Compiling '/home/arveds/ros2_ws/install/ros_kctrl_custom_interfaces/lib/python3.12/site-packages/ros_kctrl_custom_interfaces/srv/_pu_parameters.py'...
[11.439s] Compiling '/home/arveds/ros2_ws/install/ros_kctrl_custom_interfaces/lib/python3.12/site-packages/ros_kctrl_custom_interfaces/srv/_recording_control.py'...
[11.439s] Compiling '/home/arveds/ros2_ws/install/ros_kctrl_custom_interfaces/lib/python3.12/site-packages/ros_kctrl_custom_interfaces/srv/_request_detected_sounders.py'...
[11.439s] Compiling '/home/arveds/ros2_ws/install/ros_kctrl_custom_interfaces/lib/python3.12/site-packages/ros_kctrl_custom_interfaces/srv/_request_pu_parameters.py'...
[11.439s] Compiling '/home/arveds/ros2_ws/install/ros_kctrl_custom_interfaces/lib/python3.12/site-packages/ros_kctrl_custom_interfaces/srv/_set_pu_parameters.py'...
[11.439s] Compiling '/home/arveds/ros2_ws/install/ros_kctrl_custom_interfaces/lib/python3.12/site-packages/ros_kctrl_custom_interfaces/srv/_sounder_command.py'...
[11.439s] Compiling '/home/arveds/ros2_ws/install/ros_kctrl_custom_interfaces/lib/python3.12/site-packages/ros_kctrl_custom_interfaces/srv/_update_recording_path.py'...
[11.445s] -- Installing: /home/arveds/ros2_ws/install/ros_kctrl_custom_interfaces/lib/python3.12/site-packages/ros_kctrl_custom_interfaces/ros_kctrl_custom_interfaces_s__rosidl_typesupport_fastrtps_c.so
[11.445s] -- Set non-toolchain portion of runtime path of "/home/arveds/ros2_ws/install/ros_kctrl_custom_interfaces/lib/python3.12/site-packages/ros_kctrl_custom_interfaces/ros_kctrl_custom_interfaces_s__rosidl_typesupport_fastrtps_c.so" to ""
[11.445s] -- Installing: /home/arveds/ros2_ws/install/ros_kctrl_custom_interfaces/lib/python3.12/site-packages/ros_kctrl_custom_interfaces/ros_kctrl_custom_interfaces_s__rosidl_typesupport_introspection_c.so
[11.446s] -- Set non-toolchain portion of runtime path of "/home/arveds/ros2_ws/install/ros_kctrl_custom_interfaces/lib/python3.12/site-packages/ros_kctrl_custom_interfaces/ros_kctrl_custom_interfaces_s__rosidl_typesupport_introspection_c.so" to ""
[11.446s] -- Installing: /home/arveds/ros2_ws/install/ros_kctrl_custom_interfaces/lib/python3.12/site-packages/ros_kctrl_custom_interfaces/ros_kctrl_custom_interfaces_s__rosidl_typesupport_c.so
[11.447s] -- Set non-toolchain portion of runtime path of "/home/arveds/ros2_ws/install/ros_kctrl_custom_interfaces/lib/python3.12/site-packages/ros_kctrl_custom_interfaces/ros_kctrl_custom_interfaces_s__rosidl_typesupport_c.so" to ""
[11.447s] -- Installing: /home/arveds/ros2_ws/install/ros_kctrl_custom_interfaces/lib/libros_kctrl_custom_interfaces__rosidl_generator_py.so
[11.447s] -- Set non-toolchain portion of runtime path of "/home/arveds/ros2_ws/install/ros_kctrl_custom_interfaces/lib/libros_kctrl_custom_interfaces__rosidl_generator_py.so" to ""
[11.447s] -- Installing: /home/arveds/ros2_ws/install/ros_kctrl_custom_interfaces/share/ros_kctrl_custom_interfaces/srv/SounderCommand.idl
[11.448s] -- Installing: /home/arveds/ros2_ws/install/ros_kctrl_custom_interfaces/share/ros_kctrl_custom_interfaces/srv/SetPUParameters.idl
[11.448s] -- Installing: /home/arveds/ros2_ws/install/ros_kctrl_custom_interfaces/share/ros_kctrl_custom_interfaces/srv/RequestPUParameters.idl
[11.448s] -- Installing: /home/arveds/ros2_ws/install/ros_kctrl_custom_interfaces/share/ros_kctrl_custom_interfaces/srv/RecordingControl.idl
[11.448s] -- Installing: /home/arveds/ros2_ws/install/ros_kctrl_custom_interfaces/share/ros_kctrl_custom_interfaces/srv/UpdateRecordingPath.idl
[11.448s] -- Installing: /home/arveds/ros2_ws/install/ros_kctrl_custom_interfaces/share/ros_kctrl_custom_interfaces/srv/PUParameters.idl
[11.448s] -- Installing: /home/arveds/ros2_ws/install/ros_kctrl_custom_interfaces/share/ros_kctrl_custom_interfaces/srv/RequestDetectedSounders.idl
[11.449s] -- Installing: /home/arveds/ros2_ws/install/ros_kctrl_custom_interfaces/share/ros_kctrl_custom_interfaces/srv/SounderCommand.srv
[11.449s] -- Installing: /home/arveds/ros2_ws/install/ros_kctrl_custom_interfaces/share/ros_kctrl_custom_interfaces/srv/SetPUParameters.srv
[11.449s] -- Installing: /home/arveds/ros2_ws/install/ros_kctrl_custom_interfaces/share/ros_kctrl_custom_interfaces/srv/RequestPUParameters.srv
[11.449s] -- Installing: /home/arveds/ros2_ws/install/ros_kctrl_custom_interfaces/share/ros_kctrl_custom_interfaces/srv/RecordingControl.srv
[11.449s] -- Installing: /home/arveds/ros2_ws/install/ros_kctrl_custom_interfaces/share/ros_kctrl_custom_interfaces/srv/UpdateRecordingPath.srv
[11.449s] -- Installing: /home/arveds/ros2_ws/install/ros_kctrl_custom_interfaces/share/ros_kctrl_custom_interfaces/srv/PUParameters.srv
[11.449s] -- Installing: /home/arveds/ros2_ws/install/ros_kctrl_custom_interfaces/share/ros_kctrl_custom_interfaces/srv/RequestDetectedSounders.srv
[11.450s] -- Installing: /home/arveds/ros2_ws/install/ros_kctrl_custom_interfaces/share/ament_index/resource_index/package_run_dependencies/ros_kctrl_custom_interfaces
[11.450s] -- Installing: /home/arveds/ros2_ws/install/ros_kctrl_custom_interfaces/share/ament_index/resource_index/parent_prefix_path/ros_kctrl_custom_interfaces
[11.450s] -- Installing: /home/arveds/ros2_ws/install/ros_kctrl_custom_interfaces/share/ros_kctrl_custom_interfaces/environment/ament_prefix_path.sh
[11.450s] -- Installing: /home/arveds/ros2_ws/install/ros_kctrl_custom_interfaces/share/ros_kctrl_custom_interfaces/environment/ament_prefix_path.dsv
[11.450s] -- Installing: /home/arveds/ros2_ws/install/ros_kctrl_custom_interfaces/share/ros_kctrl_custom_interfaces/environment/path.sh
[11.451s] -- Installing: /home/arveds/ros2_ws/install/ros_kctrl_custom_interfaces/share/ros_kctrl_custom_interfaces/environment/path.dsv
[11.451s] -- Installing: /home/arveds/ros2_ws/install/ros_kctrl_custom_interfaces/share/ros_kctrl_custom_interfaces/local_setup.bash
[11.451s] -- Installing: /home/arveds/ros2_ws/install/ros_kctrl_custom_interfaces/share/ros_kctrl_custom_interfaces/local_setup.sh
[11.451s] -- Installing: /home/arveds/ros2_ws/install/ros_kctrl_custom_interfaces/share/ros_kctrl_custom_interfaces/local_setup.zsh
[11.451s] -- Installing: /home/arveds/ros2_ws/install/ros_kctrl_custom_interfaces/share/ros_kctrl_custom_interfaces/local_setup.dsv
[11.451s] -- Installing: /home/arveds/ros2_ws/install/ros_kctrl_custom_interfaces/share/ros_kctrl_custom_interfaces/package.dsv
[11.452s] -- Installing: /home/arveds/ros2_ws/install/ros_kctrl_custom_interfaces/share/ament_index/resource_index/packages/ros_kctrl_custom_interfaces
[11.452s] -- Installing: /home/arveds/ros2_ws/install/ros_kctrl_custom_interfaces/share/ros_kctrl_custom_interfaces/cmake/export_ros_kctrl_custom_interfaces__rosidl_generator_cExport.cmake
[11.452s] -- Installing: /home/arveds/ros2_ws/install/ros_kctrl_custom_interfaces/share/ros_kctrl_custom_interfaces/cmake/export_ros_kctrl_custom_interfaces__rosidl_generator_cExport-noconfig.cmake
[11.452s] -- Installing: /home/arveds/ros2_ws/install/ros_kctrl_custom_interfaces/share/ros_kctrl_custom_interfaces/cmake/export_ros_kctrl_custom_interfaces__rosidl_typesupport_fastrtps_cExport.cmake
[11.453s] -- Installing: /home/arveds/ros2_ws/install/ros_kctrl_custom_interfaces/share/ros_kctrl_custom_interfaces/cmake/export_ros_kctrl_custom_interfaces__rosidl_typesupport_fastrtps_cExport-noconfig.cmake
[11.453s] -- Installing: /home/arveds/ros2_ws/install/ros_kctrl_custom_interfaces/share/ros_kctrl_custom_interfaces/cmake/ros_kctrl_custom_interfaces__rosidl_typesupport_introspection_cExport.cmake
[11.453s] -- Installing: /home/arveds/ros2_ws/install/ros_kctrl_custom_interfaces/share/ros_kctrl_custom_interfaces/cmake/ros_kctrl_custom_interfaces__rosidl_typesupport_introspection_cExport-noconfig.cmake
[11.453s] -- Installing: /home/arveds/ros2_ws/install/ros_kctrl_custom_interfaces/share/ros_kctrl_custom_interfaces/cmake/ros_kctrl_custom_interfaces__rosidl_typesupport_cExport.cmake
[11.453s] -- Installing: /home/arveds/ros2_ws/install/ros_kctrl_custom_interfaces/share/ros_kctrl_custom_interfaces/cmake/ros_kctrl_custom_interfaces__rosidl_typesupport_cExport-noconfig.cmake
[11.453s] -- Installing: /home/arveds/ros2_ws/install/ros_kctrl_custom_interfaces/share/ros_kctrl_custom_interfaces/cmake/export_ros_kctrl_custom_interfaces__rosidl_generator_cppExport.cmake
[11.454s] -- Installing: /home/arveds/ros2_ws/install/ros_kctrl_custom_interfaces/share/ros_kctrl_custom_interfaces/cmake/export_ros_kctrl_custom_interfaces__rosidl_typesupport_fastrtps_cppExport.cmake
[11.454s] -- Installing: /home/arveds/ros2_ws/install/ros_kctrl_custom_interfaces/share/ros_kctrl_custom_interfaces/cmake/export_ros_kctrl_custom_interfaces__rosidl_typesupport_fastrtps_cppExport-noconfig.cmake
[11.454s] -- Installing: /home/arveds/ros2_ws/install/ros_kctrl_custom_interfaces/share/ros_kctrl_custom_interfaces/cmake/ros_kctrl_custom_interfaces__rosidl_typesupport_introspection_cppExport.cmake
[11.454s] -- Installing: /home/arveds/ros2_ws/install/ros_kctrl_custom_interfaces/share/ros_kctrl_custom_interfaces/cmake/ros_kctrl_custom_interfaces__rosidl_typesupport_introspection_cppExport-noconfig.cmake
[11.454s] -- Installing: /home/arveds/ros2_ws/install/ros_kctrl_custom_interfaces/share/ros_kctrl_custom_interfaces/cmake/ros_kctrl_custom_interfaces__rosidl_typesupport_cppExport.cmake
[11.454s] -- Installing: /home/arveds/ros2_ws/install/ros_kctrl_custom_interfaces/share/ros_kctrl_custom_interfaces/cmake/ros_kctrl_custom_interfaces__rosidl_typesupport_cppExport-noconfig.cmake
[11.455s] -- Installing: /home/arveds/ros2_ws/install/ros_kctrl_custom_interfaces/share/ros_kctrl_custom_interfaces/cmake/export_ros_kctrl_custom_interfaces__rosidl_generator_pyExport.cmake
[11.455s] -- Installing: /home/arveds/ros2_ws/install/ros_kctrl_custom_interfaces/share/ros_kctrl_custom_interfaces/cmake/export_ros_kctrl_custom_interfaces__rosidl_generator_pyExport-noconfig.cmake
[11.455s] -- Installing: /home/arveds/ros2_ws/install/ros_kctrl_custom_interfaces/share/ros_kctrl_custom_interfaces/cmake/rosidl_cmake-extras.cmake
[11.455s] -- Installing: /home/arveds/ros2_ws/install/ros_kctrl_custom_interfaces/share/ros_kctrl_custom_interfaces/cmake/ament_cmake_export_dependencies-extras.cmake
[11.455s] -- Installing: /home/arveds/ros2_ws/install/ros_kctrl_custom_interfaces/share/ros_kctrl_custom_interfaces/cmake/ament_cmake_export_include_directories-extras.cmake
[11.456s] -- Installing: /home/arveds/ros2_ws/install/ros_kctrl_custom_interfaces/share/ros_kctrl_custom_interfaces/cmake/ament_cmake_export_libraries-extras.cmake
[11.456s] -- Installing: /home/arveds/ros2_ws/install/ros_kctrl_custom_interfaces/share/ros_kctrl_custom_interfaces/cmake/ament_cmake_export_targets-extras.cmake
[11.456s] -- Installing: /home/arveds/ros2_ws/install/ros_kctrl_custom_interfaces/share/ros_kctrl_custom_interfaces/cmake/rosidl_cmake_export_typesupport_targets-extras.cmake
[11.456s] -- Installing: /home/arveds/ros2_ws/install/ros_kctrl_custom_interfaces/share/ros_kctrl_custom_interfaces/cmake/rosidl_cmake_export_typesupport_libraries-extras.cmake
[11.456s] -- Installing: /home/arveds/ros2_ws/install/ros_kctrl_custom_interfaces/share/ros_kctrl_custom_interfaces/cmake/ros_kctrl_custom_interfacesConfig.cmake
[11.457s] -- Installing: /home/arveds/ros2_ws/install/ros_kctrl_custom_interfaces/share/ros_kctrl_custom_interfaces/cmake/ros_kctrl_custom_interfacesConfig-version.cmake
[11.457s] -- Installing: /home/arveds/ros2_ws/install/ros_kctrl_custom_interfaces/share/ros_kctrl_custom_interfaces/package.xml
[11.459s] Invoked command in '/home/arveds/ros2_ws/build/ros_kctrl_custom_interfaces' returned '0': CMAKE_PREFIX_PATH=${CMAKE_PREFIX_PATH}:/opt/ros/jazzy /usr/bin/cmake --install /home/arveds/ros2_ws/build/ros_kctrl_custom_interfaces
