-- Found ament_cmake: 2.5.4 (/opt/ros/jazzy/share/ament_cmake/cmake)
-- Found rclcpp: 28.1.9 (/opt/ros/jazzy/share/rclcpp/cmake)
-- Found rosidl_generator_c: 4.6.5 (/opt/ros/jazzy/share/rosidl_generator_c/cmake)
-- Found rosidl_generator_cpp: 4.6.5 (/opt/ros/jazzy/share/rosidl_generator_cpp/cmake)
-- Using all available rosidl_typesupport_c: rosidl_typesupport_fastrtps_c;rosidl_typesupport_introspection_c
-- Using all available rosidl_typesupport_cpp: rosidl_typesupport_fastrtps_cpp;rosidl_typesupport_introspection_cpp
-- Found rmw_implementation_cmake: 7.3.2 (/opt/ros/jazzy/share/rmw_implementation_cmake/cmake)
-- Found rmw_fastrtps_cpp: 8.4.2 (/opt/ros/jazzy/share/rmw_fastrtps_cpp/cmake)
-- Using RMW implementation 'rmw_fastrtps_cpp' as default
-- Found std_msgs: 5.3.6 (/opt/ros/jazzy/share/std_msgs/cmake)
-- Found ros_kctrl_custom_interfaces: 0.0.0 (/home/arveds/ros2_ws/install/ros_kctrl_custom_interfaces/share/ros_kctrl_custom_interfaces/cmake)
-- Configuring done (0.9s)
-- Generating done (0.0s)
-- Build files have been written to: /home/arveds/ros2_ws/build/ros_kctrl_interface_pkg
[ 16%] [32mBuilding CXX object CMakeFiles/ros2ctrl_udp_client.dir/src/ros2ctrl_udp_client.cpp.o[0m
[ 33%] [32mBuilding CXX object CMakeFiles/ros2ctrl_udp_receiver.dir/src/ros2ctrl_udp_receiver.cpp.o[0m
[01m[K/home/arveds/ros2_ws/src/ros_kctrl_interface_pkg/src/ros2ctrl_udp_client.cpp:44:94:[m[K [01;31m[Kerror: [m[K‘[01m[Kvector[m[K’ in namespace ‘[01m[Kstd[m[K’ does not name a template type
   44 | bool Ros2CtrlUdpClient::send_request_params_info(const std::string& sounder_name, const std::[01;31m[Kvector[m[K<std::string>& param_names) {
      |                                                                                              [01;31m[K^~~~~~[m[K
[01m[K/home/arveds/ros2_ws/src/ros_kctrl_interface_pkg/src/ros2ctrl_udp_client.cpp:8:1:[m[K [01;36m[Knote: [m[K‘[01m[Kstd::vector[m[K’ is defined in header ‘[01m[K<vector>[m[K’; did you forget to ‘[01m[K#include <vector>[m[K’?
    7 | #include <sstream>
  +++ |+[32m[K#include <vector>[m[K
    8 | 
[01m[K/home/arveds/ros2_ws/src/ros_kctrl_interface_pkg/src/ros2ctrl_udp_client.cpp:44:100:[m[K [01;31m[Kerror: [m[Kexpected ‘[01m[K,[m[K’ or ‘[01m[K...[m[K’ before ‘[01m[K<[m[K’ token
   44 | bool Ros2CtrlUdpClient::send_request_params_info(const std::string& sounder_name, const std::vector[01;31m[K<[m[Kstd::string>& param_names) {
      |                                                                                                    [01;31m[K^[m[K
[01m[K/home/arveds/ros2_ws/src/ros_kctrl_interface_pkg/src/ros2ctrl_udp_client.cpp:44:6:[m[K [01;31m[Kerror: [m[Kno declaration matches ‘[01m[Kbool Ros2CtrlUdpClient::[01;32m[Ksend_request_params_info[m[K(const std::string&, int)[m[K’
   44 | bool [01;31m[KRos2CtrlUdpClient[m[K::send_request_params_info(const std::string& sounder_name, const std::vector<std::string>& param_names) {
      |      [01;31m[K^~~~~~~~~~~~~~~~~[m[K
[01m[K/home/arveds/ros2_ws/src/ros_kctrl_interface_pkg/src/ros2ctrl_udp_client.cpp:44:6:[m[K [01;36m[Knote: [m[Kno functions named ‘[01m[Kbool Ros2CtrlUdpClient::[01;32m[Ksend_request_params_info[m[K(const std::string&, int)[m[K’
In file included from [01m[K/home/arveds/ros2_ws/src/ros_kctrl_interface_pkg/src/ros2ctrl_udp_client.cpp:1[m[K:
[01m[K/home/arveds/ros2_ws/src/ros_kctrl_interface_pkg/include/ros_kctrl_interface_pkg/ros2ctrl_udp_client.hpp:4:7:[m[K [01;36m[Knote: [m[K‘[01m[Kclass Ros2CtrlUdpClient[m[K’ defined here
    4 | class [01;36m[KRos2CtrlUdpClient[m[K {
      |       [01;36m[K^~~~~~~~~~~~~~~~~[m[K
gmake[2]: *** [CMakeFiles/ros2ctrl_udp_client.dir/build.make:76: CMakeFiles/ros2ctrl_udp_client.dir/src/ros2ctrl_udp_client.cpp.o] Error 1
gmake[1]: *** [CMakeFiles/Makefile2:141: CMakeFiles/ros2ctrl_udp_client.dir/all] Error 2
gmake[1]: *** Waiting for unfinished jobs....
[ 50%] [32m[1mLinking CXX executable ros2ctrl_udp_receiver[0m
[ 50%] Built target ros2ctrl_udp_receiver
gmake: *** [Makefile:146: all] Error 2
