[01m[K/home/arveds/ros2_ws/src/ros_kctrl_interface_pkg/src/ros2ctrl_udp_client.cpp:[m[K In member function ‘[01m[Kbool Ros2CtrlUdpClient::[01;32m[Ksend_start_sounder[m[K(const std::string&)[m[K’:
[01m[K/home/arveds/ros2_ws/src/ros_kctrl_interface_pkg/src/ros2ctrl_udp_client.cpp:12:12:[m[K [01;31m[Kerror: [m[K‘[01m[Ksend_udp_cmd[m[K’ was not declared in this scope
   12 |     return [01;31m[Ksend_udp_cmd[m[K("$KSSIS,13," + sounder_name, "start sounder", sounder_name);
      |            [01;31m[K^~~~~~~~~~~~[m[K
[01m[K/home/arveds/ros2_ws/src/ros_kctrl_interface_pkg/src/ros2ctrl_udp_client.cpp:[m[K In member function ‘[01m[Kbool Ros2CtrlUdpClient::[01;32m[Ksend_start_pinging[m[K(const std::string&)[m[K’:
[01m[K/home/arveds/ros2_ws/src/ros_kctrl_interface_pkg/src/ros2ctrl_udp_client.cpp:16:12:[m[K [01;31m[Kerror: [m[K‘[01m[Ksend_udp_cmd[m[K’ was not declared in this scope
   16 |     return [01;31m[Ksend_udp_cmd[m[K("$KSSIS,458," + sounder_name, "start pinging", sounder_name);
      |            [01;31m[K^~~~~~~~~~~~[m[K
[01m[K/home/arveds/ros2_ws/src/ros_kctrl_interface_pkg/src/ros2ctrl_udp_client.cpp:[m[K In member function ‘[01m[Kbool Ros2CtrlUdpClient::[01;32m[Ksend_stop_pinging[m[K(const std::string&)[m[K’:
[01m[K/home/arveds/ros2_ws/src/ros_kctrl_interface_pkg/src/ros2ctrl_udp_client.cpp:20:12:[m[K [01;31m[Kerror: [m[K‘[01m[Ksend_udp_cmd[m[K’ was not declared in this scope
   20 |     return [01;31m[Ksend_udp_cmd[m[K("$KSSIS,457," + sounder_name, "stop pinging", sounder_name);
      |            [01;31m[K^~~~~~~~~~~~[m[K
[01m[K/home/arveds/ros2_ws/src/ros_kctrl_interface_pkg/src/ros2ctrl_udp_client.cpp:[m[K At global scope:
[01m[K/home/arveds/ros2_ws/src/ros_kctrl_interface_pkg/src/ros2ctrl_udp_client.cpp:25:6:[m[K [01;31m[Kerror: [m[Kno declaration matches ‘[01m[Kbool Ros2CtrlUdpClient::[01;32m[Ksend_start_water_column[m[K(const std::string&)[m[K’
   25 | bool [01;31m[KRos2CtrlUdpClient[m[K::send_start_water_column(const std::string& sounder_name) {
      |      [01;31m[K^~~~~~~~~~~~~~~~~[m[K
[01m[K/home/arveds/ros2_ws/src/ros_kctrl_interface_pkg/src/ros2ctrl_udp_client.cpp:25:6:[m[K [01;36m[Knote: [m[Kno functions named ‘[01m[Kbool Ros2CtrlUdpClient::[01;32m[Ksend_start_water_column[m[K(const std::string&)[m[K’
In file included from [01m[K/home/arveds/ros2_ws/src/ros_kctrl_interface_pkg/src/ros2ctrl_udp_client.cpp:1[m[K:
[01m[K/home/arveds/ros2_ws/src/ros_kctrl_interface_pkg/include/ros_kctrl_interface_pkg/ros2ctrl_udp_client.hpp:4:7:[m[K [01;36m[Knote: [m[K‘[01m[Kclass Ros2CtrlUdpClient[m[K’ defined here
    4 | class [01;36m[KRos2CtrlUdpClient[m[K {
      |       [01;36m[K^~~~~~~~~~~~~~~~~[m[K
[01m[K/home/arveds/ros2_ws/src/ros_kctrl_interface_pkg/src/ros2ctrl_udp_client.cpp:30:6:[m[K [01;31m[Kerror: [m[Kno declaration matches ‘[01m[Kbool Ros2CtrlUdpClient::[01;32m[Ksend_stop_water_column[m[K(const std::string&)[m[K’
   30 | bool [01;31m[KRos2CtrlUdpClient[m[K::send_stop_water_column(const std::string& sounder_name) {
      |      [01;31m[K^~~~~~~~~~~~~~~~~[m[K
[01m[K/home/arveds/ros2_ws/src/ros_kctrl_interface_pkg/src/ros2ctrl_udp_client.cpp:30:6:[m[K [01;36m[Knote: [m[Kno functions named ‘[01m[Kbool Ros2CtrlUdpClient::[01;32m[Ksend_stop_water_column[m[K(const std::string&)[m[K’
[01m[K/home/arveds/ros2_ws/src/ros_kctrl_interface_pkg/include/ros_kctrl_interface_pkg/ros2ctrl_udp_client.hpp:4:7:[m[K [01;36m[Knote: [m[K‘[01m[Kclass Ros2CtrlUdpClient[m[K’ defined here
    4 | class [01;36m[KRos2CtrlUdpClient[m[K {
      |       [01;36m[K^~~~~~~~~~~~~~~~~[m[K
[01m[K/home/arveds/ros2_ws/src/ros_kctrl_interface_pkg/src/ros2ctrl_udp_client.cpp:35:6:[m[K [01;31m[Kerror: [m[Kno declaration matches ‘[01m[Kbool Ros2CtrlUdpClient::[01;32m[Ksend_start_stave[m[K(const std::string&)[m[K’
   35 | bool [01;31m[KRos2CtrlUdpClient[m[K::send_start_stave(const std::string& sounder_name) {
      |      [01;31m[K^~~~~~~~~~~~~~~~~[m[K
[01m[K/home/arveds/ros2_ws/src/ros_kctrl_interface_pkg/src/ros2ctrl_udp_client.cpp:35:6:[m[K [01;36m[Knote: [m[Kno functions named ‘[01m[Kbool Ros2CtrlUdpClient::[01;32m[Ksend_start_stave[m[K(const std::string&)[m[K’
[01m[K/home/arveds/ros2_ws/src/ros_kctrl_interface_pkg/include/ros_kctrl_interface_pkg/ros2ctrl_udp_client.hpp:4:7:[m[K [01;36m[Knote: [m[K‘[01m[Kclass Ros2CtrlUdpClient[m[K’ defined here
    4 | class [01;36m[KRos2CtrlUdpClient[m[K {
      |       [01;36m[K^~~~~~~~~~~~~~~~~[m[K
[01m[K/home/arveds/ros2_ws/src/ros_kctrl_interface_pkg/src/ros2ctrl_udp_client.cpp:40:6:[m[K [01;31m[Kerror: [m[Kno declaration matches ‘[01m[Kbool Ros2CtrlUdpClient::[01;32m[Ksend_stop_stave[m[K(const std::string&)[m[K’
   40 | bool [01;31m[KRos2CtrlUdpClient[m[K::send_stop_stave(const std::string& sounder_name) {
      |      [01;31m[K^~~~~~~~~~~~~~~~~[m[K
[01m[K/home/arveds/ros2_ws/src/ros_kctrl_interface_pkg/src/ros2ctrl_udp_client.cpp:40:6:[m[K [01;36m[Knote: [m[Kno functions named ‘[01m[Kbool Ros2CtrlUdpClient::[01;32m[Ksend_stop_stave[m[K(const std::string&)[m[K’
[01m[K/home/arveds/ros2_ws/src/ros_kctrl_interface_pkg/include/ros_kctrl_interface_pkg/ros2ctrl_udp_client.hpp:4:7:[m[K [01;36m[Knote: [m[K‘[01m[Kclass Ros2CtrlUdpClient[m[K’ defined here
    4 | class [01;36m[KRos2CtrlUdpClient[m[K {
      |       [01;36m[K^~~~~~~~~~~~~~~~~[m[K
[01m[K/home/arveds/ros2_ws/src/ros_kctrl_interface_pkg/src/ros2ctrl_udp_client.cpp:46:6:[m[K [01;31m[Kerror: [m[Kno declaration matches ‘[01m[Kbool Ros2CtrlUdpClient::[01;32m[Ksend_udp_cmd[m[K(const std::string&, const std::string&, const std::string&)[m[K’
   46 | bool [01;31m[KRos2CtrlUdpClient[m[K::send_udp_cmd(const std::string& msg, const std::string& action, const std::string& sounder_name) {
      |      [01;31m[K^~~~~~~~~~~~~~~~~[m[K
[01m[K/home/arveds/ros2_ws/src/ros_kctrl_interface_pkg/src/ros2ctrl_udp_client.cpp:46:6:[m[K [01;36m[Knote: [m[Kno functions named ‘[01m[Kbool Ros2CtrlUdpClient::[01;32m[Ksend_udp_cmd[m[K(const std::string&, const std::string&, const std::string&)[m[K’
[01m[K/home/arveds/ros2_ws/src/ros_kctrl_interface_pkg/include/ros_kctrl_interface_pkg/ros2ctrl_udp_client.hpp:4:7:[m[K [01;36m[Knote: [m[K‘[01m[Kclass Ros2CtrlUdpClient[m[K’ defined here
    4 | class [01;36m[KRos2CtrlUdpClient[m[K {
      |       [01;36m[K^~~~~~~~~~~~~~~~~[m[K
gmake[2]: *** [CMakeFiles/ros2ctrl_udp_client.dir/build.make:76: CMakeFiles/ros2ctrl_udp_client.dir/src/ros2ctrl_udp_client.cpp.o] Error 1
gmake[1]: *** [CMakeFiles/Makefile2:141: CMakeFiles/ros2ctrl_udp_client.dir/all] Error 2
gmake: *** [Makefile:146: all] Error 2
