[0.039s] Invoking command in '/home/arveds/ros2_ws/build/ros_kctrl_interface_pkg': CMAKE_PREFIX_PATH=/home/arveds/ros2_ws/install/ros_kctrl_custom_interfaces:/home/arveds/ros2_ws/install/ros_kctrl_interface_pkg:/opt/ros/jazzy/opt/sdformat_vendor:/opt/ros/jazzy/opt/gz_math_vendor:/opt/ros/jazzy/opt/gz_utils_vendor:/opt/ros/jazzy/opt/gz_tools_vendor:/opt/ros/jazzy/opt/gz_cmake_vendor:/opt/ros/jazzy /usr/bin/cmake --build /home/arveds/ros2_ws/build/ros_kctrl_interface_pkg -- -j12 -l12
[0.064s] -- Found ament_cmake: 2.5.4 (/opt/ros/jazzy/share/ament_cmake/cmake)
[0.265s] -- Found rclcpp: 28.1.9 (/opt/ros/jazzy/share/rclcpp/cmake)
[0.340s] -- Found rosidl_generator_c: 4.6.5 (/opt/ros/jazzy/share/rosidl_generator_c/cmake)
[0.351s] -- Found rosidl_generator_cpp: 4.6.5 (/opt/ros/jazzy/share/rosidl_generator_cpp/cmake)
[0.363s] -- Using all available rosidl_typesupport_c: rosidl_typesupport_fastrtps_c;rosidl_typesupport_introspection_c
[0.378s] -- Using all available rosidl_typesupport_cpp: rosidl_typesupport_fastrtps_cpp;rosidl_typesupport_introspection_cpp
[0.448s] -- Found rmw_implementation_cmake: 7.3.2 (/opt/ros/jazzy/share/rmw_implementation_cmake/cmake)
[0.449s] -- Found rmw_fastrtps_cpp: 8.4.2 (/opt/ros/jazzy/share/rmw_fastrtps_cpp/cmake)
[0.535s] -- Using RMW implementation 'rmw_fastrtps_cpp' as default
[0.622s] -- Found std_msgs: 5.3.6 (/opt/ros/jazzy/share/std_msgs/cmake)
[0.642s] -- Found ros_kctrl_custom_interfaces: 0.0.0 (/home/arveds/ros2_ws/install/ros_kctrl_custom_interfaces/share/ros_kctrl_custom_interfaces/cmake)
[0.733s] -- Configuring done (0.7s)
[0.747s] -- Generating done (0.0s)
[0.751s] -- Build files have been written to: /home/arveds/ros2_ws/build/ros_kctrl_interface_pkg
[0.782s] [ 50%] Built target ros2ctrl_udp_client
[0.807s] [ 75%] [32m[1mLinking CXX executable ros2ctrl_wrapper_node[0m
[0.989s] [100%] Built target ros2ctrl_wrapper_node
[0.999s] Invoked command in '/home/arveds/ros2_ws/build/ros_kctrl_interface_pkg' returned '0': CMAKE_PREFIX_PATH=/home/arveds/ros2_ws/install/ros_kctrl_custom_interfaces:/home/arveds/ros2_ws/install/ros_kctrl_interface_pkg:/opt/ros/jazzy/opt/sdformat_vendor:/opt/ros/jazzy/opt/gz_math_vendor:/opt/ros/jazzy/opt/gz_utils_vendor:/opt/ros/jazzy/opt/gz_tools_vendor:/opt/ros/jazzy/opt/gz_cmake_vendor:/opt/ros/jazzy /usr/bin/cmake --build /home/arveds/ros2_ws/build/ros_kctrl_interface_pkg -- -j12 -l12
[1.000s] Invoking command in '/home/arveds/ros2_ws/build/ros_kctrl_interface_pkg': CMAKE_PREFIX_PATH=/home/arveds/ros2_ws/install/ros_kctrl_custom_interfaces:/home/arveds/ros2_ws/install/ros_kctrl_interface_pkg:/opt/ros/jazzy/opt/sdformat_vendor:/opt/ros/jazzy/opt/gz_math_vendor:/opt/ros/jazzy/opt/gz_utils_vendor:/opt/ros/jazzy/opt/gz_tools_vendor:/opt/ros/jazzy/opt/gz_cmake_vendor:/opt/ros/jazzy /usr/bin/cmake --install /home/arveds/ros2_ws/build/ros_kctrl_interface_pkg
[1.006s] -- Install configuration: ""
[1.007s] -- Installing: /home/arveds/ros2_ws/install/ros_kctrl_interface_pkg/lib/ros_kctrl_interface_pkg/ros2ctrl_wrapper_node
[1.009s] -- Set non-toolchain portion of runtime path of "/home/arveds/ros2_ws/install/ros_kctrl_interface_pkg/lib/ros_kctrl_interface_pkg/ros2ctrl_wrapper_node" to ""
[1.009s] -- Installing: /home/arveds/ros2_ws/install/ros_kctrl_interface_pkg/lib/ros_kctrl_interface_pkg/libros2ctrl_udp_client.a
[1.009s] -- Installing: /home/arveds/ros2_ws/install/ros_kctrl_interface_pkg/include/
[1.009s] -- Installing: /home/arveds/ros2_ws/install/ros_kctrl_interface_pkg/include//ros_kctrl_interface_pkg
[1.009s] -- Installing: /home/arveds/ros2_ws/install/ros_kctrl_interface_pkg/include//ros_kctrl_interface_pkg/ros2ctrl_udp_client.hpp
[1.009s] -- Installing: /home/arveds/ros2_ws/install/ros_kctrl_interface_pkg/include//ros_kctrl_interface_pkg/ros2ctrl_message_utils.hpp
[1.010s] -- Installing: /home/arveds/ros2_ws/install/ros_kctrl_interface_pkg/share/ament_index/resource_index/package_run_dependencies/ros_kctrl_interface_pkg
[1.010s] -- Installing: /home/arveds/ros2_ws/install/ros_kctrl_interface_pkg/share/ament_index/resource_index/parent_prefix_path/ros_kctrl_interface_pkg
[1.011s] -- Installing: /home/arveds/ros2_ws/install/ros_kctrl_interface_pkg/share/ros_kctrl_interface_pkg/environment/ament_prefix_path.sh
[1.011s] -- Installing: /home/arveds/ros2_ws/install/ros_kctrl_interface_pkg/share/ros_kctrl_interface_pkg/environment/ament_prefix_path.dsv
[1.011s] -- Installing: /home/arveds/ros2_ws/install/ros_kctrl_interface_pkg/share/ros_kctrl_interface_pkg/environment/path.sh
[1.011s] -- Installing: /home/arveds/ros2_ws/install/ros_kctrl_interface_pkg/share/ros_kctrl_interface_pkg/environment/path.dsv
[1.012s] -- Installing: /home/arveds/ros2_ws/install/ros_kctrl_interface_pkg/share/ros_kctrl_interface_pkg/local_setup.bash
[1.012s] -- Installing: /home/arveds/ros2_ws/install/ros_kctrl_interface_pkg/share/ros_kctrl_interface_pkg/local_setup.sh
[1.012s] -- Installing: /home/arveds/ros2_ws/install/ros_kctrl_interface_pkg/share/ros_kctrl_interface_pkg/local_setup.zsh
[1.012s] -- Installing: /home/arveds/ros2_ws/install/ros_kctrl_interface_pkg/share/ros_kctrl_interface_pkg/local_setup.dsv
[1.012s] -- Installing: /home/arveds/ros2_ws/install/ros_kctrl_interface_pkg/share/ros_kctrl_interface_pkg/package.dsv
[1.013s] -- Installing: /home/arveds/ros2_ws/install/ros_kctrl_interface_pkg/share/ament_index/resource_index/packages/ros_kctrl_interface_pkg
[1.013s] -- Installing: /home/arveds/ros2_ws/install/ros_kctrl_interface_pkg/share/ros_kctrl_interface_pkg/cmake/ros_kctrl_interface_pkgConfig.cmake
[1.013s] -- Installing: /home/arveds/ros2_ws/install/ros_kctrl_interface_pkg/share/ros_kctrl_interface_pkg/cmake/ros_kctrl_interface_pkgConfig-version.cmake
[1.013s] -- Installing: /home/arveds/ros2_ws/install/ros_kctrl_interface_pkg/share/ros_kctrl_interface_pkg/package.xml
[1.015s] Invoked command in '/home/arveds/ros2_ws/build/ros_kctrl_interface_pkg' returned '0': CMAKE_PREFIX_PATH=/home/arveds/ros2_ws/install/ros_kctrl_custom_interfaces:/home/arveds/ros2_ws/install/ros_kctrl_interface_pkg:/opt/ros/jazzy/opt/sdformat_vendor:/opt/ros/jazzy/opt/gz_math_vendor:/opt/ros/jazzy/opt/gz_utils_vendor:/opt/ros/jazzy/opt/gz_tools_vendor:/opt/ros/jazzy/opt/gz_cmake_vendor:/opt/ros/jazzy /usr/bin/cmake --install /home/arveds/ros2_ws/build/ros_kctrl_interface_pkg
