[0.032s] Invoking command in '/home/arveds/ros2_ws/build/ros_kctrl_interface_pkg': CMAKE_PREFIX_PATH=/home/arveds/ros2_ws/install/ros_kctrl_custom_interfaces:/home/arveds/ros2_ws/install/ros_kctrl_interface_pkg:/opt/ros/jazzy/opt/sdformat_vendor:/opt/ros/jazzy/opt/gz_math_vendor:/opt/ros/jazzy/opt/gz_utils_vendor:/opt/ros/jazzy/opt/gz_tools_vendor:/opt/ros/jazzy/opt/gz_cmake_vendor:/opt/ros/jazzy /usr/bin/cmake /home/arveds/ros2_ws/src/ros_kctrl_interface_pkg -DCMAKE_INSTALL_PREFIX=/home/arveds/ros2_ws/install/ros_kctrl_interface_pkg
[0.097s] -- The C compiler identification is GNU 13.3.0
[0.266s] -- The CXX compiler identification is GNU 13.3.0
[0.392s] -- Detecting C compiler ABI info
[0.507s] -- Detecting C compiler ABI info - done
[0.516s] -- Check for working C compiler: /usr/bin/cc - skipped
[0.517s] -- Detecting C compile features
[0.517s] -- Detecting C compile features - done
[0.540s] -- Detecting CXX compiler ABI info
[0.667s] -- Detecting CXX compiler ABI info - done
[0.676s] -- Check for working CXX compiler: /usr/bin/c++ - skipped
[0.677s] -- Detecting CXX compile features
[0.677s] -- Detecting CXX compile features - done
[0.680s] -- Found ament_cmake: 2.5.4 (/opt/ros/jazzy/share/ament_cmake/cmake)
[0.806s] -- Found Python3: /usr/bin/python3 (found version "3.12.3") found components: Interpreter 
[0.894s] -- Found rclcpp: 28.1.9 (/opt/ros/jazzy/share/rclcpp/cmake)
[0.968s] -- Found rosidl_generator_c: 4.6.5 (/opt/ros/jazzy/share/rosidl_generator_c/cmake)
[0.980s] -- Found rosidl_generator_cpp: 4.6.5 (/opt/ros/jazzy/share/rosidl_generator_cpp/cmake)
[0.996s] -- Using all available rosidl_typesupport_c: rosidl_typesupport_fastrtps_c;rosidl_typesupport_introspection_c
[1.013s] -- Using all available rosidl_typesupport_cpp: rosidl_typesupport_fastrtps_cpp;rosidl_typesupport_introspection_cpp
[1.084s] -- Found rmw_implementation_cmake: 7.3.2 (/opt/ros/jazzy/share/rmw_implementation_cmake/cmake)
[1.087s] -- Found rmw_fastrtps_cpp: 8.4.2 (/opt/ros/jazzy/share/rmw_fastrtps_cpp/cmake)
[1.153s] -- Found OpenSSL: /usr/lib/x86_64-linux-gnu/libcrypto.so (found version "3.0.13")  
[1.198s] -- Found FastRTPS: /opt/ros/jazzy/include (Required is at least version "2.13") 
[1.233s] -- Using RMW implementation 'rmw_fastrtps_cpp' as default
[1.332s] -- Found std_msgs: 5.3.6 (/opt/ros/jazzy/share/std_msgs/cmake)
[1.452s] -- Found Boost: /usr/lib/x86_64-linux-gnu/cmake/Boost-1.83.0/BoostConfig.cmake (found version "1.83.0") found components: system thread 
[1.453s] -- Found ros_kctrl_custom_interfaces: 0.0.0 (/home/arveds/ros2_ws/install/ros_kctrl_custom_interfaces/share/ros_kctrl_custom_interfaces/cmake)
[1.571s] -- Configuring done (1.5s)
[1.587s] -- Generating done (0.0s)
[1.592s] -- Build files have been written to: /home/arveds/ros2_ws/build/ros_kctrl_interface_pkg
[1.602s] Invoked command in '/home/arveds/ros2_ws/build/ros_kctrl_interface_pkg' returned '0': CMAKE_PREFIX_PATH=/home/arveds/ros2_ws/install/ros_kctrl_custom_interfaces:/home/arveds/ros2_ws/install/ros_kctrl_interface_pkg:/opt/ros/jazzy/opt/sdformat_vendor:/opt/ros/jazzy/opt/gz_math_vendor:/opt/ros/jazzy/opt/gz_utils_vendor:/opt/ros/jazzy/opt/gz_tools_vendor:/opt/ros/jazzy/opt/gz_cmake_vendor:/opt/ros/jazzy /usr/bin/cmake /home/arveds/ros2_ws/src/ros_kctrl_interface_pkg -DCMAKE_INSTALL_PREFIX=/home/arveds/ros2_ws/install/ros_kctrl_interface_pkg
[1.603s] Invoking command in '/home/arveds/ros2_ws/build/ros_kctrl_interface_pkg': CMAKE_PREFIX_PATH=/home/arveds/ros2_ws/install/ros_kctrl_custom_interfaces:/home/arveds/ros2_ws/install/ros_kctrl_interface_pkg:/opt/ros/jazzy/opt/sdformat_vendor:/opt/ros/jazzy/opt/gz_math_vendor:/opt/ros/jazzy/opt/gz_utils_vendor:/opt/ros/jazzy/opt/gz_tools_vendor:/opt/ros/jazzy/opt/gz_cmake_vendor:/opt/ros/jazzy /usr/bin/cmake --build /home/arveds/ros2_ws/build/ros_kctrl_interface_pkg -- -j12 -l12
[1.645s] [ 25%] [32mBuilding CXX object CMakeFiles/ros2ctrl_udp_client.dir/src/ros2ctrl_udp_client.cpp.o[0m
[1.893s] [ 50%] [32m[1mLinking CXX static library libros2ctrl_udp_client.a[0m
[1.920s] [ 50%] Built target ros2ctrl_udp_client
[1.937s] [ 75%] [32mBuilding CXX object CMakeFiles/ros2ctrl_wrapper_node.dir/src/ros2ctrl_wrapper_node.cpp.o[0m
[6.601s] [100%] [32m[1mLinking CXX executable ros2ctrl_wrapper_node[0m
[6.638s] /usr/bin/ld: cannot find -lros2ctrl_message_utils: No such file or directory
[6.696s] collect2: error: ld returned 1 exit status
[6.698s] gmake[2]: *** [CMakeFiles/ros2ctrl_wrapper_node.dir/build.make:183: ros2ctrl_wrapper_node] Error 1
[6.698s] gmake[1]: *** [CMakeFiles/Makefile2:165: CMakeFiles/ros2ctrl_wrapper_node.dir/all] Error 2
[6.698s] gmake: *** [Makefile:146: all] Error 2
[6.701s] Invoked command in '/home/arveds/ros2_ws/build/ros_kctrl_interface_pkg' returned '2': CMAKE_PREFIX_PATH=/home/arveds/ros2_ws/install/ros_kctrl_custom_interfaces:/home/arveds/ros2_ws/install/ros_kctrl_interface_pkg:/opt/ros/jazzy/opt/sdformat_vendor:/opt/ros/jazzy/opt/gz_math_vendor:/opt/ros/jazzy/opt/gz_utils_vendor:/opt/ros/jazzy/opt/gz_tools_vendor:/opt/ros/jazzy/opt/gz_cmake_vendor:/opt/ros/jazzy /usr/bin/cmake --build /home/arveds/ros2_ws/build/ros_kctrl_interface_pkg -- -j12 -l12
