In file included from [01m[K/home/arveds/ros2_ws/src/ros_kctrl_interface_pkg/src/ros2ctrl_udp_client.cpp:1[m[K:
[01m[K/home/arveds/ros2_ws/src/ros_kctrl_interface_pkg/include/ros_kctrl_interface_pkg/ros2ctrl_udp_client.hpp:16:79:[m[K [01;31m[Kerror: [m[K‘[01m[Kvector[m[K’ in namespace ‘[01m[Kstd[m[K’ does not name a template type
   16 |     bool send_request_params_info(const std::string& sounder_name, const std::[01;31m[Kvector[m[K<std::string>& parameter_names);
      |                                                                               [01;31m[K^~~~~~[m[K
[01m[K/home/arveds/ros2_ws/src/ros_kctrl_interface_pkg/include/ros_kctrl_interface_pkg/ros2ctrl_udp_client.hpp:3:1:[m[K [01;36m[Knote: [m[K‘[01m[Kstd::vector[m[K’ is defined in header ‘[01m[K<vector>[m[K’; did you forget to ‘[01m[K#include <vector>[m[K’?
    2 | #include <string>
  +++ |+[32m[K#include <vector>[m[K
    3 | 
[01m[K/home/arveds/ros2_ws/src/ros_kctrl_interface_pkg/include/ros_kctrl_interface_pkg/ros2ctrl_udp_client.hpp:16:85:[m[K [01;31m[Kerror: [m[Kexpected ‘[01m[K,[m[K’ or ‘[01m[K...[m[K’ before ‘[01m[K<[m[K’ token
   16 |     bool send_request_params_info(const std::string& sounder_name, const std::vector[01;31m[K<[m[Kstd::string>& parameter_names);
      |                                                                                     [01;31m[K^[m[K
[01m[K/home/arveds/ros2_ws/src/ros_kctrl_interface_pkg/src/ros2ctrl_udp_client.cpp:45:6:[m[K [01;31m[Kerror: [m[Kno declaration matches ‘[01m[Kbool Ros2CtrlUdpClient::[01;32m[Ksend_request_params_info[m[K(const std::string&, const std::vector<std::__cxx11::basic_string<char> >&)[m[K’
   45 | bool [01;31m[KRos2CtrlUdpClient[m[K::send_request_params_info(const std::string& sounder_name, const std::vector<std::string>& param_names) {
      |      [01;31m[K^~~~~~~~~~~~~~~~~[m[K
[01m[K/home/arveds/ros2_ws/src/ros_kctrl_interface_pkg/include/ros_kctrl_interface_pkg/ros2ctrl_udp_client.hpp:16:10:[m[K [01;36m[Knote: [m[Kcandidate is: ‘[01m[Kbool Ros2CtrlUdpClient::[01;32m[Ksend_request_params_info[m[K(const std::string&, int)[m[K’
   16 |     bool [01;36m[Ksend_request_params_info[m[K(const std::string& sounder_name, const std::vector<std::string>& parameter_names);
      |          [01;36m[K^~~~~~~~~~~~~~~~~~~~~~~~[m[K
[01m[K/home/arveds/ros2_ws/src/ros_kctrl_interface_pkg/include/ros_kctrl_interface_pkg/ros2ctrl_udp_client.hpp:4:7:[m[K [01;36m[Knote: [m[K‘[01m[Kclass Ros2CtrlUdpClient[m[K’ defined here
    4 | class [01;36m[KRos2CtrlUdpClient[m[K {
      |       [01;36m[K^~~~~~~~~~~~~~~~~[m[K
gmake[2]: *** [CMakeFiles/ros2ctrl_udp_client.dir/build.make:76: CMakeFiles/ros2ctrl_udp_client.dir/src/ros2ctrl_udp_client.cpp.o] Error 1
gmake[1]: *** [CMakeFiles/Makefile2:141: CMakeFiles/ros2ctrl_udp_client.dir/all] Error 2
gmake: *** [Makefile:146: all] Error 2
