[0.181s] DEBUG:colcon:Command line arguments: ['/usr/bin/colcon', 'build']
[0.181s] DEBUG:colcon:Parsed command line arguments: Namespace(log_base=None, log_level=None, verb_name='build', build_base='build', install_base='install', merge_install=False, symlink_install=False, test_result_base=None, continue_on_error=False, executor='parallel', parallel_workers=12, event_handlers=None, ignore_user_meta=False, metas=['./colcon.meta'], base_paths=['.'], packages_ignore=None, packages_ignore_regex=None, paths=None, packages_up_to=None, packages_up_to_regex=None, packages_above=None, packages_above_and_dependencies=None, packages_above_depth=None, packages_select_by_dep=None, packages_skip_by_dep=None, packages_skip_up_to=None, packages_select_build_failed=False, packages_skip_build_finished=False, packages_select_test_failures=False, packages_skip_test_passed=False, packages_select=None, packages_skip=None, packages_select_regex=None, packages_skip_regex=None, packages_start=None, packages_end=None, allow_overriding=[], cmake_args=None, cmake_target=None, cmake_target_skip_unavailable=False, cmake_clean_cache=False, cmake_clean_first=False, cmake_force_configure=False, ament_cmake_args=None, catkin_cmake_args=None, catkin_skip_building_tests=False, mixin_files=None, mixin=None, verb_parser=<colcon_mixin.mixin.mixin_argument.MixinArgumentDecorator object at 0x737505b65880>, verb_extension=<colcon_core.verb.build.BuildVerb object at 0x737505b655b0>, main=<bound method BuildVerb.main of <colcon_core.verb.build.BuildVerb object at 0x737505b655b0>>, mixin_verb=('build',))
[0.247s] Level 1:colcon.colcon_core.package_discovery:discover_packages(colcon_meta) check parameters
[0.247s] Level 1:colcon.colcon_core.package_discovery:discover_packages(recursive) check parameters
[0.247s] Level 1:colcon.colcon_core.package_discovery:discover_packages(ignore) check parameters
[0.247s] Level 1:colcon.colcon_core.package_discovery:discover_packages(path) check parameters
[0.247s] Level 1:colcon.colcon_core.package_discovery:discover_packages(colcon_meta) discover
[0.247s] Level 1:colcon.colcon_core.package_discovery:discover_packages(recursive) discover
[0.247s] INFO:colcon.colcon_core.package_discovery:Crawling recursively for packages in '/home/arveds/ros2_ws'
[0.247s] Level 1:colcon.colcon_core.package_identification:_identify(.) by extensions ['ignore', 'ignore_ament_install']
[0.247s] Level 1:colcon.colcon_core.package_identification:_identify(.) by extension 'ignore'
[0.248s] Level 1:colcon.colcon_core.package_identification:_identify(.) by extension 'ignore_ament_install'
[0.248s] Level 1:colcon.colcon_core.package_identification:_identify(.) by extensions ['colcon_pkg']
[0.248s] Level 1:colcon.colcon_core.package_identification:_identify(.) by extension 'colcon_pkg'
[0.248s] Level 1:colcon.colcon_core.package_identification:_identify(.) by extensions ['colcon_meta']
[0.248s] Level 1:colcon.colcon_core.package_identification:_identify(.) by extension 'colcon_meta'
[0.248s] Level 1:colcon.colcon_core.package_identification:_identify(.) by extensions ['ros']
[0.248s] Level 1:colcon.colcon_core.package_identification:_identify(.) by extension 'ros'
[0.280s] Level 1:colcon.colcon_core.package_identification:_identify(.) by extensions ['cmake', 'python']
[0.281s] Level 1:colcon.colcon_core.package_identification:_identify(.) by extension 'cmake'
[0.281s] Level 1:colcon.colcon_core.package_identification:_identify(.) by extension 'python'
[0.281s] Level 1:colcon.colcon_core.package_identification:_identify(.) by extensions ['python_setup_py']
[0.281s] Level 1:colcon.colcon_core.package_identification:_identify(.) by extension 'python_setup_py'
[0.281s] Level 1:colcon.colcon_core.package_identification:_identify(build) by extensions ['ignore', 'ignore_ament_install']
[0.281s] Level 1:colcon.colcon_core.package_identification:_identify(build) by extension 'ignore'
[0.281s] Level 1:colcon.colcon_core.package_identification:_identify(build) ignored
[0.281s] Level 1:colcon.colcon_core.package_identification:_identify(install) by extensions ['ignore', 'ignore_ament_install']
[0.281s] Level 1:colcon.colcon_core.package_identification:_identify(install) by extension 'ignore'
[0.281s] Level 1:colcon.colcon_core.package_identification:_identify(install) ignored
[0.281s] Level 1:colcon.colcon_core.package_identification:_identify(log) by extensions ['ignore', 'ignore_ament_install']
[0.281s] Level 1:colcon.colcon_core.package_identification:_identify(log) by extension 'ignore'
[0.281s] Level 1:colcon.colcon_core.package_identification:_identify(log) ignored
[0.282s] Level 1:colcon.colcon_core.package_identification:_identify(src) by extensions ['ignore', 'ignore_ament_install']
[0.282s] Level 1:colcon.colcon_core.package_identification:_identify(src) by extension 'ignore'
[0.282s] Level 1:colcon.colcon_core.package_identification:_identify(src) by extension 'ignore_ament_install'
[0.282s] Level 1:colcon.colcon_core.package_identification:_identify(src) by extensions ['colcon_pkg']
[0.282s] Level 1:colcon.colcon_core.package_identification:_identify(src) by extension 'colcon_pkg'
[0.282s] Level 1:colcon.colcon_core.package_identification:_identify(src) by extensions ['colcon_meta']
[0.282s] Level 1:colcon.colcon_core.package_identification:_identify(src) by extension 'colcon_meta'
[0.282s] Level 1:colcon.colcon_core.package_identification:_identify(src) by extensions ['ros']
[0.282s] Level 1:colcon.colcon_core.package_identification:_identify(src) by extension 'ros'
[0.282s] Level 1:colcon.colcon_core.package_identification:_identify(src) by extensions ['cmake', 'python']
[0.282s] Level 1:colcon.colcon_core.package_identification:_identify(src) by extension 'cmake'
[0.282s] Level 1:colcon.colcon_core.package_identification:_identify(src) by extension 'python'
[0.282s] Level 1:colcon.colcon_core.package_identification:_identify(src) by extensions ['python_setup_py']
[0.282s] Level 1:colcon.colcon_core.package_identification:_identify(src) by extension 'python_setup_py'
[0.282s] Level 1:colcon.colcon_core.package_identification:_identify(src/ros_kctrl_custom_interfaces) by extensions ['ignore', 'ignore_ament_install']
[0.282s] Level 1:colcon.colcon_core.package_identification:_identify(src/ros_kctrl_custom_interfaces) by extension 'ignore'
[0.282s] Level 1:colcon.colcon_core.package_identification:_identify(src/ros_kctrl_custom_interfaces) by extension 'ignore_ament_install'
[0.282s] Level 1:colcon.colcon_core.package_identification:_identify(src/ros_kctrl_custom_interfaces) by extensions ['colcon_pkg']
[0.282s] Level 1:colcon.colcon_core.package_identification:_identify(src/ros_kctrl_custom_interfaces) by extension 'colcon_pkg'
[0.283s] Level 1:colcon.colcon_core.package_identification:_identify(src/ros_kctrl_custom_interfaces) by extensions ['colcon_meta']
[0.283s] Level 1:colcon.colcon_core.package_identification:_identify(src/ros_kctrl_custom_interfaces) by extension 'colcon_meta'
[0.283s] Level 1:colcon.colcon_core.package_identification:_identify(src/ros_kctrl_custom_interfaces) by extensions ['ros']
[0.283s] Level 1:colcon.colcon_core.package_identification:_identify(src/ros_kctrl_custom_interfaces) by extension 'ros'
[0.286s] DEBUG:colcon.colcon_core.package_identification:Package 'src/ros_kctrl_custom_interfaces' with type 'ros.ament_cmake' and name 'ros_kctrl_custom_interfaces'
[0.286s] Level 1:colcon.colcon_core.package_identification:_identify(src/ros_kctrl_interface_pkg) by extensions ['ignore', 'ignore_ament_install']
[0.286s] Level 1:colcon.colcon_core.package_identification:_identify(src/ros_kctrl_interface_pkg) by extension 'ignore'
[0.286s] Level 1:colcon.colcon_core.package_identification:_identify(src/ros_kctrl_interface_pkg) by extension 'ignore_ament_install'
[0.286s] Level 1:colcon.colcon_core.package_identification:_identify(src/ros_kctrl_interface_pkg) by extensions ['colcon_pkg']
[0.287s] Level 1:colcon.colcon_core.package_identification:_identify(src/ros_kctrl_interface_pkg) by extension 'colcon_pkg'
[0.287s] Level 1:colcon.colcon_core.package_identification:_identify(src/ros_kctrl_interface_pkg) by extensions ['colcon_meta']
[0.287s] Level 1:colcon.colcon_core.package_identification:_identify(src/ros_kctrl_interface_pkg) by extension 'colcon_meta'
[0.287s] Level 1:colcon.colcon_core.package_identification:_identify(src/ros_kctrl_interface_pkg) by extensions ['ros']
[0.287s] Level 1:colcon.colcon_core.package_identification:_identify(src/ros_kctrl_interface_pkg) by extension 'ros'
[0.287s] DEBUG:colcon.colcon_core.package_identification:Package 'src/ros_kctrl_interface_pkg' with type 'ros.ament_cmake' and name 'ros_kctrl_interface_pkg'
[0.287s] Level 1:colcon.colcon_core.package_discovery:discover_packages(recursive) using defaults
[0.287s] Level 1:colcon.colcon_core.package_discovery:discover_packages(ignore) discover
[0.287s] Level 1:colcon.colcon_core.package_discovery:discover_packages(ignore) using defaults
[0.287s] Level 1:colcon.colcon_core.package_discovery:discover_packages(path) discover
[0.287s] Level 1:colcon.colcon_core.package_discovery:discover_packages(path) using defaults
[0.311s] Level 1:colcon.colcon_core.package_discovery:discover_packages(prefix_path) check parameters
[0.311s] Level 1:colcon.colcon_core.package_discovery:discover_packages(prefix_path) discover
[0.315s] DEBUG:colcon.colcon_installed_package_information.package_discovery:Found 2 installed packages in /home/arveds/ros2_ws/install
[0.318s] DEBUG:colcon.colcon_installed_package_information.package_discovery:Found 318 installed packages in /opt/ros/jazzy
[0.319s] Level 1:colcon.colcon_core.package_discovery:discover_packages(prefix_path) using defaults
[0.414s] Level 5:colcon.colcon_core.verb:set package 'ros_kctrl_custom_interfaces' build argument 'cmake_args' from command line to 'None'
[0.414s] Level 5:colcon.colcon_core.verb:set package 'ros_kctrl_custom_interfaces' build argument 'cmake_target' from command line to 'None'
[0.415s] Level 5:colcon.colcon_core.verb:set package 'ros_kctrl_custom_interfaces' build argument 'cmake_target_skip_unavailable' from command line to 'False'
[0.415s] Level 5:colcon.colcon_core.verb:set package 'ros_kctrl_custom_interfaces' build argument 'cmake_clean_cache' from command line to 'False'
[0.415s] Level 5:colcon.colcon_core.verb:set package 'ros_kctrl_custom_interfaces' build argument 'cmake_clean_first' from command line to 'False'
[0.415s] Level 5:colcon.colcon_core.verb:set package 'ros_kctrl_custom_interfaces' build argument 'cmake_force_configure' from command line to 'False'
[0.415s] Level 5:colcon.colcon_core.verb:set package 'ros_kctrl_custom_interfaces' build argument 'ament_cmake_args' from command line to 'None'
[0.415s] Level 5:colcon.colcon_core.verb:set package 'ros_kctrl_custom_interfaces' build argument 'catkin_cmake_args' from command line to 'None'
[0.415s] Level 5:colcon.colcon_core.verb:set package 'ros_kctrl_custom_interfaces' build argument 'catkin_skip_building_tests' from command line to 'False'
[0.415s] DEBUG:colcon.colcon_core.verb:Building package 'ros_kctrl_custom_interfaces' with the following arguments: {'ament_cmake_args': None, 'build_base': '/home/arveds/ros2_ws/build/ros_kctrl_custom_interfaces', 'catkin_cmake_args': None, 'catkin_skip_building_tests': False, 'cmake_args': None, 'cmake_clean_cache': False, 'cmake_clean_first': False, 'cmake_force_configure': False, 'cmake_target': None, 'cmake_target_skip_unavailable': False, 'install_base': '/home/arveds/ros2_ws/install/ros_kctrl_custom_interfaces', 'merge_install': False, 'path': '/home/arveds/ros2_ws/src/ros_kctrl_custom_interfaces', 'symlink_install': False, 'test_result_base': None}
[0.415s] Level 5:colcon.colcon_core.verb:set package 'ros_kctrl_interface_pkg' build argument 'cmake_args' from command line to 'None'
[0.415s] Level 5:colcon.colcon_core.verb:set package 'ros_kctrl_interface_pkg' build argument 'cmake_target' from command line to 'None'
[0.415s] Level 5:colcon.colcon_core.verb:set package 'ros_kctrl_interface_pkg' build argument 'cmake_target_skip_unavailable' from command line to 'False'
[0.415s] Level 5:colcon.colcon_core.verb:set package 'ros_kctrl_interface_pkg' build argument 'cmake_clean_cache' from command line to 'False'
[0.415s] Level 5:colcon.colcon_core.verb:set package 'ros_kctrl_interface_pkg' build argument 'cmake_clean_first' from command line to 'False'
[0.415s] Level 5:colcon.colcon_core.verb:set package 'ros_kctrl_interface_pkg' build argument 'cmake_force_configure' from command line to 'False'
[0.415s] Level 5:colcon.colcon_core.verb:set package 'ros_kctrl_interface_pkg' build argument 'ament_cmake_args' from command line to 'None'
[0.415s] Level 5:colcon.colcon_core.verb:set package 'ros_kctrl_interface_pkg' build argument 'catkin_cmake_args' from command line to 'None'
[0.415s] Level 5:colcon.colcon_core.verb:set package 'ros_kctrl_interface_pkg' build argument 'catkin_skip_building_tests' from command line to 'False'
[0.415s] DEBUG:colcon.colcon_core.verb:Building package 'ros_kctrl_interface_pkg' with the following arguments: {'ament_cmake_args': None, 'build_base': '/home/arveds/ros2_ws/build/ros_kctrl_interface_pkg', 'catkin_cmake_args': None, 'catkin_skip_building_tests': False, 'cmake_args': None, 'cmake_clean_cache': False, 'cmake_clean_first': False, 'cmake_force_configure': False, 'cmake_target': None, 'cmake_target_skip_unavailable': False, 'install_base': '/home/arveds/ros2_ws/install/ros_kctrl_interface_pkg', 'merge_install': False, 'path': '/home/arveds/ros2_ws/src/ros_kctrl_interface_pkg', 'symlink_install': False, 'test_result_base': None}
[0.415s] INFO:colcon.colcon_core.executor:Executing jobs using 'parallel' executor
[0.416s] DEBUG:colcon.colcon_parallel_executor.executor.parallel:run_until_complete
[0.416s] INFO:colcon.colcon_ros.task.ament_cmake.build:Building ROS package in '/home/arveds/ros2_ws/src/ros_kctrl_custom_interfaces' with build type 'ament_cmake'
[0.417s] INFO:colcon.colcon_cmake.task.cmake.build:Building CMake package in '/home/arveds/ros2_ws/src/ros_kctrl_custom_interfaces'
[0.423s] INFO:colcon.colcon_core.plugin_system:Skipping extension 'colcon_core.shell.bat': Not used on non-Windows systems
[0.423s] INFO:colcon.colcon_core.shell:Skip shell extension 'powershell' for command environment: Not usable outside of PowerShell
[0.423s] DEBUG:colcon.colcon_core.shell:Skip shell extension 'dsv' for command environment
[0.432s] DEBUG:colcon.colcon_core.event_handler.log_command:Invoking command in '/home/arveds/ros2_ws/build/ros_kctrl_custom_interfaces': CMAKE_PREFIX_PATH=${CMAKE_PREFIX_PATH}:/opt/ros/jazzy /usr/bin/cmake --build /home/arveds/ros2_ws/build/ros_kctrl_custom_interfaces -- -j12 -l12
[0.930s] DEBUG:colcon.colcon_core.event_handler.log_command:Invoked command in '/home/arveds/ros2_ws/build/ros_kctrl_custom_interfaces' returned '0': CMAKE_PREFIX_PATH=${CMAKE_PREFIX_PATH}:/opt/ros/jazzy /usr/bin/cmake --build /home/arveds/ros2_ws/build/ros_kctrl_custom_interfaces -- -j12 -l12
[0.943s] DEBUG:colcon.colcon_core.event_handler.log_command:Invoking command in '/home/arveds/ros2_ws/build/ros_kctrl_custom_interfaces': CMAKE_PREFIX_PATH=${CMAKE_PREFIX_PATH}:/opt/ros/jazzy /usr/bin/cmake --install /home/arveds/ros2_ws/build/ros_kctrl_custom_interfaces
[1.040s] Level 1:colcon.colcon_core.environment:create_environment_scripts_only(ros_kctrl_custom_interfaces)
[1.041s] DEBUG:colcon.colcon_core.event_handler.log_command:Invoked command in '/home/arveds/ros2_ws/build/ros_kctrl_custom_interfaces' returned '0': CMAKE_PREFIX_PATH=${CMAKE_PREFIX_PATH}:/opt/ros/jazzy /usr/bin/cmake --install /home/arveds/ros2_ws/build/ros_kctrl_custom_interfaces
[1.050s] Level 1:colcon.colcon_core.environment:checking '/home/arveds/ros2_ws/install/ros_kctrl_custom_interfaces' for CMake module files
[1.051s] Level 1:colcon.colcon_core.environment:checking '/home/arveds/ros2_ws/install/ros_kctrl_custom_interfaces' for CMake config files
[1.051s] Level 1:colcon.colcon_core.shell:create_environment_hook('ros_kctrl_custom_interfaces', 'cmake_prefix_path')
[1.051s] INFO:colcon.colcon_core.shell:Creating environment hook '/home/arveds/ros2_ws/install/ros_kctrl_custom_interfaces/share/ros_kctrl_custom_interfaces/hook/cmake_prefix_path.ps1'
[1.052s] INFO:colcon.colcon_core.shell:Creating environment descriptor '/home/arveds/ros2_ws/install/ros_kctrl_custom_interfaces/share/ros_kctrl_custom_interfaces/hook/cmake_prefix_path.dsv'
[1.053s] INFO:colcon.colcon_core.shell:Creating environment hook '/home/arveds/ros2_ws/install/ros_kctrl_custom_interfaces/share/ros_kctrl_custom_interfaces/hook/cmake_prefix_path.sh'
[1.054s] Level 1:colcon.colcon_core.environment:checking '/home/arveds/ros2_ws/install/ros_kctrl_custom_interfaces/lib'
[1.055s] Level 1:colcon.colcon_core.shell:create_environment_hook('ros_kctrl_custom_interfaces', 'ld_library_path_lib')
[1.055s] INFO:colcon.colcon_core.shell:Creating environment hook '/home/arveds/ros2_ws/install/ros_kctrl_custom_interfaces/share/ros_kctrl_custom_interfaces/hook/ld_library_path_lib.ps1'
[1.055s] INFO:colcon.colcon_core.shell:Creating environment descriptor '/home/arveds/ros2_ws/install/ros_kctrl_custom_interfaces/share/ros_kctrl_custom_interfaces/hook/ld_library_path_lib.dsv'
[1.056s] INFO:colcon.colcon_core.shell:Creating environment hook '/home/arveds/ros2_ws/install/ros_kctrl_custom_interfaces/share/ros_kctrl_custom_interfaces/hook/ld_library_path_lib.sh'
[1.056s] Level 1:colcon.colcon_core.environment:checking '/home/arveds/ros2_ws/install/ros_kctrl_custom_interfaces/bin'
[1.056s] Level 1:colcon.colcon_core.environment:checking '/home/arveds/ros2_ws/install/ros_kctrl_custom_interfaces/lib/pkgconfig/ros_kctrl_custom_interfaces.pc'
[1.056s] Level 1:colcon.colcon_core.environment:checking '/home/arveds/ros2_ws/install/ros_kctrl_custom_interfaces/lib/python3.12/site-packages'
[1.057s] Level 1:colcon.colcon_core.shell:create_environment_hook('ros_kctrl_custom_interfaces', 'pythonpath')
[1.057s] INFO:colcon.colcon_core.shell:Creating environment hook '/home/arveds/ros2_ws/install/ros_kctrl_custom_interfaces/share/ros_kctrl_custom_interfaces/hook/pythonpath.ps1'
[1.057s] INFO:colcon.colcon_core.shell:Creating environment descriptor '/home/arveds/ros2_ws/install/ros_kctrl_custom_interfaces/share/ros_kctrl_custom_interfaces/hook/pythonpath.dsv'
[1.058s] INFO:colcon.colcon_core.shell:Creating environment hook '/home/arveds/ros2_ws/install/ros_kctrl_custom_interfaces/share/ros_kctrl_custom_interfaces/hook/pythonpath.sh'
[1.058s] Level 1:colcon.colcon_core.environment:checking '/home/arveds/ros2_ws/install/ros_kctrl_custom_interfaces/bin'
[1.059s] INFO:colcon.colcon_core.shell:Creating package script '/home/arveds/ros2_ws/install/ros_kctrl_custom_interfaces/share/ros_kctrl_custom_interfaces/package.ps1'
[1.060s] INFO:colcon.colcon_core.shell:Creating package descriptor '/home/arveds/ros2_ws/install/ros_kctrl_custom_interfaces/share/ros_kctrl_custom_interfaces/package.dsv'
[1.061s] INFO:colcon.colcon_core.shell:Creating package script '/home/arveds/ros2_ws/install/ros_kctrl_custom_interfaces/share/ros_kctrl_custom_interfaces/package.sh'
[1.062s] INFO:colcon.colcon_core.shell:Creating package script '/home/arveds/ros2_ws/install/ros_kctrl_custom_interfaces/share/ros_kctrl_custom_interfaces/package.bash'
[1.063s] INFO:colcon.colcon_core.shell:Creating package script '/home/arveds/ros2_ws/install/ros_kctrl_custom_interfaces/share/ros_kctrl_custom_interfaces/package.zsh'
[1.064s] Level 1:colcon.colcon_core.environment:create_file_with_runtime_dependencies(/home/arveds/ros2_ws/install/ros_kctrl_custom_interfaces/share/colcon-core/packages/ros_kctrl_custom_interfaces)
[1.065s] Level 1:colcon.colcon_core.environment:create_environment_scripts_only(ros_kctrl_custom_interfaces)
[1.065s] Level 1:colcon.colcon_core.environment:checking '/home/arveds/ros2_ws/install/ros_kctrl_custom_interfaces' for CMake module files
[1.066s] Level 1:colcon.colcon_core.environment:checking '/home/arveds/ros2_ws/install/ros_kctrl_custom_interfaces' for CMake config files
[1.066s] Level 1:colcon.colcon_core.shell:create_environment_hook('ros_kctrl_custom_interfaces', 'cmake_prefix_path')
[1.066s] INFO:colcon.colcon_core.shell:Creating environment hook '/home/arveds/ros2_ws/install/ros_kctrl_custom_interfaces/share/ros_kctrl_custom_interfaces/hook/cmake_prefix_path.ps1'
[1.066s] INFO:colcon.colcon_core.shell:Creating environment descriptor '/home/arveds/ros2_ws/install/ros_kctrl_custom_interfaces/share/ros_kctrl_custom_interfaces/hook/cmake_prefix_path.dsv'
[1.067s] INFO:colcon.colcon_core.shell:Creating environment hook '/home/arveds/ros2_ws/install/ros_kctrl_custom_interfaces/share/ros_kctrl_custom_interfaces/hook/cmake_prefix_path.sh'
[1.067s] Level 1:colcon.colcon_core.environment:checking '/home/arveds/ros2_ws/install/ros_kctrl_custom_interfaces/lib'
[1.068s] Level 1:colcon.colcon_core.shell:create_environment_hook('ros_kctrl_custom_interfaces', 'ld_library_path_lib')
[1.068s] INFO:colcon.colcon_core.shell:Creating environment hook '/home/arveds/ros2_ws/install/ros_kctrl_custom_interfaces/share/ros_kctrl_custom_interfaces/hook/ld_library_path_lib.ps1'
[1.068s] INFO:colcon.colcon_core.shell:Creating environment descriptor '/home/arveds/ros2_ws/install/ros_kctrl_custom_interfaces/share/ros_kctrl_custom_interfaces/hook/ld_library_path_lib.dsv'
[1.069s] INFO:colcon.colcon_core.shell:Creating environment hook '/home/arveds/ros2_ws/install/ros_kctrl_custom_interfaces/share/ros_kctrl_custom_interfaces/hook/ld_library_path_lib.sh'
[1.069s] Level 1:colcon.colcon_core.environment:checking '/home/arveds/ros2_ws/install/ros_kctrl_custom_interfaces/bin'
[1.069s] Level 1:colcon.colcon_core.environment:checking '/home/arveds/ros2_ws/install/ros_kctrl_custom_interfaces/lib/pkgconfig/ros_kctrl_custom_interfaces.pc'
[1.070s] Level 1:colcon.colcon_core.environment:checking '/home/arveds/ros2_ws/install/ros_kctrl_custom_interfaces/lib/python3.12/site-packages'
[1.070s] Level 1:colcon.colcon_core.shell:create_environment_hook('ros_kctrl_custom_interfaces', 'pythonpath')
[1.070s] INFO:colcon.colcon_core.shell:Creating environment hook '/home/arveds/ros2_ws/install/ros_kctrl_custom_interfaces/share/ros_kctrl_custom_interfaces/hook/pythonpath.ps1'
[1.071s] INFO:colcon.colcon_core.shell:Creating environment descriptor '/home/arveds/ros2_ws/install/ros_kctrl_custom_interfaces/share/ros_kctrl_custom_interfaces/hook/pythonpath.dsv'
[1.071s] INFO:colcon.colcon_core.shell:Creating environment hook '/home/arveds/ros2_ws/install/ros_kctrl_custom_interfaces/share/ros_kctrl_custom_interfaces/hook/pythonpath.sh'
[1.072s] Level 1:colcon.colcon_core.environment:checking '/home/arveds/ros2_ws/install/ros_kctrl_custom_interfaces/bin'
[1.072s] INFO:colcon.colcon_core.shell:Creating package script '/home/arveds/ros2_ws/install/ros_kctrl_custom_interfaces/share/ros_kctrl_custom_interfaces/package.ps1'
[1.073s] INFO:colcon.colcon_core.shell:Creating package descriptor '/home/arveds/ros2_ws/install/ros_kctrl_custom_interfaces/share/ros_kctrl_custom_interfaces/package.dsv'
[1.074s] INFO:colcon.colcon_core.shell:Creating package script '/home/arveds/ros2_ws/install/ros_kctrl_custom_interfaces/share/ros_kctrl_custom_interfaces/package.sh'
[1.075s] INFO:colcon.colcon_core.shell:Creating package script '/home/arveds/ros2_ws/install/ros_kctrl_custom_interfaces/share/ros_kctrl_custom_interfaces/package.bash'
[1.075s] INFO:colcon.colcon_core.shell:Creating package script '/home/arveds/ros2_ws/install/ros_kctrl_custom_interfaces/share/ros_kctrl_custom_interfaces/package.zsh'
[1.076s] Level 1:colcon.colcon_core.environment:create_file_with_runtime_dependencies(/home/arveds/ros2_ws/install/ros_kctrl_custom_interfaces/share/colcon-core/packages/ros_kctrl_custom_interfaces)
[1.076s] INFO:colcon.colcon_ros.task.ament_cmake.build:Building ROS package in '/home/arveds/ros2_ws/src/ros_kctrl_interface_pkg' with build type 'ament_cmake'
[1.076s] INFO:colcon.colcon_cmake.task.cmake.build:Building CMake package in '/home/arveds/ros2_ws/src/ros_kctrl_interface_pkg'
[1.077s] INFO:colcon.colcon_core.shell:Skip shell extension 'powershell' for command environment: Not usable outside of PowerShell
[1.077s] DEBUG:colcon.colcon_core.shell:Skip shell extension 'dsv' for command environment
[1.141s] DEBUG:colcon.colcon_core.event_handler.log_command:Invoking command in '/home/arveds/ros2_ws/build/ros_kctrl_interface_pkg': CMAKE_PREFIX_PATH=/home/arveds/ros2_ws/install/ros_kctrl_custom_interfaces:/home/arveds/ros2_ws/install/ros_kctrl_interface_pkg:/opt/ros/jazzy/opt/sdformat_vendor:/opt/ros/jazzy/opt/gz_math_vendor:/opt/ros/jazzy/opt/gz_utils_vendor:/opt/ros/jazzy/opt/gz_tools_vendor:/opt/ros/jazzy/opt/gz_cmake_vendor:/opt/ros/jazzy /usr/bin/cmake --build /home/arveds/ros2_ws/build/ros_kctrl_interface_pkg -- -j12 -l12
[8.886s] DEBUG:colcon.colcon_core.event_handler.log_command:Invoked command in '/home/arveds/ros2_ws/build/ros_kctrl_interface_pkg' returned '0': CMAKE_PREFIX_PATH=/home/arveds/ros2_ws/install/ros_kctrl_custom_interfaces:/home/arveds/ros2_ws/install/ros_kctrl_interface_pkg:/opt/ros/jazzy/opt/sdformat_vendor:/opt/ros/jazzy/opt/gz_math_vendor:/opt/ros/jazzy/opt/gz_utils_vendor:/opt/ros/jazzy/opt/gz_tools_vendor:/opt/ros/jazzy/opt/gz_cmake_vendor:/opt/ros/jazzy /usr/bin/cmake --build /home/arveds/ros2_ws/build/ros_kctrl_interface_pkg -- -j12 -l12
[8.888s] DEBUG:colcon.colcon_core.event_handler.log_command:Invoking command in '/home/arveds/ros2_ws/build/ros_kctrl_interface_pkg': CMAKE_PREFIX_PATH=/home/arveds/ros2_ws/install/ros_kctrl_custom_interfaces:/home/arveds/ros2_ws/install/ros_kctrl_interface_pkg:/opt/ros/jazzy/opt/sdformat_vendor:/opt/ros/jazzy/opt/gz_math_vendor:/opt/ros/jazzy/opt/gz_utils_vendor:/opt/ros/jazzy/opt/gz_tools_vendor:/opt/ros/jazzy/opt/gz_cmake_vendor:/opt/ros/jazzy /usr/bin/cmake --install /home/arveds/ros2_ws/build/ros_kctrl_interface_pkg
[8.904s] Level 1:colcon.colcon_core.environment:create_environment_scripts_only(ros_kctrl_interface_pkg)
[8.904s] Level 1:colcon.colcon_core.environment:checking '/home/arveds/ros2_ws/install/ros_kctrl_interface_pkg' for CMake module files
[8.905s] DEBUG:colcon.colcon_core.event_handler.log_command:Invoked command in '/home/arveds/ros2_ws/build/ros_kctrl_interface_pkg' returned '0': CMAKE_PREFIX_PATH=/home/arveds/ros2_ws/install/ros_kctrl_custom_interfaces:/home/arveds/ros2_ws/install/ros_kctrl_interface_pkg:/opt/ros/jazzy/opt/sdformat_vendor:/opt/ros/jazzy/opt/gz_math_vendor:/opt/ros/jazzy/opt/gz_utils_vendor:/opt/ros/jazzy/opt/gz_tools_vendor:/opt/ros/jazzy/opt/gz_cmake_vendor:/opt/ros/jazzy /usr/bin/cmake --install /home/arveds/ros2_ws/build/ros_kctrl_interface_pkg
[8.905s] Level 1:colcon.colcon_core.environment:checking '/home/arveds/ros2_ws/install/ros_kctrl_interface_pkg' for CMake config files
[8.905s] Level 1:colcon.colcon_core.shell:create_environment_hook('ros_kctrl_interface_pkg', 'cmake_prefix_path')
[8.905s] INFO:colcon.colcon_core.shell:Creating environment hook '/home/arveds/ros2_ws/install/ros_kctrl_interface_pkg/share/ros_kctrl_interface_pkg/hook/cmake_prefix_path.ps1'
[8.906s] INFO:colcon.colcon_core.shell:Creating environment descriptor '/home/arveds/ros2_ws/install/ros_kctrl_interface_pkg/share/ros_kctrl_interface_pkg/hook/cmake_prefix_path.dsv'
[8.906s] INFO:colcon.colcon_core.shell:Creating environment hook '/home/arveds/ros2_ws/install/ros_kctrl_interface_pkg/share/ros_kctrl_interface_pkg/hook/cmake_prefix_path.sh'
[8.907s] Level 1:colcon.colcon_core.environment:checking '/home/arveds/ros2_ws/install/ros_kctrl_interface_pkg/lib'
[8.907s] Level 1:colcon.colcon_core.environment:checking '/home/arveds/ros2_ws/install/ros_kctrl_interface_pkg/bin'
[8.907s] Level 1:colcon.colcon_core.environment:checking '/home/arveds/ros2_ws/install/ros_kctrl_interface_pkg/lib/pkgconfig/ros_kctrl_interface_pkg.pc'
[8.907s] Level 1:colcon.colcon_core.environment:checking '/home/arveds/ros2_ws/install/ros_kctrl_interface_pkg/lib/python3.12/site-packages'
[8.907s] Level 1:colcon.colcon_core.environment:checking '/home/arveds/ros2_ws/install/ros_kctrl_interface_pkg/bin'
[8.908s] INFO:colcon.colcon_core.shell:Creating package script '/home/arveds/ros2_ws/install/ros_kctrl_interface_pkg/share/ros_kctrl_interface_pkg/package.ps1'
[8.908s] INFO:colcon.colcon_core.shell:Creating package descriptor '/home/arveds/ros2_ws/install/ros_kctrl_interface_pkg/share/ros_kctrl_interface_pkg/package.dsv'
[8.908s] INFO:colcon.colcon_core.shell:Creating package script '/home/arveds/ros2_ws/install/ros_kctrl_interface_pkg/share/ros_kctrl_interface_pkg/package.sh'
[8.909s] INFO:colcon.colcon_core.shell:Creating package script '/home/arveds/ros2_ws/install/ros_kctrl_interface_pkg/share/ros_kctrl_interface_pkg/package.bash'
[8.909s] INFO:colcon.colcon_core.shell:Creating package script '/home/arveds/ros2_ws/install/ros_kctrl_interface_pkg/share/ros_kctrl_interface_pkg/package.zsh'
[8.909s] Level 1:colcon.colcon_core.environment:create_file_with_runtime_dependencies(/home/arveds/ros2_ws/install/ros_kctrl_interface_pkg/share/colcon-core/packages/ros_kctrl_interface_pkg)
[8.910s] Level 1:colcon.colcon_core.environment:create_environment_scripts_only(ros_kctrl_interface_pkg)
[8.910s] Level 1:colcon.colcon_core.environment:checking '/home/arveds/ros2_ws/install/ros_kctrl_interface_pkg' for CMake module files
[8.910s] Level 1:colcon.colcon_core.environment:checking '/home/arveds/ros2_ws/install/ros_kctrl_interface_pkg' for CMake config files
[8.911s] Level 1:colcon.colcon_core.shell:create_environment_hook('ros_kctrl_interface_pkg', 'cmake_prefix_path')
[8.911s] INFO:colcon.colcon_core.shell:Creating environment hook '/home/arveds/ros2_ws/install/ros_kctrl_interface_pkg/share/ros_kctrl_interface_pkg/hook/cmake_prefix_path.ps1'
[8.911s] INFO:colcon.colcon_core.shell:Creating environment descriptor '/home/arveds/ros2_ws/install/ros_kctrl_interface_pkg/share/ros_kctrl_interface_pkg/hook/cmake_prefix_path.dsv'
[8.911s] INFO:colcon.colcon_core.shell:Creating environment hook '/home/arveds/ros2_ws/install/ros_kctrl_interface_pkg/share/ros_kctrl_interface_pkg/hook/cmake_prefix_path.sh'
[8.912s] Level 1:colcon.colcon_core.environment:checking '/home/arveds/ros2_ws/install/ros_kctrl_interface_pkg/lib'
[8.912s] Level 1:colcon.colcon_core.environment:checking '/home/arveds/ros2_ws/install/ros_kctrl_interface_pkg/bin'
[8.912s] Level 1:colcon.colcon_core.environment:checking '/home/arveds/ros2_ws/install/ros_kctrl_interface_pkg/lib/pkgconfig/ros_kctrl_interface_pkg.pc'
[8.912s] Level 1:colcon.colcon_core.environment:checking '/home/arveds/ros2_ws/install/ros_kctrl_interface_pkg/lib/python3.12/site-packages'
[8.912s] Level 1:colcon.colcon_core.environment:checking '/home/arveds/ros2_ws/install/ros_kctrl_interface_pkg/bin'
[8.913s] INFO:colcon.colcon_core.shell:Creating package script '/home/arveds/ros2_ws/install/ros_kctrl_interface_pkg/share/ros_kctrl_interface_pkg/package.ps1'
[8.913s] INFO:colcon.colcon_core.shell:Creating package descriptor '/home/arveds/ros2_ws/install/ros_kctrl_interface_pkg/share/ros_kctrl_interface_pkg/package.dsv'
[8.913s] INFO:colcon.colcon_core.shell:Creating package script '/home/arveds/ros2_ws/install/ros_kctrl_interface_pkg/share/ros_kctrl_interface_pkg/package.sh'
[8.914s] INFO:colcon.colcon_core.shell:Creating package script '/home/arveds/ros2_ws/install/ros_kctrl_interface_pkg/share/ros_kctrl_interface_pkg/package.bash'
[8.914s] INFO:colcon.colcon_core.shell:Creating package script '/home/arveds/ros2_ws/install/ros_kctrl_interface_pkg/share/ros_kctrl_interface_pkg/package.zsh'
[8.915s] Level 1:colcon.colcon_core.environment:create_file_with_runtime_dependencies(/home/arveds/ros2_ws/install/ros_kctrl_interface_pkg/share/colcon-core/packages/ros_kctrl_interface_pkg)
[8.915s] DEBUG:colcon.colcon_parallel_executor.executor.parallel:closing loop
[8.916s] DEBUG:colcon.colcon_parallel_executor.executor.parallel:loop closed
[8.916s] DEBUG:colcon.colcon_parallel_executor.executor.parallel:run_until_complete finished with '0'
[8.916s] DEBUG:colcon.colcon_core.event_reactor:joining thread
[8.942s] INFO:colcon.colcon_core.plugin_system:Skipping extension 'colcon_notification.desktop_notification.notify_send': Could not find 'notify-send'
[8.943s] INFO:colcon.colcon_core.plugin_system:Skipping extension 'colcon_notification.desktop_notification.terminal_notifier': Not used on non-Darwin systems
[8.943s] INFO:colcon.colcon_core.plugin_system:Skipping extension 'colcon_notification.desktop_notification.win32': Not used on non-Windows systems
[8.943s] INFO:colcon.colcon_notification.desktop_notification:Sending desktop notification using 'notify2'
[8.945s] DEBUG:colcon.colcon_notification.desktop_notification.notify2:Failed to initialize notify2: org.freedesktop.DBus.Error.ServiceUnknown: The name org.freedesktop.Notifications was not provided by any .service files
[8.945s] DEBUG:colcon.colcon_core.event_reactor:joined thread
[8.945s] INFO:colcon.colcon_core.shell:Creating prefix script '/home/arveds/ros2_ws/install/local_setup.ps1'
[8.946s] INFO:colcon.colcon_core.shell:Creating prefix util module '/home/arveds/ros2_ws/install/_local_setup_util_ps1.py'
[8.948s] INFO:colcon.colcon_core.shell:Creating prefix chain script '/home/arveds/ros2_ws/install/setup.ps1'
[8.949s] INFO:colcon.colcon_core.shell:Creating prefix script '/home/arveds/ros2_ws/install/local_setup.sh'
[8.950s] INFO:colcon.colcon_core.shell:Creating prefix util module '/home/arveds/ros2_ws/install/_local_setup_util_sh.py'
[8.951s] INFO:colcon.colcon_core.shell:Creating prefix chain script '/home/arveds/ros2_ws/install/setup.sh'
[8.952s] INFO:colcon.colcon_core.shell:Creating prefix script '/home/arveds/ros2_ws/install/local_setup.bash'
[8.953s] INFO:colcon.colcon_core.shell:Creating prefix chain script '/home/arveds/ros2_ws/install/setup.bash'
[8.954s] INFO:colcon.colcon_core.shell:Creating prefix script '/home/arveds/ros2_ws/install/local_setup.zsh'
[8.955s] INFO:colcon.colcon_core.shell:Creating prefix chain script '/home/arveds/ros2_ws/install/setup.zsh'
