[0.010s] Invoking command in '/home/arveds/ros2_ws/build/ros_kctrl_custom_interfaces': CMAKE_PREFIX_PATH=${CMAKE_PREFIX_PATH}:/opt/ros/jazzy /usr/bin/cmake --build /home/arveds/ros2_ws/build/ros_kctrl_custom_interfaces -- -j12 -l12
[0.043s] -- Found ament_cmake: 2.5.4 (/opt/ros/jazzy/share/ament_cmake/cmake)
[0.071s] -- Found Python3: /usr/bin/python3 (found version "3.12.3") found components: Interpreter 
[0.171s] -- Found rosidl_default_generators: 1.6.0 (/opt/ros/jazzy/share/rosidl_default_generators/cmake)
[0.176s] -- Using all available rosidl_typesupport_c: rosidl_typesupport_fastrtps_c;rosidl_typesupport_introspection_c
[0.275s] -- Using all available rosidl_typesupport_cpp: rosidl_typesupport_fastrtps_cpp;rosidl_typesupport_introspection_cpp
[0.312s] -- Found rosidl_adapter: 4.6.5 (/opt/ros/jazzy/share/rosidl_adapter/cmake)
[0.608s] -- Found ament_cmake_ros: 0.12.0 (/opt/ros/jazzy/share/ament_cmake_ros/cmake)
[0.693s] -- Using all available rosidl_typesupport_c: rosidl_typesupport_fastrtps_c;rosidl_typesupport_introspection_c
[0.801s] -- Using all available rosidl_typesupport_cpp: rosidl_typesupport_fastrtps_cpp;rosidl_typesupport_introspection_cpp
[0.804s] -- Found python_cmake_module: 0.11.1 (/opt/ros/jazzy/share/python_cmake_module/cmake)
[1.034s] -- Found Python3: /usr/bin/python3 (found version "3.12.3") found components: Interpreter Development NumPy Development.Module Development.Embed 
[1.057s] -- Configuring done (1.0s)
[1.100s] -- Generating done (0.0s)
[1.115s] -- Build files have been written to: /home/arveds/ros2_ws/build/ros_kctrl_custom_interfaces
[1.148s] [  1%] [34m[1mGenerating type hashes for ROS interfaces[0m
[1.158s] [  1%] Built target ament_cmake_python_copy_ros_kctrl_custom_interfaces
[1.385s] [  1%] Built target ros_kctrl_custom_interfaces__rosidl_generator_type_description
[1.394s] [  3%] [34m[1mGenerating C code for ROS interfaces[0m
[1.397s] running egg_info
[1.405s] [  4%] [34m[1mGenerating C++ code for ROS interfaces[0m
[1.421s] writing ros_kctrl_custom_interfaces.egg-info/PKG-INFO
[1.421s] writing dependency_links to ros_kctrl_custom_interfaces.egg-info/dependency_links.txt
[1.421s] writing top-level names to ros_kctrl_custom_interfaces.egg-info/top_level.txt
[1.498s] reading manifest file 'ros_kctrl_custom_interfaces.egg-info/SOURCES.txt'
[1.499s] writing manifest file 'ros_kctrl_custom_interfaces.egg-info/SOURCES.txt'
[1.529s] [  4%] Built target ament_cmake_python_build_ros_kctrl_custom_interfaces_egg
[2.021s] [  4%] Built target ros_kctrl_custom_interfaces__cpp
[2.117s] [  6%] [32mBuilding C object CMakeFiles/ros_kctrl_custom_interfaces__rosidl_generator_c.dir/rosidl_generator_c/ros_kctrl_custom_interfaces/srv/detail/set_pu_parameters__type_support.c.o[0m
[2.118s] [ 12%] [32mBuilding C object CMakeFiles/ros_kctrl_custom_interfaces__rosidl_generator_c.dir/rosidl_generator_c/ros_kctrl_custom_interfaces/srv/detail/sounder_command__type_support.c.o[0m
[2.118s] [ 12%] [32mBuilding C object CMakeFiles/ros_kctrl_custom_interfaces__rosidl_generator_c.dir/rosidl_generator_c/ros_kctrl_custom_interfaces/srv/detail/sounder_command__description.c.o[0m
[2.118s] [ 12%] [32mBuilding C object CMakeFiles/ros_kctrl_custom_interfaces__rosidl_generator_c.dir/rosidl_generator_c/ros_kctrl_custom_interfaces/srv/detail/set_pu_parameters__description.c.o[0m
[2.119s] [ 12%] [32mBuilding C object CMakeFiles/ros_kctrl_custom_interfaces__rosidl_generator_c.dir/rosidl_generator_c/ros_kctrl_custom_interfaces/srv/detail/sounder_command__functions.c.o[0m
[2.119s] [ 14%] [32mBuilding C object CMakeFiles/ros_kctrl_custom_interfaces__rosidl_generator_c.dir/rosidl_generator_c/ros_kctrl_custom_interfaces/srv/detail/set_pu_parameters__functions.c.o[0m
[2.119s] [ 15%] [32mBuilding C object CMakeFiles/ros_kctrl_custom_interfaces__rosidl_generator_c.dir/rosidl_generator_c/ros_kctrl_custom_interfaces/srv/detail/request_pu_parameters__description.c.o[0m
[2.119s] [ 17%] [32mBuilding C object CMakeFiles/ros_kctrl_custom_interfaces__rosidl_generator_c.dir/rosidl_generator_c/ros_kctrl_custom_interfaces/srv/detail/request_pu_parameters__type_support.c.o[0m
[2.120s] [ 18%] [32mBuilding C object CMakeFiles/ros_kctrl_custom_interfaces__rosidl_generator_c.dir/rosidl_generator_c/ros_kctrl_custom_interfaces/srv/detail/request_pu_parameters__functions.c.o[0m
[2.120s] [ 20%] [32mBuilding C object CMakeFiles/ros_kctrl_custom_interfaces__rosidl_generator_c.dir/rosidl_generator_c/ros_kctrl_custom_interfaces/srv/detail/recording_control__description.c.o[0m
[2.120s] [ 21%] [32mBuilding C object CMakeFiles/ros_kctrl_custom_interfaces__rosidl_generator_c.dir/rosidl_generator_c/ros_kctrl_custom_interfaces/srv/detail/recording_control__functions.c.o[0m
[2.125s] [ 23%] [32mBuilding C object CMakeFiles/ros_kctrl_custom_interfaces__rosidl_generator_c.dir/rosidl_generator_c/ros_kctrl_custom_interfaces/srv/detail/recording_control__type_support.c.o[0m
[2.275s] [ 25%] [32m[1mLinking C shared library libros_kctrl_custom_interfaces__rosidl_generator_c.so[0m
[2.336s] [ 25%] Built target ros_kctrl_custom_interfaces__rosidl_generator_c
[2.347s] [ 26%] [34m[1mGenerating C type support dispatch for ROS interfaces[0m
[2.347s] [ 29%] [34m[1mGenerating C++ type support dispatch for ROS interfaces[0m
[2.347s] [ 29%] [34m[1mGenerating C++ introspection for ROS interfaces[0m
[2.347s] [ 31%] [34m[1mGenerating C type support for eProsima Fast-RTPS[0m
[2.348s] [ 32%] [34m[1mGenerating C introspection for ROS interfaces[0m
[2.348s] [ 34%] [34m[1mGenerating C++ type support for eProsima Fast-RTPS[0m
[2.816s] [ 35%] [32mBuilding CXX object CMakeFiles/ros_kctrl_custom_interfaces__rosidl_typesupport_c.dir/rosidl_typesupport_c/ros_kctrl_custom_interfaces/srv/sounder_command__type_support.cpp.o[0m
[2.816s] [ 39%] [32mBuilding CXX object CMakeFiles/ros_kctrl_custom_interfaces__rosidl_typesupport_c.dir/rosidl_typesupport_c/ros_kctrl_custom_interfaces/srv/set_pu_parameters__type_support.cpp.o[0m
[2.816s] [ 39%] [32mBuilding CXX object CMakeFiles/ros_kctrl_custom_interfaces__rosidl_typesupport_c.dir/rosidl_typesupport_c/ros_kctrl_custom_interfaces/srv/request_pu_parameters__type_support.cpp.o[0m
[2.817s] [ 40%] [32mBuilding CXX object CMakeFiles/ros_kctrl_custom_interfaces__rosidl_typesupport_c.dir/rosidl_typesupport_c/ros_kctrl_custom_interfaces/srv/recording_control__type_support.cpp.o[0m
[2.844s] [ 42%] [32mBuilding CXX object CMakeFiles/ros_kctrl_custom_interfaces__rosidl_typesupport_cpp.dir/rosidl_typesupport_cpp/ros_kctrl_custom_interfaces/srv/sounder_command__type_support.cpp.o[0m
[2.845s] [ 43%] [32mBuilding CXX object CMakeFiles/ros_kctrl_custom_interfaces__rosidl_typesupport_cpp.dir/rosidl_typesupport_cpp/ros_kctrl_custom_interfaces/srv/set_pu_parameters__type_support.cpp.o[0m
[2.845s] [ 45%] [32mBuilding CXX object CMakeFiles/ros_kctrl_custom_interfaces__rosidl_typesupport_cpp.dir/rosidl_typesupport_cpp/ros_kctrl_custom_interfaces/srv/request_pu_parameters__type_support.cpp.o[0m
[2.851s] [ 46%] [32mBuilding CXX object CMakeFiles/ros_kctrl_custom_interfaces__rosidl_typesupport_cpp.dir/rosidl_typesupport_cpp/ros_kctrl_custom_interfaces/srv/recording_control__type_support.cpp.o[0m
[2.920s] [ 48%] [32m[1mLinking CXX shared library libros_kctrl_custom_interfaces__rosidl_typesupport_c.so[0m
[3.016s] [ 50%] [32mBuilding C object CMakeFiles/ros_kctrl_custom_interfaces__rosidl_typesupport_introspection_c.dir/rosidl_typesupport_introspection_c/ros_kctrl_custom_interfaces/srv/detail/sounder_command__type_support.c.o[0m
[3.017s] [ 51%] [32mBuilding C object CMakeFiles/ros_kctrl_custom_interfaces__rosidl_typesupport_introspection_c.dir/rosidl_typesupport_introspection_c/ros_kctrl_custom_interfaces/srv/detail/set_pu_parameters__type_support.c.o[0m
[3.027s] [ 53%] [32mBuilding C object CMakeFiles/ros_kctrl_custom_interfaces__rosidl_typesupport_introspection_c.dir/rosidl_typesupport_introspection_c/ros_kctrl_custom_interfaces/srv/detail/request_pu_parameters__type_support.c.o[0m
[3.028s] [ 54%] [32mBuilding C object CMakeFiles/ros_kctrl_custom_interfaces__rosidl_typesupport_introspection_c.dir/rosidl_typesupport_introspection_c/ros_kctrl_custom_interfaces/srv/detail/recording_control__type_support.c.o[0m
[3.053s] [ 54%] Built target ros_kctrl_custom_interfaces__rosidl_typesupport_c
[3.061s] [ 56%] [32mBuilding CXX object CMakeFiles/ros_kctrl_custom_interfaces__rosidl_typesupport_introspection_cpp.dir/rosidl_typesupport_introspection_cpp/ros_kctrl_custom_interfaces/srv/detail/sounder_command__type_support.cpp.o[0m
[3.073s] [ 57%] [32mBuilding CXX object CMakeFiles/ros_kctrl_custom_interfaces__rosidl_typesupport_introspection_cpp.dir/rosidl_typesupport_introspection_cpp/ros_kctrl_custom_interfaces/srv/detail/set_pu_parameters__type_support.cpp.o[0m
[3.119s] [ 59%] [32mBuilding CXX object CMakeFiles/ros_kctrl_custom_interfaces__rosidl_typesupport_introspection_cpp.dir/rosidl_typesupport_introspection_cpp/ros_kctrl_custom_interfaces/srv/detail/request_pu_parameters__type_support.cpp.o[0m
[3.127s] [ 60%] [32mBuilding CXX object CMakeFiles/ros_kctrl_custom_interfaces__rosidl_typesupport_introspection_cpp.dir/rosidl_typesupport_introspection_cpp/ros_kctrl_custom_interfaces/srv/detail/recording_control__type_support.cpp.o[0m
[3.136s] [ 62%] [32m[1mLinking C shared library libros_kctrl_custom_interfaces__rosidl_typesupport_introspection_c.so[0m
[3.231s] [ 62%] Built target ros_kctrl_custom_interfaces__rosidl_typesupport_introspection_c
[3.461s] [ 64%] [32mBuilding CXX object CMakeFiles/ros_kctrl_custom_interfaces__rosidl_typesupport_fastrtps_cpp.dir/rosidl_typesupport_fastrtps_cpp/ros_kctrl_custom_interfaces/srv/detail/dds_fastrtps/sounder_command__type_support.cpp.o[0m
[3.469s] [ 65%] [32mBuilding CXX object CMakeFiles/ros_kctrl_custom_interfaces__rosidl_typesupport_fastrtps_cpp.dir/rosidl_typesupport_fastrtps_cpp/ros_kctrl_custom_interfaces/srv/detail/dds_fastrtps/set_pu_parameters__type_support.cpp.o[0m
[3.481s] [ 67%] [32mBuilding CXX object CMakeFiles/ros_kctrl_custom_interfaces__rosidl_typesupport_fastrtps_cpp.dir/rosidl_typesupport_fastrtps_cpp/ros_kctrl_custom_interfaces/srv/detail/dds_fastrtps/request_pu_parameters__type_support.cpp.o[0m
[3.530s] [ 68%] [32mBuilding CXX object CMakeFiles/ros_kctrl_custom_interfaces__rosidl_typesupport_fastrtps_c.dir/rosidl_typesupport_fastrtps_c/ros_kctrl_custom_interfaces/srv/detail/sounder_command__type_support_c.cpp.o[0m
[3.715s] [ 70%] [32mBuilding CXX object CMakeFiles/ros_kctrl_custom_interfaces__rosidl_typesupport_fastrtps_c.dir/rosidl_typesupport_fastrtps_c/ros_kctrl_custom_interfaces/srv/detail/set_pu_parameters__type_support_c.cpp.o[0m
[3.724s] [ 71%] [32mBuilding CXX object CMakeFiles/ros_kctrl_custom_interfaces__rosidl_typesupport_fastrtps_cpp.dir/rosidl_typesupport_fastrtps_cpp/ros_kctrl_custom_interfaces/srv/detail/dds_fastrtps/recording_control__type_support.cpp.o[0m
[3.746s] [ 73%] [32mBuilding CXX object CMakeFiles/ros_kctrl_custom_interfaces__rosidl_typesupport_fastrtps_c.dir/rosidl_typesupport_fastrtps_c/ros_kctrl_custom_interfaces/srv/detail/request_pu_parameters__type_support_c.cpp.o[0m
[3.771s] [ 75%] [32m[1mLinking CXX shared library libros_kctrl_custom_interfaces__rosidl_typesupport_cpp.so[0m
[3.998s] [ 75%] Built target ros_kctrl_custom_interfaces__rosidl_typesupport_cpp
[4.004s] [ 76%] [32mBuilding CXX object CMakeFiles/ros_kctrl_custom_interfaces__rosidl_typesupport_fastrtps_c.dir/rosidl_typesupport_fastrtps_c/ros_kctrl_custom_interfaces/srv/detail/recording_control__type_support_c.cpp.o[0m
[4.186s] [ 78%] [32m[1mLinking CXX shared library libros_kctrl_custom_interfaces__rosidl_typesupport_introspection_cpp.so[0m
[4.374s] [ 78%] Built target ros_kctrl_custom_interfaces__rosidl_typesupport_introspection_cpp
[4.815s] [ 79%] [32m[1mLinking CXX shared library libros_kctrl_custom_interfaces__rosidl_typesupport_fastrtps_cpp.so[0m
[4.838s] [ 81%] [32m[1mLinking CXX shared library libros_kctrl_custom_interfaces__rosidl_typesupport_fastrtps_c.so[0m
[4.930s] [ 81%] Built target ros_kctrl_custom_interfaces__rosidl_typesupport_fastrtps_cpp
[4.935s] [ 81%] Built target ros_kctrl_custom_interfaces__rosidl_typesupport_fastrtps_c
[4.952s] [ 81%] Built target ros_kctrl_custom_interfaces
[4.970s] [ 82%] [34m[1mGenerating Python code for ROS interfaces[0m
[5.739s] [ 82%] Built target ros_kctrl_custom_interfaces__py
[5.761s] [ 84%] [32mBuilding C object CMakeFiles/ros_kctrl_custom_interfaces__rosidl_generator_py.dir/rosidl_generator_py/ros_kctrl_custom_interfaces/srv/_sounder_command_s.c.o[0m
[5.762s] [ 85%] [32mBuilding C object CMakeFiles/ros_kctrl_custom_interfaces__rosidl_generator_py.dir/rosidl_generator_py/ros_kctrl_custom_interfaces/srv/_set_pu_parameters_s.c.o[0m
[5.762s] [ 87%] [32mBuilding C object CMakeFiles/ros_kctrl_custom_interfaces__rosidl_generator_py.dir/rosidl_generator_py/ros_kctrl_custom_interfaces/srv/_request_pu_parameters_s.c.o[0m
[5.763s] [ 89%] [32mBuilding C object CMakeFiles/ros_kctrl_custom_interfaces__rosidl_generator_py.dir/rosidl_generator_py/ros_kctrl_custom_interfaces/srv/_recording_control_s.c.o[0m
[5.991s] [ 90%] [32m[1mLinking C shared library libros_kctrl_custom_interfaces__rosidl_generator_py.so[0m
[6.050s] [ 90%] Built target ros_kctrl_custom_interfaces__rosidl_generator_py
[6.071s] [ 93%] [32mBuilding C object CMakeFiles/ros_kctrl_custom_interfaces_s__rosidl_typesupport_c.dir/rosidl_generator_py/ros_kctrl_custom_interfaces/_ros_kctrl_custom_interfaces_s.ep.rosidl_typesupport_c.c.o[0m
[6.072s] [ 93%] [32mBuilding C object CMakeFiles/ros_kctrl_custom_interfaces_s__rosidl_typesupport_introspection_c.dir/rosidl_generator_py/ros_kctrl_custom_interfaces/_ros_kctrl_custom_interfaces_s.ep.rosidl_typesupport_introspection_c.c.o[0m
[6.072s] [ 95%] [32mBuilding C object CMakeFiles/ros_kctrl_custom_interfaces_s__rosidl_typesupport_fastrtps_c.dir/rosidl_generator_py/ros_kctrl_custom_interfaces/_ros_kctrl_custom_interfaces_s.ep.rosidl_typesupport_fastrtps_c.c.o[0m
[6.223s] [ 96%] [32m[1mLinking C shared module rosidl_generator_py/ros_kctrl_custom_interfaces/ros_kctrl_custom_interfaces_s__rosidl_typesupport_introspection_c.so[0m
[6.246s] [100%] [32m[1mLinking C shared module rosidl_generator_py/ros_kctrl_custom_interfaces/ros_kctrl_custom_interfaces_s__rosidl_typesupport_fastrtps_c.so[0m
[6.247s] [100%] [32m[1mLinking C shared module rosidl_generator_py/ros_kctrl_custom_interfaces/ros_kctrl_custom_interfaces_s__rosidl_typesupport_c.so[0m
[6.287s] [100%] Built target ros_kctrl_custom_interfaces_s__rosidl_typesupport_introspection_c
[6.297s] [100%] Built target ros_kctrl_custom_interfaces_s__rosidl_typesupport_c
[6.297s] [100%] Built target ros_kctrl_custom_interfaces_s__rosidl_typesupport_fastrtps_c
[6.312s] Invoked command in '/home/arveds/ros2_ws/build/ros_kctrl_custom_interfaces' returned '0': CMAKE_PREFIX_PATH=${CMAKE_PREFIX_PATH}:/opt/ros/jazzy /usr/bin/cmake --build /home/arveds/ros2_ws/build/ros_kctrl_custom_interfaces -- -j12 -l12
[6.324s] Invoking command in '/home/arveds/ros2_ws/build/ros_kctrl_custom_interfaces': CMAKE_PREFIX_PATH=${CMAKE_PREFIX_PATH}:/opt/ros/jazzy /usr/bin/cmake --install /home/arveds/ros2_ws/build/ros_kctrl_custom_interfaces
[6.332s] -- Install configuration: ""
[6.332s] -- Installing: /home/arveds/ros2_ws/install/ros_kctrl_custom_interfaces/share/ament_index/resource_index/rosidl_interfaces/ros_kctrl_custom_interfaces
[6.332s] -- Installing: /home/arveds/ros2_ws/install/ros_kctrl_custom_interfaces/share/ros_kctrl_custom_interfaces/srv/SounderCommand.json
[6.332s] -- Installing: /home/arveds/ros2_ws/install/ros_kctrl_custom_interfaces/share/ros_kctrl_custom_interfaces/srv/SetPUParameters.json
[6.333s] -- Installing: /home/arveds/ros2_ws/install/ros_kctrl_custom_interfaces/share/ros_kctrl_custom_interfaces/srv/RequestPUParameters.json
[6.333s] -- Installing: /home/arveds/ros2_ws/install/ros_kctrl_custom_interfaces/share/ros_kctrl_custom_interfaces/srv/RecordingControl.json
[6.333s] -- Up-to-date: /home/arveds/ros2_ws/install/ros_kctrl_custom_interfaces/include/ros_kctrl_custom_interfaces/ros_kctrl_custom_interfaces
[6.333s] -- Up-to-date: /home/arveds/ros2_ws/install/ros_kctrl_custom_interfaces/include/ros_kctrl_custom_interfaces/ros_kctrl_custom_interfaces/msg
[6.334s] -- Up-to-date: /home/arveds/ros2_ws/install/ros_kctrl_custom_interfaces/include/ros_kctrl_custom_interfaces/ros_kctrl_custom_interfaces/msg/rosidl_generator_c__visibility_control.h
[6.334s] -- Up-to-date: /home/arveds/ros2_ws/install/ros_kctrl_custom_interfaces/include/ros_kctrl_custom_interfaces/ros_kctrl_custom_interfaces/srv
[6.334s] -- Up-to-date: /home/arveds/ros2_ws/install/ros_kctrl_custom_interfaces/include/ros_kctrl_custom_interfaces/ros_kctrl_custom_interfaces/srv/stop_pinging.h
[6.334s] -- Installing: /home/arveds/ros2_ws/install/ros_kctrl_custom_interfaces/include/ros_kctrl_custom_interfaces/ros_kctrl_custom_interfaces/srv/set_pu_parameters.h
[6.334s] -- Up-to-date: /home/arveds/ros2_ws/install/ros_kctrl_custom_interfaces/include/ros_kctrl_custom_interfaces/ros_kctrl_custom_interfaces/srv/detail
[6.335s] -- Up-to-date: /home/arveds/ros2_ws/install/ros_kctrl_custom_interfaces/include/ros_kctrl_custom_interfaces/ros_kctrl_custom_interfaces/srv/detail/start_pinging__struct.h
[6.335s] -- Up-to-date: /home/arveds/ros2_ws/install/ros_kctrl_custom_interfaces/include/ros_kctrl_custom_interfaces/ros_kctrl_custom_interfaces/srv/detail/start_sounder__functions.c
[6.335s] -- Up-to-date: /home/arveds/ros2_ws/install/ros_kctrl_custom_interfaces/include/ros_kctrl_custom_interfaces/ros_kctrl_custom_interfaces/srv/detail/start_pinging__functions.c
[6.335s] -- Installing: /home/arveds/ros2_ws/install/ros_kctrl_custom_interfaces/include/ros_kctrl_custom_interfaces/ros_kctrl_custom_interfaces/srv/detail/recording_control__type_support.h
[6.335s] -- Up-to-date: /home/arveds/ros2_ws/install/ros_kctrl_custom_interfaces/include/ros_kctrl_custom_interfaces/ros_kctrl_custom_interfaces/srv/detail/stop_pinging__type_support.h
[6.336s] -- Installing: /home/arveds/ros2_ws/install/ros_kctrl_custom_interfaces/include/ros_kctrl_custom_interfaces/ros_kctrl_custom_interfaces/srv/detail/recording_control__description.c
[6.336s] -- Installing: /home/arveds/ros2_ws/install/ros_kctrl_custom_interfaces/include/ros_kctrl_custom_interfaces/ros_kctrl_custom_interfaces/srv/detail/request_pu_parameters__struct.h
[6.336s] -- Up-to-date: /home/arveds/ros2_ws/install/ros_kctrl_custom_interfaces/include/ros_kctrl_custom_interfaces/ros_kctrl_custom_interfaces/srv/detail/stop_pinging__struct.h
[6.336s] -- Installing: /home/arveds/ros2_ws/install/ros_kctrl_custom_interfaces/include/ros_kctrl_custom_interfaces/ros_kctrl_custom_interfaces/srv/detail/sounder_command__struct.h
[6.336s] -- Up-to-date: /home/arveds/ros2_ws/install/ros_kctrl_custom_interfaces/include/ros_kctrl_custom_interfaces/ros_kctrl_custom_interfaces/srv/detail/start_sounder__description.c
[6.337s] -- Up-to-date: /home/arveds/ros2_ws/install/ros_kctrl_custom_interfaces/include/ros_kctrl_custom_interfaces/ros_kctrl_custom_interfaces/srv/detail/stop_pinging__functions.c
[6.337s] -- Installing: /home/arveds/ros2_ws/install/ros_kctrl_custom_interfaces/include/ros_kctrl_custom_interfaces/ros_kctrl_custom_interfaces/srv/detail/sounder_command__type_support.h
[6.337s] -- Installing: /home/arveds/ros2_ws/install/ros_kctrl_custom_interfaces/include/ros_kctrl_custom_interfaces/ros_kctrl_custom_interfaces/srv/detail/recording_control__type_support.c
[6.337s] -- Installing: /home/arveds/ros2_ws/install/ros_kctrl_custom_interfaces/include/ros_kctrl_custom_interfaces/ros_kctrl_custom_interfaces/srv/detail/set_pu_parameters__type_support.h
[6.337s] -- Installing: /home/arveds/ros2_ws/install/ros_kctrl_custom_interfaces/include/ros_kctrl_custom_interfaces/ros_kctrl_custom_interfaces/srv/detail/set_pu_parameters__description.c
[6.338s] -- Up-to-date: /home/arveds/ros2_ws/install/ros_kctrl_custom_interfaces/include/ros_kctrl_custom_interfaces/ros_kctrl_custom_interfaces/srv/detail/start_sounder__functions.h
[6.338s] -- Up-to-date: /home/arveds/ros2_ws/install/ros_kctrl_custom_interfaces/include/ros_kctrl_custom_interfaces/ros_kctrl_custom_interfaces/srv/detail/stop_pinging__description.c
[6.338s] -- Up-to-date: /home/arveds/ros2_ws/install/ros_kctrl_custom_interfaces/include/ros_kctrl_custom_interfaces/ros_kctrl_custom_interfaces/srv/detail/start_pinging__functions.h
[6.338s] -- Up-to-date: /home/arveds/ros2_ws/install/ros_kctrl_custom_interfaces/include/ros_kctrl_custom_interfaces/ros_kctrl_custom_interfaces/srv/detail/stop_pinging__type_support.c
[6.338s] -- Up-to-date: /home/arveds/ros2_ws/install/ros_kctrl_custom_interfaces/include/ros_kctrl_custom_interfaces/ros_kctrl_custom_interfaces/srv/detail/start_sounder__type_support.c
[6.339s] -- Up-to-date: /home/arveds/ros2_ws/install/ros_kctrl_custom_interfaces/include/ros_kctrl_custom_interfaces/ros_kctrl_custom_interfaces/srv/detail/stop_pinging__functions.h
[6.339s] -- Up-to-date: /home/arveds/ros2_ws/install/ros_kctrl_custom_interfaces/include/ros_kctrl_custom_interfaces/ros_kctrl_custom_interfaces/srv/detail/start_pinging__description.c
[6.339s] -- Installing: /home/arveds/ros2_ws/install/ros_kctrl_custom_interfaces/include/ros_kctrl_custom_interfaces/ros_kctrl_custom_interfaces/srv/detail/request_pu_parameters__type_support.c
[6.339s] -- Installing: /home/arveds/ros2_ws/install/ros_kctrl_custom_interfaces/include/ros_kctrl_custom_interfaces/ros_kctrl_custom_interfaces/srv/detail/sounder_command__type_support.c
[6.339s] -- Installing: /home/arveds/ros2_ws/install/ros_kctrl_custom_interfaces/include/ros_kctrl_custom_interfaces/ros_kctrl_custom_interfaces/srv/detail/set_pu_parameters__functions.h
[6.340s] -- Up-to-date: /home/arveds/ros2_ws/install/ros_kctrl_custom_interfaces/include/ros_kctrl_custom_interfaces/ros_kctrl_custom_interfaces/srv/detail/start_pinging__type_support.h
[6.340s] -- Installing: /home/arveds/ros2_ws/install/ros_kctrl_custom_interfaces/include/ros_kctrl_custom_interfaces/ros_kctrl_custom_interfaces/srv/detail/recording_control__struct.h
[6.340s] -- Up-to-date: /home/arveds/ros2_ws/install/ros_kctrl_custom_interfaces/include/ros_kctrl_custom_interfaces/ros_kctrl_custom_interfaces/srv/detail/start_pinging__type_support.c
[6.340s] -- Installing: /home/arveds/ros2_ws/install/ros_kctrl_custom_interfaces/include/ros_kctrl_custom_interfaces/ros_kctrl_custom_interfaces/srv/detail/request_pu_parameters__description.c
[6.340s] -- Installing: /home/arveds/ros2_ws/install/ros_kctrl_custom_interfaces/include/ros_kctrl_custom_interfaces/ros_kctrl_custom_interfaces/srv/detail/set_pu_parameters__functions.c
[6.340s] -- Installing: /home/arveds/ros2_ws/install/ros_kctrl_custom_interfaces/include/ros_kctrl_custom_interfaces/ros_kctrl_custom_interfaces/srv/detail/sounder_command__description.c
[6.340s] -- Installing: /home/arveds/ros2_ws/install/ros_kctrl_custom_interfaces/include/ros_kctrl_custom_interfaces/ros_kctrl_custom_interfaces/srv/detail/recording_control__functions.h
[6.340s] -- Installing: /home/arveds/ros2_ws/install/ros_kctrl_custom_interfaces/include/ros_kctrl_custom_interfaces/ros_kctrl_custom_interfaces/srv/detail/request_pu_parameters__functions.c
[6.341s] -- Installing: /home/arveds/ros2_ws/install/ros_kctrl_custom_interfaces/include/ros_kctrl_custom_interfaces/ros_kctrl_custom_interfaces/srv/detail/request_pu_parameters__type_support.h
[6.341s] -- Installing: /home/arveds/ros2_ws/install/ros_kctrl_custom_interfaces/include/ros_kctrl_custom_interfaces/ros_kctrl_custom_interfaces/srv/detail/sounder_command__functions.h
[6.341s] -- Installing: /home/arveds/ros2_ws/install/ros_kctrl_custom_interfaces/include/ros_kctrl_custom_interfaces/ros_kctrl_custom_interfaces/srv/detail/set_pu_parameters__type_support.c
[6.341s] -- Installing: /home/arveds/ros2_ws/install/ros_kctrl_custom_interfaces/include/ros_kctrl_custom_interfaces/ros_kctrl_custom_interfaces/srv/detail/sounder_command__functions.c
[6.341s] -- Up-to-date: /home/arveds/ros2_ws/install/ros_kctrl_custom_interfaces/include/ros_kctrl_custom_interfaces/ros_kctrl_custom_interfaces/srv/detail/start_sounder__struct.h
[6.342s] -- Installing: /home/arveds/ros2_ws/install/ros_kctrl_custom_interfaces/include/ros_kctrl_custom_interfaces/ros_kctrl_custom_interfaces/srv/detail/recording_control__functions.c
[6.342s] -- Up-to-date: /home/arveds/ros2_ws/install/ros_kctrl_custom_interfaces/include/ros_kctrl_custom_interfaces/ros_kctrl_custom_interfaces/srv/detail/start_sounder__type_support.h
[6.342s] -- Installing: /home/arveds/ros2_ws/install/ros_kctrl_custom_interfaces/include/ros_kctrl_custom_interfaces/ros_kctrl_custom_interfaces/srv/detail/set_pu_parameters__struct.h
[6.342s] -- Installing: /home/arveds/ros2_ws/install/ros_kctrl_custom_interfaces/include/ros_kctrl_custom_interfaces/ros_kctrl_custom_interfaces/srv/detail/request_pu_parameters__functions.h
[6.342s] -- Installing: /home/arveds/ros2_ws/install/ros_kctrl_custom_interfaces/include/ros_kctrl_custom_interfaces/ros_kctrl_custom_interfaces/srv/recording_control.h
[6.342s] -- Up-to-date: /home/arveds/ros2_ws/install/ros_kctrl_custom_interfaces/include/ros_kctrl_custom_interfaces/ros_kctrl_custom_interfaces/srv/start_sounder.h
[6.342s] -- Installing: /home/arveds/ros2_ws/install/ros_kctrl_custom_interfaces/include/ros_kctrl_custom_interfaces/ros_kctrl_custom_interfaces/srv/request_pu_parameters.h
[6.342s] -- Installing: /home/arveds/ros2_ws/install/ros_kctrl_custom_interfaces/include/ros_kctrl_custom_interfaces/ros_kctrl_custom_interfaces/srv/sounder_command.h
[6.343s] -- Up-to-date: /home/arveds/ros2_ws/install/ros_kctrl_custom_interfaces/include/ros_kctrl_custom_interfaces/ros_kctrl_custom_interfaces/srv/start_pinging.h
[6.343s] -- Up-to-date: /home/arveds/ros2_ws/install/ros_kctrl_custom_interfaces/share/ros_kctrl_custom_interfaces/environment/library_path.sh
[6.343s] -- Up-to-date: /home/arveds/ros2_ws/install/ros_kctrl_custom_interfaces/share/ros_kctrl_custom_interfaces/environment/library_path.dsv
[6.343s] -- Installing: /home/arveds/ros2_ws/install/ros_kctrl_custom_interfaces/lib/libros_kctrl_custom_interfaces__rosidl_generator_c.so
[6.343s] -- Set non-toolchain portion of runtime path of "/home/arveds/ros2_ws/install/ros_kctrl_custom_interfaces/lib/libros_kctrl_custom_interfaces__rosidl_generator_c.so" to ""
[6.344s] -- Up-to-date: /home/arveds/ros2_ws/install/ros_kctrl_custom_interfaces/include/ros_kctrl_custom_interfaces/ros_kctrl_custom_interfaces
[6.344s] -- Up-to-date: /home/arveds/ros2_ws/install/ros_kctrl_custom_interfaces/include/ros_kctrl_custom_interfaces/ros_kctrl_custom_interfaces/msg
[6.344s] -- Up-to-date: /home/arveds/ros2_ws/install/ros_kctrl_custom_interfaces/include/ros_kctrl_custom_interfaces/ros_kctrl_custom_interfaces/msg/rosidl_typesupport_fastrtps_c__visibility_control.h
[6.344s] -- Up-to-date: /home/arveds/ros2_ws/install/ros_kctrl_custom_interfaces/include/ros_kctrl_custom_interfaces/ros_kctrl_custom_interfaces/srv
[6.345s] -- Up-to-date: /home/arveds/ros2_ws/install/ros_kctrl_custom_interfaces/include/ros_kctrl_custom_interfaces/ros_kctrl_custom_interfaces/srv/detail
[6.345s] -- Installing: /home/arveds/ros2_ws/install/ros_kctrl_custom_interfaces/include/ros_kctrl_custom_interfaces/ros_kctrl_custom_interfaces/srv/detail/set_pu_parameters__rosidl_typesupport_fastrtps_c.h
[6.345s] -- Installing: /home/arveds/ros2_ws/install/ros_kctrl_custom_interfaces/include/ros_kctrl_custom_interfaces/ros_kctrl_custom_interfaces/srv/detail/request_pu_parameters__rosidl_typesupport_fastrtps_c.h
[6.345s] -- Installing: /home/arveds/ros2_ws/install/ros_kctrl_custom_interfaces/include/ros_kctrl_custom_interfaces/ros_kctrl_custom_interfaces/srv/detail/sounder_command__rosidl_typesupport_fastrtps_c.h
[6.345s] -- Up-to-date: /home/arveds/ros2_ws/install/ros_kctrl_custom_interfaces/include/ros_kctrl_custom_interfaces/ros_kctrl_custom_interfaces/srv/detail/start_sounder__rosidl_typesupport_fastrtps_c.h
[6.345s] -- Installing: /home/arveds/ros2_ws/install/ros_kctrl_custom_interfaces/include/ros_kctrl_custom_interfaces/ros_kctrl_custom_interfaces/srv/detail/recording_control__rosidl_typesupport_fastrtps_c.h
[6.346s] -- Up-to-date: /home/arveds/ros2_ws/install/ros_kctrl_custom_interfaces/include/ros_kctrl_custom_interfaces/ros_kctrl_custom_interfaces/srv/detail/start_pinging__rosidl_typesupport_fastrtps_c.h
[6.346s] -- Up-to-date: /home/arveds/ros2_ws/install/ros_kctrl_custom_interfaces/include/ros_kctrl_custom_interfaces/ros_kctrl_custom_interfaces/srv/detail/stop_pinging__rosidl_typesupport_fastrtps_c.h
[6.346s] -- Installing: /home/arveds/ros2_ws/install/ros_kctrl_custom_interfaces/lib/libros_kctrl_custom_interfaces__rosidl_typesupport_fastrtps_c.so
[6.346s] -- Set non-toolchain portion of runtime path of "/home/arveds/ros2_ws/install/ros_kctrl_custom_interfaces/lib/libros_kctrl_custom_interfaces__rosidl_typesupport_fastrtps_c.so" to ""
[6.346s] -- Up-to-date: /home/arveds/ros2_ws/install/ros_kctrl_custom_interfaces/include/ros_kctrl_custom_interfaces/ros_kctrl_custom_interfaces
[6.346s] -- Up-to-date: /home/arveds/ros2_ws/install/ros_kctrl_custom_interfaces/include/ros_kctrl_custom_interfaces/ros_kctrl_custom_interfaces/msg
[6.347s] -- Up-to-date: /home/arveds/ros2_ws/install/ros_kctrl_custom_interfaces/include/ros_kctrl_custom_interfaces/ros_kctrl_custom_interfaces/msg/rosidl_typesupport_introspection_c__visibility_control.h
[6.347s] -- Up-to-date: /home/arveds/ros2_ws/install/ros_kctrl_custom_interfaces/include/ros_kctrl_custom_interfaces/ros_kctrl_custom_interfaces/srv
[6.347s] -- Up-to-date: /home/arveds/ros2_ws/install/ros_kctrl_custom_interfaces/include/ros_kctrl_custom_interfaces/ros_kctrl_custom_interfaces/srv/detail
[6.347s] -- Up-to-date: /home/arveds/ros2_ws/install/ros_kctrl_custom_interfaces/include/ros_kctrl_custom_interfaces/ros_kctrl_custom_interfaces/srv/detail/start_pinging__rosidl_typesupport_introspection_c.h
[6.347s] -- Installing: /home/arveds/ros2_ws/install/ros_kctrl_custom_interfaces/include/ros_kctrl_custom_interfaces/ros_kctrl_custom_interfaces/srv/detail/set_pu_parameters__rosidl_typesupport_introspection_c.h
[6.347s] -- Installing: /home/arveds/ros2_ws/install/ros_kctrl_custom_interfaces/include/ros_kctrl_custom_interfaces/ros_kctrl_custom_interfaces/srv/detail/recording_control__type_support.c
[6.348s] -- Up-to-date: /home/arveds/ros2_ws/install/ros_kctrl_custom_interfaces/include/ros_kctrl_custom_interfaces/ros_kctrl_custom_interfaces/srv/detail/start_sounder__rosidl_typesupport_introspection_c.h
[6.348s] -- Up-to-date: /home/arveds/ros2_ws/install/ros_kctrl_custom_interfaces/include/ros_kctrl_custom_interfaces/ros_kctrl_custom_interfaces/srv/detail/stop_pinging__type_support.c
[6.348s] -- Up-to-date: /home/arveds/ros2_ws/install/ros_kctrl_custom_interfaces/include/ros_kctrl_custom_interfaces/ros_kctrl_custom_interfaces/srv/detail/start_sounder__type_support.c
[6.348s] -- Installing: /home/arveds/ros2_ws/install/ros_kctrl_custom_interfaces/include/ros_kctrl_custom_interfaces/ros_kctrl_custom_interfaces/srv/detail/request_pu_parameters__rosidl_typesupport_introspection_c.h
[6.348s] -- Installing: /home/arveds/ros2_ws/install/ros_kctrl_custom_interfaces/include/ros_kctrl_custom_interfaces/ros_kctrl_custom_interfaces/srv/detail/request_pu_parameters__type_support.c
[6.349s] -- Installing: /home/arveds/ros2_ws/install/ros_kctrl_custom_interfaces/include/ros_kctrl_custom_interfaces/ros_kctrl_custom_interfaces/srv/detail/sounder_command__type_support.c
[6.349s] -- Up-to-date: /home/arveds/ros2_ws/install/ros_kctrl_custom_interfaces/include/ros_kctrl_custom_interfaces/ros_kctrl_custom_interfaces/srv/detail/start_pinging__type_support.c
[6.349s] -- Installing: /home/arveds/ros2_ws/install/ros_kctrl_custom_interfaces/include/ros_kctrl_custom_interfaces/ros_kctrl_custom_interfaces/srv/detail/recording_control__rosidl_typesupport_introspection_c.h
[6.349s] -- Up-to-date: /home/arveds/ros2_ws/install/ros_kctrl_custom_interfaces/include/ros_kctrl_custom_interfaces/ros_kctrl_custom_interfaces/srv/detail/stop_pinging__rosidl_typesupport_introspection_c.h
[6.349s] -- Installing: /home/arveds/ros2_ws/install/ros_kctrl_custom_interfaces/include/ros_kctrl_custom_interfaces/ros_kctrl_custom_interfaces/srv/detail/sounder_command__rosidl_typesupport_introspection_c.h
[6.349s] -- Installing: /home/arveds/ros2_ws/install/ros_kctrl_custom_interfaces/include/ros_kctrl_custom_interfaces/ros_kctrl_custom_interfaces/srv/detail/set_pu_parameters__type_support.c
[6.350s] -- Installing: /home/arveds/ros2_ws/install/ros_kctrl_custom_interfaces/lib/libros_kctrl_custom_interfaces__rosidl_typesupport_introspection_c.so
[6.350s] -- Set non-toolchain portion of runtime path of "/home/arveds/ros2_ws/install/ros_kctrl_custom_interfaces/lib/libros_kctrl_custom_interfaces__rosidl_typesupport_introspection_c.so" to ""
[6.350s] -- Installing: /home/arveds/ros2_ws/install/ros_kctrl_custom_interfaces/lib/libros_kctrl_custom_interfaces__rosidl_typesupport_c.so
[6.350s] -- Set non-toolchain portion of runtime path of "/home/arveds/ros2_ws/install/ros_kctrl_custom_interfaces/lib/libros_kctrl_custom_interfaces__rosidl_typesupport_c.so" to ""
[6.350s] -- Up-to-date: /home/arveds/ros2_ws/install/ros_kctrl_custom_interfaces/include/ros_kctrl_custom_interfaces/ros_kctrl_custom_interfaces
[6.350s] -- Up-to-date: /home/arveds/ros2_ws/install/ros_kctrl_custom_interfaces/include/ros_kctrl_custom_interfaces/ros_kctrl_custom_interfaces/msg
[6.350s] -- Installing: /home/arveds/ros2_ws/install/ros_kctrl_custom_interfaces/include/ros_kctrl_custom_interfaces/ros_kctrl_custom_interfaces/msg/rosidl_generator_cpp__visibility_control.hpp
[6.350s] -- Up-to-date: /home/arveds/ros2_ws/install/ros_kctrl_custom_interfaces/include/ros_kctrl_custom_interfaces/ros_kctrl_custom_interfaces/srv
[6.350s] -- Installing: /home/arveds/ros2_ws/install/ros_kctrl_custom_interfaces/include/ros_kctrl_custom_interfaces/ros_kctrl_custom_interfaces/srv/request_pu_parameters.hpp
[6.351s] -- Up-to-date: /home/arveds/ros2_ws/install/ros_kctrl_custom_interfaces/include/ros_kctrl_custom_interfaces/ros_kctrl_custom_interfaces/srv/detail
[6.351s] -- Installing: /home/arveds/ros2_ws/install/ros_kctrl_custom_interfaces/include/ros_kctrl_custom_interfaces/ros_kctrl_custom_interfaces/srv/detail/sounder_command__type_support.hpp
[6.351s] -- Installing: /home/arveds/ros2_ws/install/ros_kctrl_custom_interfaces/include/ros_kctrl_custom_interfaces/ros_kctrl_custom_interfaces/srv/detail/request_pu_parameters__type_support.hpp
[6.351s] -- Installing: /home/arveds/ros2_ws/install/ros_kctrl_custom_interfaces/include/ros_kctrl_custom_interfaces/ros_kctrl_custom_interfaces/srv/detail/set_pu_parameters__struct.hpp
[6.351s] -- Up-to-date: /home/arveds/ros2_ws/install/ros_kctrl_custom_interfaces/include/ros_kctrl_custom_interfaces/ros_kctrl_custom_interfaces/srv/detail/start_pinging__builder.hpp
[6.351s] -- Up-to-date: /home/arveds/ros2_ws/install/ros_kctrl_custom_interfaces/include/ros_kctrl_custom_interfaces/ros_kctrl_custom_interfaces/srv/detail/start_sounder__type_support.hpp
[6.352s] -- Installing: /home/arveds/ros2_ws/install/ros_kctrl_custom_interfaces/include/ros_kctrl_custom_interfaces/ros_kctrl_custom_interfaces/srv/detail/request_pu_parameters__struct.hpp
[6.352s] -- Installing: /home/arveds/ros2_ws/install/ros_kctrl_custom_interfaces/include/ros_kctrl_custom_interfaces/ros_kctrl_custom_interfaces/srv/detail/set_pu_parameters__builder.hpp
[6.352s] -- Up-to-date: /home/arveds/ros2_ws/install/ros_kctrl_custom_interfaces/include/ros_kctrl_custom_interfaces/ros_kctrl_custom_interfaces/srv/detail/stop_pinging__builder.hpp
[6.352s] -- Up-to-date: /home/arveds/ros2_ws/install/ros_kctrl_custom_interfaces/include/ros_kctrl_custom_interfaces/ros_kctrl_custom_interfaces/srv/detail/start_sounder__struct.hpp
[6.352s] -- Installing: /home/arveds/ros2_ws/install/ros_kctrl_custom_interfaces/include/ros_kctrl_custom_interfaces/ros_kctrl_custom_interfaces/srv/detail/sounder_command__traits.hpp
[6.353s] -- Installing: /home/arveds/ros2_ws/install/ros_kctrl_custom_interfaces/include/ros_kctrl_custom_interfaces/ros_kctrl_custom_interfaces/srv/detail/set_pu_parameters__type_support.hpp
[6.353s] -- Installing: /home/arveds/ros2_ws/install/ros_kctrl_custom_interfaces/include/ros_kctrl_custom_interfaces/ros_kctrl_custom_interfaces/srv/detail/recording_control__type_support.hpp
[6.353s] -- Up-to-date: /home/arveds/ros2_ws/install/ros_kctrl_custom_interfaces/include/ros_kctrl_custom_interfaces/ros_kctrl_custom_interfaces/srv/detail/start_sounder__traits.hpp
[6.353s] -- Up-to-date: /home/arveds/ros2_ws/install/ros_kctrl_custom_interfaces/include/ros_kctrl_custom_interfaces/ros_kctrl_custom_interfaces/srv/detail/start_pinging__traits.hpp
[6.353s] -- Installing: /home/arveds/ros2_ws/install/ros_kctrl_custom_interfaces/include/ros_kctrl_custom_interfaces/ros_kctrl_custom_interfaces/srv/detail/sounder_command__struct.hpp
[6.353s] -- Up-to-date: /home/arveds/ros2_ws/install/ros_kctrl_custom_interfaces/include/ros_kctrl_custom_interfaces/ros_kctrl_custom_interfaces/srv/detail/stop_pinging__traits.hpp
[6.353s] -- Up-to-date: /home/arveds/ros2_ws/install/ros_kctrl_custom_interfaces/include/ros_kctrl_custom_interfaces/ros_kctrl_custom_interfaces/srv/detail/stop_pinging__struct.hpp
[6.353s] -- Up-to-date: /home/arveds/ros2_ws/install/ros_kctrl_custom_interfaces/include/ros_kctrl_custom_interfaces/ros_kctrl_custom_interfaces/srv/detail/stop_pinging__type_support.hpp
[6.354s] -- Installing: /home/arveds/ros2_ws/install/ros_kctrl_custom_interfaces/include/ros_kctrl_custom_interfaces/ros_kctrl_custom_interfaces/srv/detail/recording_control__traits.hpp
[6.354s] -- Up-to-date: /home/arveds/ros2_ws/install/ros_kctrl_custom_interfaces/include/ros_kctrl_custom_interfaces/ros_kctrl_custom_interfaces/srv/detail/start_sounder__builder.hpp
[6.354s] -- Installing: /home/arveds/ros2_ws/install/ros_kctrl_custom_interfaces/include/ros_kctrl_custom_interfaces/ros_kctrl_custom_interfaces/srv/detail/set_pu_parameters__traits.hpp
[6.354s] -- Up-to-date: /home/arveds/ros2_ws/install/ros_kctrl_custom_interfaces/include/ros_kctrl_custom_interfaces/ros_kctrl_custom_interfaces/srv/detail/start_pinging__struct.hpp
[6.354s] -- Installing: /home/arveds/ros2_ws/install/ros_kctrl_custom_interfaces/include/ros_kctrl_custom_interfaces/ros_kctrl_custom_interfaces/srv/detail/recording_control__builder.hpp
[6.354s] -- Installing: /home/arveds/ros2_ws/install/ros_kctrl_custom_interfaces/include/ros_kctrl_custom_interfaces/ros_kctrl_custom_interfaces/srv/detail/sounder_command__builder.hpp
[6.355s] -- Installing: /home/arveds/ros2_ws/install/ros_kctrl_custom_interfaces/include/ros_kctrl_custom_interfaces/ros_kctrl_custom_interfaces/srv/detail/request_pu_parameters__traits.hpp
[6.355s] -- Up-to-date: /home/arveds/ros2_ws/install/ros_kctrl_custom_interfaces/include/ros_kctrl_custom_interfaces/ros_kctrl_custom_interfaces/srv/detail/start_pinging__type_support.hpp
[6.355s] -- Installing: /home/arveds/ros2_ws/install/ros_kctrl_custom_interfaces/include/ros_kctrl_custom_interfaces/ros_kctrl_custom_interfaces/srv/detail/recording_control__struct.hpp
[6.355s] -- Installing: /home/arveds/ros2_ws/install/ros_kctrl_custom_interfaces/include/ros_kctrl_custom_interfaces/ros_kctrl_custom_interfaces/srv/detail/request_pu_parameters__builder.hpp
[6.355s] -- Up-to-date: /home/arveds/ros2_ws/install/ros_kctrl_custom_interfaces/include/ros_kctrl_custom_interfaces/ros_kctrl_custom_interfaces/srv/start_pinging.hpp
[6.356s] -- Installing: /home/arveds/ros2_ws/install/ros_kctrl_custom_interfaces/include/ros_kctrl_custom_interfaces/ros_kctrl_custom_interfaces/srv/recording_control.hpp
[6.356s] -- Up-to-date: /home/arveds/ros2_ws/install/ros_kctrl_custom_interfaces/include/ros_kctrl_custom_interfaces/ros_kctrl_custom_interfaces/srv/stop_pinging.hpp
[6.356s] -- Installing: /home/arveds/ros2_ws/install/ros_kctrl_custom_interfaces/include/ros_kctrl_custom_interfaces/ros_kctrl_custom_interfaces/srv/sounder_command.hpp
[6.356s] -- Up-to-date: /home/arveds/ros2_ws/install/ros_kctrl_custom_interfaces/include/ros_kctrl_custom_interfaces/ros_kctrl_custom_interfaces/srv/start_sounder.hpp
[6.356s] -- Installing: /home/arveds/ros2_ws/install/ros_kctrl_custom_interfaces/include/ros_kctrl_custom_interfaces/ros_kctrl_custom_interfaces/srv/set_pu_parameters.hpp
[6.356s] -- Up-to-date: /home/arveds/ros2_ws/install/ros_kctrl_custom_interfaces/include/ros_kctrl_custom_interfaces/ros_kctrl_custom_interfaces
[6.356s] -- Up-to-date: /home/arveds/ros2_ws/install/ros_kctrl_custom_interfaces/include/ros_kctrl_custom_interfaces/ros_kctrl_custom_interfaces/msg
[6.357s] -- Up-to-date: /home/arveds/ros2_ws/install/ros_kctrl_custom_interfaces/include/ros_kctrl_custom_interfaces/ros_kctrl_custom_interfaces/msg/rosidl_typesupport_fastrtps_cpp__visibility_control.h
[6.357s] -- Up-to-date: /home/arveds/ros2_ws/install/ros_kctrl_custom_interfaces/include/ros_kctrl_custom_interfaces/ros_kctrl_custom_interfaces/srv
[6.357s] -- Up-to-date: /home/arveds/ros2_ws/install/ros_kctrl_custom_interfaces/include/ros_kctrl_custom_interfaces/ros_kctrl_custom_interfaces/srv/detail
[6.357s] -- Installing: /home/arveds/ros2_ws/install/ros_kctrl_custom_interfaces/include/ros_kctrl_custom_interfaces/ros_kctrl_custom_interfaces/srv/detail/request_pu_parameters__rosidl_typesupport_fastrtps_cpp.hpp
[6.357s] -- Up-to-date: /home/arveds/ros2_ws/install/ros_kctrl_custom_interfaces/include/ros_kctrl_custom_interfaces/ros_kctrl_custom_interfaces/srv/detail/start_sounder__rosidl_typesupport_fastrtps_cpp.hpp
[6.358s] -- Installing: /home/arveds/ros2_ws/install/ros_kctrl_custom_interfaces/include/ros_kctrl_custom_interfaces/ros_kctrl_custom_interfaces/srv/detail/set_pu_parameters__rosidl_typesupport_fastrtps_cpp.hpp
[6.358s] -- Installing: /home/arveds/ros2_ws/install/ros_kctrl_custom_interfaces/include/ros_kctrl_custom_interfaces/ros_kctrl_custom_interfaces/srv/detail/recording_control__rosidl_typesupport_fastrtps_cpp.hpp
[6.358s] -- Up-to-date: /home/arveds/ros2_ws/install/ros_kctrl_custom_interfaces/include/ros_kctrl_custom_interfaces/ros_kctrl_custom_interfaces/srv/detail/start_pinging__rosidl_typesupport_fastrtps_cpp.hpp
[6.358s] -- Installing: /home/arveds/ros2_ws/install/ros_kctrl_custom_interfaces/include/ros_kctrl_custom_interfaces/ros_kctrl_custom_interfaces/srv/detail/sounder_command__rosidl_typesupport_fastrtps_cpp.hpp
[6.358s] -- Up-to-date: /home/arveds/ros2_ws/install/ros_kctrl_custom_interfaces/include/ros_kctrl_custom_interfaces/ros_kctrl_custom_interfaces/srv/detail/stop_pinging__rosidl_typesupport_fastrtps_cpp.hpp
[6.359s] -- Up-to-date: /home/arveds/ros2_ws/install/ros_kctrl_custom_interfaces/include/ros_kctrl_custom_interfaces/ros_kctrl_custom_interfaces/srv/detail/dds_fastrtps
[6.359s] -- Installing: /home/arveds/ros2_ws/install/ros_kctrl_custom_interfaces/lib/libros_kctrl_custom_interfaces__rosidl_typesupport_fastrtps_cpp.so
[6.359s] -- Set non-toolchain portion of runtime path of "/home/arveds/ros2_ws/install/ros_kctrl_custom_interfaces/lib/libros_kctrl_custom_interfaces__rosidl_typesupport_fastrtps_cpp.so" to ""
[6.359s] -- Up-to-date: /home/arveds/ros2_ws/install/ros_kctrl_custom_interfaces/include/ros_kctrl_custom_interfaces/ros_kctrl_custom_interfaces
[6.359s] -- Up-to-date: /home/arveds/ros2_ws/install/ros_kctrl_custom_interfaces/include/ros_kctrl_custom_interfaces/ros_kctrl_custom_interfaces/srv
[6.360s] -- Up-to-date: /home/arveds/ros2_ws/install/ros_kctrl_custom_interfaces/include/ros_kctrl_custom_interfaces/ros_kctrl_custom_interfaces/srv/detail
[6.360s] -- Installing: /home/arveds/ros2_ws/install/ros_kctrl_custom_interfaces/include/ros_kctrl_custom_interfaces/ros_kctrl_custom_interfaces/srv/detail/set_pu_parameters__rosidl_typesupport_introspection_cpp.hpp
[6.360s] -- Up-to-date: /home/arveds/ros2_ws/install/ros_kctrl_custom_interfaces/include/ros_kctrl_custom_interfaces/ros_kctrl_custom_interfaces/srv/detail/start_pinging__rosidl_typesupport_introspection_cpp.hpp
[6.360s] -- Installing: /home/arveds/ros2_ws/install/ros_kctrl_custom_interfaces/include/ros_kctrl_custom_interfaces/ros_kctrl_custom_interfaces/srv/detail/sounder_command__rosidl_typesupport_introspection_cpp.hpp
[6.360s] -- Up-to-date: /home/arveds/ros2_ws/install/ros_kctrl_custom_interfaces/include/ros_kctrl_custom_interfaces/ros_kctrl_custom_interfaces/srv/detail/start_sounder__type_support.cpp
[6.360s] -- Installing: /home/arveds/ros2_ws/install/ros_kctrl_custom_interfaces/include/ros_kctrl_custom_interfaces/ros_kctrl_custom_interfaces/srv/detail/request_pu_parameters__type_support.cpp
[6.361s] -- Up-to-date: /home/arveds/ros2_ws/install/ros_kctrl_custom_interfaces/include/ros_kctrl_custom_interfaces/ros_kctrl_custom_interfaces/srv/detail/start_pinging__type_support.cpp
[6.361s] -- Installing: /home/arveds/ros2_ws/install/ros_kctrl_custom_interfaces/include/ros_kctrl_custom_interfaces/ros_kctrl_custom_interfaces/srv/detail/sounder_command__type_support.cpp
[6.361s] -- Installing: /home/arveds/ros2_ws/install/ros_kctrl_custom_interfaces/include/ros_kctrl_custom_interfaces/ros_kctrl_custom_interfaces/srv/detail/request_pu_parameters__rosidl_typesupport_introspection_cpp.hpp
[6.361s] -- Installing: /home/arveds/ros2_ws/install/ros_kctrl_custom_interfaces/include/ros_kctrl_custom_interfaces/ros_kctrl_custom_interfaces/srv/detail/recording_control__type_support.cpp
[6.361s] -- Up-to-date: /home/arveds/ros2_ws/install/ros_kctrl_custom_interfaces/include/ros_kctrl_custom_interfaces/ros_kctrl_custom_interfaces/srv/detail/start_sounder__rosidl_typesupport_introspection_cpp.hpp
[6.362s] -- Installing: /home/arveds/ros2_ws/install/ros_kctrl_custom_interfaces/include/ros_kctrl_custom_interfaces/ros_kctrl_custom_interfaces/srv/detail/recording_control__rosidl_typesupport_introspection_cpp.hpp
[6.362s] -- Installing: /home/arveds/ros2_ws/install/ros_kctrl_custom_interfaces/include/ros_kctrl_custom_interfaces/ros_kctrl_custom_interfaces/srv/detail/set_pu_parameters__type_support.cpp
[6.362s] -- Up-to-date: /home/arveds/ros2_ws/install/ros_kctrl_custom_interfaces/include/ros_kctrl_custom_interfaces/ros_kctrl_custom_interfaces/srv/detail/stop_pinging__type_support.cpp
[6.362s] -- Up-to-date: /home/arveds/ros2_ws/install/ros_kctrl_custom_interfaces/include/ros_kctrl_custom_interfaces/ros_kctrl_custom_interfaces/srv/detail/stop_pinging__rosidl_typesupport_introspection_cpp.hpp
[6.362s] -- Installing: /home/arveds/ros2_ws/install/ros_kctrl_custom_interfaces/lib/libros_kctrl_custom_interfaces__rosidl_typesupport_introspection_cpp.so
[6.362s] -- Set non-toolchain portion of runtime path of "/home/arveds/ros2_ws/install/ros_kctrl_custom_interfaces/lib/libros_kctrl_custom_interfaces__rosidl_typesupport_introspection_cpp.so" to ""
[6.363s] -- Installing: /home/arveds/ros2_ws/install/ros_kctrl_custom_interfaces/lib/libros_kctrl_custom_interfaces__rosidl_typesupport_cpp.so
[6.363s] -- Set non-toolchain portion of runtime path of "/home/arveds/ros2_ws/install/ros_kctrl_custom_interfaces/lib/libros_kctrl_custom_interfaces__rosidl_typesupport_cpp.so" to ""
[6.363s] -- Up-to-date: /home/arveds/ros2_ws/install/ros_kctrl_custom_interfaces/share/ros_kctrl_custom_interfaces/environment/pythonpath.sh
[6.363s] -- Up-to-date: /home/arveds/ros2_ws/install/ros_kctrl_custom_interfaces/share/ros_kctrl_custom_interfaces/environment/pythonpath.dsv
[6.363s] -- Up-to-date: /home/arveds/ros2_ws/install/ros_kctrl_custom_interfaces/lib/python3.12/site-packages/ros_kctrl_custom_interfaces-0.0.0-py3.12.egg-info
[6.363s] -- Installing: /home/arveds/ros2_ws/install/ros_kctrl_custom_interfaces/lib/python3.12/site-packages/ros_kctrl_custom_interfaces-0.0.0-py3.12.egg-info/top_level.txt
[6.364s] -- Installing: /home/arveds/ros2_ws/install/ros_kctrl_custom_interfaces/lib/python3.12/site-packages/ros_kctrl_custom_interfaces-0.0.0-py3.12.egg-info/dependency_links.txt
[6.364s] -- Installing: /home/arveds/ros2_ws/install/ros_kctrl_custom_interfaces/lib/python3.12/site-packages/ros_kctrl_custom_interfaces-0.0.0-py3.12.egg-info/SOURCES.txt
[6.364s] -- Installing: /home/arveds/ros2_ws/install/ros_kctrl_custom_interfaces/lib/python3.12/site-packages/ros_kctrl_custom_interfaces-0.0.0-py3.12.egg-info/PKG-INFO
[6.364s] -- Up-to-date: /home/arveds/ros2_ws/install/ros_kctrl_custom_interfaces/lib/python3.12/site-packages/ros_kctrl_custom_interfaces
[6.364s] -- Installing: /home/arveds/ros2_ws/install/ros_kctrl_custom_interfaces/lib/python3.12/site-packages/ros_kctrl_custom_interfaces/ros_kctrl_custom_interfaces_s__rosidl_typesupport_fastrtps_c.so
[6.365s] -- Installing: /home/arveds/ros2_ws/install/ros_kctrl_custom_interfaces/lib/python3.12/site-packages/ros_kctrl_custom_interfaces/ros_kctrl_custom_interfaces_s__rosidl_typesupport_c.so
[6.365s] -- Installing: /home/arveds/ros2_ws/install/ros_kctrl_custom_interfaces/lib/python3.12/site-packages/ros_kctrl_custom_interfaces/_ros_kctrl_custom_interfaces_s.ep.rosidl_typesupport_introspection_c.c
[6.365s] -- Installing: /home/arveds/ros2_ws/install/ros_kctrl_custom_interfaces/lib/python3.12/site-packages/ros_kctrl_custom_interfaces/_ros_kctrl_custom_interfaces_s.ep.rosidl_typesupport_fastrtps_c.c
[6.365s] -- Installing: /home/arveds/ros2_ws/install/ros_kctrl_custom_interfaces/lib/python3.12/site-packages/ros_kctrl_custom_interfaces/__init__.py
[6.365s] -- Up-to-date: /home/arveds/ros2_ws/install/ros_kctrl_custom_interfaces/lib/python3.12/site-packages/ros_kctrl_custom_interfaces/srv
[6.365s] -- Installing: /home/arveds/ros2_ws/install/ros_kctrl_custom_interfaces/lib/python3.12/site-packages/ros_kctrl_custom_interfaces/srv/_request_pu_parameters.py
[6.366s] -- Up-to-date: /home/arveds/ros2_ws/install/ros_kctrl_custom_interfaces/lib/python3.12/site-packages/ros_kctrl_custom_interfaces/srv/_stop_pinging.py
[6.366s] -- Installing: /home/arveds/ros2_ws/install/ros_kctrl_custom_interfaces/lib/python3.12/site-packages/ros_kctrl_custom_interfaces/srv/_set_pu_parameters.py
[6.366s] -- Installing: /home/arveds/ros2_ws/install/ros_kctrl_custom_interfaces/lib/python3.12/site-packages/ros_kctrl_custom_interfaces/srv/_request_pu_parameters_s.c
[6.366s] -- Up-to-date: /home/arveds/ros2_ws/install/ros_kctrl_custom_interfaces/lib/python3.12/site-packages/ros_kctrl_custom_interfaces/srv/_start_pinging.py
[6.366s] -- Up-to-date: /home/arveds/ros2_ws/install/ros_kctrl_custom_interfaces/lib/python3.12/site-packages/ros_kctrl_custom_interfaces/srv/_start_sounder.py
[6.366s] -- Up-to-date: /home/arveds/ros2_ws/install/ros_kctrl_custom_interfaces/lib/python3.12/site-packages/ros_kctrl_custom_interfaces/srv/_start_pinging_s.c
[6.366s] -- Installing: /home/arveds/ros2_ws/install/ros_kctrl_custom_interfaces/lib/python3.12/site-packages/ros_kctrl_custom_interfaces/srv/_set_pu_parameters_s.c
[6.366s] -- Up-to-date: /home/arveds/ros2_ws/install/ros_kctrl_custom_interfaces/lib/python3.12/site-packages/ros_kctrl_custom_interfaces/srv/_start_sounder_s.c
[6.366s] -- Installing: /home/arveds/ros2_ws/install/ros_kctrl_custom_interfaces/lib/python3.12/site-packages/ros_kctrl_custom_interfaces/srv/__init__.py
[6.366s] -- Installing: /home/arveds/ros2_ws/install/ros_kctrl_custom_interfaces/lib/python3.12/site-packages/ros_kctrl_custom_interfaces/srv/_recording_control.py
[6.366s] -- Installing: /home/arveds/ros2_ws/install/ros_kctrl_custom_interfaces/lib/python3.12/site-packages/ros_kctrl_custom_interfaces/srv/_sounder_command_s.c
[6.366s] -- Installing: /home/arveds/ros2_ws/install/ros_kctrl_custom_interfaces/lib/python3.12/site-packages/ros_kctrl_custom_interfaces/srv/_recording_control_s.c
[6.366s] -- Installing: /home/arveds/ros2_ws/install/ros_kctrl_custom_interfaces/lib/python3.12/site-packages/ros_kctrl_custom_interfaces/srv/_sounder_command.py
[6.366s] -- Up-to-date: /home/arveds/ros2_ws/install/ros_kctrl_custom_interfaces/lib/python3.12/site-packages/ros_kctrl_custom_interfaces/srv/_stop_pinging_s.c
[6.366s] -- Installing: /home/arveds/ros2_ws/install/ros_kctrl_custom_interfaces/lib/python3.12/site-packages/ros_kctrl_custom_interfaces/ros_kctrl_custom_interfaces_s__rosidl_typesupport_introspection_c.so
[6.366s] -- Installing: /home/arveds/ros2_ws/install/ros_kctrl_custom_interfaces/lib/python3.12/site-packages/ros_kctrl_custom_interfaces/_ros_kctrl_custom_interfaces_s.ep.rosidl_typesupport_c.c
[6.410s] Listing '/home/arveds/ros2_ws/install/ros_kctrl_custom_interfaces/lib/python3.12/site-packages/ros_kctrl_custom_interfaces'...
[6.410s] Compiling '/home/arveds/ros2_ws/install/ros_kctrl_custom_interfaces/lib/python3.12/site-packages/ros_kctrl_custom_interfaces/__init__.py'...
[6.411s] Listing '/home/arveds/ros2_ws/install/ros_kctrl_custom_interfaces/lib/python3.12/site-packages/ros_kctrl_custom_interfaces/srv'...
[6.411s] Compiling '/home/arveds/ros2_ws/install/ros_kctrl_custom_interfaces/lib/python3.12/site-packages/ros_kctrl_custom_interfaces/srv/__init__.py'...
[6.411s] Compiling '/home/arveds/ros2_ws/install/ros_kctrl_custom_interfaces/lib/python3.12/site-packages/ros_kctrl_custom_interfaces/srv/_recording_control.py'...
[6.411s] Compiling '/home/arveds/ros2_ws/install/ros_kctrl_custom_interfaces/lib/python3.12/site-packages/ros_kctrl_custom_interfaces/srv/_request_pu_parameters.py'...
[6.411s] Compiling '/home/arveds/ros2_ws/install/ros_kctrl_custom_interfaces/lib/python3.12/site-packages/ros_kctrl_custom_interfaces/srv/_set_pu_parameters.py'...
[6.411s] Compiling '/home/arveds/ros2_ws/install/ros_kctrl_custom_interfaces/lib/python3.12/site-packages/ros_kctrl_custom_interfaces/srv/_sounder_command.py'...
[6.417s] -- Installing: /home/arveds/ros2_ws/install/ros_kctrl_custom_interfaces/lib/python3.12/site-packages/ros_kctrl_custom_interfaces/ros_kctrl_custom_interfaces_s__rosidl_typesupport_fastrtps_c.so
[6.417s] -- Set non-toolchain portion of runtime path of "/home/arveds/ros2_ws/install/ros_kctrl_custom_interfaces/lib/python3.12/site-packages/ros_kctrl_custom_interfaces/ros_kctrl_custom_interfaces_s__rosidl_typesupport_fastrtps_c.so" to ""
[6.418s] -- Installing: /home/arveds/ros2_ws/install/ros_kctrl_custom_interfaces/lib/python3.12/site-packages/ros_kctrl_custom_interfaces/ros_kctrl_custom_interfaces_s__rosidl_typesupport_introspection_c.so
[6.418s] -- Set non-toolchain portion of runtime path of "/home/arveds/ros2_ws/install/ros_kctrl_custom_interfaces/lib/python3.12/site-packages/ros_kctrl_custom_interfaces/ros_kctrl_custom_interfaces_s__rosidl_typesupport_introspection_c.so" to ""
[6.418s] -- Installing: /home/arveds/ros2_ws/install/ros_kctrl_custom_interfaces/lib/python3.12/site-packages/ros_kctrl_custom_interfaces/ros_kctrl_custom_interfaces_s__rosidl_typesupport_c.so
[6.418s] -- Set non-toolchain portion of runtime path of "/home/arveds/ros2_ws/install/ros_kctrl_custom_interfaces/lib/python3.12/site-packages/ros_kctrl_custom_interfaces/ros_kctrl_custom_interfaces_s__rosidl_typesupport_c.so" to ""
[6.419s] -- Installing: /home/arveds/ros2_ws/install/ros_kctrl_custom_interfaces/lib/libros_kctrl_custom_interfaces__rosidl_generator_py.so
[6.419s] -- Set non-toolchain portion of runtime path of "/home/arveds/ros2_ws/install/ros_kctrl_custom_interfaces/lib/libros_kctrl_custom_interfaces__rosidl_generator_py.so" to ""
[6.419s] -- Up-to-date: /home/arveds/ros2_ws/install/ros_kctrl_custom_interfaces/share/ros_kctrl_custom_interfaces/srv/SounderCommand.idl
[6.420s] -- Up-to-date: /home/arveds/ros2_ws/install/ros_kctrl_custom_interfaces/share/ros_kctrl_custom_interfaces/srv/SetPUParameters.idl
[6.420s] -- Up-to-date: /home/arveds/ros2_ws/install/ros_kctrl_custom_interfaces/share/ros_kctrl_custom_interfaces/srv/RequestPUParameters.idl
[6.420s] -- Installing: /home/arveds/ros2_ws/install/ros_kctrl_custom_interfaces/share/ros_kctrl_custom_interfaces/srv/RecordingControl.idl
[6.420s] -- Installing: /home/arveds/ros2_ws/install/ros_kctrl_custom_interfaces/share/ros_kctrl_custom_interfaces/srv/SounderCommand.srv
[6.421s] -- Installing: /home/arveds/ros2_ws/install/ros_kctrl_custom_interfaces/share/ros_kctrl_custom_interfaces/srv/SetPUParameters.srv
[6.421s] -- Installing: /home/arveds/ros2_ws/install/ros_kctrl_custom_interfaces/share/ros_kctrl_custom_interfaces/srv/RequestPUParameters.srv
[6.421s] -- Installing: /home/arveds/ros2_ws/install/ros_kctrl_custom_interfaces/share/ros_kctrl_custom_interfaces/srv/RecordingControl.srv
[6.422s] -- Up-to-date: /home/arveds/ros2_ws/install/ros_kctrl_custom_interfaces/share/ament_index/resource_index/package_run_dependencies/ros_kctrl_custom_interfaces
[6.422s] -- Up-to-date: /home/arveds/ros2_ws/install/ros_kctrl_custom_interfaces/share/ament_index/resource_index/parent_prefix_path/ros_kctrl_custom_interfaces
[6.422s] -- Up-to-date: /home/arveds/ros2_ws/install/ros_kctrl_custom_interfaces/share/ros_kctrl_custom_interfaces/environment/ament_prefix_path.sh
[6.422s] -- Up-to-date: /home/arveds/ros2_ws/install/ros_kctrl_custom_interfaces/share/ros_kctrl_custom_interfaces/environment/ament_prefix_path.dsv
[6.423s] -- Up-to-date: /home/arveds/ros2_ws/install/ros_kctrl_custom_interfaces/share/ros_kctrl_custom_interfaces/environment/path.sh
[6.423s] -- Up-to-date: /home/arveds/ros2_ws/install/ros_kctrl_custom_interfaces/share/ros_kctrl_custom_interfaces/environment/path.dsv
[6.423s] -- Up-to-date: /home/arveds/ros2_ws/install/ros_kctrl_custom_interfaces/share/ros_kctrl_custom_interfaces/local_setup.bash
[6.423s] -- Up-to-date: /home/arveds/ros2_ws/install/ros_kctrl_custom_interfaces/share/ros_kctrl_custom_interfaces/local_setup.sh
[6.423s] -- Up-to-date: /home/arveds/ros2_ws/install/ros_kctrl_custom_interfaces/share/ros_kctrl_custom_interfaces/local_setup.zsh
[6.424s] -- Up-to-date: /home/arveds/ros2_ws/install/ros_kctrl_custom_interfaces/share/ros_kctrl_custom_interfaces/local_setup.dsv
[6.424s] -- Installing: /home/arveds/ros2_ws/install/ros_kctrl_custom_interfaces/share/ros_kctrl_custom_interfaces/package.dsv
[6.424s] -- Up-to-date: /home/arveds/ros2_ws/install/ros_kctrl_custom_interfaces/share/ament_index/resource_index/packages/ros_kctrl_custom_interfaces
[6.424s] -- Up-to-date: /home/arveds/ros2_ws/install/ros_kctrl_custom_interfaces/share/ros_kctrl_custom_interfaces/cmake/export_ros_kctrl_custom_interfaces__rosidl_generator_cExport.cmake
[6.425s] -- Up-to-date: /home/arveds/ros2_ws/install/ros_kctrl_custom_interfaces/share/ros_kctrl_custom_interfaces/cmake/export_ros_kctrl_custom_interfaces__rosidl_generator_cExport-noconfig.cmake
[6.425s] -- Up-to-date: /home/arveds/ros2_ws/install/ros_kctrl_custom_interfaces/share/ros_kctrl_custom_interfaces/cmake/export_ros_kctrl_custom_interfaces__rosidl_typesupport_fastrtps_cExport.cmake
[6.425s] -- Up-to-date: /home/arveds/ros2_ws/install/ros_kctrl_custom_interfaces/share/ros_kctrl_custom_interfaces/cmake/export_ros_kctrl_custom_interfaces__rosidl_typesupport_fastrtps_cExport-noconfig.cmake
[6.425s] -- Up-to-date: /home/arveds/ros2_ws/install/ros_kctrl_custom_interfaces/share/ros_kctrl_custom_interfaces/cmake/ros_kctrl_custom_interfaces__rosidl_typesupport_introspection_cExport.cmake
[6.426s] -- Up-to-date: /home/arveds/ros2_ws/install/ros_kctrl_custom_interfaces/share/ros_kctrl_custom_interfaces/cmake/ros_kctrl_custom_interfaces__rosidl_typesupport_introspection_cExport-noconfig.cmake
[6.426s] -- Up-to-date: /home/arveds/ros2_ws/install/ros_kctrl_custom_interfaces/share/ros_kctrl_custom_interfaces/cmake/ros_kctrl_custom_interfaces__rosidl_typesupport_cExport.cmake
[6.426s] -- Up-to-date: /home/arveds/ros2_ws/install/ros_kctrl_custom_interfaces/share/ros_kctrl_custom_interfaces/cmake/ros_kctrl_custom_interfaces__rosidl_typesupport_cExport-noconfig.cmake
[6.426s] -- Up-to-date: /home/arveds/ros2_ws/install/ros_kctrl_custom_interfaces/share/ros_kctrl_custom_interfaces/cmake/export_ros_kctrl_custom_interfaces__rosidl_generator_cppExport.cmake
[6.426s] -- Up-to-date: /home/arveds/ros2_ws/install/ros_kctrl_custom_interfaces/share/ros_kctrl_custom_interfaces/cmake/export_ros_kctrl_custom_interfaces__rosidl_typesupport_fastrtps_cppExport.cmake
[6.426s] -- Up-to-date: /home/arveds/ros2_ws/install/ros_kctrl_custom_interfaces/share/ros_kctrl_custom_interfaces/cmake/export_ros_kctrl_custom_interfaces__rosidl_typesupport_fastrtps_cppExport-noconfig.cmake
[6.426s] -- Up-to-date: /home/arveds/ros2_ws/install/ros_kctrl_custom_interfaces/share/ros_kctrl_custom_interfaces/cmake/ros_kctrl_custom_interfaces__rosidl_typesupport_introspection_cppExport.cmake
[6.426s] -- Up-to-date: /home/arveds/ros2_ws/install/ros_kctrl_custom_interfaces/share/ros_kctrl_custom_interfaces/cmake/ros_kctrl_custom_interfaces__rosidl_typesupport_introspection_cppExport-noconfig.cmake
[6.426s] -- Up-to-date: /home/arveds/ros2_ws/install/ros_kctrl_custom_interfaces/share/ros_kctrl_custom_interfaces/cmake/ros_kctrl_custom_interfaces__rosidl_typesupport_cppExport.cmake
[6.426s] -- Up-to-date: /home/arveds/ros2_ws/install/ros_kctrl_custom_interfaces/share/ros_kctrl_custom_interfaces/cmake/ros_kctrl_custom_interfaces__rosidl_typesupport_cppExport-noconfig.cmake
[6.427s] -- Up-to-date: /home/arveds/ros2_ws/install/ros_kctrl_custom_interfaces/share/ros_kctrl_custom_interfaces/cmake/export_ros_kctrl_custom_interfaces__rosidl_generator_pyExport.cmake
[6.427s] -- Up-to-date: /home/arveds/ros2_ws/install/ros_kctrl_custom_interfaces/share/ros_kctrl_custom_interfaces/cmake/export_ros_kctrl_custom_interfaces__rosidl_generator_pyExport-noconfig.cmake
[6.427s] -- Installing: /home/arveds/ros2_ws/install/ros_kctrl_custom_interfaces/share/ros_kctrl_custom_interfaces/cmake/rosidl_cmake-extras.cmake
[6.427s] -- Installing: /home/arveds/ros2_ws/install/ros_kctrl_custom_interfaces/share/ros_kctrl_custom_interfaces/cmake/ament_cmake_export_dependencies-extras.cmake
[6.427s] -- Up-to-date: /home/arveds/ros2_ws/install/ros_kctrl_custom_interfaces/share/ros_kctrl_custom_interfaces/cmake/ament_cmake_export_include_directories-extras.cmake
[6.427s] -- Up-to-date: /home/arveds/ros2_ws/install/ros_kctrl_custom_interfaces/share/ros_kctrl_custom_interfaces/cmake/ament_cmake_export_libraries-extras.cmake
[6.427s] -- Up-to-date: /home/arveds/ros2_ws/install/ros_kctrl_custom_interfaces/share/ros_kctrl_custom_interfaces/cmake/ament_cmake_export_targets-extras.cmake
[6.427s] -- Up-to-date: /home/arveds/ros2_ws/install/ros_kctrl_custom_interfaces/share/ros_kctrl_custom_interfaces/cmake/rosidl_cmake_export_typesupport_targets-extras.cmake
[6.427s] -- Up-to-date: /home/arveds/ros2_ws/install/ros_kctrl_custom_interfaces/share/ros_kctrl_custom_interfaces/cmake/rosidl_cmake_export_typesupport_libraries-extras.cmake
[6.427s] -- Up-to-date: /home/arveds/ros2_ws/install/ros_kctrl_custom_interfaces/share/ros_kctrl_custom_interfaces/cmake/ros_kctrl_custom_interfacesConfig.cmake
[6.427s] -- Up-to-date: /home/arveds/ros2_ws/install/ros_kctrl_custom_interfaces/share/ros_kctrl_custom_interfaces/cmake/ros_kctrl_custom_interfacesConfig-version.cmake
[6.428s] -- Up-to-date: /home/arveds/ros2_ws/install/ros_kctrl_custom_interfaces/share/ros_kctrl_custom_interfaces/package.xml
[6.429s] Invoked command in '/home/arveds/ros2_ws/build/ros_kctrl_custom_interfaces' returned '0': CMAKE_PREFIX_PATH=${CMAKE_PREFIX_PATH}:/opt/ros/jazzy /usr/bin/cmake --install /home/arveds/ros2_ws/build/ros_kctrl_custom_interfaces
