[0.018s] Invoking command in '/home/arveds/ros2_ws/build/ros_kctrl_custom_interfaces': CMAKE_PREFIX_PATH=${CMAKE_PREFIX_PATH}:/opt/ros/jazzy /usr/bin/cmake --build /home/arveds/ros2_ws/build/ros_kctrl_custom_interfaces -- -j12 -l12
[0.147s] [  1%] Built target ros_kctrl_custom_interfaces__rosidl_generator_type_description
[0.171s] [  1%] Built target ament_cmake_python_copy_ros_kctrl_custom_interfaces
[0.172s] [  2%] Built target ros_kctrl_custom_interfaces__cpp
[0.179s] [ 25%] Built target ros_kctrl_custom_interfaces__rosidl_generator_c
[0.216s] [ 40%] Built target ros_kctrl_custom_interfaces__rosidl_typesupport_c
[0.217s] [ 44%] Built target ros_kctrl_custom_interfaces__rosidl_typesupport_introspection_c
[0.217s] [ 54%] Built target ros_kctrl_custom_interfaces__rosidl_typesupport_introspection_cpp
[0.218s] [ 63%] Built target ros_kctrl_custom_interfaces__rosidl_typesupport_cpp
[0.219s] [ 72%] Built target ros_kctrl_custom_interfaces__rosidl_typesupport_fastrtps_c
[0.221s] [ 82%] Built target ros_kctrl_custom_interfaces__rosidl_typesupport_fastrtps_cpp
[0.244s] [ 82%] Built target ros_kctrl_custom_interfaces
[0.267s] [ 83%] Built target ros_kctrl_custom_interfaces__py
[0.300s] [ 91%] Built target ros_kctrl_custom_interfaces__rosidl_generator_py
[0.330s] [ 94%] Built target ros_kctrl_custom_interfaces_s__rosidl_typesupport_c
[0.330s] [ 97%] Built target ros_kctrl_custom_interfaces_s__rosidl_typesupport_fastrtps_c
[0.332s] [100%] Built target ros_kctrl_custom_interfaces_s__rosidl_typesupport_introspection_c
[0.448s] running egg_info
[0.470s] writing ros_kctrl_custom_interfaces.egg-info/PKG-INFO
[0.470s] writing dependency_links to ros_kctrl_custom_interfaces.egg-info/dependency_links.txt
[0.471s] writing top-level names to ros_kctrl_custom_interfaces.egg-info/top_level.txt
[0.548s] reading manifest file 'ros_kctrl_custom_interfaces.egg-info/SOURCES.txt'
[0.550s] writing manifest file 'ros_kctrl_custom_interfaces.egg-info/SOURCES.txt'
[0.578s] [100%] Built target ament_cmake_python_build_ros_kctrl_custom_interfaces_egg
[0.592s] Invoked command in '/home/arveds/ros2_ws/build/ros_kctrl_custom_interfaces' returned '0': CMAKE_PREFIX_PATH=${CMAKE_PREFIX_PATH}:/opt/ros/jazzy /usr/bin/cmake --build /home/arveds/ros2_ws/build/ros_kctrl_custom_interfaces -- -j12 -l12
[0.605s] Invoking command in '/home/arveds/ros2_ws/build/ros_kctrl_custom_interfaces': CMAKE_PREFIX_PATH=${CMAKE_PREFIX_PATH}:/opt/ros/jazzy /usr/bin/cmake --install /home/arveds/ros2_ws/build/ros_kctrl_custom_interfaces
[0.616s] -- Install configuration: ""
[0.616s] -- Up-to-date: /home/arveds/ros2_ws/install/ros_kctrl_custom_interfaces/share/ament_index/resource_index/rosidl_interfaces/ros_kctrl_custom_interfaces
[0.616s] -- Up-to-date: /home/arveds/ros2_ws/install/ros_kctrl_custom_interfaces/share/ros_kctrl_custom_interfaces/srv/StartSounder.json
[0.617s] -- Up-to-date: /home/arveds/ros2_ws/install/ros_kctrl_custom_interfaces/share/ros_kctrl_custom_interfaces/srv/StartPinging.json
[0.617s] -- Up-to-date: /home/arveds/ros2_ws/install/ros_kctrl_custom_interfaces/share/ros_kctrl_custom_interfaces/srv/StopPinging.json
[0.617s] -- Up-to-date: /home/arveds/ros2_ws/install/ros_kctrl_custom_interfaces/share/ros_kctrl_custom_interfaces/srv/SetPUParameters.json
[0.617s] -- Up-to-date: /home/arveds/ros2_ws/install/ros_kctrl_custom_interfaces/share/ros_kctrl_custom_interfaces/srv/RequestPUParameters.json
[0.617s] -- Up-to-date: /home/arveds/ros2_ws/install/ros_kctrl_custom_interfaces/include/ros_kctrl_custom_interfaces/ros_kctrl_custom_interfaces
[0.618s] -- Up-to-date: /home/arveds/ros2_ws/install/ros_kctrl_custom_interfaces/include/ros_kctrl_custom_interfaces/ros_kctrl_custom_interfaces/msg
[0.618s] -- Up-to-date: /home/arveds/ros2_ws/install/ros_kctrl_custom_interfaces/include/ros_kctrl_custom_interfaces/ros_kctrl_custom_interfaces/msg/rosidl_generator_c__visibility_control.h
[0.618s] -- Up-to-date: /home/arveds/ros2_ws/install/ros_kctrl_custom_interfaces/include/ros_kctrl_custom_interfaces/ros_kctrl_custom_interfaces/srv
[0.618s] -- Up-to-date: /home/arveds/ros2_ws/install/ros_kctrl_custom_interfaces/include/ros_kctrl_custom_interfaces/ros_kctrl_custom_interfaces/srv/stop_pinging.h
[0.618s] -- Up-to-date: /home/arveds/ros2_ws/install/ros_kctrl_custom_interfaces/include/ros_kctrl_custom_interfaces/ros_kctrl_custom_interfaces/srv/set_pu_parameters.h
[0.619s] -- Up-to-date: /home/arveds/ros2_ws/install/ros_kctrl_custom_interfaces/include/ros_kctrl_custom_interfaces/ros_kctrl_custom_interfaces/srv/detail
[0.619s] -- Up-to-date: /home/arveds/ros2_ws/install/ros_kctrl_custom_interfaces/include/ros_kctrl_custom_interfaces/ros_kctrl_custom_interfaces/srv/detail/start_pinging__struct.h
[0.619s] -- Up-to-date: /home/arveds/ros2_ws/install/ros_kctrl_custom_interfaces/include/ros_kctrl_custom_interfaces/ros_kctrl_custom_interfaces/srv/detail/start_sounder__functions.c
[0.619s] -- Up-to-date: /home/arveds/ros2_ws/install/ros_kctrl_custom_interfaces/include/ros_kctrl_custom_interfaces/ros_kctrl_custom_interfaces/srv/detail/start_pinging__functions.c
[0.620s] -- Up-to-date: /home/arveds/ros2_ws/install/ros_kctrl_custom_interfaces/include/ros_kctrl_custom_interfaces/ros_kctrl_custom_interfaces/srv/detail/stop_pinging__type_support.h
[0.620s] -- Up-to-date: /home/arveds/ros2_ws/install/ros_kctrl_custom_interfaces/include/ros_kctrl_custom_interfaces/ros_kctrl_custom_interfaces/srv/detail/request_pu_parameters__struct.h
[0.620s] -- Up-to-date: /home/arveds/ros2_ws/install/ros_kctrl_custom_interfaces/include/ros_kctrl_custom_interfaces/ros_kctrl_custom_interfaces/srv/detail/stop_pinging__struct.h
[0.620s] -- Up-to-date: /home/arveds/ros2_ws/install/ros_kctrl_custom_interfaces/include/ros_kctrl_custom_interfaces/ros_kctrl_custom_interfaces/srv/detail/start_sounder__description.c
[0.620s] -- Up-to-date: /home/arveds/ros2_ws/install/ros_kctrl_custom_interfaces/include/ros_kctrl_custom_interfaces/ros_kctrl_custom_interfaces/srv/detail/stop_pinging__functions.c
[0.621s] -- Up-to-date: /home/arveds/ros2_ws/install/ros_kctrl_custom_interfaces/include/ros_kctrl_custom_interfaces/ros_kctrl_custom_interfaces/srv/detail/set_pu_parameters__type_support.h
[0.621s] -- Up-to-date: /home/arveds/ros2_ws/install/ros_kctrl_custom_interfaces/include/ros_kctrl_custom_interfaces/ros_kctrl_custom_interfaces/srv/detail/set_pu_parameters__description.c
[0.621s] -- Up-to-date: /home/arveds/ros2_ws/install/ros_kctrl_custom_interfaces/include/ros_kctrl_custom_interfaces/ros_kctrl_custom_interfaces/srv/detail/start_sounder__functions.h
[0.621s] -- Up-to-date: /home/arveds/ros2_ws/install/ros_kctrl_custom_interfaces/include/ros_kctrl_custom_interfaces/ros_kctrl_custom_interfaces/srv/detail/stop_pinging__description.c
[0.621s] -- Up-to-date: /home/arveds/ros2_ws/install/ros_kctrl_custom_interfaces/include/ros_kctrl_custom_interfaces/ros_kctrl_custom_interfaces/srv/detail/start_pinging__functions.h
[0.621s] -- Up-to-date: /home/arveds/ros2_ws/install/ros_kctrl_custom_interfaces/include/ros_kctrl_custom_interfaces/ros_kctrl_custom_interfaces/srv/detail/stop_pinging__type_support.c
[0.622s] -- Up-to-date: /home/arveds/ros2_ws/install/ros_kctrl_custom_interfaces/include/ros_kctrl_custom_interfaces/ros_kctrl_custom_interfaces/srv/detail/start_sounder__type_support.c
[0.622s] -- Up-to-date: /home/arveds/ros2_ws/install/ros_kctrl_custom_interfaces/include/ros_kctrl_custom_interfaces/ros_kctrl_custom_interfaces/srv/detail/stop_pinging__functions.h
[0.622s] -- Up-to-date: /home/arveds/ros2_ws/install/ros_kctrl_custom_interfaces/include/ros_kctrl_custom_interfaces/ros_kctrl_custom_interfaces/srv/detail/start_pinging__description.c
[0.622s] -- Up-to-date: /home/arveds/ros2_ws/install/ros_kctrl_custom_interfaces/include/ros_kctrl_custom_interfaces/ros_kctrl_custom_interfaces/srv/detail/request_pu_parameters__type_support.c
[0.622s] -- Up-to-date: /home/arveds/ros2_ws/install/ros_kctrl_custom_interfaces/include/ros_kctrl_custom_interfaces/ros_kctrl_custom_interfaces/srv/detail/set_pu_parameters__functions.h
[0.623s] -- Up-to-date: /home/arveds/ros2_ws/install/ros_kctrl_custom_interfaces/include/ros_kctrl_custom_interfaces/ros_kctrl_custom_interfaces/srv/detail/start_pinging__type_support.h
[0.623s] -- Up-to-date: /home/arveds/ros2_ws/install/ros_kctrl_custom_interfaces/include/ros_kctrl_custom_interfaces/ros_kctrl_custom_interfaces/srv/detail/start_pinging__type_support.c
[0.623s] -- Up-to-date: /home/arveds/ros2_ws/install/ros_kctrl_custom_interfaces/include/ros_kctrl_custom_interfaces/ros_kctrl_custom_interfaces/srv/detail/request_pu_parameters__description.c
[0.623s] -- Up-to-date: /home/arveds/ros2_ws/install/ros_kctrl_custom_interfaces/include/ros_kctrl_custom_interfaces/ros_kctrl_custom_interfaces/srv/detail/set_pu_parameters__functions.c
[0.624s] -- Up-to-date: /home/arveds/ros2_ws/install/ros_kctrl_custom_interfaces/include/ros_kctrl_custom_interfaces/ros_kctrl_custom_interfaces/srv/detail/request_pu_parameters__functions.c
[0.624s] -- Up-to-date: /home/arveds/ros2_ws/install/ros_kctrl_custom_interfaces/include/ros_kctrl_custom_interfaces/ros_kctrl_custom_interfaces/srv/detail/request_pu_parameters__type_support.h
[0.624s] -- Up-to-date: /home/arveds/ros2_ws/install/ros_kctrl_custom_interfaces/include/ros_kctrl_custom_interfaces/ros_kctrl_custom_interfaces/srv/detail/set_pu_parameters__type_support.c
[0.624s] -- Up-to-date: /home/arveds/ros2_ws/install/ros_kctrl_custom_interfaces/include/ros_kctrl_custom_interfaces/ros_kctrl_custom_interfaces/srv/detail/start_sounder__struct.h
[0.624s] -- Up-to-date: /home/arveds/ros2_ws/install/ros_kctrl_custom_interfaces/include/ros_kctrl_custom_interfaces/ros_kctrl_custom_interfaces/srv/detail/start_sounder__type_support.h
[0.625s] -- Up-to-date: /home/arveds/ros2_ws/install/ros_kctrl_custom_interfaces/include/ros_kctrl_custom_interfaces/ros_kctrl_custom_interfaces/srv/detail/set_pu_parameters__struct.h
[0.625s] -- Up-to-date: /home/arveds/ros2_ws/install/ros_kctrl_custom_interfaces/include/ros_kctrl_custom_interfaces/ros_kctrl_custom_interfaces/srv/detail/request_pu_parameters__functions.h
[0.625s] -- Up-to-date: /home/arveds/ros2_ws/install/ros_kctrl_custom_interfaces/include/ros_kctrl_custom_interfaces/ros_kctrl_custom_interfaces/srv/start_sounder.h
[0.625s] -- Up-to-date: /home/arveds/ros2_ws/install/ros_kctrl_custom_interfaces/include/ros_kctrl_custom_interfaces/ros_kctrl_custom_interfaces/srv/request_pu_parameters.h
[0.625s] -- Up-to-date: /home/arveds/ros2_ws/install/ros_kctrl_custom_interfaces/include/ros_kctrl_custom_interfaces/ros_kctrl_custom_interfaces/srv/start_pinging.h
[0.626s] -- Up-to-date: /home/arveds/ros2_ws/install/ros_kctrl_custom_interfaces/share/ros_kctrl_custom_interfaces/environment/library_path.sh
[0.626s] -- Up-to-date: /home/arveds/ros2_ws/install/ros_kctrl_custom_interfaces/share/ros_kctrl_custom_interfaces/environment/library_path.dsv
[0.626s] -- Up-to-date: /home/arveds/ros2_ws/install/ros_kctrl_custom_interfaces/lib/libros_kctrl_custom_interfaces__rosidl_generator_c.so
[0.626s] -- Up-to-date: /home/arveds/ros2_ws/install/ros_kctrl_custom_interfaces/include/ros_kctrl_custom_interfaces/ros_kctrl_custom_interfaces
[0.626s] -- Up-to-date: /home/arveds/ros2_ws/install/ros_kctrl_custom_interfaces/include/ros_kctrl_custom_interfaces/ros_kctrl_custom_interfaces/msg
[0.627s] -- Up-to-date: /home/arveds/ros2_ws/install/ros_kctrl_custom_interfaces/include/ros_kctrl_custom_interfaces/ros_kctrl_custom_interfaces/msg/rosidl_typesupport_fastrtps_c__visibility_control.h
[0.627s] -- Up-to-date: /home/arveds/ros2_ws/install/ros_kctrl_custom_interfaces/include/ros_kctrl_custom_interfaces/ros_kctrl_custom_interfaces/srv
[0.627s] -- Up-to-date: /home/arveds/ros2_ws/install/ros_kctrl_custom_interfaces/include/ros_kctrl_custom_interfaces/ros_kctrl_custom_interfaces/srv/detail
[0.628s] -- Up-to-date: /home/arveds/ros2_ws/install/ros_kctrl_custom_interfaces/include/ros_kctrl_custom_interfaces/ros_kctrl_custom_interfaces/srv/detail/set_pu_parameters__rosidl_typesupport_fastrtps_c.h
[0.628s] -- Up-to-date: /home/arveds/ros2_ws/install/ros_kctrl_custom_interfaces/include/ros_kctrl_custom_interfaces/ros_kctrl_custom_interfaces/srv/detail/request_pu_parameters__rosidl_typesupport_fastrtps_c.h
[0.628s] -- Up-to-date: /home/arveds/ros2_ws/install/ros_kctrl_custom_interfaces/include/ros_kctrl_custom_interfaces/ros_kctrl_custom_interfaces/srv/detail/start_sounder__rosidl_typesupport_fastrtps_c.h
[0.628s] -- Up-to-date: /home/arveds/ros2_ws/install/ros_kctrl_custom_interfaces/include/ros_kctrl_custom_interfaces/ros_kctrl_custom_interfaces/srv/detail/start_pinging__rosidl_typesupport_fastrtps_c.h
[0.628s] -- Up-to-date: /home/arveds/ros2_ws/install/ros_kctrl_custom_interfaces/include/ros_kctrl_custom_interfaces/ros_kctrl_custom_interfaces/srv/detail/stop_pinging__rosidl_typesupport_fastrtps_c.h
[0.629s] -- Up-to-date: /home/arveds/ros2_ws/install/ros_kctrl_custom_interfaces/lib/libros_kctrl_custom_interfaces__rosidl_typesupport_fastrtps_c.so
[0.629s] -- Up-to-date: /home/arveds/ros2_ws/install/ros_kctrl_custom_interfaces/include/ros_kctrl_custom_interfaces/ros_kctrl_custom_interfaces
[0.629s] -- Up-to-date: /home/arveds/ros2_ws/install/ros_kctrl_custom_interfaces/include/ros_kctrl_custom_interfaces/ros_kctrl_custom_interfaces/msg
[0.629s] -- Up-to-date: /home/arveds/ros2_ws/install/ros_kctrl_custom_interfaces/include/ros_kctrl_custom_interfaces/ros_kctrl_custom_interfaces/msg/rosidl_typesupport_introspection_c__visibility_control.h
[0.629s] -- Up-to-date: /home/arveds/ros2_ws/install/ros_kctrl_custom_interfaces/include/ros_kctrl_custom_interfaces/ros_kctrl_custom_interfaces/srv
[0.630s] -- Up-to-date: /home/arveds/ros2_ws/install/ros_kctrl_custom_interfaces/include/ros_kctrl_custom_interfaces/ros_kctrl_custom_interfaces/srv/detail
[0.630s] -- Up-to-date: /home/arveds/ros2_ws/install/ros_kctrl_custom_interfaces/include/ros_kctrl_custom_interfaces/ros_kctrl_custom_interfaces/srv/detail/start_pinging__rosidl_typesupport_introspection_c.h
[0.630s] -- Up-to-date: /home/arveds/ros2_ws/install/ros_kctrl_custom_interfaces/include/ros_kctrl_custom_interfaces/ros_kctrl_custom_interfaces/srv/detail/set_pu_parameters__rosidl_typesupport_introspection_c.h
[0.630s] -- Up-to-date: /home/arveds/ros2_ws/install/ros_kctrl_custom_interfaces/include/ros_kctrl_custom_interfaces/ros_kctrl_custom_interfaces/srv/detail/start_sounder__rosidl_typesupport_introspection_c.h
[0.630s] -- Up-to-date: /home/arveds/ros2_ws/install/ros_kctrl_custom_interfaces/include/ros_kctrl_custom_interfaces/ros_kctrl_custom_interfaces/srv/detail/stop_pinging__type_support.c
[0.631s] -- Up-to-date: /home/arveds/ros2_ws/install/ros_kctrl_custom_interfaces/include/ros_kctrl_custom_interfaces/ros_kctrl_custom_interfaces/srv/detail/start_sounder__type_support.c
[0.631s] -- Up-to-date: /home/arveds/ros2_ws/install/ros_kctrl_custom_interfaces/include/ros_kctrl_custom_interfaces/ros_kctrl_custom_interfaces/srv/detail/request_pu_parameters__rosidl_typesupport_introspection_c.h
[0.631s] -- Up-to-date: /home/arveds/ros2_ws/install/ros_kctrl_custom_interfaces/include/ros_kctrl_custom_interfaces/ros_kctrl_custom_interfaces/srv/detail/request_pu_parameters__type_support.c
[0.631s] -- Up-to-date: /home/arveds/ros2_ws/install/ros_kctrl_custom_interfaces/include/ros_kctrl_custom_interfaces/ros_kctrl_custom_interfaces/srv/detail/start_pinging__type_support.c
[0.631s] -- Up-to-date: /home/arveds/ros2_ws/install/ros_kctrl_custom_interfaces/include/ros_kctrl_custom_interfaces/ros_kctrl_custom_interfaces/srv/detail/stop_pinging__rosidl_typesupport_introspection_c.h
[0.632s] -- Up-to-date: /home/arveds/ros2_ws/install/ros_kctrl_custom_interfaces/include/ros_kctrl_custom_interfaces/ros_kctrl_custom_interfaces/srv/detail/set_pu_parameters__type_support.c
[0.632s] -- Up-to-date: /home/arveds/ros2_ws/install/ros_kctrl_custom_interfaces/lib/libros_kctrl_custom_interfaces__rosidl_typesupport_introspection_c.so
[0.632s] -- Up-to-date: /home/arveds/ros2_ws/install/ros_kctrl_custom_interfaces/lib/libros_kctrl_custom_interfaces__rosidl_typesupport_c.so
[0.632s] -- Up-to-date: /home/arveds/ros2_ws/install/ros_kctrl_custom_interfaces/include/ros_kctrl_custom_interfaces/ros_kctrl_custom_interfaces
[0.632s] -- Up-to-date: /home/arveds/ros2_ws/install/ros_kctrl_custom_interfaces/include/ros_kctrl_custom_interfaces/ros_kctrl_custom_interfaces/msg
[0.632s] -- Up-to-date: /home/arveds/ros2_ws/install/ros_kctrl_custom_interfaces/include/ros_kctrl_custom_interfaces/ros_kctrl_custom_interfaces/msg/rosidl_generator_cpp__visibility_control.hpp
[0.632s] -- Up-to-date: /home/arveds/ros2_ws/install/ros_kctrl_custom_interfaces/include/ros_kctrl_custom_interfaces/ros_kctrl_custom_interfaces/srv
[0.632s] -- Up-to-date: /home/arveds/ros2_ws/install/ros_kctrl_custom_interfaces/include/ros_kctrl_custom_interfaces/ros_kctrl_custom_interfaces/srv/request_pu_parameters.hpp
[0.632s] -- Up-to-date: /home/arveds/ros2_ws/install/ros_kctrl_custom_interfaces/include/ros_kctrl_custom_interfaces/ros_kctrl_custom_interfaces/srv/detail
[0.633s] -- Up-to-date: /home/arveds/ros2_ws/install/ros_kctrl_custom_interfaces/include/ros_kctrl_custom_interfaces/ros_kctrl_custom_interfaces/srv/detail/request_pu_parameters__type_support.hpp
[0.633s] -- Up-to-date: /home/arveds/ros2_ws/install/ros_kctrl_custom_interfaces/include/ros_kctrl_custom_interfaces/ros_kctrl_custom_interfaces/srv/detail/set_pu_parameters__struct.hpp
[0.633s] -- Up-to-date: /home/arveds/ros2_ws/install/ros_kctrl_custom_interfaces/include/ros_kctrl_custom_interfaces/ros_kctrl_custom_interfaces/srv/detail/start_pinging__builder.hpp
[0.633s] -- Up-to-date: /home/arveds/ros2_ws/install/ros_kctrl_custom_interfaces/include/ros_kctrl_custom_interfaces/ros_kctrl_custom_interfaces/srv/detail/start_sounder__type_support.hpp
[0.633s] -- Up-to-date: /home/arveds/ros2_ws/install/ros_kctrl_custom_interfaces/include/ros_kctrl_custom_interfaces/ros_kctrl_custom_interfaces/srv/detail/request_pu_parameters__struct.hpp
[0.634s] -- Up-to-date: /home/arveds/ros2_ws/install/ros_kctrl_custom_interfaces/include/ros_kctrl_custom_interfaces/ros_kctrl_custom_interfaces/srv/detail/set_pu_parameters__builder.hpp
[0.634s] -- Up-to-date: /home/arveds/ros2_ws/install/ros_kctrl_custom_interfaces/include/ros_kctrl_custom_interfaces/ros_kctrl_custom_interfaces/srv/detail/stop_pinging__builder.hpp
[0.634s] -- Up-to-date: /home/arveds/ros2_ws/install/ros_kctrl_custom_interfaces/include/ros_kctrl_custom_interfaces/ros_kctrl_custom_interfaces/srv/detail/start_sounder__struct.hpp
[0.634s] -- Up-to-date: /home/arveds/ros2_ws/install/ros_kctrl_custom_interfaces/include/ros_kctrl_custom_interfaces/ros_kctrl_custom_interfaces/srv/detail/set_pu_parameters__type_support.hpp
[0.634s] -- Up-to-date: /home/arveds/ros2_ws/install/ros_kctrl_custom_interfaces/include/ros_kctrl_custom_interfaces/ros_kctrl_custom_interfaces/srv/detail/start_sounder__traits.hpp
[0.635s] -- Up-to-date: /home/arveds/ros2_ws/install/ros_kctrl_custom_interfaces/include/ros_kctrl_custom_interfaces/ros_kctrl_custom_interfaces/srv/detail/start_pinging__traits.hpp
[0.635s] -- Up-to-date: /home/arveds/ros2_ws/install/ros_kctrl_custom_interfaces/include/ros_kctrl_custom_interfaces/ros_kctrl_custom_interfaces/srv/detail/stop_pinging__traits.hpp
[0.635s] -- Up-to-date: /home/arveds/ros2_ws/install/ros_kctrl_custom_interfaces/include/ros_kctrl_custom_interfaces/ros_kctrl_custom_interfaces/srv/detail/stop_pinging__struct.hpp
[0.635s] -- Up-to-date: /home/arveds/ros2_ws/install/ros_kctrl_custom_interfaces/include/ros_kctrl_custom_interfaces/ros_kctrl_custom_interfaces/srv/detail/stop_pinging__type_support.hpp
[0.635s] -- Up-to-date: /home/arveds/ros2_ws/install/ros_kctrl_custom_interfaces/include/ros_kctrl_custom_interfaces/ros_kctrl_custom_interfaces/srv/detail/start_sounder__builder.hpp
[0.635s] -- Up-to-date: /home/arveds/ros2_ws/install/ros_kctrl_custom_interfaces/include/ros_kctrl_custom_interfaces/ros_kctrl_custom_interfaces/srv/detail/set_pu_parameters__traits.hpp
[0.635s] -- Up-to-date: /home/arveds/ros2_ws/install/ros_kctrl_custom_interfaces/include/ros_kctrl_custom_interfaces/ros_kctrl_custom_interfaces/srv/detail/start_pinging__struct.hpp
[0.636s] -- Up-to-date: /home/arveds/ros2_ws/install/ros_kctrl_custom_interfaces/include/ros_kctrl_custom_interfaces/ros_kctrl_custom_interfaces/srv/detail/request_pu_parameters__traits.hpp
[0.636s] -- Up-to-date: /home/arveds/ros2_ws/install/ros_kctrl_custom_interfaces/include/ros_kctrl_custom_interfaces/ros_kctrl_custom_interfaces/srv/detail/start_pinging__type_support.hpp
[0.636s] -- Up-to-date: /home/arveds/ros2_ws/install/ros_kctrl_custom_interfaces/include/ros_kctrl_custom_interfaces/ros_kctrl_custom_interfaces/srv/detail/request_pu_parameters__builder.hpp
[0.636s] -- Up-to-date: /home/arveds/ros2_ws/install/ros_kctrl_custom_interfaces/include/ros_kctrl_custom_interfaces/ros_kctrl_custom_interfaces/srv/start_pinging.hpp
[0.636s] -- Up-to-date: /home/arveds/ros2_ws/install/ros_kctrl_custom_interfaces/include/ros_kctrl_custom_interfaces/ros_kctrl_custom_interfaces/srv/stop_pinging.hpp
[0.636s] -- Up-to-date: /home/arveds/ros2_ws/install/ros_kctrl_custom_interfaces/include/ros_kctrl_custom_interfaces/ros_kctrl_custom_interfaces/srv/start_sounder.hpp
[0.636s] -- Up-to-date: /home/arveds/ros2_ws/install/ros_kctrl_custom_interfaces/include/ros_kctrl_custom_interfaces/ros_kctrl_custom_interfaces/srv/set_pu_parameters.hpp
[0.636s] -- Up-to-date: /home/arveds/ros2_ws/install/ros_kctrl_custom_interfaces/include/ros_kctrl_custom_interfaces/ros_kctrl_custom_interfaces
[0.636s] -- Up-to-date: /home/arveds/ros2_ws/install/ros_kctrl_custom_interfaces/include/ros_kctrl_custom_interfaces/ros_kctrl_custom_interfaces/msg
[0.636s] -- Up-to-date: /home/arveds/ros2_ws/install/ros_kctrl_custom_interfaces/include/ros_kctrl_custom_interfaces/ros_kctrl_custom_interfaces/msg/rosidl_typesupport_fastrtps_cpp__visibility_control.h
[0.636s] -- Up-to-date: /home/arveds/ros2_ws/install/ros_kctrl_custom_interfaces/include/ros_kctrl_custom_interfaces/ros_kctrl_custom_interfaces/srv
[0.636s] -- Up-to-date: /home/arveds/ros2_ws/install/ros_kctrl_custom_interfaces/include/ros_kctrl_custom_interfaces/ros_kctrl_custom_interfaces/srv/detail
[0.636s] -- Up-to-date: /home/arveds/ros2_ws/install/ros_kctrl_custom_interfaces/include/ros_kctrl_custom_interfaces/ros_kctrl_custom_interfaces/srv/detail/request_pu_parameters__rosidl_typesupport_fastrtps_cpp.hpp
[0.637s] -- Up-to-date: /home/arveds/ros2_ws/install/ros_kctrl_custom_interfaces/include/ros_kctrl_custom_interfaces/ros_kctrl_custom_interfaces/srv/detail/start_sounder__rosidl_typesupport_fastrtps_cpp.hpp
[0.637s] -- Up-to-date: /home/arveds/ros2_ws/install/ros_kctrl_custom_interfaces/include/ros_kctrl_custom_interfaces/ros_kctrl_custom_interfaces/srv/detail/set_pu_parameters__rosidl_typesupport_fastrtps_cpp.hpp
[0.637s] -- Up-to-date: /home/arveds/ros2_ws/install/ros_kctrl_custom_interfaces/include/ros_kctrl_custom_interfaces/ros_kctrl_custom_interfaces/srv/detail/start_pinging__rosidl_typesupport_fastrtps_cpp.hpp
[0.637s] -- Up-to-date: /home/arveds/ros2_ws/install/ros_kctrl_custom_interfaces/include/ros_kctrl_custom_interfaces/ros_kctrl_custom_interfaces/srv/detail/stop_pinging__rosidl_typesupport_fastrtps_cpp.hpp
[0.637s] -- Up-to-date: /home/arveds/ros2_ws/install/ros_kctrl_custom_interfaces/include/ros_kctrl_custom_interfaces/ros_kctrl_custom_interfaces/srv/detail/dds_fastrtps
[0.637s] -- Up-to-date: /home/arveds/ros2_ws/install/ros_kctrl_custom_interfaces/lib/libros_kctrl_custom_interfaces__rosidl_typesupport_fastrtps_cpp.so
[0.637s] -- Up-to-date: /home/arveds/ros2_ws/install/ros_kctrl_custom_interfaces/include/ros_kctrl_custom_interfaces/ros_kctrl_custom_interfaces
[0.637s] -- Up-to-date: /home/arveds/ros2_ws/install/ros_kctrl_custom_interfaces/include/ros_kctrl_custom_interfaces/ros_kctrl_custom_interfaces/srv
[0.637s] -- Up-to-date: /home/arveds/ros2_ws/install/ros_kctrl_custom_interfaces/include/ros_kctrl_custom_interfaces/ros_kctrl_custom_interfaces/srv/detail
[0.637s] -- Up-to-date: /home/arveds/ros2_ws/install/ros_kctrl_custom_interfaces/include/ros_kctrl_custom_interfaces/ros_kctrl_custom_interfaces/srv/detail/set_pu_parameters__rosidl_typesupport_introspection_cpp.hpp
[0.637s] -- Up-to-date: /home/arveds/ros2_ws/install/ros_kctrl_custom_interfaces/include/ros_kctrl_custom_interfaces/ros_kctrl_custom_interfaces/srv/detail/start_pinging__rosidl_typesupport_introspection_cpp.hpp
[0.637s] -- Up-to-date: /home/arveds/ros2_ws/install/ros_kctrl_custom_interfaces/include/ros_kctrl_custom_interfaces/ros_kctrl_custom_interfaces/srv/detail/start_sounder__type_support.cpp
[0.637s] -- Up-to-date: /home/arveds/ros2_ws/install/ros_kctrl_custom_interfaces/include/ros_kctrl_custom_interfaces/ros_kctrl_custom_interfaces/srv/detail/request_pu_parameters__type_support.cpp
[0.638s] -- Up-to-date: /home/arveds/ros2_ws/install/ros_kctrl_custom_interfaces/include/ros_kctrl_custom_interfaces/ros_kctrl_custom_interfaces/srv/detail/start_pinging__type_support.cpp
[0.638s] -- Up-to-date: /home/arveds/ros2_ws/install/ros_kctrl_custom_interfaces/include/ros_kctrl_custom_interfaces/ros_kctrl_custom_interfaces/srv/detail/request_pu_parameters__rosidl_typesupport_introspection_cpp.hpp
[0.638s] -- Up-to-date: /home/arveds/ros2_ws/install/ros_kctrl_custom_interfaces/include/ros_kctrl_custom_interfaces/ros_kctrl_custom_interfaces/srv/detail/start_sounder__rosidl_typesupport_introspection_cpp.hpp
[0.638s] -- Up-to-date: /home/arveds/ros2_ws/install/ros_kctrl_custom_interfaces/include/ros_kctrl_custom_interfaces/ros_kctrl_custom_interfaces/srv/detail/set_pu_parameters__type_support.cpp
[0.638s] -- Up-to-date: /home/arveds/ros2_ws/install/ros_kctrl_custom_interfaces/include/ros_kctrl_custom_interfaces/ros_kctrl_custom_interfaces/srv/detail/stop_pinging__type_support.cpp
[0.638s] -- Up-to-date: /home/arveds/ros2_ws/install/ros_kctrl_custom_interfaces/include/ros_kctrl_custom_interfaces/ros_kctrl_custom_interfaces/srv/detail/stop_pinging__rosidl_typesupport_introspection_cpp.hpp
[0.638s] -- Up-to-date: /home/arveds/ros2_ws/install/ros_kctrl_custom_interfaces/lib/libros_kctrl_custom_interfaces__rosidl_typesupport_introspection_cpp.so
[0.638s] -- Up-to-date: /home/arveds/ros2_ws/install/ros_kctrl_custom_interfaces/lib/libros_kctrl_custom_interfaces__rosidl_typesupport_cpp.so
[0.638s] -- Up-to-date: /home/arveds/ros2_ws/install/ros_kctrl_custom_interfaces/share/ros_kctrl_custom_interfaces/environment/pythonpath.sh
[0.638s] -- Up-to-date: /home/arveds/ros2_ws/install/ros_kctrl_custom_interfaces/share/ros_kctrl_custom_interfaces/environment/pythonpath.dsv
[0.638s] -- Up-to-date: /home/arveds/ros2_ws/install/ros_kctrl_custom_interfaces/lib/python3.12/site-packages/ros_kctrl_custom_interfaces-0.0.0-py3.12.egg-info
[0.638s] -- Installing: /home/arveds/ros2_ws/install/ros_kctrl_custom_interfaces/lib/python3.12/site-packages/ros_kctrl_custom_interfaces-0.0.0-py3.12.egg-info/top_level.txt
[0.638s] -- Installing: /home/arveds/ros2_ws/install/ros_kctrl_custom_interfaces/lib/python3.12/site-packages/ros_kctrl_custom_interfaces-0.0.0-py3.12.egg-info/dependency_links.txt
[0.639s] -- Installing: /home/arveds/ros2_ws/install/ros_kctrl_custom_interfaces/lib/python3.12/site-packages/ros_kctrl_custom_interfaces-0.0.0-py3.12.egg-info/SOURCES.txt
[0.639s] -- Installing: /home/arveds/ros2_ws/install/ros_kctrl_custom_interfaces/lib/python3.12/site-packages/ros_kctrl_custom_interfaces-0.0.0-py3.12.egg-info/PKG-INFO
[0.639s] -- Up-to-date: /home/arveds/ros2_ws/install/ros_kctrl_custom_interfaces/lib/python3.12/site-packages/ros_kctrl_custom_interfaces
[0.639s] -- Up-to-date: /home/arveds/ros2_ws/install/ros_kctrl_custom_interfaces/lib/python3.12/site-packages/ros_kctrl_custom_interfaces/ros_kctrl_custom_interfaces_s__rosidl_typesupport_fastrtps_c.so
[0.639s] -- Up-to-date: /home/arveds/ros2_ws/install/ros_kctrl_custom_interfaces/lib/python3.12/site-packages/ros_kctrl_custom_interfaces/ros_kctrl_custom_interfaces_s__rosidl_typesupport_c.so
[0.639s] -- Up-to-date: /home/arveds/ros2_ws/install/ros_kctrl_custom_interfaces/lib/python3.12/site-packages/ros_kctrl_custom_interfaces/_ros_kctrl_custom_interfaces_s.ep.rosidl_typesupport_introspection_c.c
[0.639s] -- Up-to-date: /home/arveds/ros2_ws/install/ros_kctrl_custom_interfaces/lib/python3.12/site-packages/ros_kctrl_custom_interfaces/_ros_kctrl_custom_interfaces_s.ep.rosidl_typesupport_fastrtps_c.c
[0.639s] -- Up-to-date: /home/arveds/ros2_ws/install/ros_kctrl_custom_interfaces/lib/python3.12/site-packages/ros_kctrl_custom_interfaces/__init__.py
[0.639s] -- Up-to-date: /home/arveds/ros2_ws/install/ros_kctrl_custom_interfaces/lib/python3.12/site-packages/ros_kctrl_custom_interfaces/srv
[0.639s] -- Up-to-date: /home/arveds/ros2_ws/install/ros_kctrl_custom_interfaces/lib/python3.12/site-packages/ros_kctrl_custom_interfaces/srv/_request_pu_parameters.py
[0.639s] -- Up-to-date: /home/arveds/ros2_ws/install/ros_kctrl_custom_interfaces/lib/python3.12/site-packages/ros_kctrl_custom_interfaces/srv/_stop_pinging.py
[0.639s] -- Up-to-date: /home/arveds/ros2_ws/install/ros_kctrl_custom_interfaces/lib/python3.12/site-packages/ros_kctrl_custom_interfaces/srv/_set_pu_parameters.py
[0.640s] -- Up-to-date: /home/arveds/ros2_ws/install/ros_kctrl_custom_interfaces/lib/python3.12/site-packages/ros_kctrl_custom_interfaces/srv/_request_pu_parameters_s.c
[0.640s] -- Up-to-date: /home/arveds/ros2_ws/install/ros_kctrl_custom_interfaces/lib/python3.12/site-packages/ros_kctrl_custom_interfaces/srv/_start_pinging.py
[0.640s] -- Up-to-date: /home/arveds/ros2_ws/install/ros_kctrl_custom_interfaces/lib/python3.12/site-packages/ros_kctrl_custom_interfaces/srv/_start_sounder.py
[0.640s] -- Up-to-date: /home/arveds/ros2_ws/install/ros_kctrl_custom_interfaces/lib/python3.12/site-packages/ros_kctrl_custom_interfaces/srv/_start_pinging_s.c
[0.640s] -- Up-to-date: /home/arveds/ros2_ws/install/ros_kctrl_custom_interfaces/lib/python3.12/site-packages/ros_kctrl_custom_interfaces/srv/_set_pu_parameters_s.c
[0.640s] -- Up-to-date: /home/arveds/ros2_ws/install/ros_kctrl_custom_interfaces/lib/python3.12/site-packages/ros_kctrl_custom_interfaces/srv/_start_sounder_s.c
[0.640s] -- Up-to-date: /home/arveds/ros2_ws/install/ros_kctrl_custom_interfaces/lib/python3.12/site-packages/ros_kctrl_custom_interfaces/srv/__init__.py
[0.640s] -- Up-to-date: /home/arveds/ros2_ws/install/ros_kctrl_custom_interfaces/lib/python3.12/site-packages/ros_kctrl_custom_interfaces/srv/_stop_pinging_s.c
[0.640s] -- Up-to-date: /home/arveds/ros2_ws/install/ros_kctrl_custom_interfaces/lib/python3.12/site-packages/ros_kctrl_custom_interfaces/ros_kctrl_custom_interfaces_s__rosidl_typesupport_introspection_c.so
[0.640s] -- Up-to-date: /home/arveds/ros2_ws/install/ros_kctrl_custom_interfaces/lib/python3.12/site-packages/ros_kctrl_custom_interfaces/_ros_kctrl_custom_interfaces_s.ep.rosidl_typesupport_c.c
[0.671s] Listing '/home/arveds/ros2_ws/install/ros_kctrl_custom_interfaces/lib/python3.12/site-packages/ros_kctrl_custom_interfaces'...
[0.671s] Listing '/home/arveds/ros2_ws/install/ros_kctrl_custom_interfaces/lib/python3.12/site-packages/ros_kctrl_custom_interfaces/srv'...
[0.677s] -- Up-to-date: /home/arveds/ros2_ws/install/ros_kctrl_custom_interfaces/lib/python3.12/site-packages/ros_kctrl_custom_interfaces/ros_kctrl_custom_interfaces_s__rosidl_typesupport_fastrtps_c.so
[0.679s] -- Up-to-date: /home/arveds/ros2_ws/install/ros_kctrl_custom_interfaces/lib/python3.12/site-packages/ros_kctrl_custom_interfaces/ros_kctrl_custom_interfaces_s__rosidl_typesupport_introspection_c.so
[0.679s] -- Up-to-date: /home/arveds/ros2_ws/install/ros_kctrl_custom_interfaces/lib/python3.12/site-packages/ros_kctrl_custom_interfaces/ros_kctrl_custom_interfaces_s__rosidl_typesupport_c.so
[0.680s] -- Up-to-date: /home/arveds/ros2_ws/install/ros_kctrl_custom_interfaces/lib/libros_kctrl_custom_interfaces__rosidl_generator_py.so
[0.680s] -- Up-to-date: /home/arveds/ros2_ws/install/ros_kctrl_custom_interfaces/share/ros_kctrl_custom_interfaces/srv/StartSounder.idl
[0.680s] -- Up-to-date: /home/arveds/ros2_ws/install/ros_kctrl_custom_interfaces/share/ros_kctrl_custom_interfaces/srv/StartPinging.idl
[0.680s] -- Up-to-date: /home/arveds/ros2_ws/install/ros_kctrl_custom_interfaces/share/ros_kctrl_custom_interfaces/srv/StopPinging.idl
[0.681s] -- Up-to-date: /home/arveds/ros2_ws/install/ros_kctrl_custom_interfaces/share/ros_kctrl_custom_interfaces/srv/SetPUParameters.idl
[0.681s] -- Up-to-date: /home/arveds/ros2_ws/install/ros_kctrl_custom_interfaces/share/ros_kctrl_custom_interfaces/srv/RequestPUParameters.idl
[0.681s] -- Up-to-date: /home/arveds/ros2_ws/install/ros_kctrl_custom_interfaces/share/ros_kctrl_custom_interfaces/srv/StartSounder.srv
[0.681s] -- Up-to-date: /home/arveds/ros2_ws/install/ros_kctrl_custom_interfaces/share/ros_kctrl_custom_interfaces/srv/StartPinging.srv
[0.681s] -- Up-to-date: /home/arveds/ros2_ws/install/ros_kctrl_custom_interfaces/share/ros_kctrl_custom_interfaces/srv/StopPinging.srv
[0.681s] -- Up-to-date: /home/arveds/ros2_ws/install/ros_kctrl_custom_interfaces/share/ros_kctrl_custom_interfaces/srv/SetPUParameters.srv
[0.682s] -- Up-to-date: /home/arveds/ros2_ws/install/ros_kctrl_custom_interfaces/share/ros_kctrl_custom_interfaces/srv/RequestPUParameters.srv
[0.682s] -- Up-to-date: /home/arveds/ros2_ws/install/ros_kctrl_custom_interfaces/share/ament_index/resource_index/package_run_dependencies/ros_kctrl_custom_interfaces
[0.682s] -- Up-to-date: /home/arveds/ros2_ws/install/ros_kctrl_custom_interfaces/share/ament_index/resource_index/parent_prefix_path/ros_kctrl_custom_interfaces
[0.682s] -- Up-to-date: /home/arveds/ros2_ws/install/ros_kctrl_custom_interfaces/share/ros_kctrl_custom_interfaces/environment/ament_prefix_path.sh
[0.682s] -- Up-to-date: /home/arveds/ros2_ws/install/ros_kctrl_custom_interfaces/share/ros_kctrl_custom_interfaces/environment/ament_prefix_path.dsv
[0.682s] -- Up-to-date: /home/arveds/ros2_ws/install/ros_kctrl_custom_interfaces/share/ros_kctrl_custom_interfaces/environment/path.sh
[0.682s] -- Up-to-date: /home/arveds/ros2_ws/install/ros_kctrl_custom_interfaces/share/ros_kctrl_custom_interfaces/environment/path.dsv
[0.682s] -- Up-to-date: /home/arveds/ros2_ws/install/ros_kctrl_custom_interfaces/share/ros_kctrl_custom_interfaces/local_setup.bash
[0.682s] -- Up-to-date: /home/arveds/ros2_ws/install/ros_kctrl_custom_interfaces/share/ros_kctrl_custom_interfaces/local_setup.sh
[0.682s] -- Up-to-date: /home/arveds/ros2_ws/install/ros_kctrl_custom_interfaces/share/ros_kctrl_custom_interfaces/local_setup.zsh
[0.683s] -- Up-to-date: /home/arveds/ros2_ws/install/ros_kctrl_custom_interfaces/share/ros_kctrl_custom_interfaces/local_setup.dsv
[0.683s] -- Installing: /home/arveds/ros2_ws/install/ros_kctrl_custom_interfaces/share/ros_kctrl_custom_interfaces/package.dsv
[0.683s] -- Up-to-date: /home/arveds/ros2_ws/install/ros_kctrl_custom_interfaces/share/ament_index/resource_index/packages/ros_kctrl_custom_interfaces
[0.683s] -- Up-to-date: /home/arveds/ros2_ws/install/ros_kctrl_custom_interfaces/share/ros_kctrl_custom_interfaces/cmake/export_ros_kctrl_custom_interfaces__rosidl_generator_cExport.cmake
[0.683s] -- Up-to-date: /home/arveds/ros2_ws/install/ros_kctrl_custom_interfaces/share/ros_kctrl_custom_interfaces/cmake/export_ros_kctrl_custom_interfaces__rosidl_generator_cExport-noconfig.cmake
[0.683s] -- Up-to-date: /home/arveds/ros2_ws/install/ros_kctrl_custom_interfaces/share/ros_kctrl_custom_interfaces/cmake/export_ros_kctrl_custom_interfaces__rosidl_typesupport_fastrtps_cExport.cmake
[0.683s] -- Up-to-date: /home/arveds/ros2_ws/install/ros_kctrl_custom_interfaces/share/ros_kctrl_custom_interfaces/cmake/export_ros_kctrl_custom_interfaces__rosidl_typesupport_fastrtps_cExport-noconfig.cmake
[0.684s] -- Up-to-date: /home/arveds/ros2_ws/install/ros_kctrl_custom_interfaces/share/ros_kctrl_custom_interfaces/cmake/ros_kctrl_custom_interfaces__rosidl_typesupport_introspection_cExport.cmake
[0.684s] -- Up-to-date: /home/arveds/ros2_ws/install/ros_kctrl_custom_interfaces/share/ros_kctrl_custom_interfaces/cmake/ros_kctrl_custom_interfaces__rosidl_typesupport_introspection_cExport-noconfig.cmake
[0.684s] -- Up-to-date: /home/arveds/ros2_ws/install/ros_kctrl_custom_interfaces/share/ros_kctrl_custom_interfaces/cmake/ros_kctrl_custom_interfaces__rosidl_typesupport_cExport.cmake
[0.684s] -- Up-to-date: /home/arveds/ros2_ws/install/ros_kctrl_custom_interfaces/share/ros_kctrl_custom_interfaces/cmake/ros_kctrl_custom_interfaces__rosidl_typesupport_cExport-noconfig.cmake
[0.685s] -- Up-to-date: /home/arveds/ros2_ws/install/ros_kctrl_custom_interfaces/share/ros_kctrl_custom_interfaces/cmake/export_ros_kctrl_custom_interfaces__rosidl_generator_cppExport.cmake
[0.685s] -- Up-to-date: /home/arveds/ros2_ws/install/ros_kctrl_custom_interfaces/share/ros_kctrl_custom_interfaces/cmake/export_ros_kctrl_custom_interfaces__rosidl_typesupport_fastrtps_cppExport.cmake
[0.685s] -- Up-to-date: /home/arveds/ros2_ws/install/ros_kctrl_custom_interfaces/share/ros_kctrl_custom_interfaces/cmake/export_ros_kctrl_custom_interfaces__rosidl_typesupport_fastrtps_cppExport-noconfig.cmake
[0.686s] -- Up-to-date: /home/arveds/ros2_ws/install/ros_kctrl_custom_interfaces/share/ros_kctrl_custom_interfaces/cmake/ros_kctrl_custom_interfaces__rosidl_typesupport_introspection_cppExport.cmake
[0.686s] -- Up-to-date: /home/arveds/ros2_ws/install/ros_kctrl_custom_interfaces/share/ros_kctrl_custom_interfaces/cmake/ros_kctrl_custom_interfaces__rosidl_typesupport_introspection_cppExport-noconfig.cmake
[0.687s] -- Up-to-date: /home/arveds/ros2_ws/install/ros_kctrl_custom_interfaces/share/ros_kctrl_custom_interfaces/cmake/ros_kctrl_custom_interfaces__rosidl_typesupport_cppExport.cmake
[0.687s] -- Up-to-date: /home/arveds/ros2_ws/install/ros_kctrl_custom_interfaces/share/ros_kctrl_custom_interfaces/cmake/ros_kctrl_custom_interfaces__rosidl_typesupport_cppExport-noconfig.cmake
[0.687s] -- Up-to-date: /home/arveds/ros2_ws/install/ros_kctrl_custom_interfaces/share/ros_kctrl_custom_interfaces/cmake/export_ros_kctrl_custom_interfaces__rosidl_generator_pyExport.cmake
[0.688s] -- Up-to-date: /home/arveds/ros2_ws/install/ros_kctrl_custom_interfaces/share/ros_kctrl_custom_interfaces/cmake/export_ros_kctrl_custom_interfaces__rosidl_generator_pyExport-noconfig.cmake
[0.688s] -- Up-to-date: /home/arveds/ros2_ws/install/ros_kctrl_custom_interfaces/share/ros_kctrl_custom_interfaces/cmake/rosidl_cmake-extras.cmake
[0.688s] -- Up-to-date: /home/arveds/ros2_ws/install/ros_kctrl_custom_interfaces/share/ros_kctrl_custom_interfaces/cmake/ament_cmake_export_dependencies-extras.cmake
[0.688s] -- Up-to-date: /home/arveds/ros2_ws/install/ros_kctrl_custom_interfaces/share/ros_kctrl_custom_interfaces/cmake/ament_cmake_export_include_directories-extras.cmake
[0.689s] -- Up-to-date: /home/arveds/ros2_ws/install/ros_kctrl_custom_interfaces/share/ros_kctrl_custom_interfaces/cmake/ament_cmake_export_libraries-extras.cmake
[0.689s] -- Up-to-date: /home/arveds/ros2_ws/install/ros_kctrl_custom_interfaces/share/ros_kctrl_custom_interfaces/cmake/ament_cmake_export_targets-extras.cmake
[0.689s] -- Up-to-date: /home/arveds/ros2_ws/install/ros_kctrl_custom_interfaces/share/ros_kctrl_custom_interfaces/cmake/rosidl_cmake_export_typesupport_targets-extras.cmake
[0.689s] -- Up-to-date: /home/arveds/ros2_ws/install/ros_kctrl_custom_interfaces/share/ros_kctrl_custom_interfaces/cmake/rosidl_cmake_export_typesupport_libraries-extras.cmake
[0.689s] -- Up-to-date: /home/arveds/ros2_ws/install/ros_kctrl_custom_interfaces/share/ros_kctrl_custom_interfaces/cmake/ros_kctrl_custom_interfacesConfig.cmake
[0.689s] -- Up-to-date: /home/arveds/ros2_ws/install/ros_kctrl_custom_interfaces/share/ros_kctrl_custom_interfaces/cmake/ros_kctrl_custom_interfacesConfig-version.cmake
[0.689s] -- Up-to-date: /home/arveds/ros2_ws/install/ros_kctrl_custom_interfaces/share/ros_kctrl_custom_interfaces/package.xml
[0.691s] Invoked command in '/home/arveds/ros2_ws/build/ros_kctrl_custom_interfaces' returned '0': CMAKE_PREFIX_PATH=${CMAKE_PREFIX_PATH}:/opt/ros/jazzy /usr/bin/cmake --install /home/arveds/ros2_ws/build/ros_kctrl_custom_interfaces
