[0.036s] Invoking command in '/home/arveds/ros2_ws/build/ros_kctrl_interface_pkg': CMAKE_PREFIX_PATH=/home/arveds/ros2_ws/install/ros_kctrl_custom_interfaces:/home/arveds/ros2_ws/install/ros_kctrl_interface_pkg:/opt/ros/jazzy/opt/sdformat_vendor:/opt/ros/jazzy/opt/gz_math_vendor:/opt/ros/jazzy/opt/gz_utils_vendor:/opt/ros/jazzy/opt/gz_tools_vendor:/opt/ros/jazzy/opt/gz_cmake_vendor:/opt/ros/jazzy /usr/bin/cmake --build /home/arveds/ros2_ws/build/ros_kctrl_interface_pkg -- -j12 -l12
[0.071s] -- Found ament_cmake: 2.5.4 (/opt/ros/jazzy/share/ament_cmake/cmake)
[0.382s] -- Found rclcpp: 28.1.9 (/opt/ros/jazzy/share/rclcpp/cmake)
[0.482s] -- Found rosidl_generator_c: 4.6.5 (/opt/ros/jazzy/share/rosidl_generator_c/cmake)
[0.495s] -- Found rosidl_generator_cpp: 4.6.5 (/opt/ros/jazzy/share/rosidl_generator_cpp/cmake)
[0.514s] -- Using all available rosidl_typesupport_c: rosidl_typesupport_fastrtps_c;rosidl_typesupport_introspection_c
[0.535s] -- Using all available rosidl_typesupport_cpp: rosidl_typesupport_fastrtps_cpp;rosidl_typesupport_introspection_cpp
[0.640s] -- Found rmw_implementation_cmake: 7.3.2 (/opt/ros/jazzy/share/rmw_implementation_cmake/cmake)
[0.643s] -- Found rmw_fastrtps_cpp: 8.4.2 (/opt/ros/jazzy/share/rmw_fastrtps_cpp/cmake)
[0.765s] -- Using RMW implementation 'rmw_fastrtps_cpp' as default
[0.918s] -- Found std_msgs: 5.3.6 (/opt/ros/jazzy/share/std_msgs/cmake)
[0.954s] -- Found ros_kctrl_custom_interfaces: 0.0.0 (/home/arveds/ros2_ws/install/ros_kctrl_custom_interfaces/share/ros_kctrl_custom_interfaces/cmake)
[1.086s] -- Configuring done (1.0s)
[1.116s] -- Generating done (0.0s)
[1.123s] -- Build files have been written to: /home/arveds/ros2_ws/build/ros_kctrl_interface_pkg
[1.165s] [ 16%] [32mBuilding CXX object CMakeFiles/ros2ctrl_udp_receiver.dir/src/ros2ctrl_udp_receiver.cpp.o[0m
[1.168s] [ 50%] Built target ros2ctrl_udp_client
[1.198s] [01m[K/home/arveds/ros2_ws/src/ros_kctrl_interface_pkg/src/ros2ctrl_udp_receiver.cpp:1:10:[m[K [01;31m[Kfatal error: [m[Kros2_udp_receiver.hpp: No such file or directory
[1.198s]     1 | #include [01;31m[K"ros2_udp_receiver.hpp"[m[K
[1.198s]       |          [01;31m[K^~~~~~~~~~~~~~~~~~~~~~~[m[K
[1.198s] compilation terminated.
[1.200s] [ 83%] Built target ros2ctrl_wrapper_node
[1.200s] gmake[2]: *** [CMakeFiles/ros2ctrl_udp_receiver.dir/build.make:76: CMakeFiles/ros2ctrl_udp_receiver.dir/src/ros2ctrl_udp_receiver.cpp.o] Error 1
[1.200s] gmake[1]: *** [CMakeFiles/Makefile2:193: CMakeFiles/ros2ctrl_udp_receiver.dir/all] Error 2
[1.200s] gmake[1]: *** Waiting for unfinished jobs....
[1.201s] gmake: *** [Makefile:146: all] Error 2
[1.203s] Invoked command in '/home/arveds/ros2_ws/build/ros_kctrl_interface_pkg' returned '2': CMAKE_PREFIX_PATH=/home/arveds/ros2_ws/install/ros_kctrl_custom_interfaces:/home/arveds/ros2_ws/install/ros_kctrl_interface_pkg:/opt/ros/jazzy/opt/sdformat_vendor:/opt/ros/jazzy/opt/gz_math_vendor:/opt/ros/jazzy/opt/gz_utils_vendor:/opt/ros/jazzy/opt/gz_tools_vendor:/opt/ros/jazzy/opt/gz_cmake_vendor:/opt/ros/jazzy /usr/bin/cmake --build /home/arveds/ros2_ws/build/ros_kctrl_interface_pkg -- -j12 -l12
