[0.049s] Invoking command in '/home/arveds/ros2_ws/build/ros_kctrl_interface_pkg': CMAKE_PREFIX_PATH=/home/arveds/ros2_ws/install/ros_kctrl_custom_interfaces:/home/arveds/ros2_ws/install/ros_kctrl_interface_pkg:/opt/ros/jazzy/opt/sdformat_vendor:/opt/ros/jazzy/opt/gz_math_vendor:/opt/ros/jazzy/opt/gz_utils_vendor:/opt/ros/jazzy/opt/gz_tools_vendor:/opt/ros/jazzy/opt/gz_cmake_vendor:/opt/ros/jazzy /usr/bin/cmake --build /home/arveds/ros2_ws/build/ros_kctrl_interface_pkg -- -j12 -l12
[0.102s] [ 33%] Built target ros2ctrl_udp_client
[0.110s] [ 50%] [32mBuilding CXX object CMakeFiles/ros2ctrl_udp_receiver.dir/src/ros2ctrl_udp_receiver.cpp.o[0m
[0.129s] [ 83%] Built target ros2ctrl_wrapper_node
[7.625s] [100%] [32m[1mLinking CXX executable ros2ctrl_udp_receiver[0m
[7.882s] [100%] Built target ros2ctrl_udp_receiver
[7.893s] Invoked command in '/home/arveds/ros2_ws/build/ros_kctrl_interface_pkg' returned '0': CMAKE_PREFIX_PATH=/home/arveds/ros2_ws/install/ros_kctrl_custom_interfaces:/home/arveds/ros2_ws/install/ros_kctrl_interface_pkg:/opt/ros/jazzy/opt/sdformat_vendor:/opt/ros/jazzy/opt/gz_math_vendor:/opt/ros/jazzy/opt/gz_utils_vendor:/opt/ros/jazzy/opt/gz_tools_vendor:/opt/ros/jazzy/opt/gz_cmake_vendor:/opt/ros/jazzy /usr/bin/cmake --build /home/arveds/ros2_ws/build/ros_kctrl_interface_pkg -- -j12 -l12
[7.894s] Invoking command in '/home/arveds/ros2_ws/build/ros_kctrl_interface_pkg': CMAKE_PREFIX_PATH=/home/arveds/ros2_ws/install/ros_kctrl_custom_interfaces:/home/arveds/ros2_ws/install/ros_kctrl_interface_pkg:/opt/ros/jazzy/opt/sdformat_vendor:/opt/ros/jazzy/opt/gz_math_vendor:/opt/ros/jazzy/opt/gz_utils_vendor:/opt/ros/jazzy/opt/gz_tools_vendor:/opt/ros/jazzy/opt/gz_cmake_vendor:/opt/ros/jazzy /usr/bin/cmake --install /home/arveds/ros2_ws/build/ros_kctrl_interface_pkg
[7.903s] -- Install configuration: ""
[7.905s] -- Up-to-date: /home/arveds/ros2_ws/install/ros_kctrl_interface_pkg/lib/ros_kctrl_interface_pkg/ros2ctrl_wrapper_node
[7.905s] -- Up-to-date: /home/arveds/ros2_ws/install/ros_kctrl_interface_pkg/lib/ros_kctrl_interface_pkg/libros2ctrl_udp_client.a
[7.906s] -- Installing: /home/arveds/ros2_ws/install/ros_kctrl_interface_pkg/lib/ros_kctrl_interface_pkg/ros2ctrl_udp_receiver
[7.908s] -- Set non-toolchain portion of runtime path of "/home/arveds/ros2_ws/install/ros_kctrl_interface_pkg/lib/ros_kctrl_interface_pkg/ros2ctrl_udp_receiver" to ""
[7.909s] -- Up-to-date: /home/arveds/ros2_ws/install/ros_kctrl_interface_pkg/include/
[7.909s] -- Up-to-date: /home/arveds/ros2_ws/install/ros_kctrl_interface_pkg/include//nlohmann
[7.909s] -- Up-to-date: /home/arveds/ros2_ws/install/ros_kctrl_interface_pkg/include//nlohmann/json.hpp
[7.909s] -- Up-to-date: /home/arveds/ros2_ws/install/ros_kctrl_interface_pkg/include//ros_kctrl_interface_pkg
[7.909s] -- Installing: /home/arveds/ros2_ws/install/ros_kctrl_interface_pkg/include//ros_kctrl_interface_pkg/ros2ctrl_udp_receiver.hpp
[7.910s] -- Up-to-date: /home/arveds/ros2_ws/install/ros_kctrl_interface_pkg/include//ros_kctrl_interface_pkg/ros2ctrl_udp_client.hpp
[7.910s] -- Up-to-date: /home/arveds/ros2_ws/install/ros_kctrl_interface_pkg/share/ament_index/resource_index/package_run_dependencies/ros_kctrl_interface_pkg
[7.910s] -- Up-to-date: /home/arveds/ros2_ws/install/ros_kctrl_interface_pkg/share/ament_index/resource_index/parent_prefix_path/ros_kctrl_interface_pkg
[7.910s] -- Up-to-date: /home/arveds/ros2_ws/install/ros_kctrl_interface_pkg/share/ros_kctrl_interface_pkg/environment/ament_prefix_path.sh
[7.910s] -- Up-to-date: /home/arveds/ros2_ws/install/ros_kctrl_interface_pkg/share/ros_kctrl_interface_pkg/environment/ament_prefix_path.dsv
[7.910s] -- Up-to-date: /home/arveds/ros2_ws/install/ros_kctrl_interface_pkg/share/ros_kctrl_interface_pkg/environment/path.sh
[7.910s] -- Up-to-date: /home/arveds/ros2_ws/install/ros_kctrl_interface_pkg/share/ros_kctrl_interface_pkg/environment/path.dsv
[7.910s] -- Up-to-date: /home/arveds/ros2_ws/install/ros_kctrl_interface_pkg/share/ros_kctrl_interface_pkg/local_setup.bash
[7.910s] -- Up-to-date: /home/arveds/ros2_ws/install/ros_kctrl_interface_pkg/share/ros_kctrl_interface_pkg/local_setup.sh
[7.910s] -- Up-to-date: /home/arveds/ros2_ws/install/ros_kctrl_interface_pkg/share/ros_kctrl_interface_pkg/local_setup.zsh
[7.910s] -- Up-to-date: /home/arveds/ros2_ws/install/ros_kctrl_interface_pkg/share/ros_kctrl_interface_pkg/local_setup.dsv
[7.911s] -- Installing: /home/arveds/ros2_ws/install/ros_kctrl_interface_pkg/share/ros_kctrl_interface_pkg/package.dsv
[7.911s] -- Up-to-date: /home/arveds/ros2_ws/install/ros_kctrl_interface_pkg/share/ament_index/resource_index/packages/ros_kctrl_interface_pkg
[7.911s] -- Up-to-date: /home/arveds/ros2_ws/install/ros_kctrl_interface_pkg/share/ros_kctrl_interface_pkg/cmake/ros_kctrl_interface_pkgConfig.cmake
[7.911s] -- Up-to-date: /home/arveds/ros2_ws/install/ros_kctrl_interface_pkg/share/ros_kctrl_interface_pkg/cmake/ros_kctrl_interface_pkgConfig-version.cmake
[7.911s] -- Up-to-date: /home/arveds/ros2_ws/install/ros_kctrl_interface_pkg/share/ros_kctrl_interface_pkg/package.xml
[7.912s] Invoked command in '/home/arveds/ros2_ws/build/ros_kctrl_interface_pkg' returned '0': CMAKE_PREFIX_PATH=/home/arveds/ros2_ws/install/ros_kctrl_custom_interfaces:/home/arveds/ros2_ws/install/ros_kctrl_interface_pkg:/opt/ros/jazzy/opt/sdformat_vendor:/opt/ros/jazzy/opt/gz_math_vendor:/opt/ros/jazzy/opt/gz_utils_vendor:/opt/ros/jazzy/opt/gz_tools_vendor:/opt/ros/jazzy/opt/gz_cmake_vendor:/opt/ros/jazzy /usr/bin/cmake --install /home/arveds/ros2_ws/build/ros_kctrl_interface_pkg
