[0.041s] Invoking command in '/home/arveds/ros2_ws/build/ros_kctrl_interface_pkg': CMAKE_PREFIX_PATH=/home/arveds/ros2_ws/install/ros_kctrl_custom_interfaces:/home/arveds/ros2_ws/install/ros_kctrl_interface_pkg:/opt/ros/jazzy/opt/sdformat_vendor:/opt/ros/jazzy/opt/gz_math_vendor:/opt/ros/jazzy/opt/gz_utils_vendor:/opt/ros/jazzy/opt/gz_tools_vendor:/opt/ros/jazzy/opt/gz_cmake_vendor:/opt/ros/jazzy /usr/bin/cmake --build /home/arveds/ros2_ws/build/ros_kctrl_interface_pkg -- -j12 -l12
[0.090s] [ 33%] Built target ros2ctrl_udp_client
[0.094s] [ 66%] Built target ros2ctrl_udp_receiver
[0.117s] [100%] Built target ros2ctrl_wrapper_node
[0.127s] Invoked command in '/home/arveds/ros2_ws/build/ros_kctrl_interface_pkg' returned '0': CMAKE_PREFIX_PATH=/home/arveds/ros2_ws/install/ros_kctrl_custom_interfaces:/home/arveds/ros2_ws/install/ros_kctrl_interface_pkg:/opt/ros/jazzy/opt/sdformat_vendor:/opt/ros/jazzy/opt/gz_math_vendor:/opt/ros/jazzy/opt/gz_utils_vendor:/opt/ros/jazzy/opt/gz_tools_vendor:/opt/ros/jazzy/opt/gz_cmake_vendor:/opt/ros/jazzy /usr/bin/cmake --build /home/arveds/ros2_ws/build/ros_kctrl_interface_pkg -- -j12 -l12
[0.129s] Invoking command in '/home/arveds/ros2_ws/build/ros_kctrl_interface_pkg': CMAKE_PREFIX_PATH=/home/arveds/ros2_ws/install/ros_kctrl_custom_interfaces:/home/arveds/ros2_ws/install/ros_kctrl_interface_pkg:/opt/ros/jazzy/opt/sdformat_vendor:/opt/ros/jazzy/opt/gz_math_vendor:/opt/ros/jazzy/opt/gz_utils_vendor:/opt/ros/jazzy/opt/gz_tools_vendor:/opt/ros/jazzy/opt/gz_cmake_vendor:/opt/ros/jazzy /usr/bin/cmake --install /home/arveds/ros2_ws/build/ros_kctrl_interface_pkg
[0.137s] -- Install configuration: ""
[0.138s] -- Up-to-date: /home/arveds/ros2_ws/install/ros_kctrl_interface_pkg/lib/ros_kctrl_interface_pkg/ros2ctrl_wrapper_node
[0.139s] -- Up-to-date: /home/arveds/ros2_ws/install/ros_kctrl_interface_pkg/lib/ros_kctrl_interface_pkg/libros2ctrl_udp_client.a
[0.140s] -- Up-to-date: /home/arveds/ros2_ws/install/ros_kctrl_interface_pkg/lib/ros_kctrl_interface_pkg/ros2ctrl_udp_receiver
[0.140s] -- Up-to-date: /home/arveds/ros2_ws/install/ros_kctrl_interface_pkg/share/ros_kctrl_interface_pkg/launch
[0.140s] -- Up-to-date: /home/arveds/ros2_ws/install/ros_kctrl_interface_pkg/share/ros_kctrl_interface_pkg/launch/ros2_ctrl_launch.py
[0.140s] -- Up-to-date: /home/arveds/ros2_ws/install/ros_kctrl_interface_pkg/include/
[0.141s] -- Up-to-date: /home/arveds/ros2_ws/install/ros_kctrl_interface_pkg/include//nlohmann
[0.141s] -- Up-to-date: /home/arveds/ros2_ws/install/ros_kctrl_interface_pkg/include//nlohmann/json.hpp
[0.141s] -- Installing: /home/arveds/ros2_ws/install/ros_kctrl_interface_pkg/include//pu_params.xml
[0.141s] -- Up-to-date: /home/arveds/ros2_ws/install/ros_kctrl_interface_pkg/include//ros_kctrl_interface_pkg
[0.142s] -- Up-to-date: /home/arveds/ros2_ws/install/ros_kctrl_interface_pkg/include//ros_kctrl_interface_pkg/ros2ctrl_udp_receiver.hpp
[0.142s] -- Up-to-date: /home/arveds/ros2_ws/install/ros_kctrl_interface_pkg/include//ros_kctrl_interface_pkg/ros2ctrl_udp_client.hpp
[0.142s] -- Up-to-date: /home/arveds/ros2_ws/install/ros_kctrl_interface_pkg/share/ament_index/resource_index/package_run_dependencies/ros_kctrl_interface_pkg
[0.142s] -- Up-to-date: /home/arveds/ros2_ws/install/ros_kctrl_interface_pkg/share/ament_index/resource_index/parent_prefix_path/ros_kctrl_interface_pkg
[0.142s] -- Up-to-date: /home/arveds/ros2_ws/install/ros_kctrl_interface_pkg/share/ros_kctrl_interface_pkg/environment/ament_prefix_path.sh
[0.142s] -- Up-to-date: /home/arveds/ros2_ws/install/ros_kctrl_interface_pkg/share/ros_kctrl_interface_pkg/environment/ament_prefix_path.dsv
[0.143s] -- Up-to-date: /home/arveds/ros2_ws/install/ros_kctrl_interface_pkg/share/ros_kctrl_interface_pkg/environment/path.sh
[0.143s] -- Up-to-date: /home/arveds/ros2_ws/install/ros_kctrl_interface_pkg/share/ros_kctrl_interface_pkg/environment/path.dsv
[0.143s] -- Up-to-date: /home/arveds/ros2_ws/install/ros_kctrl_interface_pkg/share/ros_kctrl_interface_pkg/local_setup.bash
[0.143s] -- Up-to-date: /home/arveds/ros2_ws/install/ros_kctrl_interface_pkg/share/ros_kctrl_interface_pkg/local_setup.sh
[0.143s] -- Up-to-date: /home/arveds/ros2_ws/install/ros_kctrl_interface_pkg/share/ros_kctrl_interface_pkg/local_setup.zsh
[0.143s] -- Up-to-date: /home/arveds/ros2_ws/install/ros_kctrl_interface_pkg/share/ros_kctrl_interface_pkg/local_setup.dsv
[0.143s] -- Installing: /home/arveds/ros2_ws/install/ros_kctrl_interface_pkg/share/ros_kctrl_interface_pkg/package.dsv
[0.143s] -- Up-to-date: /home/arveds/ros2_ws/install/ros_kctrl_interface_pkg/share/ament_index/resource_index/packages/ros_kctrl_interface_pkg
[0.143s] -- Up-to-date: /home/arveds/ros2_ws/install/ros_kctrl_interface_pkg/share/ros_kctrl_interface_pkg/cmake/ros_kctrl_interface_pkgConfig.cmake
[0.143s] -- Up-to-date: /home/arveds/ros2_ws/install/ros_kctrl_interface_pkg/share/ros_kctrl_interface_pkg/cmake/ros_kctrl_interface_pkgConfig-version.cmake
[0.144s] -- Up-to-date: /home/arveds/ros2_ws/install/ros_kctrl_interface_pkg/share/ros_kctrl_interface_pkg/package.xml
[0.145s] Invoked command in '/home/arveds/ros2_ws/build/ros_kctrl_interface_pkg' returned '0': CMAKE_PREFIX_PATH=/home/arveds/ros2_ws/install/ros_kctrl_custom_interfaces:/home/arveds/ros2_ws/install/ros_kctrl_interface_pkg:/opt/ros/jazzy/opt/sdformat_vendor:/opt/ros/jazzy/opt/gz_math_vendor:/opt/ros/jazzy/opt/gz_utils_vendor:/opt/ros/jazzy/opt/gz_tools_vendor:/opt/ros/jazzy/opt/gz_cmake_vendor:/opt/ros/jazzy /usr/bin/cmake --install /home/arveds/ros2_ws/build/ros_kctrl_interface_pkg
