[0.057s] Invoking command in '/home/arveds/ros2_ws/build/ros_kctrl_interface_pkg': CMAKE_PREFIX_PATH=/home/arveds/ros2_ws/install/ros_kctrl_custom_interfaces:/home/arveds/ros2_ws/install/ros_kctrl_interface_pkg:/opt/ros/jazzy/opt/sdformat_vendor:/opt/ros/jazzy/opt/gz_math_vendor:/opt/ros/jazzy/opt/gz_utils_vendor:/opt/ros/jazzy/opt/gz_tools_vendor:/opt/ros/jazzy/opt/gz_cmake_vendor:/opt/ros/jazzy /usr/bin/cmake --build /home/arveds/ros2_ws/build/ros_kctrl_interface_pkg -- -j12 -l12
[0.083s] -- Found ament_cmake: 2.5.4 (/opt/ros/jazzy/share/ament_cmake/cmake)
[0.282s] -- Found rclcpp: 28.1.9 (/opt/ros/jazzy/share/rclcpp/cmake)
[0.351s] -- Found rosidl_generator_c: 4.6.5 (/opt/ros/jazzy/share/rosidl_generator_c/cmake)
[0.359s] -- Found rosidl_generator_cpp: 4.6.5 (/opt/ros/jazzy/share/rosidl_generator_cpp/cmake)
[0.371s] -- Using all available rosidl_typesupport_c: rosidl_typesupport_fastrtps_c;rosidl_typesupport_introspection_c
[0.385s] -- Using all available rosidl_typesupport_cpp: rosidl_typesupport_fastrtps_cpp;rosidl_typesupport_introspection_cpp
[0.467s] -- Found rmw_implementation_cmake: 7.3.2 (/opt/ros/jazzy/share/rmw_implementation_cmake/cmake)
[0.470s] -- Found rmw_fastrtps_cpp: 8.4.2 (/opt/ros/jazzy/share/rmw_fastrtps_cpp/cmake)
[0.585s] -- Using RMW implementation 'rmw_fastrtps_cpp' as default
[0.717s] -- Found std_msgs: 5.3.6 (/opt/ros/jazzy/share/std_msgs/cmake)
[0.752s] -- Found ros_kctrl_custom_interfaces: 0.0.0 (/home/arveds/ros2_ws/install/ros_kctrl_custom_interfaces/share/ros_kctrl_custom_interfaces/cmake)
[0.864s] -- Configuring done (0.8s)
[0.888s] -- Generating done (0.0s)
[0.894s] -- Build files have been written to: /home/arveds/ros2_ws/build/ros_kctrl_interface_pkg
[0.931s] [ 33%] Built target ros2ctrl_udp_client
[0.937s] [ 66%] Built target ros2ctrl_udp_receiver
[0.958s] [ 83%] [32mBuilding CXX object CMakeFiles/ros2ctrl_wrapper_node.dir/src/ros2ctrl_wrapper_node.cpp.o[0m
[6.780s] [100%] [32m[1mLinking CXX executable ros2ctrl_wrapper_node[0m
[7.018s] [100%] Built target ros2ctrl_wrapper_node
[7.029s] Invoked command in '/home/arveds/ros2_ws/build/ros_kctrl_interface_pkg' returned '0': CMAKE_PREFIX_PATH=/home/arveds/ros2_ws/install/ros_kctrl_custom_interfaces:/home/arveds/ros2_ws/install/ros_kctrl_interface_pkg:/opt/ros/jazzy/opt/sdformat_vendor:/opt/ros/jazzy/opt/gz_math_vendor:/opt/ros/jazzy/opt/gz_utils_vendor:/opt/ros/jazzy/opt/gz_tools_vendor:/opt/ros/jazzy/opt/gz_cmake_vendor:/opt/ros/jazzy /usr/bin/cmake --build /home/arveds/ros2_ws/build/ros_kctrl_interface_pkg -- -j12 -l12
[7.030s] Invoking command in '/home/arveds/ros2_ws/build/ros_kctrl_interface_pkg': CMAKE_PREFIX_PATH=/home/arveds/ros2_ws/install/ros_kctrl_custom_interfaces:/home/arveds/ros2_ws/install/ros_kctrl_interface_pkg:/opt/ros/jazzy/opt/sdformat_vendor:/opt/ros/jazzy/opt/gz_math_vendor:/opt/ros/jazzy/opt/gz_utils_vendor:/opt/ros/jazzy/opt/gz_tools_vendor:/opt/ros/jazzy/opt/gz_cmake_vendor:/opt/ros/jazzy /usr/bin/cmake --install /home/arveds/ros2_ws/build/ros_kctrl_interface_pkg
[7.037s] -- Install configuration: ""
[7.039s] -- Installing: /home/arveds/ros2_ws/install/ros_kctrl_interface_pkg/lib/ros_kctrl_interface_pkg/ros2ctrl_wrapper_node
[7.042s] -- Set non-toolchain portion of runtime path of "/home/arveds/ros2_ws/install/ros_kctrl_interface_pkg/lib/ros_kctrl_interface_pkg/ros2ctrl_wrapper_node" to ""
[7.042s] -- Installing: /home/arveds/ros2_ws/install/ros_kctrl_interface_pkg/lib/ros_kctrl_interface_pkg/libros2ctrl_udp_client.a
[7.044s] -- Up-to-date: /home/arveds/ros2_ws/install/ros_kctrl_interface_pkg/lib/ros_kctrl_interface_pkg/ros2ctrl_udp_receiver
[7.044s] -- Up-to-date: /home/arveds/ros2_ws/install/ros_kctrl_interface_pkg/include/
[7.044s] -- Up-to-date: /home/arveds/ros2_ws/install/ros_kctrl_interface_pkg/include//nlohmann
[7.045s] -- Up-to-date: /home/arveds/ros2_ws/install/ros_kctrl_interface_pkg/include//nlohmann/json.hpp
[7.045s] -- Up-to-date: /home/arveds/ros2_ws/install/ros_kctrl_interface_pkg/include//ros_kctrl_interface_pkg
[7.045s] -- Up-to-date: /home/arveds/ros2_ws/install/ros_kctrl_interface_pkg/include//ros_kctrl_interface_pkg/ros2ctrl_udp_receiver.hpp
[7.046s] -- Installing: /home/arveds/ros2_ws/install/ros_kctrl_interface_pkg/include//ros_kctrl_interface_pkg/ros2ctrl_udp_client.hpp
[7.046s] -- Up-to-date: /home/arveds/ros2_ws/install/ros_kctrl_interface_pkg/share/ament_index/resource_index/package_run_dependencies/ros_kctrl_interface_pkg
[7.046s] -- Up-to-date: /home/arveds/ros2_ws/install/ros_kctrl_interface_pkg/share/ament_index/resource_index/parent_prefix_path/ros_kctrl_interface_pkg
[7.046s] -- Up-to-date: /home/arveds/ros2_ws/install/ros_kctrl_interface_pkg/share/ros_kctrl_interface_pkg/environment/ament_prefix_path.sh
[7.046s] -- Up-to-date: /home/arveds/ros2_ws/install/ros_kctrl_interface_pkg/share/ros_kctrl_interface_pkg/environment/ament_prefix_path.dsv
[7.047s] -- Up-to-date: /home/arveds/ros2_ws/install/ros_kctrl_interface_pkg/share/ros_kctrl_interface_pkg/environment/path.sh
[7.047s] -- Up-to-date: /home/arveds/ros2_ws/install/ros_kctrl_interface_pkg/share/ros_kctrl_interface_pkg/environment/path.dsv
[7.047s] -- Up-to-date: /home/arveds/ros2_ws/install/ros_kctrl_interface_pkg/share/ros_kctrl_interface_pkg/local_setup.bash
[7.047s] -- Up-to-date: /home/arveds/ros2_ws/install/ros_kctrl_interface_pkg/share/ros_kctrl_interface_pkg/local_setup.sh
[7.047s] -- Up-to-date: /home/arveds/ros2_ws/install/ros_kctrl_interface_pkg/share/ros_kctrl_interface_pkg/local_setup.zsh
[7.048s] -- Up-to-date: /home/arveds/ros2_ws/install/ros_kctrl_interface_pkg/share/ros_kctrl_interface_pkg/local_setup.dsv
[7.048s] -- Installing: /home/arveds/ros2_ws/install/ros_kctrl_interface_pkg/share/ros_kctrl_interface_pkg/package.dsv
[7.048s] -- Up-to-date: /home/arveds/ros2_ws/install/ros_kctrl_interface_pkg/share/ament_index/resource_index/packages/ros_kctrl_interface_pkg
[7.048s] -- Up-to-date: /home/arveds/ros2_ws/install/ros_kctrl_interface_pkg/share/ros_kctrl_interface_pkg/cmake/ros_kctrl_interface_pkgConfig.cmake
[7.048s] -- Up-to-date: /home/arveds/ros2_ws/install/ros_kctrl_interface_pkg/share/ros_kctrl_interface_pkg/cmake/ros_kctrl_interface_pkgConfig-version.cmake
[7.048s] -- Up-to-date: /home/arveds/ros2_ws/install/ros_kctrl_interface_pkg/share/ros_kctrl_interface_pkg/package.xml
[7.050s] Invoked command in '/home/arveds/ros2_ws/build/ros_kctrl_interface_pkg' returned '0': CMAKE_PREFIX_PATH=/home/arveds/ros2_ws/install/ros_kctrl_custom_interfaces:/home/arveds/ros2_ws/install/ros_kctrl_interface_pkg:/opt/ros/jazzy/opt/sdformat_vendor:/opt/ros/jazzy/opt/gz_math_vendor:/opt/ros/jazzy/opt/gz_utils_vendor:/opt/ros/jazzy/opt/gz_tools_vendor:/opt/ros/jazzy/opt/gz_cmake_vendor:/opt/ros/jazzy /usr/bin/cmake --install /home/arveds/ros2_ws/build/ros_kctrl_interface_pkg
