[0.045s] Invoking command in '/home/arveds/ros2_ws/build/ros_kctrl_interface_pkg': CMAKE_PREFIX_PATH=/home/arveds/ros2_ws/install/ros_kctrl_custom_interfaces:/home/arveds/ros2_ws/install/ros_kctrl_interface_pkg:/opt/ros/jazzy/opt/sdformat_vendor:/opt/ros/jazzy/opt/gz_math_vendor:/opt/ros/jazzy/opt/gz_utils_vendor:/opt/ros/jazzy/opt/gz_tools_vendor:/opt/ros/jazzy/opt/gz_cmake_vendor:/opt/ros/jazzy /usr/bin/cmake --build /home/arveds/ros2_ws/build/ros_kctrl_interface_pkg -- -j12 -l12
[0.102s] [ 33%] Built target ros2ctrl_udp_client
[0.115s] [ 50%] [32mBuilding CXX object CMakeFiles/ros2ctrl_udp_reciever.dir/src/ros2ctrl_udp_reciever.cpp.o[0m
[0.133s] [ 83%] Built target ros2ctrl_wrapper_node
[8.545s] [100%] [32m[1mLinking CXX executable ros2ctrl_udp_reciever[0m
[8.829s] [100%] Built target ros2ctrl_udp_reciever
[8.840s] Invoked command in '/home/arveds/ros2_ws/build/ros_kctrl_interface_pkg' returned '0': CMAKE_PREFIX_PATH=/home/arveds/ros2_ws/install/ros_kctrl_custom_interfaces:/home/arveds/ros2_ws/install/ros_kctrl_interface_pkg:/opt/ros/jazzy/opt/sdformat_vendor:/opt/ros/jazzy/opt/gz_math_vendor:/opt/ros/jazzy/opt/gz_utils_vendor:/opt/ros/jazzy/opt/gz_tools_vendor:/opt/ros/jazzy/opt/gz_cmake_vendor:/opt/ros/jazzy /usr/bin/cmake --build /home/arveds/ros2_ws/build/ros_kctrl_interface_pkg -- -j12 -l12
[8.841s] Invoking command in '/home/arveds/ros2_ws/build/ros_kctrl_interface_pkg': CMAKE_PREFIX_PATH=/home/arveds/ros2_ws/install/ros_kctrl_custom_interfaces:/home/arveds/ros2_ws/install/ros_kctrl_interface_pkg:/opt/ros/jazzy/opt/sdformat_vendor:/opt/ros/jazzy/opt/gz_math_vendor:/opt/ros/jazzy/opt/gz_utils_vendor:/opt/ros/jazzy/opt/gz_tools_vendor:/opt/ros/jazzy/opt/gz_cmake_vendor:/opt/ros/jazzy /usr/bin/cmake --install /home/arveds/ros2_ws/build/ros_kctrl_interface_pkg
[8.850s] -- Install configuration: ""
[8.851s] -- Up-to-date: /home/arveds/ros2_ws/install/ros_kctrl_interface_pkg/lib/ros_kctrl_interface_pkg/ros2ctrl_wrapper_node
[8.852s] -- Up-to-date: /home/arveds/ros2_ws/install/ros_kctrl_interface_pkg/lib/ros_kctrl_interface_pkg/libros2ctrl_udp_client.a
[8.852s] -- Installing: /home/arveds/ros2_ws/install/ros_kctrl_interface_pkg/lib/ros_kctrl_interface_pkg/ros2ctrl_udp_reciever
[8.855s] -- Set non-toolchain portion of runtime path of "/home/arveds/ros2_ws/install/ros_kctrl_interface_pkg/lib/ros_kctrl_interface_pkg/ros2ctrl_udp_reciever" to ""
[8.855s] -- Up-to-date: /home/arveds/ros2_ws/install/ros_kctrl_interface_pkg/include/
[8.856s] -- Up-to-date: /home/arveds/ros2_ws/install/ros_kctrl_interface_pkg/include//nlohmann
[8.856s] -- Up-to-date: /home/arveds/ros2_ws/install/ros_kctrl_interface_pkg/include//nlohmann/json.hpp
[8.856s] -- Up-to-date: /home/arveds/ros2_ws/install/ros_kctrl_interface_pkg/include//ros_kctrl_interface_pkg
[8.856s] -- Up-to-date: /home/arveds/ros2_ws/install/ros_kctrl_interface_pkg/include//ros_kctrl_interface_pkg/ros2ctrl_udp_client.hpp
[8.856s] -- Up-to-date: /home/arveds/ros2_ws/install/ros_kctrl_interface_pkg/share/ament_index/resource_index/package_run_dependencies/ros_kctrl_interface_pkg
[8.857s] -- Up-to-date: /home/arveds/ros2_ws/install/ros_kctrl_interface_pkg/share/ament_index/resource_index/parent_prefix_path/ros_kctrl_interface_pkg
[8.857s] -- Up-to-date: /home/arveds/ros2_ws/install/ros_kctrl_interface_pkg/share/ros_kctrl_interface_pkg/environment/ament_prefix_path.sh
[8.857s] -- Up-to-date: /home/arveds/ros2_ws/install/ros_kctrl_interface_pkg/share/ros_kctrl_interface_pkg/environment/ament_prefix_path.dsv
[8.857s] -- Up-to-date: /home/arveds/ros2_ws/install/ros_kctrl_interface_pkg/share/ros_kctrl_interface_pkg/environment/path.sh
[8.857s] -- Up-to-date: /home/arveds/ros2_ws/install/ros_kctrl_interface_pkg/share/ros_kctrl_interface_pkg/environment/path.dsv
[8.858s] -- Up-to-date: /home/arveds/ros2_ws/install/ros_kctrl_interface_pkg/share/ros_kctrl_interface_pkg/local_setup.bash
[8.858s] -- Up-to-date: /home/arveds/ros2_ws/install/ros_kctrl_interface_pkg/share/ros_kctrl_interface_pkg/local_setup.sh
[8.858s] -- Up-to-date: /home/arveds/ros2_ws/install/ros_kctrl_interface_pkg/share/ros_kctrl_interface_pkg/local_setup.zsh
[8.858s] -- Up-to-date: /home/arveds/ros2_ws/install/ros_kctrl_interface_pkg/share/ros_kctrl_interface_pkg/local_setup.dsv
[8.858s] -- Installing: /home/arveds/ros2_ws/install/ros_kctrl_interface_pkg/share/ros_kctrl_interface_pkg/package.dsv
[8.859s] -- Up-to-date: /home/arveds/ros2_ws/install/ros_kctrl_interface_pkg/share/ament_index/resource_index/packages/ros_kctrl_interface_pkg
[8.859s] -- Up-to-date: /home/arveds/ros2_ws/install/ros_kctrl_interface_pkg/share/ros_kctrl_interface_pkg/cmake/ros_kctrl_interface_pkgConfig.cmake
[8.860s] -- Up-to-date: /home/arveds/ros2_ws/install/ros_kctrl_interface_pkg/share/ros_kctrl_interface_pkg/cmake/ros_kctrl_interface_pkgConfig-version.cmake
[8.860s] -- Up-to-date: /home/arveds/ros2_ws/install/ros_kctrl_interface_pkg/share/ros_kctrl_interface_pkg/package.xml
[8.861s] Invoked command in '/home/arveds/ros2_ws/build/ros_kctrl_interface_pkg' returned '0': CMAKE_PREFIX_PATH=/home/arveds/ros2_ws/install/ros_kctrl_custom_interfaces:/home/arveds/ros2_ws/install/ros_kctrl_interface_pkg:/opt/ros/jazzy/opt/sdformat_vendor:/opt/ros/jazzy/opt/gz_math_vendor:/opt/ros/jazzy/opt/gz_utils_vendor:/opt/ros/jazzy/opt/gz_tools_vendor:/opt/ros/jazzy/opt/gz_cmake_vendor:/opt/ros/jazzy /usr/bin/cmake --install /home/arveds/ros2_ws/build/ros_kctrl_interface_pkg
