[0.016s] Invoking command in '/home/arveds/ros2_ws/build/ros_kctrl_custom_interfaces': CMAKE_PREFIX_PATH=${CMAKE_PREFIX_PATH}:/opt/ros/jazzy /usr/bin/cmake --build /home/arveds/ros2_ws/build/ros_kctrl_custom_interfaces -- -j12 -l12
[0.124s] [  1%] Built target ros_kctrl_custom_interfaces__rosidl_generator_type_description
[0.149s] [  1%] Built target ament_cmake_python_copy_ros_kctrl_custom_interfaces
[0.152s] [  2%] Built target ros_kctrl_custom_interfaces__cpp
[0.160s] [ 25%] Built target ros_kctrl_custom_interfaces__rosidl_generator_c
[0.203s] [ 43%] Built target ros_kctrl_custom_interfaces__rosidl_typesupport_c
[0.204s] [ 44%] Built target ros_kctrl_custom_interfaces__rosidl_typesupport_introspection_c
[0.208s] [ 54%] Built target ros_kctrl_custom_interfaces__rosidl_typesupport_fastrtps_cpp
[0.209s] [ 64%] Built target ros_kctrl_custom_interfaces__rosidl_typesupport_cpp
[0.210s] [ 79%] Built target ros_kctrl_custom_interfaces__rosidl_typesupport_fastrtps_c
[0.211s] [ 82%] Built target ros_kctrl_custom_interfaces__rosidl_typesupport_introspection_cpp
[0.241s] [ 82%] Built target ros_kctrl_custom_interfaces
[0.268s] [ 83%] Built target ros_kctrl_custom_interfaces__py
[0.299s] [ 91%] Built target ros_kctrl_custom_interfaces__rosidl_generator_py
[0.328s] [100%] Built target ros_kctrl_custom_interfaces_s__rosidl_typesupport_introspection_c
[0.328s] [100%] Built target ros_kctrl_custom_interfaces_s__rosidl_typesupport_fastrtps_c
[0.328s] [100%] Built target ros_kctrl_custom_interfaces_s__rosidl_typesupport_c
[0.436s] running egg_info
[0.458s] writing ros_kctrl_custom_interfaces.egg-info/PKG-INFO
[0.459s] writing dependency_links to ros_kctrl_custom_interfaces.egg-info/dependency_links.txt
[0.459s] writing top-level names to ros_kctrl_custom_interfaces.egg-info/top_level.txt
[0.530s] reading manifest file 'ros_kctrl_custom_interfaces.egg-info/SOURCES.txt'
[0.533s] writing manifest file 'ros_kctrl_custom_interfaces.egg-info/SOURCES.txt'
[0.560s] [100%] Built target ament_cmake_python_build_ros_kctrl_custom_interfaces_egg
[0.571s] Invoked command in '/home/arveds/ros2_ws/build/ros_kctrl_custom_interfaces' returned '0': CMAKE_PREFIX_PATH=${CMAKE_PREFIX_PATH}:/opt/ros/jazzy /usr/bin/cmake --build /home/arveds/ros2_ws/build/ros_kctrl_custom_interfaces -- -j12 -l12
[0.582s] Invoking command in '/home/arveds/ros2_ws/build/ros_kctrl_custom_interfaces': CMAKE_PREFIX_PATH=${CMAKE_PREFIX_PATH}:/opt/ros/jazzy /usr/bin/cmake --install /home/arveds/ros2_ws/build/ros_kctrl_custom_interfaces
[0.592s] -- Install configuration: ""
[0.594s] -- Up-to-date: /home/arveds/ros2_ws/install/ros_kctrl_custom_interfaces/share/ament_index/resource_index/rosidl_interfaces/ros_kctrl_custom_interfaces
[0.594s] -- Up-to-date: /home/arveds/ros2_ws/install/ros_kctrl_custom_interfaces/share/ros_kctrl_custom_interfaces/srv/StartSounder.json
[0.594s] -- Up-to-date: /home/arveds/ros2_ws/install/ros_kctrl_custom_interfaces/share/ros_kctrl_custom_interfaces/srv/StartPinging.json
[0.594s] -- Up-to-date: /home/arveds/ros2_ws/install/ros_kctrl_custom_interfaces/share/ros_kctrl_custom_interfaces/srv/StopPinging.json
[0.594s] -- Up-to-date: /home/arveds/ros2_ws/install/ros_kctrl_custom_interfaces/share/ros_kctrl_custom_interfaces/srv/SetPUParameters.json
[0.594s] -- Up-to-date: /home/arveds/ros2_ws/install/ros_kctrl_custom_interfaces/share/ros_kctrl_custom_interfaces/srv/RequestPUParameters.json
[0.595s] -- Up-to-date: /home/arveds/ros2_ws/install/ros_kctrl_custom_interfaces/include/ros_kctrl_custom_interfaces/ros_kctrl_custom_interfaces
[0.595s] -- Up-to-date: /home/arveds/ros2_ws/install/ros_kctrl_custom_interfaces/include/ros_kctrl_custom_interfaces/ros_kctrl_custom_interfaces/msg
[0.595s] -- Up-to-date: /home/arveds/ros2_ws/install/ros_kctrl_custom_interfaces/include/ros_kctrl_custom_interfaces/ros_kctrl_custom_interfaces/msg/rosidl_generator_c__visibility_control.h
[0.595s] -- Up-to-date: /home/arveds/ros2_ws/install/ros_kctrl_custom_interfaces/include/ros_kctrl_custom_interfaces/ros_kctrl_custom_interfaces/srv
[0.595s] -- Up-to-date: /home/arveds/ros2_ws/install/ros_kctrl_custom_interfaces/include/ros_kctrl_custom_interfaces/ros_kctrl_custom_interfaces/srv/stop_pinging.h
[0.595s] -- Up-to-date: /home/arveds/ros2_ws/install/ros_kctrl_custom_interfaces/include/ros_kctrl_custom_interfaces/ros_kctrl_custom_interfaces/srv/set_pu_parameters.h
[0.596s] -- Up-to-date: /home/arveds/ros2_ws/install/ros_kctrl_custom_interfaces/include/ros_kctrl_custom_interfaces/ros_kctrl_custom_interfaces/srv/detail
[0.596s] -- Up-to-date: /home/arveds/ros2_ws/install/ros_kctrl_custom_interfaces/include/ros_kctrl_custom_interfaces/ros_kctrl_custom_interfaces/srv/detail/start_pinging__struct.h
[0.596s] -- Up-to-date: /home/arveds/ros2_ws/install/ros_kctrl_custom_interfaces/include/ros_kctrl_custom_interfaces/ros_kctrl_custom_interfaces/srv/detail/start_sounder__functions.c
[0.596s] -- Up-to-date: /home/arveds/ros2_ws/install/ros_kctrl_custom_interfaces/include/ros_kctrl_custom_interfaces/ros_kctrl_custom_interfaces/srv/detail/start_pinging__functions.c
[0.597s] -- Up-to-date: /home/arveds/ros2_ws/install/ros_kctrl_custom_interfaces/include/ros_kctrl_custom_interfaces/ros_kctrl_custom_interfaces/srv/detail/stop_pinging__type_support.h
[0.597s] -- Up-to-date: /home/arveds/ros2_ws/install/ros_kctrl_custom_interfaces/include/ros_kctrl_custom_interfaces/ros_kctrl_custom_interfaces/srv/detail/request_pu_parameters__struct.h
[0.597s] -- Up-to-date: /home/arveds/ros2_ws/install/ros_kctrl_custom_interfaces/include/ros_kctrl_custom_interfaces/ros_kctrl_custom_interfaces/srv/detail/stop_pinging__struct.h
[0.597s] -- Up-to-date: /home/arveds/ros2_ws/install/ros_kctrl_custom_interfaces/include/ros_kctrl_custom_interfaces/ros_kctrl_custom_interfaces/srv/detail/start_sounder__description.c
[0.597s] -- Up-to-date: /home/arveds/ros2_ws/install/ros_kctrl_custom_interfaces/include/ros_kctrl_custom_interfaces/ros_kctrl_custom_interfaces/srv/detail/stop_pinging__functions.c
[0.598s] -- Up-to-date: /home/arveds/ros2_ws/install/ros_kctrl_custom_interfaces/include/ros_kctrl_custom_interfaces/ros_kctrl_custom_interfaces/srv/detail/set_pu_parameters__type_support.h
[0.598s] -- Up-to-date: /home/arveds/ros2_ws/install/ros_kctrl_custom_interfaces/include/ros_kctrl_custom_interfaces/ros_kctrl_custom_interfaces/srv/detail/set_pu_parameters__description.c
[0.598s] -- Up-to-date: /home/arveds/ros2_ws/install/ros_kctrl_custom_interfaces/include/ros_kctrl_custom_interfaces/ros_kctrl_custom_interfaces/srv/detail/start_sounder__functions.h
[0.598s] -- Up-to-date: /home/arveds/ros2_ws/install/ros_kctrl_custom_interfaces/include/ros_kctrl_custom_interfaces/ros_kctrl_custom_interfaces/srv/detail/stop_pinging__description.c
[0.598s] -- Up-to-date: /home/arveds/ros2_ws/install/ros_kctrl_custom_interfaces/include/ros_kctrl_custom_interfaces/ros_kctrl_custom_interfaces/srv/detail/start_pinging__functions.h
[0.599s] -- Up-to-date: /home/arveds/ros2_ws/install/ros_kctrl_custom_interfaces/include/ros_kctrl_custom_interfaces/ros_kctrl_custom_interfaces/srv/detail/stop_pinging__type_support.c
[0.599s] -- Up-to-date: /home/arveds/ros2_ws/install/ros_kctrl_custom_interfaces/include/ros_kctrl_custom_interfaces/ros_kctrl_custom_interfaces/srv/detail/start_sounder__type_support.c
[0.599s] -- Up-to-date: /home/arveds/ros2_ws/install/ros_kctrl_custom_interfaces/include/ros_kctrl_custom_interfaces/ros_kctrl_custom_interfaces/srv/detail/stop_pinging__functions.h
[0.599s] -- Up-to-date: /home/arveds/ros2_ws/install/ros_kctrl_custom_interfaces/include/ros_kctrl_custom_interfaces/ros_kctrl_custom_interfaces/srv/detail/start_pinging__description.c
[0.599s] -- Up-to-date: /home/arveds/ros2_ws/install/ros_kctrl_custom_interfaces/include/ros_kctrl_custom_interfaces/ros_kctrl_custom_interfaces/srv/detail/request_pu_parameters__type_support.c
[0.599s] -- Up-to-date: /home/arveds/ros2_ws/install/ros_kctrl_custom_interfaces/include/ros_kctrl_custom_interfaces/ros_kctrl_custom_interfaces/srv/detail/set_pu_parameters__functions.h
[0.599s] -- Up-to-date: /home/arveds/ros2_ws/install/ros_kctrl_custom_interfaces/include/ros_kctrl_custom_interfaces/ros_kctrl_custom_interfaces/srv/detail/start_pinging__type_support.h
[0.600s] -- Up-to-date: /home/arveds/ros2_ws/install/ros_kctrl_custom_interfaces/include/ros_kctrl_custom_interfaces/ros_kctrl_custom_interfaces/srv/detail/start_pinging__type_support.c
[0.600s] -- Up-to-date: /home/arveds/ros2_ws/install/ros_kctrl_custom_interfaces/include/ros_kctrl_custom_interfaces/ros_kctrl_custom_interfaces/srv/detail/request_pu_parameters__description.c
[0.600s] -- Up-to-date: /home/arveds/ros2_ws/install/ros_kctrl_custom_interfaces/include/ros_kctrl_custom_interfaces/ros_kctrl_custom_interfaces/srv/detail/set_pu_parameters__functions.c
[0.600s] -- Up-to-date: /home/arveds/ros2_ws/install/ros_kctrl_custom_interfaces/include/ros_kctrl_custom_interfaces/ros_kctrl_custom_interfaces/srv/detail/request_pu_parameters__functions.c
[0.600s] -- Up-to-date: /home/arveds/ros2_ws/install/ros_kctrl_custom_interfaces/include/ros_kctrl_custom_interfaces/ros_kctrl_custom_interfaces/srv/detail/request_pu_parameters__type_support.h
[0.600s] -- Up-to-date: /home/arveds/ros2_ws/install/ros_kctrl_custom_interfaces/include/ros_kctrl_custom_interfaces/ros_kctrl_custom_interfaces/srv/detail/set_pu_parameters__type_support.c
[0.601s] -- Up-to-date: /home/arveds/ros2_ws/install/ros_kctrl_custom_interfaces/include/ros_kctrl_custom_interfaces/ros_kctrl_custom_interfaces/srv/detail/start_sounder__struct.h
[0.601s] -- Up-to-date: /home/arveds/ros2_ws/install/ros_kctrl_custom_interfaces/include/ros_kctrl_custom_interfaces/ros_kctrl_custom_interfaces/srv/detail/start_sounder__type_support.h
[0.601s] -- Up-to-date: /home/arveds/ros2_ws/install/ros_kctrl_custom_interfaces/include/ros_kctrl_custom_interfaces/ros_kctrl_custom_interfaces/srv/detail/set_pu_parameters__struct.h
[0.601s] -- Up-to-date: /home/arveds/ros2_ws/install/ros_kctrl_custom_interfaces/include/ros_kctrl_custom_interfaces/ros_kctrl_custom_interfaces/srv/detail/request_pu_parameters__functions.h
[0.601s] -- Up-to-date: /home/arveds/ros2_ws/install/ros_kctrl_custom_interfaces/include/ros_kctrl_custom_interfaces/ros_kctrl_custom_interfaces/srv/start_sounder.h
[0.602s] -- Up-to-date: /home/arveds/ros2_ws/install/ros_kctrl_custom_interfaces/include/ros_kctrl_custom_interfaces/ros_kctrl_custom_interfaces/srv/request_pu_parameters.h
[0.602s] -- Up-to-date: /home/arveds/ros2_ws/install/ros_kctrl_custom_interfaces/include/ros_kctrl_custom_interfaces/ros_kctrl_custom_interfaces/srv/start_pinging.h
[0.602s] -- Up-to-date: /home/arveds/ros2_ws/install/ros_kctrl_custom_interfaces/share/ros_kctrl_custom_interfaces/environment/library_path.sh
[0.602s] -- Up-to-date: /home/arveds/ros2_ws/install/ros_kctrl_custom_interfaces/share/ros_kctrl_custom_interfaces/environment/library_path.dsv
[0.602s] -- Up-to-date: /home/arveds/ros2_ws/install/ros_kctrl_custom_interfaces/lib/libros_kctrl_custom_interfaces__rosidl_generator_c.so
[0.603s] -- Up-to-date: /home/arveds/ros2_ws/install/ros_kctrl_custom_interfaces/include/ros_kctrl_custom_interfaces/ros_kctrl_custom_interfaces
[0.603s] -- Up-to-date: /home/arveds/ros2_ws/install/ros_kctrl_custom_interfaces/include/ros_kctrl_custom_interfaces/ros_kctrl_custom_interfaces/msg
[0.603s] -- Up-to-date: /home/arveds/ros2_ws/install/ros_kctrl_custom_interfaces/include/ros_kctrl_custom_interfaces/ros_kctrl_custom_interfaces/msg/rosidl_typesupport_fastrtps_c__visibility_control.h
[0.603s] -- Up-to-date: /home/arveds/ros2_ws/install/ros_kctrl_custom_interfaces/include/ros_kctrl_custom_interfaces/ros_kctrl_custom_interfaces/srv
[0.603s] -- Up-to-date: /home/arveds/ros2_ws/install/ros_kctrl_custom_interfaces/include/ros_kctrl_custom_interfaces/ros_kctrl_custom_interfaces/srv/detail
[0.604s] -- Up-to-date: /home/arveds/ros2_ws/install/ros_kctrl_custom_interfaces/include/ros_kctrl_custom_interfaces/ros_kctrl_custom_interfaces/srv/detail/set_pu_parameters__rosidl_typesupport_fastrtps_c.h
[0.604s] -- Up-to-date: /home/arveds/ros2_ws/install/ros_kctrl_custom_interfaces/include/ros_kctrl_custom_interfaces/ros_kctrl_custom_interfaces/srv/detail/request_pu_parameters__rosidl_typesupport_fastrtps_c.h
[0.604s] -- Up-to-date: /home/arveds/ros2_ws/install/ros_kctrl_custom_interfaces/include/ros_kctrl_custom_interfaces/ros_kctrl_custom_interfaces/srv/detail/start_sounder__rosidl_typesupport_fastrtps_c.h
[0.604s] -- Up-to-date: /home/arveds/ros2_ws/install/ros_kctrl_custom_interfaces/include/ros_kctrl_custom_interfaces/ros_kctrl_custom_interfaces/srv/detail/start_pinging__rosidl_typesupport_fastrtps_c.h
[0.605s] -- Up-to-date: /home/arveds/ros2_ws/install/ros_kctrl_custom_interfaces/include/ros_kctrl_custom_interfaces/ros_kctrl_custom_interfaces/srv/detail/stop_pinging__rosidl_typesupport_fastrtps_c.h
[0.605s] -- Up-to-date: /home/arveds/ros2_ws/install/ros_kctrl_custom_interfaces/lib/libros_kctrl_custom_interfaces__rosidl_typesupport_fastrtps_c.so
[0.605s] -- Up-to-date: /home/arveds/ros2_ws/install/ros_kctrl_custom_interfaces/include/ros_kctrl_custom_interfaces/ros_kctrl_custom_interfaces
[0.605s] -- Up-to-date: /home/arveds/ros2_ws/install/ros_kctrl_custom_interfaces/include/ros_kctrl_custom_interfaces/ros_kctrl_custom_interfaces/msg
[0.606s] -- Up-to-date: /home/arveds/ros2_ws/install/ros_kctrl_custom_interfaces/include/ros_kctrl_custom_interfaces/ros_kctrl_custom_interfaces/msg/rosidl_typesupport_introspection_c__visibility_control.h
[0.606s] -- Up-to-date: /home/arveds/ros2_ws/install/ros_kctrl_custom_interfaces/include/ros_kctrl_custom_interfaces/ros_kctrl_custom_interfaces/srv
[0.606s] -- Up-to-date: /home/arveds/ros2_ws/install/ros_kctrl_custom_interfaces/include/ros_kctrl_custom_interfaces/ros_kctrl_custom_interfaces/srv/detail
[0.606s] -- Up-to-date: /home/arveds/ros2_ws/install/ros_kctrl_custom_interfaces/include/ros_kctrl_custom_interfaces/ros_kctrl_custom_interfaces/srv/detail/start_pinging__rosidl_typesupport_introspection_c.h
[0.606s] -- Up-to-date: /home/arveds/ros2_ws/install/ros_kctrl_custom_interfaces/include/ros_kctrl_custom_interfaces/ros_kctrl_custom_interfaces/srv/detail/set_pu_parameters__rosidl_typesupport_introspection_c.h
[0.607s] -- Up-to-date: /home/arveds/ros2_ws/install/ros_kctrl_custom_interfaces/include/ros_kctrl_custom_interfaces/ros_kctrl_custom_interfaces/srv/detail/start_sounder__rosidl_typesupport_introspection_c.h
[0.607s] -- Up-to-date: /home/arveds/ros2_ws/install/ros_kctrl_custom_interfaces/include/ros_kctrl_custom_interfaces/ros_kctrl_custom_interfaces/srv/detail/stop_pinging__type_support.c
[0.607s] -- Up-to-date: /home/arveds/ros2_ws/install/ros_kctrl_custom_interfaces/include/ros_kctrl_custom_interfaces/ros_kctrl_custom_interfaces/srv/detail/start_sounder__type_support.c
[0.607s] -- Up-to-date: /home/arveds/ros2_ws/install/ros_kctrl_custom_interfaces/include/ros_kctrl_custom_interfaces/ros_kctrl_custom_interfaces/srv/detail/request_pu_parameters__rosidl_typesupport_introspection_c.h
[0.608s] -- Up-to-date: /home/arveds/ros2_ws/install/ros_kctrl_custom_interfaces/include/ros_kctrl_custom_interfaces/ros_kctrl_custom_interfaces/srv/detail/request_pu_parameters__type_support.c
[0.608s] -- Up-to-date: /home/arveds/ros2_ws/install/ros_kctrl_custom_interfaces/include/ros_kctrl_custom_interfaces/ros_kctrl_custom_interfaces/srv/detail/start_pinging__type_support.c
[0.608s] -- Up-to-date: /home/arveds/ros2_ws/install/ros_kctrl_custom_interfaces/include/ros_kctrl_custom_interfaces/ros_kctrl_custom_interfaces/srv/detail/stop_pinging__rosidl_typesupport_introspection_c.h
[0.608s] -- Up-to-date: /home/arveds/ros2_ws/install/ros_kctrl_custom_interfaces/include/ros_kctrl_custom_interfaces/ros_kctrl_custom_interfaces/srv/detail/set_pu_parameters__type_support.c
[0.608s] -- Up-to-date: /home/arveds/ros2_ws/install/ros_kctrl_custom_interfaces/lib/libros_kctrl_custom_interfaces__rosidl_typesupport_introspection_c.so
[0.608s] -- Up-to-date: /home/arveds/ros2_ws/install/ros_kctrl_custom_interfaces/lib/libros_kctrl_custom_interfaces__rosidl_typesupport_c.so
[0.609s] -- Up-to-date: /home/arveds/ros2_ws/install/ros_kctrl_custom_interfaces/include/ros_kctrl_custom_interfaces/ros_kctrl_custom_interfaces
[0.609s] -- Up-to-date: /home/arveds/ros2_ws/install/ros_kctrl_custom_interfaces/include/ros_kctrl_custom_interfaces/ros_kctrl_custom_interfaces/msg
[0.609s] -- Up-to-date: /home/arveds/ros2_ws/install/ros_kctrl_custom_interfaces/include/ros_kctrl_custom_interfaces/ros_kctrl_custom_interfaces/msg/rosidl_generator_cpp__visibility_control.hpp
[0.609s] -- Up-to-date: /home/arveds/ros2_ws/install/ros_kctrl_custom_interfaces/include/ros_kctrl_custom_interfaces/ros_kctrl_custom_interfaces/srv
[0.610s] -- Up-to-date: /home/arveds/ros2_ws/install/ros_kctrl_custom_interfaces/include/ros_kctrl_custom_interfaces/ros_kctrl_custom_interfaces/srv/request_pu_parameters.hpp
[0.610s] -- Up-to-date: /home/arveds/ros2_ws/install/ros_kctrl_custom_interfaces/include/ros_kctrl_custom_interfaces/ros_kctrl_custom_interfaces/srv/detail
[0.610s] -- Up-to-date: /home/arveds/ros2_ws/install/ros_kctrl_custom_interfaces/include/ros_kctrl_custom_interfaces/ros_kctrl_custom_interfaces/srv/detail/request_pu_parameters__type_support.hpp
[0.610s] -- Up-to-date: /home/arveds/ros2_ws/install/ros_kctrl_custom_interfaces/include/ros_kctrl_custom_interfaces/ros_kctrl_custom_interfaces/srv/detail/set_pu_parameters__struct.hpp
[0.610s] -- Up-to-date: /home/arveds/ros2_ws/install/ros_kctrl_custom_interfaces/include/ros_kctrl_custom_interfaces/ros_kctrl_custom_interfaces/srv/detail/start_pinging__builder.hpp
[0.610s] -- Up-to-date: /home/arveds/ros2_ws/install/ros_kctrl_custom_interfaces/include/ros_kctrl_custom_interfaces/ros_kctrl_custom_interfaces/srv/detail/start_sounder__type_support.hpp
[0.610s] -- Up-to-date: /home/arveds/ros2_ws/install/ros_kctrl_custom_interfaces/include/ros_kctrl_custom_interfaces/ros_kctrl_custom_interfaces/srv/detail/request_pu_parameters__struct.hpp
[0.610s] -- Up-to-date: /home/arveds/ros2_ws/install/ros_kctrl_custom_interfaces/include/ros_kctrl_custom_interfaces/ros_kctrl_custom_interfaces/srv/detail/set_pu_parameters__builder.hpp
[0.610s] -- Up-to-date: /home/arveds/ros2_ws/install/ros_kctrl_custom_interfaces/include/ros_kctrl_custom_interfaces/ros_kctrl_custom_interfaces/srv/detail/stop_pinging__builder.hpp
[0.610s] -- Up-to-date: /home/arveds/ros2_ws/install/ros_kctrl_custom_interfaces/include/ros_kctrl_custom_interfaces/ros_kctrl_custom_interfaces/srv/detail/start_sounder__struct.hpp
[0.610s] -- Up-to-date: /home/arveds/ros2_ws/install/ros_kctrl_custom_interfaces/include/ros_kctrl_custom_interfaces/ros_kctrl_custom_interfaces/srv/detail/set_pu_parameters__type_support.hpp
[0.610s] -- Up-to-date: /home/arveds/ros2_ws/install/ros_kctrl_custom_interfaces/include/ros_kctrl_custom_interfaces/ros_kctrl_custom_interfaces/srv/detail/start_sounder__traits.hpp
[0.611s] -- Up-to-date: /home/arveds/ros2_ws/install/ros_kctrl_custom_interfaces/include/ros_kctrl_custom_interfaces/ros_kctrl_custom_interfaces/srv/detail/start_pinging__traits.hpp
[0.611s] -- Up-to-date: /home/arveds/ros2_ws/install/ros_kctrl_custom_interfaces/include/ros_kctrl_custom_interfaces/ros_kctrl_custom_interfaces/srv/detail/stop_pinging__traits.hpp
[0.611s] -- Up-to-date: /home/arveds/ros2_ws/install/ros_kctrl_custom_interfaces/include/ros_kctrl_custom_interfaces/ros_kctrl_custom_interfaces/srv/detail/stop_pinging__struct.hpp
[0.611s] -- Up-to-date: /home/arveds/ros2_ws/install/ros_kctrl_custom_interfaces/include/ros_kctrl_custom_interfaces/ros_kctrl_custom_interfaces/srv/detail/stop_pinging__type_support.hpp
[0.611s] -- Up-to-date: /home/arveds/ros2_ws/install/ros_kctrl_custom_interfaces/include/ros_kctrl_custom_interfaces/ros_kctrl_custom_interfaces/srv/detail/start_sounder__builder.hpp
[0.612s] -- Up-to-date: /home/arveds/ros2_ws/install/ros_kctrl_custom_interfaces/include/ros_kctrl_custom_interfaces/ros_kctrl_custom_interfaces/srv/detail/set_pu_parameters__traits.hpp
[0.612s] -- Up-to-date: /home/arveds/ros2_ws/install/ros_kctrl_custom_interfaces/include/ros_kctrl_custom_interfaces/ros_kctrl_custom_interfaces/srv/detail/start_pinging__struct.hpp
[0.612s] -- Up-to-date: /home/arveds/ros2_ws/install/ros_kctrl_custom_interfaces/include/ros_kctrl_custom_interfaces/ros_kctrl_custom_interfaces/srv/detail/request_pu_parameters__traits.hpp
[0.612s] -- Up-to-date: /home/arveds/ros2_ws/install/ros_kctrl_custom_interfaces/include/ros_kctrl_custom_interfaces/ros_kctrl_custom_interfaces/srv/detail/start_pinging__type_support.hpp
[0.612s] -- Up-to-date: /home/arveds/ros2_ws/install/ros_kctrl_custom_interfaces/include/ros_kctrl_custom_interfaces/ros_kctrl_custom_interfaces/srv/detail/request_pu_parameters__builder.hpp
[0.613s] -- Up-to-date: /home/arveds/ros2_ws/install/ros_kctrl_custom_interfaces/include/ros_kctrl_custom_interfaces/ros_kctrl_custom_interfaces/srv/start_pinging.hpp
[0.613s] -- Up-to-date: /home/arveds/ros2_ws/install/ros_kctrl_custom_interfaces/include/ros_kctrl_custom_interfaces/ros_kctrl_custom_interfaces/srv/stop_pinging.hpp
[0.613s] -- Up-to-date: /home/arveds/ros2_ws/install/ros_kctrl_custom_interfaces/include/ros_kctrl_custom_interfaces/ros_kctrl_custom_interfaces/srv/start_sounder.hpp
[0.613s] -- Up-to-date: /home/arveds/ros2_ws/install/ros_kctrl_custom_interfaces/include/ros_kctrl_custom_interfaces/ros_kctrl_custom_interfaces/srv/set_pu_parameters.hpp
[0.614s] -- Up-to-date: /home/arveds/ros2_ws/install/ros_kctrl_custom_interfaces/include/ros_kctrl_custom_interfaces/ros_kctrl_custom_interfaces
[0.614s] -- Up-to-date: /home/arveds/ros2_ws/install/ros_kctrl_custom_interfaces/include/ros_kctrl_custom_interfaces/ros_kctrl_custom_interfaces/msg
[0.614s] -- Up-to-date: /home/arveds/ros2_ws/install/ros_kctrl_custom_interfaces/include/ros_kctrl_custom_interfaces/ros_kctrl_custom_interfaces/msg/rosidl_typesupport_fastrtps_cpp__visibility_control.h
[0.614s] -- Up-to-date: /home/arveds/ros2_ws/install/ros_kctrl_custom_interfaces/include/ros_kctrl_custom_interfaces/ros_kctrl_custom_interfaces/srv
[0.614s] -- Up-to-date: /home/arveds/ros2_ws/install/ros_kctrl_custom_interfaces/include/ros_kctrl_custom_interfaces/ros_kctrl_custom_interfaces/srv/detail
[0.615s] -- Up-to-date: /home/arveds/ros2_ws/install/ros_kctrl_custom_interfaces/include/ros_kctrl_custom_interfaces/ros_kctrl_custom_interfaces/srv/detail/request_pu_parameters__rosidl_typesupport_fastrtps_cpp.hpp
[0.615s] -- Up-to-date: /home/arveds/ros2_ws/install/ros_kctrl_custom_interfaces/include/ros_kctrl_custom_interfaces/ros_kctrl_custom_interfaces/srv/detail/start_sounder__rosidl_typesupport_fastrtps_cpp.hpp
[0.615s] -- Up-to-date: /home/arveds/ros2_ws/install/ros_kctrl_custom_interfaces/include/ros_kctrl_custom_interfaces/ros_kctrl_custom_interfaces/srv/detail/set_pu_parameters__rosidl_typesupport_fastrtps_cpp.hpp
[0.615s] -- Up-to-date: /home/arveds/ros2_ws/install/ros_kctrl_custom_interfaces/include/ros_kctrl_custom_interfaces/ros_kctrl_custom_interfaces/srv/detail/start_pinging__rosidl_typesupport_fastrtps_cpp.hpp
[0.615s] -- Up-to-date: /home/arveds/ros2_ws/install/ros_kctrl_custom_interfaces/include/ros_kctrl_custom_interfaces/ros_kctrl_custom_interfaces/srv/detail/stop_pinging__rosidl_typesupport_fastrtps_cpp.hpp
[0.616s] -- Up-to-date: /home/arveds/ros2_ws/install/ros_kctrl_custom_interfaces/include/ros_kctrl_custom_interfaces/ros_kctrl_custom_interfaces/srv/detail/dds_fastrtps
[0.616s] -- Up-to-date: /home/arveds/ros2_ws/install/ros_kctrl_custom_interfaces/lib/libros_kctrl_custom_interfaces__rosidl_typesupport_fastrtps_cpp.so
[0.616s] -- Up-to-date: /home/arveds/ros2_ws/install/ros_kctrl_custom_interfaces/include/ros_kctrl_custom_interfaces/ros_kctrl_custom_interfaces
[0.616s] -- Up-to-date: /home/arveds/ros2_ws/install/ros_kctrl_custom_interfaces/include/ros_kctrl_custom_interfaces/ros_kctrl_custom_interfaces/srv
[0.616s] -- Up-to-date: /home/arveds/ros2_ws/install/ros_kctrl_custom_interfaces/include/ros_kctrl_custom_interfaces/ros_kctrl_custom_interfaces/srv/detail
[0.617s] -- Up-to-date: /home/arveds/ros2_ws/install/ros_kctrl_custom_interfaces/include/ros_kctrl_custom_interfaces/ros_kctrl_custom_interfaces/srv/detail/set_pu_parameters__rosidl_typesupport_introspection_cpp.hpp
[0.617s] -- Up-to-date: /home/arveds/ros2_ws/install/ros_kctrl_custom_interfaces/include/ros_kctrl_custom_interfaces/ros_kctrl_custom_interfaces/srv/detail/start_pinging__rosidl_typesupport_introspection_cpp.hpp
[0.617s] -- Up-to-date: /home/arveds/ros2_ws/install/ros_kctrl_custom_interfaces/include/ros_kctrl_custom_interfaces/ros_kctrl_custom_interfaces/srv/detail/start_sounder__type_support.cpp
[0.617s] -- Up-to-date: /home/arveds/ros2_ws/install/ros_kctrl_custom_interfaces/include/ros_kctrl_custom_interfaces/ros_kctrl_custom_interfaces/srv/detail/request_pu_parameters__type_support.cpp
[0.617s] -- Up-to-date: /home/arveds/ros2_ws/install/ros_kctrl_custom_interfaces/include/ros_kctrl_custom_interfaces/ros_kctrl_custom_interfaces/srv/detail/start_pinging__type_support.cpp
[0.617s] -- Up-to-date: /home/arveds/ros2_ws/install/ros_kctrl_custom_interfaces/include/ros_kctrl_custom_interfaces/ros_kctrl_custom_interfaces/srv/detail/request_pu_parameters__rosidl_typesupport_introspection_cpp.hpp
[0.617s] -- Up-to-date: /home/arveds/ros2_ws/install/ros_kctrl_custom_interfaces/include/ros_kctrl_custom_interfaces/ros_kctrl_custom_interfaces/srv/detail/start_sounder__rosidl_typesupport_introspection_cpp.hpp
[0.617s] -- Up-to-date: /home/arveds/ros2_ws/install/ros_kctrl_custom_interfaces/include/ros_kctrl_custom_interfaces/ros_kctrl_custom_interfaces/srv/detail/set_pu_parameters__type_support.cpp
[0.618s] -- Up-to-date: /home/arveds/ros2_ws/install/ros_kctrl_custom_interfaces/include/ros_kctrl_custom_interfaces/ros_kctrl_custom_interfaces/srv/detail/stop_pinging__type_support.cpp
[0.618s] -- Up-to-date: /home/arveds/ros2_ws/install/ros_kctrl_custom_interfaces/include/ros_kctrl_custom_interfaces/ros_kctrl_custom_interfaces/srv/detail/stop_pinging__rosidl_typesupport_introspection_cpp.hpp
[0.618s] -- Up-to-date: /home/arveds/ros2_ws/install/ros_kctrl_custom_interfaces/lib/libros_kctrl_custom_interfaces__rosidl_typesupport_introspection_cpp.so
[0.618s] -- Up-to-date: /home/arveds/ros2_ws/install/ros_kctrl_custom_interfaces/lib/libros_kctrl_custom_interfaces__rosidl_typesupport_cpp.so
[0.618s] -- Up-to-date: /home/arveds/ros2_ws/install/ros_kctrl_custom_interfaces/share/ros_kctrl_custom_interfaces/environment/pythonpath.sh
[0.618s] -- Up-to-date: /home/arveds/ros2_ws/install/ros_kctrl_custom_interfaces/share/ros_kctrl_custom_interfaces/environment/pythonpath.dsv
[0.618s] -- Up-to-date: /home/arveds/ros2_ws/install/ros_kctrl_custom_interfaces/lib/python3.12/site-packages/ros_kctrl_custom_interfaces-0.0.0-py3.12.egg-info
[0.618s] -- Installing: /home/arveds/ros2_ws/install/ros_kctrl_custom_interfaces/lib/python3.12/site-packages/ros_kctrl_custom_interfaces-0.0.0-py3.12.egg-info/top_level.txt
[0.618s] -- Installing: /home/arveds/ros2_ws/install/ros_kctrl_custom_interfaces/lib/python3.12/site-packages/ros_kctrl_custom_interfaces-0.0.0-py3.12.egg-info/dependency_links.txt
[0.618s] -- Installing: /home/arveds/ros2_ws/install/ros_kctrl_custom_interfaces/lib/python3.12/site-packages/ros_kctrl_custom_interfaces-0.0.0-py3.12.egg-info/SOURCES.txt
[0.618s] -- Installing: /home/arveds/ros2_ws/install/ros_kctrl_custom_interfaces/lib/python3.12/site-packages/ros_kctrl_custom_interfaces-0.0.0-py3.12.egg-info/PKG-INFO
[0.618s] -- Up-to-date: /home/arveds/ros2_ws/install/ros_kctrl_custom_interfaces/lib/python3.12/site-packages/ros_kctrl_custom_interfaces
[0.618s] -- Up-to-date: /home/arveds/ros2_ws/install/ros_kctrl_custom_interfaces/lib/python3.12/site-packages/ros_kctrl_custom_interfaces/ros_kctrl_custom_interfaces_s__rosidl_typesupport_fastrtps_c.so
[0.618s] -- Up-to-date: /home/arveds/ros2_ws/install/ros_kctrl_custom_interfaces/lib/python3.12/site-packages/ros_kctrl_custom_interfaces/ros_kctrl_custom_interfaces_s__rosidl_typesupport_c.so
[0.619s] -- Up-to-date: /home/arveds/ros2_ws/install/ros_kctrl_custom_interfaces/lib/python3.12/site-packages/ros_kctrl_custom_interfaces/_ros_kctrl_custom_interfaces_s.ep.rosidl_typesupport_introspection_c.c
[0.619s] -- Up-to-date: /home/arveds/ros2_ws/install/ros_kctrl_custom_interfaces/lib/python3.12/site-packages/ros_kctrl_custom_interfaces/_ros_kctrl_custom_interfaces_s.ep.rosidl_typesupport_fastrtps_c.c
[0.619s] -- Up-to-date: /home/arveds/ros2_ws/install/ros_kctrl_custom_interfaces/lib/python3.12/site-packages/ros_kctrl_custom_interfaces/__init__.py
[0.619s] -- Up-to-date: /home/arveds/ros2_ws/install/ros_kctrl_custom_interfaces/lib/python3.12/site-packages/ros_kctrl_custom_interfaces/srv
[0.619s] -- Up-to-date: /home/arveds/ros2_ws/install/ros_kctrl_custom_interfaces/lib/python3.12/site-packages/ros_kctrl_custom_interfaces/srv/_request_pu_parameters.py
[0.619s] -- Up-to-date: /home/arveds/ros2_ws/install/ros_kctrl_custom_interfaces/lib/python3.12/site-packages/ros_kctrl_custom_interfaces/srv/_stop_pinging.py
[0.619s] -- Up-to-date: /home/arveds/ros2_ws/install/ros_kctrl_custom_interfaces/lib/python3.12/site-packages/ros_kctrl_custom_interfaces/srv/_set_pu_parameters.py
[0.619s] -- Up-to-date: /home/arveds/ros2_ws/install/ros_kctrl_custom_interfaces/lib/python3.12/site-packages/ros_kctrl_custom_interfaces/srv/_request_pu_parameters_s.c
[0.619s] -- Up-to-date: /home/arveds/ros2_ws/install/ros_kctrl_custom_interfaces/lib/python3.12/site-packages/ros_kctrl_custom_interfaces/srv/_start_pinging.py
[0.619s] -- Up-to-date: /home/arveds/ros2_ws/install/ros_kctrl_custom_interfaces/lib/python3.12/site-packages/ros_kctrl_custom_interfaces/srv/_start_sounder.py
[0.619s] -- Up-to-date: /home/arveds/ros2_ws/install/ros_kctrl_custom_interfaces/lib/python3.12/site-packages/ros_kctrl_custom_interfaces/srv/_start_pinging_s.c
[0.620s] -- Up-to-date: /home/arveds/ros2_ws/install/ros_kctrl_custom_interfaces/lib/python3.12/site-packages/ros_kctrl_custom_interfaces/srv/_set_pu_parameters_s.c
[0.620s] -- Up-to-date: /home/arveds/ros2_ws/install/ros_kctrl_custom_interfaces/lib/python3.12/site-packages/ros_kctrl_custom_interfaces/srv/_start_sounder_s.c
[0.620s] -- Up-to-date: /home/arveds/ros2_ws/install/ros_kctrl_custom_interfaces/lib/python3.12/site-packages/ros_kctrl_custom_interfaces/srv/__init__.py
[0.620s] -- Up-to-date: /home/arveds/ros2_ws/install/ros_kctrl_custom_interfaces/lib/python3.12/site-packages/ros_kctrl_custom_interfaces/srv/_stop_pinging_s.c
[0.620s] -- Up-to-date: /home/arveds/ros2_ws/install/ros_kctrl_custom_interfaces/lib/python3.12/site-packages/ros_kctrl_custom_interfaces/ros_kctrl_custom_interfaces_s__rosidl_typesupport_introspection_c.so
[0.620s] -- Up-to-date: /home/arveds/ros2_ws/install/ros_kctrl_custom_interfaces/lib/python3.12/site-packages/ros_kctrl_custom_interfaces/_ros_kctrl_custom_interfaces_s.ep.rosidl_typesupport_c.c
[0.651s] Listing '/home/arveds/ros2_ws/install/ros_kctrl_custom_interfaces/lib/python3.12/site-packages/ros_kctrl_custom_interfaces'...
[0.651s] Listing '/home/arveds/ros2_ws/install/ros_kctrl_custom_interfaces/lib/python3.12/site-packages/ros_kctrl_custom_interfaces/srv'...
[0.657s] -- Up-to-date: /home/arveds/ros2_ws/install/ros_kctrl_custom_interfaces/lib/python3.12/site-packages/ros_kctrl_custom_interfaces/ros_kctrl_custom_interfaces_s__rosidl_typesupport_fastrtps_c.so
[0.659s] -- Up-to-date: /home/arveds/ros2_ws/install/ros_kctrl_custom_interfaces/lib/python3.12/site-packages/ros_kctrl_custom_interfaces/ros_kctrl_custom_interfaces_s__rosidl_typesupport_introspection_c.so
[0.659s] -- Up-to-date: /home/arveds/ros2_ws/install/ros_kctrl_custom_interfaces/lib/python3.12/site-packages/ros_kctrl_custom_interfaces/ros_kctrl_custom_interfaces_s__rosidl_typesupport_c.so
[0.660s] -- Up-to-date: /home/arveds/ros2_ws/install/ros_kctrl_custom_interfaces/lib/libros_kctrl_custom_interfaces__rosidl_generator_py.so
[0.660s] -- Up-to-date: /home/arveds/ros2_ws/install/ros_kctrl_custom_interfaces/share/ros_kctrl_custom_interfaces/srv/StartSounder.idl
[0.660s] -- Up-to-date: /home/arveds/ros2_ws/install/ros_kctrl_custom_interfaces/share/ros_kctrl_custom_interfaces/srv/StartPinging.idl
[0.660s] -- Up-to-date: /home/arveds/ros2_ws/install/ros_kctrl_custom_interfaces/share/ros_kctrl_custom_interfaces/srv/StopPinging.idl
[0.660s] -- Up-to-date: /home/arveds/ros2_ws/install/ros_kctrl_custom_interfaces/share/ros_kctrl_custom_interfaces/srv/SetPUParameters.idl
[0.661s] -- Up-to-date: /home/arveds/ros2_ws/install/ros_kctrl_custom_interfaces/share/ros_kctrl_custom_interfaces/srv/RequestPUParameters.idl
[0.661s] -- Up-to-date: /home/arveds/ros2_ws/install/ros_kctrl_custom_interfaces/share/ros_kctrl_custom_interfaces/srv/StartSounder.srv
[0.661s] -- Up-to-date: /home/arveds/ros2_ws/install/ros_kctrl_custom_interfaces/share/ros_kctrl_custom_interfaces/srv/StartPinging.srv
[0.661s] -- Up-to-date: /home/arveds/ros2_ws/install/ros_kctrl_custom_interfaces/share/ros_kctrl_custom_interfaces/srv/StopPinging.srv
[0.661s] -- Up-to-date: /home/arveds/ros2_ws/install/ros_kctrl_custom_interfaces/share/ros_kctrl_custom_interfaces/srv/SetPUParameters.srv
[0.662s] -- Up-to-date: /home/arveds/ros2_ws/install/ros_kctrl_custom_interfaces/share/ros_kctrl_custom_interfaces/srv/RequestPUParameters.srv
[0.662s] -- Up-to-date: /home/arveds/ros2_ws/install/ros_kctrl_custom_interfaces/share/ament_index/resource_index/package_run_dependencies/ros_kctrl_custom_interfaces
[0.662s] -- Up-to-date: /home/arveds/ros2_ws/install/ros_kctrl_custom_interfaces/share/ament_index/resource_index/parent_prefix_path/ros_kctrl_custom_interfaces
[0.662s] -- Up-to-date: /home/arveds/ros2_ws/install/ros_kctrl_custom_interfaces/share/ros_kctrl_custom_interfaces/environment/ament_prefix_path.sh
[0.662s] -- Up-to-date: /home/arveds/ros2_ws/install/ros_kctrl_custom_interfaces/share/ros_kctrl_custom_interfaces/environment/ament_prefix_path.dsv
[0.663s] -- Up-to-date: /home/arveds/ros2_ws/install/ros_kctrl_custom_interfaces/share/ros_kctrl_custom_interfaces/environment/path.sh
[0.663s] -- Up-to-date: /home/arveds/ros2_ws/install/ros_kctrl_custom_interfaces/share/ros_kctrl_custom_interfaces/environment/path.dsv
[0.663s] -- Up-to-date: /home/arveds/ros2_ws/install/ros_kctrl_custom_interfaces/share/ros_kctrl_custom_interfaces/local_setup.bash
[0.663s] -- Up-to-date: /home/arveds/ros2_ws/install/ros_kctrl_custom_interfaces/share/ros_kctrl_custom_interfaces/local_setup.sh
[0.663s] -- Up-to-date: /home/arveds/ros2_ws/install/ros_kctrl_custom_interfaces/share/ros_kctrl_custom_interfaces/local_setup.zsh
[0.663s] -- Up-to-date: /home/arveds/ros2_ws/install/ros_kctrl_custom_interfaces/share/ros_kctrl_custom_interfaces/local_setup.dsv
[0.664s] -- Installing: /home/arveds/ros2_ws/install/ros_kctrl_custom_interfaces/share/ros_kctrl_custom_interfaces/package.dsv
[0.664s] -- Up-to-date: /home/arveds/ros2_ws/install/ros_kctrl_custom_interfaces/share/ament_index/resource_index/packages/ros_kctrl_custom_interfaces
[0.664s] -- Up-to-date: /home/arveds/ros2_ws/install/ros_kctrl_custom_interfaces/share/ros_kctrl_custom_interfaces/cmake/export_ros_kctrl_custom_interfaces__rosidl_generator_cExport.cmake
[0.664s] -- Up-to-date: /home/arveds/ros2_ws/install/ros_kctrl_custom_interfaces/share/ros_kctrl_custom_interfaces/cmake/export_ros_kctrl_custom_interfaces__rosidl_generator_cExport-noconfig.cmake
[0.664s] -- Up-to-date: /home/arveds/ros2_ws/install/ros_kctrl_custom_interfaces/share/ros_kctrl_custom_interfaces/cmake/export_ros_kctrl_custom_interfaces__rosidl_typesupport_fastrtps_cExport.cmake
[0.665s] -- Up-to-date: /home/arveds/ros2_ws/install/ros_kctrl_custom_interfaces/share/ros_kctrl_custom_interfaces/cmake/export_ros_kctrl_custom_interfaces__rosidl_typesupport_fastrtps_cExport-noconfig.cmake
[0.665s] -- Up-to-date: /home/arveds/ros2_ws/install/ros_kctrl_custom_interfaces/share/ros_kctrl_custom_interfaces/cmake/ros_kctrl_custom_interfaces__rosidl_typesupport_introspection_cExport.cmake
[0.665s] -- Up-to-date: /home/arveds/ros2_ws/install/ros_kctrl_custom_interfaces/share/ros_kctrl_custom_interfaces/cmake/ros_kctrl_custom_interfaces__rosidl_typesupport_introspection_cExport-noconfig.cmake
[0.665s] -- Up-to-date: /home/arveds/ros2_ws/install/ros_kctrl_custom_interfaces/share/ros_kctrl_custom_interfaces/cmake/ros_kctrl_custom_interfaces__rosidl_typesupport_cExport.cmake
[0.665s] -- Up-to-date: /home/arveds/ros2_ws/install/ros_kctrl_custom_interfaces/share/ros_kctrl_custom_interfaces/cmake/ros_kctrl_custom_interfaces__rosidl_typesupport_cExport-noconfig.cmake
[0.665s] -- Up-to-date: /home/arveds/ros2_ws/install/ros_kctrl_custom_interfaces/share/ros_kctrl_custom_interfaces/cmake/export_ros_kctrl_custom_interfaces__rosidl_generator_cppExport.cmake
[0.666s] -- Up-to-date: /home/arveds/ros2_ws/install/ros_kctrl_custom_interfaces/share/ros_kctrl_custom_interfaces/cmake/export_ros_kctrl_custom_interfaces__rosidl_typesupport_fastrtps_cppExport.cmake
[0.666s] -- Up-to-date: /home/arveds/ros2_ws/install/ros_kctrl_custom_interfaces/share/ros_kctrl_custom_interfaces/cmake/export_ros_kctrl_custom_interfaces__rosidl_typesupport_fastrtps_cppExport-noconfig.cmake
[0.667s] -- Up-to-date: /home/arveds/ros2_ws/install/ros_kctrl_custom_interfaces/share/ros_kctrl_custom_interfaces/cmake/ros_kctrl_custom_interfaces__rosidl_typesupport_introspection_cppExport.cmake
[0.667s] -- Up-to-date: /home/arveds/ros2_ws/install/ros_kctrl_custom_interfaces/share/ros_kctrl_custom_interfaces/cmake/ros_kctrl_custom_interfaces__rosidl_typesupport_introspection_cppExport-noconfig.cmake
[0.667s] -- Up-to-date: /home/arveds/ros2_ws/install/ros_kctrl_custom_interfaces/share/ros_kctrl_custom_interfaces/cmake/ros_kctrl_custom_interfaces__rosidl_typesupport_cppExport.cmake
[0.667s] -- Up-to-date: /home/arveds/ros2_ws/install/ros_kctrl_custom_interfaces/share/ros_kctrl_custom_interfaces/cmake/ros_kctrl_custom_interfaces__rosidl_typesupport_cppExport-noconfig.cmake
[0.668s] -- Up-to-date: /home/arveds/ros2_ws/install/ros_kctrl_custom_interfaces/share/ros_kctrl_custom_interfaces/cmake/export_ros_kctrl_custom_interfaces__rosidl_generator_pyExport.cmake
[0.668s] -- Up-to-date: /home/arveds/ros2_ws/install/ros_kctrl_custom_interfaces/share/ros_kctrl_custom_interfaces/cmake/export_ros_kctrl_custom_interfaces__rosidl_generator_pyExport-noconfig.cmake
[0.668s] -- Up-to-date: /home/arveds/ros2_ws/install/ros_kctrl_custom_interfaces/share/ros_kctrl_custom_interfaces/cmake/rosidl_cmake-extras.cmake
[0.668s] -- Up-to-date: /home/arveds/ros2_ws/install/ros_kctrl_custom_interfaces/share/ros_kctrl_custom_interfaces/cmake/ament_cmake_export_dependencies-extras.cmake
[0.669s] -- Up-to-date: /home/arveds/ros2_ws/install/ros_kctrl_custom_interfaces/share/ros_kctrl_custom_interfaces/cmake/ament_cmake_export_include_directories-extras.cmake
[0.669s] -- Up-to-date: /home/arveds/ros2_ws/install/ros_kctrl_custom_interfaces/share/ros_kctrl_custom_interfaces/cmake/ament_cmake_export_libraries-extras.cmake
[0.669s] -- Up-to-date: /home/arveds/ros2_ws/install/ros_kctrl_custom_interfaces/share/ros_kctrl_custom_interfaces/cmake/ament_cmake_export_targets-extras.cmake
[0.669s] -- Up-to-date: /home/arveds/ros2_ws/install/ros_kctrl_custom_interfaces/share/ros_kctrl_custom_interfaces/cmake/rosidl_cmake_export_typesupport_targets-extras.cmake
[0.669s] -- Up-to-date: /home/arveds/ros2_ws/install/ros_kctrl_custom_interfaces/share/ros_kctrl_custom_interfaces/cmake/rosidl_cmake_export_typesupport_libraries-extras.cmake
[0.669s] -- Up-to-date: /home/arveds/ros2_ws/install/ros_kctrl_custom_interfaces/share/ros_kctrl_custom_interfaces/cmake/ros_kctrl_custom_interfacesConfig.cmake
[0.669s] -- Up-to-date: /home/arveds/ros2_ws/install/ros_kctrl_custom_interfaces/share/ros_kctrl_custom_interfaces/cmake/ros_kctrl_custom_interfacesConfig-version.cmake
[0.669s] -- Up-to-date: /home/arveds/ros2_ws/install/ros_kctrl_custom_interfaces/share/ros_kctrl_custom_interfaces/package.xml
[0.671s] Invoked command in '/home/arveds/ros2_ws/build/ros_kctrl_custom_interfaces' returned '0': CMAKE_PREFIX_PATH=${CMAKE_PREFIX_PATH}:/opt/ros/jazzy /usr/bin/cmake --install /home/arveds/ros2_ws/build/ros_kctrl_custom_interfaces
