[  1%] Built target ros_kctrl_custom_interfaces__rosidl_generator_type_description
[  1%] Built target ament_cmake_python_copy_ros_kctrl_custom_interfaces
[  3%] Built target ros_kctrl_custom_interfaces__cpp
[ 24%] Built target ros_kctrl_custom_interfaces__rosidl_generator_c
[ 33%] Built target ros_kctrl_custom_interfaces__rosidl_typesupport_cpp
[ 44%] Built target ros_kctrl_custom_interfaces__rosidl_typesupport_c
[ 51%] Built target ros_kctrl_custom_interfaces__rosidl_typesupport_introspection_c
[ 61%] Built target ros_kctrl_custom_interfaces__rosidl_typesupport_fastrtps_c
[ 70%] Built target ros_kctrl_custom_interfaces__rosidl_typesupport_introspection_cpp
[ 79%] Built target ros_kctrl_custom_interfaces__rosidl_typesupport_fastrtps_cpp
[ 79%] Built target ros_kctrl_custom_interfaces
[ 81%] Built target ros_kctrl_custom_interfaces__py
[ 88%] Built target ros_kctrl_custom_interfaces__rosidl_generator_py
[ 96%] Built target ros_kctrl_custom_interfaces_s__rosidl_typesupport_fastrtps_c
[ 96%] Built target ros_kctrl_custom_interfaces_s__rosidl_typesupport_c
[100%] Built target ros_kctrl_custom_interfaces_s__rosidl_typesupport_introspection_c
running egg_info
writing ros_kctrl_custom_interfaces.egg-info/PKG-INFO
writing dependency_links to ros_kctrl_custom_interfaces.egg-info/dependency_links.txt
writing top-level names to ros_kctrl_custom_interfaces.egg-info/top_level.txt
reading manifest file 'ros_kctrl_custom_interfaces.egg-info/SOURCES.txt'
writing manifest file 'ros_kctrl_custom_interfaces.egg-info/SOURCES.txt'
[100%] Built target ament_cmake_python_build_ros_kctrl_custom_interfaces_egg
-- Install configuration: ""
-- Up-to-date: /home/arveds/ros2_ws/install/ros_kctrl_custom_interfaces/share/ament_index/resource_index/rosidl_interfaces/ros_kctrl_custom_interfaces
-- Up-to-date: /home/arveds/ros2_ws/install/ros_kctrl_custom_interfaces/share/ros_kctrl_custom_interfaces/srv/SounderCommand.json
-- Up-to-date: /home/arveds/ros2_ws/install/ros_kctrl_custom_interfaces/share/ros_kctrl_custom_interfaces/srv/SetPUParameters.json
-- Up-to-date: /home/arveds/ros2_ws/install/ros_kctrl_custom_interfaces/share/ros_kctrl_custom_interfaces/srv/RequestPUParameters.json
-- Up-to-date: /home/arveds/ros2_ws/install/ros_kctrl_custom_interfaces/include/ros_kctrl_custom_interfaces/ros_kctrl_custom_interfaces
-- Up-to-date: /home/arveds/ros2_ws/install/ros_kctrl_custom_interfaces/include/ros_kctrl_custom_interfaces/ros_kctrl_custom_interfaces/msg
-- Up-to-date: /home/arveds/ros2_ws/install/ros_kctrl_custom_interfaces/include/ros_kctrl_custom_interfaces/ros_kctrl_custom_interfaces/msg/rosidl_generator_c__visibility_control.h
-- Up-to-date: /home/arveds/ros2_ws/install/ros_kctrl_custom_interfaces/include/ros_kctrl_custom_interfaces/ros_kctrl_custom_interfaces/srv
-- Up-to-date: /home/arveds/ros2_ws/install/ros_kctrl_custom_interfaces/include/ros_kctrl_custom_interfaces/ros_kctrl_custom_interfaces/srv/stop_pinging.h
-- Up-to-date: /home/arveds/ros2_ws/install/ros_kctrl_custom_interfaces/include/ros_kctrl_custom_interfaces/ros_kctrl_custom_interfaces/srv/set_pu_parameters.h
-- Up-to-date: /home/arveds/ros2_ws/install/ros_kctrl_custom_interfaces/include/ros_kctrl_custom_interfaces/ros_kctrl_custom_interfaces/srv/detail
-- Up-to-date: /home/arveds/ros2_ws/install/ros_kctrl_custom_interfaces/include/ros_kctrl_custom_interfaces/ros_kctrl_custom_interfaces/srv/detail/start_pinging__struct.h
-- Up-to-date: /home/arveds/ros2_ws/install/ros_kctrl_custom_interfaces/include/ros_kctrl_custom_interfaces/ros_kctrl_custom_interfaces/srv/detail/start_sounder__functions.c
-- Up-to-date: /home/arveds/ros2_ws/install/ros_kctrl_custom_interfaces/include/ros_kctrl_custom_interfaces/ros_kctrl_custom_interfaces/srv/detail/start_pinging__functions.c
-- Up-to-date: /home/arveds/ros2_ws/install/ros_kctrl_custom_interfaces/include/ros_kctrl_custom_interfaces/ros_kctrl_custom_interfaces/srv/detail/stop_pinging__type_support.h
-- Up-to-date: /home/arveds/ros2_ws/install/ros_kctrl_custom_interfaces/include/ros_kctrl_custom_interfaces/ros_kctrl_custom_interfaces/srv/detail/request_pu_parameters__struct.h
-- Up-to-date: /home/arveds/ros2_ws/install/ros_kctrl_custom_interfaces/include/ros_kctrl_custom_interfaces/ros_kctrl_custom_interfaces/srv/detail/stop_pinging__struct.h
-- Up-to-date: /home/arveds/ros2_ws/install/ros_kctrl_custom_interfaces/include/ros_kctrl_custom_interfaces/ros_kctrl_custom_interfaces/srv/detail/sounder_command__struct.h
-- Up-to-date: /home/arveds/ros2_ws/install/ros_kctrl_custom_interfaces/include/ros_kctrl_custom_interfaces/ros_kctrl_custom_interfaces/srv/detail/start_sounder__description.c
-- Up-to-date: /home/arveds/ros2_ws/install/ros_kctrl_custom_interfaces/include/ros_kctrl_custom_interfaces/ros_kctrl_custom_interfaces/srv/detail/stop_pinging__functions.c
-- Up-to-date: /home/arveds/ros2_ws/install/ros_kctrl_custom_interfaces/include/ros_kctrl_custom_interfaces/ros_kctrl_custom_interfaces/srv/detail/sounder_command__type_support.h
-- Up-to-date: /home/arveds/ros2_ws/install/ros_kctrl_custom_interfaces/include/ros_kctrl_custom_interfaces/ros_kctrl_custom_interfaces/srv/detail/set_pu_parameters__type_support.h
-- Up-to-date: /home/arveds/ros2_ws/install/ros_kctrl_custom_interfaces/include/ros_kctrl_custom_interfaces/ros_kctrl_custom_interfaces/srv/detail/set_pu_parameters__description.c
-- Up-to-date: /home/arveds/ros2_ws/install/ros_kctrl_custom_interfaces/include/ros_kctrl_custom_interfaces/ros_kctrl_custom_interfaces/srv/detail/start_sounder__functions.h
-- Up-to-date: /home/arveds/ros2_ws/install/ros_kctrl_custom_interfaces/include/ros_kctrl_custom_interfaces/ros_kctrl_custom_interfaces/srv/detail/stop_pinging__description.c
-- Up-to-date: /home/arveds/ros2_ws/install/ros_kctrl_custom_interfaces/include/ros_kctrl_custom_interfaces/ros_kctrl_custom_interfaces/srv/detail/start_pinging__functions.h
-- Up-to-date: /home/arveds/ros2_ws/install/ros_kctrl_custom_interfaces/include/ros_kctrl_custom_interfaces/ros_kctrl_custom_interfaces/srv/detail/stop_pinging__type_support.c
-- Up-to-date: /home/arveds/ros2_ws/install/ros_kctrl_custom_interfaces/include/ros_kctrl_custom_interfaces/ros_kctrl_custom_interfaces/srv/detail/start_sounder__type_support.c
-- Up-to-date: /home/arveds/ros2_ws/install/ros_kctrl_custom_interfaces/include/ros_kctrl_custom_interfaces/ros_kctrl_custom_interfaces/srv/detail/stop_pinging__functions.h
-- Up-to-date: /home/arveds/ros2_ws/install/ros_kctrl_custom_interfaces/include/ros_kctrl_custom_interfaces/ros_kctrl_custom_interfaces/srv/detail/start_pinging__description.c
-- Up-to-date: /home/arveds/ros2_ws/install/ros_kctrl_custom_interfaces/include/ros_kctrl_custom_interfaces/ros_kctrl_custom_interfaces/srv/detail/request_pu_parameters__type_support.c
-- Up-to-date: /home/arveds/ros2_ws/install/ros_kctrl_custom_interfaces/include/ros_kctrl_custom_interfaces/ros_kctrl_custom_interfaces/srv/detail/sounder_command__type_support.c
-- Up-to-date: /home/arveds/ros2_ws/install/ros_kctrl_custom_interfaces/include/ros_kctrl_custom_interfaces/ros_kctrl_custom_interfaces/srv/detail/set_pu_parameters__functions.h
-- Up-to-date: /home/arveds/ros2_ws/install/ros_kctrl_custom_interfaces/include/ros_kctrl_custom_interfaces/ros_kctrl_custom_interfaces/srv/detail/start_pinging__type_support.h
-- Up-to-date: /home/arveds/ros2_ws/install/ros_kctrl_custom_interfaces/include/ros_kctrl_custom_interfaces/ros_kctrl_custom_interfaces/srv/detail/start_pinging__type_support.c
-- Up-to-date: /home/arveds/ros2_ws/install/ros_kctrl_custom_interfaces/include/ros_kctrl_custom_interfaces/ros_kctrl_custom_interfaces/srv/detail/request_pu_parameters__description.c
-- Up-to-date: /home/arveds/ros2_ws/install/ros_kctrl_custom_interfaces/include/ros_kctrl_custom_interfaces/ros_kctrl_custom_interfaces/srv/detail/set_pu_parameters__functions.c
-- Up-to-date: /home/arveds/ros2_ws/install/ros_kctrl_custom_interfaces/include/ros_kctrl_custom_interfaces/ros_kctrl_custom_interfaces/srv/detail/sounder_command__description.c
-- Up-to-date: /home/arveds/ros2_ws/install/ros_kctrl_custom_interfaces/include/ros_kctrl_custom_interfaces/ros_kctrl_custom_interfaces/srv/detail/request_pu_parameters__functions.c
-- Up-to-date: /home/arveds/ros2_ws/install/ros_kctrl_custom_interfaces/include/ros_kctrl_custom_interfaces/ros_kctrl_custom_interfaces/srv/detail/request_pu_parameters__type_support.h
-- Up-to-date: /home/arveds/ros2_ws/install/ros_kctrl_custom_interfaces/include/ros_kctrl_custom_interfaces/ros_kctrl_custom_interfaces/srv/detail/sounder_command__functions.h
-- Up-to-date: /home/arveds/ros2_ws/install/ros_kctrl_custom_interfaces/include/ros_kctrl_custom_interfaces/ros_kctrl_custom_interfaces/srv/detail/set_pu_parameters__type_support.c
-- Up-to-date: /home/arveds/ros2_ws/install/ros_kctrl_custom_interfaces/include/ros_kctrl_custom_interfaces/ros_kctrl_custom_interfaces/srv/detail/sounder_command__functions.c
-- Up-to-date: /home/arveds/ros2_ws/install/ros_kctrl_custom_interfaces/include/ros_kctrl_custom_interfaces/ros_kctrl_custom_interfaces/srv/detail/start_sounder__struct.h
-- Up-to-date: /home/arveds/ros2_ws/install/ros_kctrl_custom_interfaces/include/ros_kctrl_custom_interfaces/ros_kctrl_custom_interfaces/srv/detail/start_sounder__type_support.h
-- Up-to-date: /home/arveds/ros2_ws/install/ros_kctrl_custom_interfaces/include/ros_kctrl_custom_interfaces/ros_kctrl_custom_interfaces/srv/detail/set_pu_parameters__struct.h
-- Up-to-date: /home/arveds/ros2_ws/install/ros_kctrl_custom_interfaces/include/ros_kctrl_custom_interfaces/ros_kctrl_custom_interfaces/srv/detail/request_pu_parameters__functions.h
-- Up-to-date: /home/arveds/ros2_ws/install/ros_kctrl_custom_interfaces/include/ros_kctrl_custom_interfaces/ros_kctrl_custom_interfaces/srv/start_sounder.h
-- Up-to-date: /home/arveds/ros2_ws/install/ros_kctrl_custom_interfaces/include/ros_kctrl_custom_interfaces/ros_kctrl_custom_interfaces/srv/request_pu_parameters.h
-- Up-to-date: /home/arveds/ros2_ws/install/ros_kctrl_custom_interfaces/include/ros_kctrl_custom_interfaces/ros_kctrl_custom_interfaces/srv/sounder_command.h
-- Up-to-date: /home/arveds/ros2_ws/install/ros_kctrl_custom_interfaces/include/ros_kctrl_custom_interfaces/ros_kctrl_custom_interfaces/srv/start_pinging.h
-- Up-to-date: /home/arveds/ros2_ws/install/ros_kctrl_custom_interfaces/share/ros_kctrl_custom_interfaces/environment/library_path.sh
-- Up-to-date: /home/arveds/ros2_ws/install/ros_kctrl_custom_interfaces/share/ros_kctrl_custom_interfaces/environment/library_path.dsv
-- Up-to-date: /home/arveds/ros2_ws/install/ros_kctrl_custom_interfaces/lib/libros_kctrl_custom_interfaces__rosidl_generator_c.so
-- Up-to-date: /home/arveds/ros2_ws/install/ros_kctrl_custom_interfaces/include/ros_kctrl_custom_interfaces/ros_kctrl_custom_interfaces
-- Up-to-date: /home/arveds/ros2_ws/install/ros_kctrl_custom_interfaces/include/ros_kctrl_custom_interfaces/ros_kctrl_custom_interfaces/msg
-- Up-to-date: /home/arveds/ros2_ws/install/ros_kctrl_custom_interfaces/include/ros_kctrl_custom_interfaces/ros_kctrl_custom_interfaces/msg/rosidl_typesupport_fastrtps_c__visibility_control.h
-- Up-to-date: /home/arveds/ros2_ws/install/ros_kctrl_custom_interfaces/include/ros_kctrl_custom_interfaces/ros_kctrl_custom_interfaces/srv
-- Up-to-date: /home/arveds/ros2_ws/install/ros_kctrl_custom_interfaces/include/ros_kctrl_custom_interfaces/ros_kctrl_custom_interfaces/srv/detail
-- Up-to-date: /home/arveds/ros2_ws/install/ros_kctrl_custom_interfaces/include/ros_kctrl_custom_interfaces/ros_kctrl_custom_interfaces/srv/detail/set_pu_parameters__rosidl_typesupport_fastrtps_c.h
-- Up-to-date: /home/arveds/ros2_ws/install/ros_kctrl_custom_interfaces/include/ros_kctrl_custom_interfaces/ros_kctrl_custom_interfaces/srv/detail/request_pu_parameters__rosidl_typesupport_fastrtps_c.h
-- Up-to-date: /home/arveds/ros2_ws/install/ros_kctrl_custom_interfaces/include/ros_kctrl_custom_interfaces/ros_kctrl_custom_interfaces/srv/detail/sounder_command__rosidl_typesupport_fastrtps_c.h
-- Up-to-date: /home/arveds/ros2_ws/install/ros_kctrl_custom_interfaces/include/ros_kctrl_custom_interfaces/ros_kctrl_custom_interfaces/srv/detail/start_sounder__rosidl_typesupport_fastrtps_c.h
-- Up-to-date: /home/arveds/ros2_ws/install/ros_kctrl_custom_interfaces/include/ros_kctrl_custom_interfaces/ros_kctrl_custom_interfaces/srv/detail/start_pinging__rosidl_typesupport_fastrtps_c.h
-- Up-to-date: /home/arveds/ros2_ws/install/ros_kctrl_custom_interfaces/include/ros_kctrl_custom_interfaces/ros_kctrl_custom_interfaces/srv/detail/stop_pinging__rosidl_typesupport_fastrtps_c.h
-- Up-to-date: /home/arveds/ros2_ws/install/ros_kctrl_custom_interfaces/lib/libros_kctrl_custom_interfaces__rosidl_typesupport_fastrtps_c.so
-- Up-to-date: /home/arveds/ros2_ws/install/ros_kctrl_custom_interfaces/include/ros_kctrl_custom_interfaces/ros_kctrl_custom_interfaces
-- Up-to-date: /home/arveds/ros2_ws/install/ros_kctrl_custom_interfaces/include/ros_kctrl_custom_interfaces/ros_kctrl_custom_interfaces/msg
-- Up-to-date: /home/arveds/ros2_ws/install/ros_kctrl_custom_interfaces/include/ros_kctrl_custom_interfaces/ros_kctrl_custom_interfaces/msg/rosidl_typesupport_introspection_c__visibility_control.h
-- Up-to-date: /home/arveds/ros2_ws/install/ros_kctrl_custom_interfaces/include/ros_kctrl_custom_interfaces/ros_kctrl_custom_interfaces/srv
-- Up-to-date: /home/arveds/ros2_ws/install/ros_kctrl_custom_interfaces/include/ros_kctrl_custom_interfaces/ros_kctrl_custom_interfaces/srv/detail
-- Up-to-date: /home/arveds/ros2_ws/install/ros_kctrl_custom_interfaces/include/ros_kctrl_custom_interfaces/ros_kctrl_custom_interfaces/srv/detail/start_pinging__rosidl_typesupport_introspection_c.h
-- Up-to-date: /home/arveds/ros2_ws/install/ros_kctrl_custom_interfaces/include/ros_kctrl_custom_interfaces/ros_kctrl_custom_interfaces/srv/detail/set_pu_parameters__rosidl_typesupport_introspection_c.h
-- Up-to-date: /home/arveds/ros2_ws/install/ros_kctrl_custom_interfaces/include/ros_kctrl_custom_interfaces/ros_kctrl_custom_interfaces/srv/detail/start_sounder__rosidl_typesupport_introspection_c.h
-- Up-to-date: /home/arveds/ros2_ws/install/ros_kctrl_custom_interfaces/include/ros_kctrl_custom_interfaces/ros_kctrl_custom_interfaces/srv/detail/stop_pinging__type_support.c
-- Up-to-date: /home/arveds/ros2_ws/install/ros_kctrl_custom_interfaces/include/ros_kctrl_custom_interfaces/ros_kctrl_custom_interfaces/srv/detail/start_sounder__type_support.c
-- Up-to-date: /home/arveds/ros2_ws/install/ros_kctrl_custom_interfaces/include/ros_kctrl_custom_interfaces/ros_kctrl_custom_interfaces/srv/detail/request_pu_parameters__rosidl_typesupport_introspection_c.h
-- Up-to-date: /home/arveds/ros2_ws/install/ros_kctrl_custom_interfaces/include/ros_kctrl_custom_interfaces/ros_kctrl_custom_interfaces/srv/detail/request_pu_parameters__type_support.c
-- Up-to-date: /home/arveds/ros2_ws/install/ros_kctrl_custom_interfaces/include/ros_kctrl_custom_interfaces/ros_kctrl_custom_interfaces/srv/detail/sounder_command__type_support.c
-- Up-to-date: /home/arveds/ros2_ws/install/ros_kctrl_custom_interfaces/include/ros_kctrl_custom_interfaces/ros_kctrl_custom_interfaces/srv/detail/start_pinging__type_support.c
-- Up-to-date: /home/arveds/ros2_ws/install/ros_kctrl_custom_interfaces/include/ros_kctrl_custom_interfaces/ros_kctrl_custom_interfaces/srv/detail/stop_pinging__rosidl_typesupport_introspection_c.h
-- Up-to-date: /home/arveds/ros2_ws/install/ros_kctrl_custom_interfaces/include/ros_kctrl_custom_interfaces/ros_kctrl_custom_interfaces/srv/detail/sounder_command__rosidl_typesupport_introspection_c.h
-- Up-to-date: /home/arveds/ros2_ws/install/ros_kctrl_custom_interfaces/include/ros_kctrl_custom_interfaces/ros_kctrl_custom_interfaces/srv/detail/set_pu_parameters__type_support.c
-- Up-to-date: /home/arveds/ros2_ws/install/ros_kctrl_custom_interfaces/lib/libros_kctrl_custom_interfaces__rosidl_typesupport_introspection_c.so
-- Up-to-date: /home/arveds/ros2_ws/install/ros_kctrl_custom_interfaces/lib/libros_kctrl_custom_interfaces__rosidl_typesupport_c.so
-- Up-to-date: /home/arveds/ros2_ws/install/ros_kctrl_custom_interfaces/include/ros_kctrl_custom_interfaces/ros_kctrl_custom_interfaces
-- Up-to-date: /home/arveds/ros2_ws/install/ros_kctrl_custom_interfaces/include/ros_kctrl_custom_interfaces/ros_kctrl_custom_interfaces/msg
-- Up-to-date: /home/arveds/ros2_ws/install/ros_kctrl_custom_interfaces/include/ros_kctrl_custom_interfaces/ros_kctrl_custom_interfaces/msg/rosidl_generator_cpp__visibility_control.hpp
-- Up-to-date: /home/arveds/ros2_ws/install/ros_kctrl_custom_interfaces/include/ros_kctrl_custom_interfaces/ros_kctrl_custom_interfaces/srv
-- Up-to-date: /home/arveds/ros2_ws/install/ros_kctrl_custom_interfaces/include/ros_kctrl_custom_interfaces/ros_kctrl_custom_interfaces/srv/request_pu_parameters.hpp
-- Up-to-date: /home/arveds/ros2_ws/install/ros_kctrl_custom_interfaces/include/ros_kctrl_custom_interfaces/ros_kctrl_custom_interfaces/srv/detail
-- Up-to-date: /home/arveds/ros2_ws/install/ros_kctrl_custom_interfaces/include/ros_kctrl_custom_interfaces/ros_kctrl_custom_interfaces/srv/detail/sounder_command__type_support.hpp
-- Up-to-date: /home/arveds/ros2_ws/install/ros_kctrl_custom_interfaces/include/ros_kctrl_custom_interfaces/ros_kctrl_custom_interfaces/srv/detail/request_pu_parameters__type_support.hpp
-- Up-to-date: /home/arveds/ros2_ws/install/ros_kctrl_custom_interfaces/include/ros_kctrl_custom_interfaces/ros_kctrl_custom_interfaces/srv/detail/set_pu_parameters__struct.hpp
-- Up-to-date: /home/arveds/ros2_ws/install/ros_kctrl_custom_interfaces/include/ros_kctrl_custom_interfaces/ros_kctrl_custom_interfaces/srv/detail/start_pinging__builder.hpp
-- Up-to-date: /home/arveds/ros2_ws/install/ros_kctrl_custom_interfaces/include/ros_kctrl_custom_interfaces/ros_kctrl_custom_interfaces/srv/detail/start_sounder__type_support.hpp
-- Up-to-date: /home/arveds/ros2_ws/install/ros_kctrl_custom_interfaces/include/ros_kctrl_custom_interfaces/ros_kctrl_custom_interfaces/srv/detail/request_pu_parameters__struct.hpp
-- Up-to-date: /home/arveds/ros2_ws/install/ros_kctrl_custom_interfaces/include/ros_kctrl_custom_interfaces/ros_kctrl_custom_interfaces/srv/detail/set_pu_parameters__builder.hpp
-- Up-to-date: /home/arveds/ros2_ws/install/ros_kctrl_custom_interfaces/include/ros_kctrl_custom_interfaces/ros_kctrl_custom_interfaces/srv/detail/stop_pinging__builder.hpp
-- Up-to-date: /home/arveds/ros2_ws/install/ros_kctrl_custom_interfaces/include/ros_kctrl_custom_interfaces/ros_kctrl_custom_interfaces/srv/detail/start_sounder__struct.hpp
-- Up-to-date: /home/arveds/ros2_ws/install/ros_kctrl_custom_interfaces/include/ros_kctrl_custom_interfaces/ros_kctrl_custom_interfaces/srv/detail/sounder_command__traits.hpp
-- Up-to-date: /home/arveds/ros2_ws/install/ros_kctrl_custom_interfaces/include/ros_kctrl_custom_interfaces/ros_kctrl_custom_interfaces/srv/detail/set_pu_parameters__type_support.hpp
-- Up-to-date: /home/arveds/ros2_ws/install/ros_kctrl_custom_interfaces/include/ros_kctrl_custom_interfaces/ros_kctrl_custom_interfaces/srv/detail/start_sounder__traits.hpp
-- Up-to-date: /home/arveds/ros2_ws/install/ros_kctrl_custom_interfaces/include/ros_kctrl_custom_interfaces/ros_kctrl_custom_interfaces/srv/detail/start_pinging__traits.hpp
-- Up-to-date: /home/arveds/ros2_ws/install/ros_kctrl_custom_interfaces/include/ros_kctrl_custom_interfaces/ros_kctrl_custom_interfaces/srv/detail/sounder_command__struct.hpp
-- Up-to-date: /home/arveds/ros2_ws/install/ros_kctrl_custom_interfaces/include/ros_kctrl_custom_interfaces/ros_kctrl_custom_interfaces/srv/detail/stop_pinging__traits.hpp
-- Up-to-date: /home/arveds/ros2_ws/install/ros_kctrl_custom_interfaces/include/ros_kctrl_custom_interfaces/ros_kctrl_custom_interfaces/srv/detail/stop_pinging__struct.hpp
-- Up-to-date: /home/arveds/ros2_ws/install/ros_kctrl_custom_interfaces/include/ros_kctrl_custom_interfaces/ros_kctrl_custom_interfaces/srv/detail/stop_pinging__type_support.hpp
-- Up-to-date: /home/arveds/ros2_ws/install/ros_kctrl_custom_interfaces/include/ros_kctrl_custom_interfaces/ros_kctrl_custom_interfaces/srv/detail/start_sounder__builder.hpp
-- Up-to-date: /home/arveds/ros2_ws/install/ros_kctrl_custom_interfaces/include/ros_kctrl_custom_interfaces/ros_kctrl_custom_interfaces/srv/detail/set_pu_parameters__traits.hpp
-- Up-to-date: /home/arveds/ros2_ws/install/ros_kctrl_custom_interfaces/include/ros_kctrl_custom_interfaces/ros_kctrl_custom_interfaces/srv/detail/start_pinging__struct.hpp
-- Up-to-date: /home/arveds/ros2_ws/install/ros_kctrl_custom_interfaces/include/ros_kctrl_custom_interfaces/ros_kctrl_custom_interfaces/srv/detail/sounder_command__builder.hpp
-- Up-to-date: /home/arveds/ros2_ws/install/ros_kctrl_custom_interfaces/include/ros_kctrl_custom_interfaces/ros_kctrl_custom_interfaces/srv/detail/request_pu_parameters__traits.hpp
-- Up-to-date: /home/arveds/ros2_ws/install/ros_kctrl_custom_interfaces/include/ros_kctrl_custom_interfaces/ros_kctrl_custom_interfaces/srv/detail/start_pinging__type_support.hpp
-- Up-to-date: /home/arveds/ros2_ws/install/ros_kctrl_custom_interfaces/include/ros_kctrl_custom_interfaces/ros_kctrl_custom_interfaces/srv/detail/request_pu_parameters__builder.hpp
-- Up-to-date: /home/arveds/ros2_ws/install/ros_kctrl_custom_interfaces/include/ros_kctrl_custom_interfaces/ros_kctrl_custom_interfaces/srv/start_pinging.hpp
-- Up-to-date: /home/arveds/ros2_ws/install/ros_kctrl_custom_interfaces/include/ros_kctrl_custom_interfaces/ros_kctrl_custom_interfaces/srv/stop_pinging.hpp
-- Up-to-date: /home/arveds/ros2_ws/install/ros_kctrl_custom_interfaces/include/ros_kctrl_custom_interfaces/ros_kctrl_custom_interfaces/srv/sounder_command.hpp
-- Up-to-date: /home/arveds/ros2_ws/install/ros_kctrl_custom_interfaces/include/ros_kctrl_custom_interfaces/ros_kctrl_custom_interfaces/srv/start_sounder.hpp
-- Up-to-date: /home/arveds/ros2_ws/install/ros_kctrl_custom_interfaces/include/ros_kctrl_custom_interfaces/ros_kctrl_custom_interfaces/srv/set_pu_parameters.hpp
-- Up-to-date: /home/arveds/ros2_ws/install/ros_kctrl_custom_interfaces/include/ros_kctrl_custom_interfaces/ros_kctrl_custom_interfaces
-- Up-to-date: /home/arveds/ros2_ws/install/ros_kctrl_custom_interfaces/include/ros_kctrl_custom_interfaces/ros_kctrl_custom_interfaces/msg
-- Up-to-date: /home/arveds/ros2_ws/install/ros_kctrl_custom_interfaces/include/ros_kctrl_custom_interfaces/ros_kctrl_custom_interfaces/msg/rosidl_typesupport_fastrtps_cpp__visibility_control.h
-- Up-to-date: /home/arveds/ros2_ws/install/ros_kctrl_custom_interfaces/include/ros_kctrl_custom_interfaces/ros_kctrl_custom_interfaces/srv
-- Up-to-date: /home/arveds/ros2_ws/install/ros_kctrl_custom_interfaces/include/ros_kctrl_custom_interfaces/ros_kctrl_custom_interfaces/srv/detail
-- Up-to-date: /home/arveds/ros2_ws/install/ros_kctrl_custom_interfaces/include/ros_kctrl_custom_interfaces/ros_kctrl_custom_interfaces/srv/detail/request_pu_parameters__rosidl_typesupport_fastrtps_cpp.hpp
-- Up-to-date: /home/arveds/ros2_ws/install/ros_kctrl_custom_interfaces/include/ros_kctrl_custom_interfaces/ros_kctrl_custom_interfaces/srv/detail/start_sounder__rosidl_typesupport_fastrtps_cpp.hpp
-- Up-to-date: /home/arveds/ros2_ws/install/ros_kctrl_custom_interfaces/include/ros_kctrl_custom_interfaces/ros_kctrl_custom_interfaces/srv/detail/set_pu_parameters__rosidl_typesupport_fastrtps_cpp.hpp
-- Up-to-date: /home/arveds/ros2_ws/install/ros_kctrl_custom_interfaces/include/ros_kctrl_custom_interfaces/ros_kctrl_custom_interfaces/srv/detail/start_pinging__rosidl_typesupport_fastrtps_cpp.hpp
-- Up-to-date: /home/arveds/ros2_ws/install/ros_kctrl_custom_interfaces/include/ros_kctrl_custom_interfaces/ros_kctrl_custom_interfaces/srv/detail/sounder_command__rosidl_typesupport_fastrtps_cpp.hpp
-- Up-to-date: /home/arveds/ros2_ws/install/ros_kctrl_custom_interfaces/include/ros_kctrl_custom_interfaces/ros_kctrl_custom_interfaces/srv/detail/stop_pinging__rosidl_typesupport_fastrtps_cpp.hpp
-- Up-to-date: /home/arveds/ros2_ws/install/ros_kctrl_custom_interfaces/include/ros_kctrl_custom_interfaces/ros_kctrl_custom_interfaces/srv/detail/dds_fastrtps
-- Up-to-date: /home/arveds/ros2_ws/install/ros_kctrl_custom_interfaces/lib/libros_kctrl_custom_interfaces__rosidl_typesupport_fastrtps_cpp.so
-- Up-to-date: /home/arveds/ros2_ws/install/ros_kctrl_custom_interfaces/include/ros_kctrl_custom_interfaces/ros_kctrl_custom_interfaces
-- Up-to-date: /home/arveds/ros2_ws/install/ros_kctrl_custom_interfaces/include/ros_kctrl_custom_interfaces/ros_kctrl_custom_interfaces/srv
-- Up-to-date: /home/arveds/ros2_ws/install/ros_kctrl_custom_interfaces/include/ros_kctrl_custom_interfaces/ros_kctrl_custom_interfaces/srv/detail
-- Up-to-date: /home/arveds/ros2_ws/install/ros_kctrl_custom_interfaces/include/ros_kctrl_custom_interfaces/ros_kctrl_custom_interfaces/srv/detail/set_pu_parameters__rosidl_typesupport_introspection_cpp.hpp
-- Up-to-date: /home/arveds/ros2_ws/install/ros_kctrl_custom_interfaces/include/ros_kctrl_custom_interfaces/ros_kctrl_custom_interfaces/srv/detail/start_pinging__rosidl_typesupport_introspection_cpp.hpp
-- Up-to-date: /home/arveds/ros2_ws/install/ros_kctrl_custom_interfaces/include/ros_kctrl_custom_interfaces/ros_kctrl_custom_interfaces/srv/detail/sounder_command__rosidl_typesupport_introspection_cpp.hpp
-- Up-to-date: /home/arveds/ros2_ws/install/ros_kctrl_custom_interfaces/include/ros_kctrl_custom_interfaces/ros_kctrl_custom_interfaces/srv/detail/start_sounder__type_support.cpp
-- Up-to-date: /home/arveds/ros2_ws/install/ros_kctrl_custom_interfaces/include/ros_kctrl_custom_interfaces/ros_kctrl_custom_interfaces/srv/detail/request_pu_parameters__type_support.cpp
-- Up-to-date: /home/arveds/ros2_ws/install/ros_kctrl_custom_interfaces/include/ros_kctrl_custom_interfaces/ros_kctrl_custom_interfaces/srv/detail/start_pinging__type_support.cpp
-- Up-to-date: /home/arveds/ros2_ws/install/ros_kctrl_custom_interfaces/include/ros_kctrl_custom_interfaces/ros_kctrl_custom_interfaces/srv/detail/sounder_command__type_support.cpp
-- Up-to-date: /home/arveds/ros2_ws/install/ros_kctrl_custom_interfaces/include/ros_kctrl_custom_interfaces/ros_kctrl_custom_interfaces/srv/detail/request_pu_parameters__rosidl_typesupport_introspection_cpp.hpp
-- Up-to-date: /home/arveds/ros2_ws/install/ros_kctrl_custom_interfaces/include/ros_kctrl_custom_interfaces/ros_kctrl_custom_interfaces/srv/detail/start_sounder__rosidl_typesupport_introspection_cpp.hpp
-- Up-to-date: /home/arveds/ros2_ws/install/ros_kctrl_custom_interfaces/include/ros_kctrl_custom_interfaces/ros_kctrl_custom_interfaces/srv/detail/set_pu_parameters__type_support.cpp
-- Up-to-date: /home/arveds/ros2_ws/install/ros_kctrl_custom_interfaces/include/ros_kctrl_custom_interfaces/ros_kctrl_custom_interfaces/srv/detail/stop_pinging__type_support.cpp
-- Up-to-date: /home/arveds/ros2_ws/install/ros_kctrl_custom_interfaces/include/ros_kctrl_custom_interfaces/ros_kctrl_custom_interfaces/srv/detail/stop_pinging__rosidl_typesupport_introspection_cpp.hpp
-- Up-to-date: /home/arveds/ros2_ws/install/ros_kctrl_custom_interfaces/lib/libros_kctrl_custom_interfaces__rosidl_typesupport_introspection_cpp.so
-- Up-to-date: /home/arveds/ros2_ws/install/ros_kctrl_custom_interfaces/lib/libros_kctrl_custom_interfaces__rosidl_typesupport_cpp.so
-- Up-to-date: /home/arveds/ros2_ws/install/ros_kctrl_custom_interfaces/share/ros_kctrl_custom_interfaces/environment/pythonpath.sh
-- Up-to-date: /home/arveds/ros2_ws/install/ros_kctrl_custom_interfaces/share/ros_kctrl_custom_interfaces/environment/pythonpath.dsv
-- Up-to-date: /home/arveds/ros2_ws/install/ros_kctrl_custom_interfaces/lib/python3.12/site-packages/ros_kctrl_custom_interfaces-0.0.0-py3.12.egg-info
-- Installing: /home/arveds/ros2_ws/install/ros_kctrl_custom_interfaces/lib/python3.12/site-packages/ros_kctrl_custom_interfaces-0.0.0-py3.12.egg-info/top_level.txt
-- Installing: /home/arveds/ros2_ws/install/ros_kctrl_custom_interfaces/lib/python3.12/site-packages/ros_kctrl_custom_interfaces-0.0.0-py3.12.egg-info/dependency_links.txt
-- Installing: /home/arveds/ros2_ws/install/ros_kctrl_custom_interfaces/lib/python3.12/site-packages/ros_kctrl_custom_interfaces-0.0.0-py3.12.egg-info/SOURCES.txt
-- Installing: /home/arveds/ros2_ws/install/ros_kctrl_custom_interfaces/lib/python3.12/site-packages/ros_kctrl_custom_interfaces-0.0.0-py3.12.egg-info/PKG-INFO
-- Up-to-date: /home/arveds/ros2_ws/install/ros_kctrl_custom_interfaces/lib/python3.12/site-packages/ros_kctrl_custom_interfaces
-- Up-to-date: /home/arveds/ros2_ws/install/ros_kctrl_custom_interfaces/lib/python3.12/site-packages/ros_kctrl_custom_interfaces/ros_kctrl_custom_interfaces_s__rosidl_typesupport_fastrtps_c.so
-- Up-to-date: /home/arveds/ros2_ws/install/ros_kctrl_custom_interfaces/lib/python3.12/site-packages/ros_kctrl_custom_interfaces/ros_kctrl_custom_interfaces_s__rosidl_typesupport_c.so
-- Up-to-date: /home/arveds/ros2_ws/install/ros_kctrl_custom_interfaces/lib/python3.12/site-packages/ros_kctrl_custom_interfaces/_ros_kctrl_custom_interfaces_s.ep.rosidl_typesupport_introspection_c.c
-- Up-to-date: /home/arveds/ros2_ws/install/ros_kctrl_custom_interfaces/lib/python3.12/site-packages/ros_kctrl_custom_interfaces/_ros_kctrl_custom_interfaces_s.ep.rosidl_typesupport_fastrtps_c.c
-- Up-to-date: /home/arveds/ros2_ws/install/ros_kctrl_custom_interfaces/lib/python3.12/site-packages/ros_kctrl_custom_interfaces/__init__.py
-- Up-to-date: /home/arveds/ros2_ws/install/ros_kctrl_custom_interfaces/lib/python3.12/site-packages/ros_kctrl_custom_interfaces/srv
-- Up-to-date: /home/arveds/ros2_ws/install/ros_kctrl_custom_interfaces/lib/python3.12/site-packages/ros_kctrl_custom_interfaces/srv/_request_pu_parameters.py
-- Up-to-date: /home/arveds/ros2_ws/install/ros_kctrl_custom_interfaces/lib/python3.12/site-packages/ros_kctrl_custom_interfaces/srv/_stop_pinging.py
-- Up-to-date: /home/arveds/ros2_ws/install/ros_kctrl_custom_interfaces/lib/python3.12/site-packages/ros_kctrl_custom_interfaces/srv/_set_pu_parameters.py
-- Up-to-date: /home/arveds/ros2_ws/install/ros_kctrl_custom_interfaces/lib/python3.12/site-packages/ros_kctrl_custom_interfaces/srv/_request_pu_parameters_s.c
-- Up-to-date: /home/arveds/ros2_ws/install/ros_kctrl_custom_interfaces/lib/python3.12/site-packages/ros_kctrl_custom_interfaces/srv/_start_pinging.py
-- Up-to-date: /home/arveds/ros2_ws/install/ros_kctrl_custom_interfaces/lib/python3.12/site-packages/ros_kctrl_custom_interfaces/srv/_start_sounder.py
-- Up-to-date: /home/arveds/ros2_ws/install/ros_kctrl_custom_interfaces/lib/python3.12/site-packages/ros_kctrl_custom_interfaces/srv/_start_pinging_s.c
-- Up-to-date: /home/arveds/ros2_ws/install/ros_kctrl_custom_interfaces/lib/python3.12/site-packages/ros_kctrl_custom_interfaces/srv/_set_pu_parameters_s.c
-- Up-to-date: /home/arveds/ros2_ws/install/ros_kctrl_custom_interfaces/lib/python3.12/site-packages/ros_kctrl_custom_interfaces/srv/_start_sounder_s.c
-- Up-to-date: /home/arveds/ros2_ws/install/ros_kctrl_custom_interfaces/lib/python3.12/site-packages/ros_kctrl_custom_interfaces/srv/__init__.py
-- Up-to-date: /home/arveds/ros2_ws/install/ros_kctrl_custom_interfaces/lib/python3.12/site-packages/ros_kctrl_custom_interfaces/srv/_sounder_command_s.c
-- Up-to-date: /home/arveds/ros2_ws/install/ros_kctrl_custom_interfaces/lib/python3.12/site-packages/ros_kctrl_custom_interfaces/srv/_sounder_command.py
-- Up-to-date: /home/arveds/ros2_ws/install/ros_kctrl_custom_interfaces/lib/python3.12/site-packages/ros_kctrl_custom_interfaces/srv/_stop_pinging_s.c
-- Up-to-date: /home/arveds/ros2_ws/install/ros_kctrl_custom_interfaces/lib/python3.12/site-packages/ros_kctrl_custom_interfaces/ros_kctrl_custom_interfaces_s__rosidl_typesupport_introspection_c.so
-- Up-to-date: /home/arveds/ros2_ws/install/ros_kctrl_custom_interfaces/lib/python3.12/site-packages/ros_kctrl_custom_interfaces/_ros_kctrl_custom_interfaces_s.ep.rosidl_typesupport_c.c
Listing '/home/arveds/ros2_ws/install/ros_kctrl_custom_interfaces/lib/python3.12/site-packages/ros_kctrl_custom_interfaces'...
Listing '/home/arveds/ros2_ws/install/ros_kctrl_custom_interfaces/lib/python3.12/site-packages/ros_kctrl_custom_interfaces/srv'...
-- Up-to-date: /home/arveds/ros2_ws/install/ros_kctrl_custom_interfaces/lib/python3.12/site-packages/ros_kctrl_custom_interfaces/ros_kctrl_custom_interfaces_s__rosidl_typesupport_fastrtps_c.so
-- Up-to-date: /home/arveds/ros2_ws/install/ros_kctrl_custom_interfaces/lib/python3.12/site-packages/ros_kctrl_custom_interfaces/ros_kctrl_custom_interfaces_s__rosidl_typesupport_introspection_c.so
-- Up-to-date: /home/arveds/ros2_ws/install/ros_kctrl_custom_interfaces/lib/python3.12/site-packages/ros_kctrl_custom_interfaces/ros_kctrl_custom_interfaces_s__rosidl_typesupport_c.so
-- Up-to-date: /home/arveds/ros2_ws/install/ros_kctrl_custom_interfaces/lib/libros_kctrl_custom_interfaces__rosidl_generator_py.so
-- Up-to-date: /home/arveds/ros2_ws/install/ros_kctrl_custom_interfaces/share/ros_kctrl_custom_interfaces/srv/SounderCommand.idl
-- Up-to-date: /home/arveds/ros2_ws/install/ros_kctrl_custom_interfaces/share/ros_kctrl_custom_interfaces/srv/SetPUParameters.idl
-- Up-to-date: /home/arveds/ros2_ws/install/ros_kctrl_custom_interfaces/share/ros_kctrl_custom_interfaces/srv/RequestPUParameters.idl
-- Up-to-date: /home/arveds/ros2_ws/install/ros_kctrl_custom_interfaces/share/ros_kctrl_custom_interfaces/srv/SounderCommand.srv
-- Up-to-date: /home/arveds/ros2_ws/install/ros_kctrl_custom_interfaces/share/ros_kctrl_custom_interfaces/srv/SetPUParameters.srv
-- Up-to-date: /home/arveds/ros2_ws/install/ros_kctrl_custom_interfaces/share/ros_kctrl_custom_interfaces/srv/RequestPUParameters.srv
-- Up-to-date: /home/arveds/ros2_ws/install/ros_kctrl_custom_interfaces/share/ament_index/resource_index/package_run_dependencies/ros_kctrl_custom_interfaces
-- Up-to-date: /home/arveds/ros2_ws/install/ros_kctrl_custom_interfaces/share/ament_index/resource_index/parent_prefix_path/ros_kctrl_custom_interfaces
-- Up-to-date: /home/arveds/ros2_ws/install/ros_kctrl_custom_interfaces/share/ros_kctrl_custom_interfaces/environment/ament_prefix_path.sh
-- Up-to-date: /home/arveds/ros2_ws/install/ros_kctrl_custom_interfaces/share/ros_kctrl_custom_interfaces/environment/ament_prefix_path.dsv
-- Up-to-date: /home/arveds/ros2_ws/install/ros_kctrl_custom_interfaces/share/ros_kctrl_custom_interfaces/environment/path.sh
-- Up-to-date: /home/arveds/ros2_ws/install/ros_kctrl_custom_interfaces/share/ros_kctrl_custom_interfaces/environment/path.dsv
-- Up-to-date: /home/arveds/ros2_ws/install/ros_kctrl_custom_interfaces/share/ros_kctrl_custom_interfaces/local_setup.bash
-- Up-to-date: /home/arveds/ros2_ws/install/ros_kctrl_custom_interfaces/share/ros_kctrl_custom_interfaces/local_setup.sh
-- Up-to-date: /home/arveds/ros2_ws/install/ros_kctrl_custom_interfaces/share/ros_kctrl_custom_interfaces/local_setup.zsh
-- Up-to-date: /home/arveds/ros2_ws/install/ros_kctrl_custom_interfaces/share/ros_kctrl_custom_interfaces/local_setup.dsv
-- Installing: /home/arveds/ros2_ws/install/ros_kctrl_custom_interfaces/share/ros_kctrl_custom_interfaces/package.dsv
-- Up-to-date: /home/arveds/ros2_ws/install/ros_kctrl_custom_interfaces/share/ament_index/resource_index/packages/ros_kctrl_custom_interfaces
-- Up-to-date: /home/arveds/ros2_ws/install/ros_kctrl_custom_interfaces/share/ros_kctrl_custom_interfaces/cmake/export_ros_kctrl_custom_interfaces__rosidl_generator_cExport.cmake
-- Up-to-date: /home/arveds/ros2_ws/install/ros_kctrl_custom_interfaces/share/ros_kctrl_custom_interfaces/cmake/export_ros_kctrl_custom_interfaces__rosidl_generator_cExport-noconfig.cmake
-- Up-to-date: /home/arveds/ros2_ws/install/ros_kctrl_custom_interfaces/share/ros_kctrl_custom_interfaces/cmake/export_ros_kctrl_custom_interfaces__rosidl_typesupport_fastrtps_cExport.cmake
-- Up-to-date: /home/arveds/ros2_ws/install/ros_kctrl_custom_interfaces/share/ros_kctrl_custom_interfaces/cmake/export_ros_kctrl_custom_interfaces__rosidl_typesupport_fastrtps_cExport-noconfig.cmake
-- Up-to-date: /home/arveds/ros2_ws/install/ros_kctrl_custom_interfaces/share/ros_kctrl_custom_interfaces/cmake/ros_kctrl_custom_interfaces__rosidl_typesupport_introspection_cExport.cmake
-- Up-to-date: /home/arveds/ros2_ws/install/ros_kctrl_custom_interfaces/share/ros_kctrl_custom_interfaces/cmake/ros_kctrl_custom_interfaces__rosidl_typesupport_introspection_cExport-noconfig.cmake
-- Up-to-date: /home/arveds/ros2_ws/install/ros_kctrl_custom_interfaces/share/ros_kctrl_custom_interfaces/cmake/ros_kctrl_custom_interfaces__rosidl_typesupport_cExport.cmake
-- Up-to-date: /home/arveds/ros2_ws/install/ros_kctrl_custom_interfaces/share/ros_kctrl_custom_interfaces/cmake/ros_kctrl_custom_interfaces__rosidl_typesupport_cExport-noconfig.cmake
-- Up-to-date: /home/arveds/ros2_ws/install/ros_kctrl_custom_interfaces/share/ros_kctrl_custom_interfaces/cmake/export_ros_kctrl_custom_interfaces__rosidl_generator_cppExport.cmake
-- Up-to-date: /home/arveds/ros2_ws/install/ros_kctrl_custom_interfaces/share/ros_kctrl_custom_interfaces/cmake/export_ros_kctrl_custom_interfaces__rosidl_typesupport_fastrtps_cppExport.cmake
-- Up-to-date: /home/arveds/ros2_ws/install/ros_kctrl_custom_interfaces/share/ros_kctrl_custom_interfaces/cmake/export_ros_kctrl_custom_interfaces__rosidl_typesupport_fastrtps_cppExport-noconfig.cmake
-- Up-to-date: /home/arveds/ros2_ws/install/ros_kctrl_custom_interfaces/share/ros_kctrl_custom_interfaces/cmake/ros_kctrl_custom_interfaces__rosidl_typesupport_introspection_cppExport.cmake
-- Up-to-date: /home/arveds/ros2_ws/install/ros_kctrl_custom_interfaces/share/ros_kctrl_custom_interfaces/cmake/ros_kctrl_custom_interfaces__rosidl_typesupport_introspection_cppExport-noconfig.cmake
-- Up-to-date: /home/arveds/ros2_ws/install/ros_kctrl_custom_interfaces/share/ros_kctrl_custom_interfaces/cmake/ros_kctrl_custom_interfaces__rosidl_typesupport_cppExport.cmake
-- Up-to-date: /home/arveds/ros2_ws/install/ros_kctrl_custom_interfaces/share/ros_kctrl_custom_interfaces/cmake/ros_kctrl_custom_interfaces__rosidl_typesupport_cppExport-noconfig.cmake
-- Up-to-date: /home/arveds/ros2_ws/install/ros_kctrl_custom_interfaces/share/ros_kctrl_custom_interfaces/cmake/export_ros_kctrl_custom_interfaces__rosidl_generator_pyExport.cmake
-- Up-to-date: /home/arveds/ros2_ws/install/ros_kctrl_custom_interfaces/share/ros_kctrl_custom_interfaces/cmake/export_ros_kctrl_custom_interfaces__rosidl_generator_pyExport-noconfig.cmake
-- Up-to-date: /home/arveds/ros2_ws/install/ros_kctrl_custom_interfaces/share/ros_kctrl_custom_interfaces/cmake/rosidl_cmake-extras.cmake
-- Up-to-date: /home/arveds/ros2_ws/install/ros_kctrl_custom_interfaces/share/ros_kctrl_custom_interfaces/cmake/ament_cmake_export_dependencies-extras.cmake
-- Up-to-date: /home/arveds/ros2_ws/install/ros_kctrl_custom_interfaces/share/ros_kctrl_custom_interfaces/cmake/ament_cmake_export_include_directories-extras.cmake
-- Up-to-date: /home/arveds/ros2_ws/install/ros_kctrl_custom_interfaces/share/ros_kctrl_custom_interfaces/cmake/ament_cmake_export_libraries-extras.cmake
-- Up-to-date: /home/arveds/ros2_ws/install/ros_kctrl_custom_interfaces/share/ros_kctrl_custom_interfaces/cmake/ament_cmake_export_targets-extras.cmake
-- Up-to-date: /home/arveds/ros2_ws/install/ros_kctrl_custom_interfaces/share/ros_kctrl_custom_interfaces/cmake/rosidl_cmake_export_typesupport_targets-extras.cmake
-- Up-to-date: /home/arveds/ros2_ws/install/ros_kctrl_custom_interfaces/share/ros_kctrl_custom_interfaces/cmake/rosidl_cmake_export_typesupport_libraries-extras.cmake
-- Up-to-date: /home/arveds/ros2_ws/install/ros_kctrl_custom_interfaces/share/ros_kctrl_custom_interfaces/cmake/ros_kctrl_custom_interfacesConfig.cmake
-- Up-to-date: /home/arveds/ros2_ws/install/ros_kctrl_custom_interfaces/share/ros_kctrl_custom_interfaces/cmake/ros_kctrl_custom_interfacesConfig-version.cmake
-- Up-to-date: /home/arveds/ros2_ws/install/ros_kctrl_custom_interfaces/share/ros_kctrl_custom_interfaces/package.xml
