[0.011s] Invoking command in '/home/arveds/ros2_ws/build/ros_kctrl_custom_interfaces': CMAKE_PREFIX_PATH=${CMAKE_PREFIX_PATH}:/opt/ros/jazzy /usr/bin/cmake --build /home/arveds/ros2_ws/build/ros_kctrl_custom_interfaces -- -j12 -l12
[0.037s] -- Found ament_cmake: 2.5.4 (/opt/ros/jazzy/share/ament_cmake/cmake)
[0.151s] -- Found rosidl_default_generators: 1.6.0 (/opt/ros/jazzy/share/rosidl_default_generators/cmake)
[0.153s] -- Using all available rosidl_typesupport_c: rosidl_typesupport_fastrtps_c;rosidl_typesupport_introspection_c
[0.226s] -- Using all available rosidl_typesupport_cpp: rosidl_typesupport_fastrtps_cpp;rosidl_typesupport_introspection_cpp
[0.260s] -- Found rosidl_adapter: 4.6.5 (/opt/ros/jazzy/share/rosidl_adapter/cmake)
[0.584s] -- Found ament_cmake_ros: 0.12.0 (/opt/ros/jazzy/share/ament_cmake_ros/cmake)
[0.688s] -- Using all available rosidl_typesupport_c: rosidl_typesupport_fastrtps_c;rosidl_typesupport_introspection_c
[0.827s] -- Using all available rosidl_typesupport_cpp: rosidl_typesupport_fastrtps_cpp;rosidl_typesupport_introspection_cpp
[0.829s] -- Found python_cmake_module: 0.11.1 (/opt/ros/jazzy/share/python_cmake_module/cmake)
[1.137s] -- Found Python3: /usr/bin/python3 (found version "3.12.3") found components: Interpreter Development NumPy Development.Module Development.Embed 
[1.169s] -- Configuring done (1.1s)
[1.246s] -- Generating done (0.1s)
[1.264s] -- Build files have been written to: /home/arveds/ros2_ws/build/ros_kctrl_custom_interfaces
[1.299s] [  1%] [34m[1mGenerating type hashes for ROS interfaces[0m
[1.323s] [  1%] Built target ament_cmake_python_copy_ros_kctrl_custom_interfaces
[1.610s] [  1%] Built target ros_kctrl_custom_interfaces__rosidl_generator_type_description
[1.612s] running egg_info
[1.620s] [  3%] [34m[1mGenerating C code for ROS interfaces[0m
[1.631s] [  5%] [34m[1mGenerating C++ code for ROS interfaces[0m
[1.636s] writing ros_kctrl_custom_interfaces.egg-info/PKG-INFO
[1.636s] writing dependency_links to ros_kctrl_custom_interfaces.egg-info/dependency_links.txt
[1.636s] writing top-level names to ros_kctrl_custom_interfaces.egg-info/top_level.txt
[1.738s] reading manifest file 'ros_kctrl_custom_interfaces.egg-info/SOURCES.txt'
[1.740s] writing manifest file 'ros_kctrl_custom_interfaces.egg-info/SOURCES.txt'
[1.782s] [  5%] Built target ament_cmake_python_build_ros_kctrl_custom_interfaces_egg
[2.234s] [  5%] Built target ros_kctrl_custom_interfaces__cpp
[2.317s] [  9%] [32mBuilding C object CMakeFiles/ros_kctrl_custom_interfaces__rosidl_generator_c.dir/rosidl_generator_c/ros_kctrl_custom_interfaces/srv/detail/sounder_command__type_support.c.o[0m
[2.318s] [  9%] [32mBuilding C object CMakeFiles/ros_kctrl_custom_interfaces__rosidl_generator_c.dir/rosidl_generator_c/ros_kctrl_custom_interfaces/srv/detail/sounder_command__functions.c.o[0m
[2.318s] [ 11%] [32mBuilding C object CMakeFiles/ros_kctrl_custom_interfaces__rosidl_generator_c.dir/rosidl_generator_c/ros_kctrl_custom_interfaces/srv/detail/set_pu_parameters__type_support.c.o[0m
[2.318s] [ 14%] [32mBuilding C object CMakeFiles/ros_kctrl_custom_interfaces__rosidl_generator_c.dir/rosidl_generator_c/ros_kctrl_custom_interfaces/srv/detail/sounder_command__description.c.o[0m
[2.318s] [ 16%] [32mBuilding C object CMakeFiles/ros_kctrl_custom_interfaces__rosidl_generator_c.dir/rosidl_generator_c/ros_kctrl_custom_interfaces/srv/detail/set_pu_parameters__functions.c.o[0m
[2.318s] [ 16%] [32mBuilding C object CMakeFiles/ros_kctrl_custom_interfaces__rosidl_generator_c.dir/rosidl_generator_c/ros_kctrl_custom_interfaces/srv/detail/set_pu_parameters__description.c.o[0m
[2.319s] [ 20%] [32mBuilding C object CMakeFiles/ros_kctrl_custom_interfaces__rosidl_generator_c.dir/rosidl_generator_c/ros_kctrl_custom_interfaces/srv/detail/request_pu_parameters__functions.c.o[0m
[2.319s] [ 20%] [32mBuilding C object CMakeFiles/ros_kctrl_custom_interfaces__rosidl_generator_c.dir/rosidl_generator_c/ros_kctrl_custom_interfaces/srv/detail/request_pu_parameters__description.c.o[0m
[2.319s] [ 22%] [32mBuilding C object CMakeFiles/ros_kctrl_custom_interfaces__rosidl_generator_c.dir/rosidl_generator_c/ros_kctrl_custom_interfaces/srv/detail/request_pu_parameters__type_support.c.o[0m
[2.487s] [ 24%] [32m[1mLinking C shared library libros_kctrl_custom_interfaces__rosidl_generator_c.so[0m
[2.549s] [ 24%] Built target ros_kctrl_custom_interfaces__rosidl_generator_c
[2.560s] [ 25%] [34m[1mGenerating C type support for eProsima Fast-RTPS[0m
[2.562s] [ 29%] [34m[1mGenerating C++ type support dispatch for ROS interfaces[0m
[2.562s] [ 29%] [34m[1mGenerating C introspection for ROS interfaces[0m
[2.563s] [ 31%] [34m[1mGenerating C++ type support for eProsima Fast-RTPS[0m
[2.563s] [ 35%] [34m[1mGenerating C++ introspection for ROS interfaces[0m
[2.563s] [ 35%] [34m[1mGenerating C type support dispatch for ROS interfaces[0m
[3.092s] [ 37%] [32mBuilding CXX object CMakeFiles/ros_kctrl_custom_interfaces__rosidl_typesupport_c.dir/rosidl_typesupport_c/ros_kctrl_custom_interfaces/srv/set_pu_parameters__type_support.cpp.o[0m
[3.093s] [ 38%] [32mBuilding CXX object CMakeFiles/ros_kctrl_custom_interfaces__rosidl_typesupport_c.dir/rosidl_typesupport_c/ros_kctrl_custom_interfaces/srv/request_pu_parameters__type_support.cpp.o[0m
[3.094s] [ 40%] [32mBuilding CXX object CMakeFiles/ros_kctrl_custom_interfaces__rosidl_typesupport_c.dir/rosidl_typesupport_c/ros_kctrl_custom_interfaces/srv/sounder_command__type_support.cpp.o[0m
[3.135s] [ 42%] [32mBuilding CXX object CMakeFiles/ros_kctrl_custom_interfaces__rosidl_typesupport_cpp.dir/rosidl_typesupport_cpp/ros_kctrl_custom_interfaces/srv/sounder_command__type_support.cpp.o[0m
[3.139s] [ 44%] [32mBuilding CXX object CMakeFiles/ros_kctrl_custom_interfaces__rosidl_typesupport_cpp.dir/rosidl_typesupport_cpp/ros_kctrl_custom_interfaces/srv/request_pu_parameters__type_support.cpp.o[0m
[3.140s] [ 46%] [32mBuilding CXX object CMakeFiles/ros_kctrl_custom_interfaces__rosidl_typesupport_cpp.dir/rosidl_typesupport_cpp/ros_kctrl_custom_interfaces/srv/set_pu_parameters__type_support.cpp.o[0m
[3.256s] [ 48%] [32mBuilding CXX object CMakeFiles/ros_kctrl_custom_interfaces__rosidl_typesupport_introspection_cpp.dir/rosidl_typesupport_introspection_cpp/ros_kctrl_custom_interfaces/srv/detail/sounder_command__type_support.cpp.o[0m
[3.256s] [ 50%] [32mBuilding CXX object CMakeFiles/ros_kctrl_custom_interfaces__rosidl_typesupport_introspection_cpp.dir/rosidl_typesupport_introspection_cpp/ros_kctrl_custom_interfaces/srv/detail/set_pu_parameters__type_support.cpp.o[0m
[3.261s] [ 51%] [32mBuilding CXX object CMakeFiles/ros_kctrl_custom_interfaces__rosidl_typesupport_introspection_cpp.dir/rosidl_typesupport_introspection_cpp/ros_kctrl_custom_interfaces/srv/detail/request_pu_parameters__type_support.cpp.o[0m
[3.263s] [ 53%] [32m[1mLinking CXX shared library libros_kctrl_custom_interfaces__rosidl_typesupport_c.so[0m
[3.281s] [ 57%] [32mBuilding C object CMakeFiles/ros_kctrl_custom_interfaces__rosidl_typesupport_introspection_c.dir/rosidl_typesupport_introspection_c/ros_kctrl_custom_interfaces/srv/detail/set_pu_parameters__type_support.c.o[0m
[3.281s] [ 57%] [32mBuilding C object CMakeFiles/ros_kctrl_custom_interfaces__rosidl_typesupport_introspection_c.dir/rosidl_typesupport_introspection_c/ros_kctrl_custom_interfaces/srv/detail/sounder_command__type_support.c.o[0m
[3.281s] [ 59%] [32mBuilding C object CMakeFiles/ros_kctrl_custom_interfaces__rosidl_typesupport_introspection_c.dir/rosidl_typesupport_introspection_c/ros_kctrl_custom_interfaces/srv/detail/request_pu_parameters__type_support.c.o[0m
[3.397s] [ 61%] [32m[1mLinking C shared library libros_kctrl_custom_interfaces__rosidl_typesupport_introspection_c.so[0m
[3.420s] [ 61%] Built target ros_kctrl_custom_interfaces__rosidl_typesupport_c
[3.506s] [ 61%] Built target ros_kctrl_custom_interfaces__rosidl_typesupport_introspection_c
[3.570s] [ 62%] [32mBuilding CXX object CMakeFiles/ros_kctrl_custom_interfaces__rosidl_typesupport_fastrtps_cpp.dir/rosidl_typesupport_fastrtps_cpp/ros_kctrl_custom_interfaces/srv/detail/dds_fastrtps/sounder_command__type_support.cpp.o[0m
[3.572s] [ 64%] [32mBuilding CXX object CMakeFiles/ros_kctrl_custom_interfaces__rosidl_typesupport_fastrtps_cpp.dir/rosidl_typesupport_fastrtps_cpp/ros_kctrl_custom_interfaces/srv/detail/dds_fastrtps/set_pu_parameters__type_support.cpp.o[0m
[3.585s] [ 66%] [32mBuilding CXX object CMakeFiles/ros_kctrl_custom_interfaces__rosidl_typesupport_fastrtps_cpp.dir/rosidl_typesupport_fastrtps_cpp/ros_kctrl_custom_interfaces/srv/detail/dds_fastrtps/request_pu_parameters__type_support.cpp.o[0m
[3.640s] [ 68%] [32mBuilding CXX object CMakeFiles/ros_kctrl_custom_interfaces__rosidl_typesupport_fastrtps_c.dir/rosidl_typesupport_fastrtps_c/ros_kctrl_custom_interfaces/srv/detail/sounder_command__type_support_c.cpp.o[0m
[3.640s] [ 70%] [32mBuilding CXX object CMakeFiles/ros_kctrl_custom_interfaces__rosidl_typesupport_fastrtps_c.dir/rosidl_typesupport_fastrtps_c/ros_kctrl_custom_interfaces/srv/detail/set_pu_parameters__type_support_c.cpp.o[0m
[3.645s] [ 72%] [32mBuilding CXX object CMakeFiles/ros_kctrl_custom_interfaces__rosidl_typesupport_fastrtps_c.dir/rosidl_typesupport_fastrtps_c/ros_kctrl_custom_interfaces/srv/detail/request_pu_parameters__type_support_c.cpp.o[0m
[4.206s] [ 74%] [32m[1mLinking CXX shared library libros_kctrl_custom_interfaces__rosidl_typesupport_cpp.so[0m
[4.350s] [ 75%] [32m[1mLinking CXX shared library libros_kctrl_custom_interfaces__rosidl_typesupport_introspection_cpp.so[0m
[4.418s] [ 75%] Built target ros_kctrl_custom_interfaces__rosidl_typesupport_cpp
[4.555s] [ 75%] Built target ros_kctrl_custom_interfaces__rosidl_typesupport_introspection_cpp
[4.769s] [ 77%] [32m[1mLinking CXX shared library libros_kctrl_custom_interfaces__rosidl_typesupport_fastrtps_c.so[0m
[4.888s] [ 77%] Built target ros_kctrl_custom_interfaces__rosidl_typesupport_fastrtps_c
[4.892s] [ 79%] [32m[1mLinking CXX shared library libros_kctrl_custom_interfaces__rosidl_typesupport_fastrtps_cpp.so[0m
[4.993s] [ 79%] Built target ros_kctrl_custom_interfaces__rosidl_typesupport_fastrtps_cpp
[5.014s] [ 79%] Built target ros_kctrl_custom_interfaces
[5.034s] [ 81%] [34m[1mGenerating Python code for ROS interfaces[0m
[5.806s] [ 81%] Built target ros_kctrl_custom_interfaces__py
[5.831s] [ 83%] [32mBuilding C object CMakeFiles/ros_kctrl_custom_interfaces__rosidl_generator_py.dir/rosidl_generator_py/ros_kctrl_custom_interfaces/srv/_sounder_command_s.c.o[0m
[5.831s] [ 85%] [32mBuilding C object CMakeFiles/ros_kctrl_custom_interfaces__rosidl_generator_py.dir/rosidl_generator_py/ros_kctrl_custom_interfaces/srv/_set_pu_parameters_s.c.o[0m
[5.831s] [ 87%] [32mBuilding C object CMakeFiles/ros_kctrl_custom_interfaces__rosidl_generator_py.dir/rosidl_generator_py/ros_kctrl_custom_interfaces/srv/_request_pu_parameters_s.c.o[0m
[6.051s] [ 88%] [32m[1mLinking C shared library libros_kctrl_custom_interfaces__rosidl_generator_py.so[0m
[6.111s] [ 88%] Built target ros_kctrl_custom_interfaces__rosidl_generator_py
[6.136s] [ 92%] [32mBuilding C object CMakeFiles/ros_kctrl_custom_interfaces_s__rosidl_typesupport_introspection_c.dir/rosidl_generator_py/ros_kctrl_custom_interfaces/_ros_kctrl_custom_interfaces_s.ep.rosidl_typesupport_introspection_c.c.o[0m
[6.137s] [ 92%] [32mBuilding C object CMakeFiles/ros_kctrl_custom_interfaces_s__rosidl_typesupport_c.dir/rosidl_generator_py/ros_kctrl_custom_interfaces/_ros_kctrl_custom_interfaces_s.ep.rosidl_typesupport_c.c.o[0m
[6.137s] [ 94%] [32mBuilding C object CMakeFiles/ros_kctrl_custom_interfaces_s__rosidl_typesupport_fastrtps_c.dir/rosidl_generator_py/ros_kctrl_custom_interfaces/_ros_kctrl_custom_interfaces_s.ep.rosidl_typesupport_fastrtps_c.c.o[0m
[6.311s] [ 98%] [32m[1mLinking C shared module rosidl_generator_py/ros_kctrl_custom_interfaces/ros_kctrl_custom_interfaces_s__rosidl_typesupport_c.so[0m
[6.311s] [ 98%] [32m[1mLinking C shared module rosidl_generator_py/ros_kctrl_custom_interfaces/ros_kctrl_custom_interfaces_s__rosidl_typesupport_introspection_c.so[0m
[6.316s] [100%] [32m[1mLinking C shared module rosidl_generator_py/ros_kctrl_custom_interfaces/ros_kctrl_custom_interfaces_s__rosidl_typesupport_fastrtps_c.so[0m
[6.367s] [100%] Built target ros_kctrl_custom_interfaces_s__rosidl_typesupport_introspection_c
[6.368s] [100%] Built target ros_kctrl_custom_interfaces_s__rosidl_typesupport_c
[6.377s] [100%] Built target ros_kctrl_custom_interfaces_s__rosidl_typesupport_fastrtps_c
[6.391s] Invoked command in '/home/arveds/ros2_ws/build/ros_kctrl_custom_interfaces' returned '0': CMAKE_PREFIX_PATH=${CMAKE_PREFIX_PATH}:/opt/ros/jazzy /usr/bin/cmake --build /home/arveds/ros2_ws/build/ros_kctrl_custom_interfaces -- -j12 -l12
[6.401s] Invoking command in '/home/arveds/ros2_ws/build/ros_kctrl_custom_interfaces': CMAKE_PREFIX_PATH=${CMAKE_PREFIX_PATH}:/opt/ros/jazzy /usr/bin/cmake --install /home/arveds/ros2_ws/build/ros_kctrl_custom_interfaces
[6.409s] -- Install configuration: ""
[6.410s] -- Installing: /home/arveds/ros2_ws/install/ros_kctrl_custom_interfaces/share/ament_index/resource_index/rosidl_interfaces/ros_kctrl_custom_interfaces
[6.411s] -- Installing: /home/arveds/ros2_ws/install/ros_kctrl_custom_interfaces/share/ros_kctrl_custom_interfaces/srv/SounderCommand.json
[6.411s] -- Installing: /home/arveds/ros2_ws/install/ros_kctrl_custom_interfaces/share/ros_kctrl_custom_interfaces/srv/SetPUParameters.json
[6.411s] -- Installing: /home/arveds/ros2_ws/install/ros_kctrl_custom_interfaces/share/ros_kctrl_custom_interfaces/srv/RequestPUParameters.json
[6.412s] -- Up-to-date: /home/arveds/ros2_ws/install/ros_kctrl_custom_interfaces/include/ros_kctrl_custom_interfaces/ros_kctrl_custom_interfaces
[6.412s] -- Up-to-date: /home/arveds/ros2_ws/install/ros_kctrl_custom_interfaces/include/ros_kctrl_custom_interfaces/ros_kctrl_custom_interfaces/msg
[6.412s] -- Up-to-date: /home/arveds/ros2_ws/install/ros_kctrl_custom_interfaces/include/ros_kctrl_custom_interfaces/ros_kctrl_custom_interfaces/msg/rosidl_generator_c__visibility_control.h
[6.412s] -- Up-to-date: /home/arveds/ros2_ws/install/ros_kctrl_custom_interfaces/include/ros_kctrl_custom_interfaces/ros_kctrl_custom_interfaces/srv
[6.412s] -- Up-to-date: /home/arveds/ros2_ws/install/ros_kctrl_custom_interfaces/include/ros_kctrl_custom_interfaces/ros_kctrl_custom_interfaces/srv/stop_pinging.h
[6.413s] -- Installing: /home/arveds/ros2_ws/install/ros_kctrl_custom_interfaces/include/ros_kctrl_custom_interfaces/ros_kctrl_custom_interfaces/srv/set_pu_parameters.h
[6.413s] -- Up-to-date: /home/arveds/ros2_ws/install/ros_kctrl_custom_interfaces/include/ros_kctrl_custom_interfaces/ros_kctrl_custom_interfaces/srv/detail
[6.413s] -- Up-to-date: /home/arveds/ros2_ws/install/ros_kctrl_custom_interfaces/include/ros_kctrl_custom_interfaces/ros_kctrl_custom_interfaces/srv/detail/start_pinging__struct.h
[6.413s] -- Up-to-date: /home/arveds/ros2_ws/install/ros_kctrl_custom_interfaces/include/ros_kctrl_custom_interfaces/ros_kctrl_custom_interfaces/srv/detail/start_sounder__functions.c
[6.413s] -- Up-to-date: /home/arveds/ros2_ws/install/ros_kctrl_custom_interfaces/include/ros_kctrl_custom_interfaces/ros_kctrl_custom_interfaces/srv/detail/start_pinging__functions.c
[6.413s] -- Up-to-date: /home/arveds/ros2_ws/install/ros_kctrl_custom_interfaces/include/ros_kctrl_custom_interfaces/ros_kctrl_custom_interfaces/srv/detail/stop_pinging__type_support.h
[6.413s] -- Installing: /home/arveds/ros2_ws/install/ros_kctrl_custom_interfaces/include/ros_kctrl_custom_interfaces/ros_kctrl_custom_interfaces/srv/detail/request_pu_parameters__struct.h
[6.414s] -- Up-to-date: /home/arveds/ros2_ws/install/ros_kctrl_custom_interfaces/include/ros_kctrl_custom_interfaces/ros_kctrl_custom_interfaces/srv/detail/stop_pinging__struct.h
[6.414s] -- Installing: /home/arveds/ros2_ws/install/ros_kctrl_custom_interfaces/include/ros_kctrl_custom_interfaces/ros_kctrl_custom_interfaces/srv/detail/sounder_command__struct.h
[6.414s] -- Up-to-date: /home/arveds/ros2_ws/install/ros_kctrl_custom_interfaces/include/ros_kctrl_custom_interfaces/ros_kctrl_custom_interfaces/srv/detail/start_sounder__description.c
[6.414s] -- Up-to-date: /home/arveds/ros2_ws/install/ros_kctrl_custom_interfaces/include/ros_kctrl_custom_interfaces/ros_kctrl_custom_interfaces/srv/detail/stop_pinging__functions.c
[6.414s] -- Installing: /home/arveds/ros2_ws/install/ros_kctrl_custom_interfaces/include/ros_kctrl_custom_interfaces/ros_kctrl_custom_interfaces/srv/detail/sounder_command__type_support.h
[6.415s] -- Installing: /home/arveds/ros2_ws/install/ros_kctrl_custom_interfaces/include/ros_kctrl_custom_interfaces/ros_kctrl_custom_interfaces/srv/detail/set_pu_parameters__type_support.h
[6.415s] -- Installing: /home/arveds/ros2_ws/install/ros_kctrl_custom_interfaces/include/ros_kctrl_custom_interfaces/ros_kctrl_custom_interfaces/srv/detail/set_pu_parameters__description.c
[6.415s] -- Up-to-date: /home/arveds/ros2_ws/install/ros_kctrl_custom_interfaces/include/ros_kctrl_custom_interfaces/ros_kctrl_custom_interfaces/srv/detail/start_sounder__functions.h
[6.415s] -- Up-to-date: /home/arveds/ros2_ws/install/ros_kctrl_custom_interfaces/include/ros_kctrl_custom_interfaces/ros_kctrl_custom_interfaces/srv/detail/stop_pinging__description.c
[6.415s] -- Up-to-date: /home/arveds/ros2_ws/install/ros_kctrl_custom_interfaces/include/ros_kctrl_custom_interfaces/ros_kctrl_custom_interfaces/srv/detail/start_pinging__functions.h
[6.416s] -- Up-to-date: /home/arveds/ros2_ws/install/ros_kctrl_custom_interfaces/include/ros_kctrl_custom_interfaces/ros_kctrl_custom_interfaces/srv/detail/stop_pinging__type_support.c
[6.416s] -- Up-to-date: /home/arveds/ros2_ws/install/ros_kctrl_custom_interfaces/include/ros_kctrl_custom_interfaces/ros_kctrl_custom_interfaces/srv/detail/start_sounder__type_support.c
[6.416s] -- Up-to-date: /home/arveds/ros2_ws/install/ros_kctrl_custom_interfaces/include/ros_kctrl_custom_interfaces/ros_kctrl_custom_interfaces/srv/detail/stop_pinging__functions.h
[6.416s] -- Up-to-date: /home/arveds/ros2_ws/install/ros_kctrl_custom_interfaces/include/ros_kctrl_custom_interfaces/ros_kctrl_custom_interfaces/srv/detail/start_pinging__description.c
[6.416s] -- Installing: /home/arveds/ros2_ws/install/ros_kctrl_custom_interfaces/include/ros_kctrl_custom_interfaces/ros_kctrl_custom_interfaces/srv/detail/request_pu_parameters__type_support.c
[6.417s] -- Installing: /home/arveds/ros2_ws/install/ros_kctrl_custom_interfaces/include/ros_kctrl_custom_interfaces/ros_kctrl_custom_interfaces/srv/detail/sounder_command__type_support.c
[6.417s] -- Installing: /home/arveds/ros2_ws/install/ros_kctrl_custom_interfaces/include/ros_kctrl_custom_interfaces/ros_kctrl_custom_interfaces/srv/detail/set_pu_parameters__functions.h
[6.417s] -- Up-to-date: /home/arveds/ros2_ws/install/ros_kctrl_custom_interfaces/include/ros_kctrl_custom_interfaces/ros_kctrl_custom_interfaces/srv/detail/start_pinging__type_support.h
[6.417s] -- Up-to-date: /home/arveds/ros2_ws/install/ros_kctrl_custom_interfaces/include/ros_kctrl_custom_interfaces/ros_kctrl_custom_interfaces/srv/detail/start_pinging__type_support.c
[6.417s] -- Installing: /home/arveds/ros2_ws/install/ros_kctrl_custom_interfaces/include/ros_kctrl_custom_interfaces/ros_kctrl_custom_interfaces/srv/detail/request_pu_parameters__description.c
[6.418s] -- Installing: /home/arveds/ros2_ws/install/ros_kctrl_custom_interfaces/include/ros_kctrl_custom_interfaces/ros_kctrl_custom_interfaces/srv/detail/set_pu_parameters__functions.c
[6.418s] -- Installing: /home/arveds/ros2_ws/install/ros_kctrl_custom_interfaces/include/ros_kctrl_custom_interfaces/ros_kctrl_custom_interfaces/srv/detail/sounder_command__description.c
[6.418s] -- Installing: /home/arveds/ros2_ws/install/ros_kctrl_custom_interfaces/include/ros_kctrl_custom_interfaces/ros_kctrl_custom_interfaces/srv/detail/request_pu_parameters__functions.c
[6.418s] -- Installing: /home/arveds/ros2_ws/install/ros_kctrl_custom_interfaces/include/ros_kctrl_custom_interfaces/ros_kctrl_custom_interfaces/srv/detail/request_pu_parameters__type_support.h
[6.418s] -- Installing: /home/arveds/ros2_ws/install/ros_kctrl_custom_interfaces/include/ros_kctrl_custom_interfaces/ros_kctrl_custom_interfaces/srv/detail/sounder_command__functions.h
[6.419s] -- Installing: /home/arveds/ros2_ws/install/ros_kctrl_custom_interfaces/include/ros_kctrl_custom_interfaces/ros_kctrl_custom_interfaces/srv/detail/set_pu_parameters__type_support.c
[6.419s] -- Installing: /home/arveds/ros2_ws/install/ros_kctrl_custom_interfaces/include/ros_kctrl_custom_interfaces/ros_kctrl_custom_interfaces/srv/detail/sounder_command__functions.c
[6.419s] -- Up-to-date: /home/arveds/ros2_ws/install/ros_kctrl_custom_interfaces/include/ros_kctrl_custom_interfaces/ros_kctrl_custom_interfaces/srv/detail/start_sounder__struct.h
[6.419s] -- Up-to-date: /home/arveds/ros2_ws/install/ros_kctrl_custom_interfaces/include/ros_kctrl_custom_interfaces/ros_kctrl_custom_interfaces/srv/detail/start_sounder__type_support.h
[6.419s] -- Installing: /home/arveds/ros2_ws/install/ros_kctrl_custom_interfaces/include/ros_kctrl_custom_interfaces/ros_kctrl_custom_interfaces/srv/detail/set_pu_parameters__struct.h
[6.419s] -- Installing: /home/arveds/ros2_ws/install/ros_kctrl_custom_interfaces/include/ros_kctrl_custom_interfaces/ros_kctrl_custom_interfaces/srv/detail/request_pu_parameters__functions.h
[6.420s] -- Up-to-date: /home/arveds/ros2_ws/install/ros_kctrl_custom_interfaces/include/ros_kctrl_custom_interfaces/ros_kctrl_custom_interfaces/srv/start_sounder.h
[6.420s] -- Installing: /home/arveds/ros2_ws/install/ros_kctrl_custom_interfaces/include/ros_kctrl_custom_interfaces/ros_kctrl_custom_interfaces/srv/request_pu_parameters.h
[6.420s] -- Installing: /home/arveds/ros2_ws/install/ros_kctrl_custom_interfaces/include/ros_kctrl_custom_interfaces/ros_kctrl_custom_interfaces/srv/sounder_command.h
[6.420s] -- Up-to-date: /home/arveds/ros2_ws/install/ros_kctrl_custom_interfaces/include/ros_kctrl_custom_interfaces/ros_kctrl_custom_interfaces/srv/start_pinging.h
[6.420s] -- Up-to-date: /home/arveds/ros2_ws/install/ros_kctrl_custom_interfaces/share/ros_kctrl_custom_interfaces/environment/library_path.sh
[6.421s] -- Up-to-date: /home/arveds/ros2_ws/install/ros_kctrl_custom_interfaces/share/ros_kctrl_custom_interfaces/environment/library_path.dsv
[6.421s] -- Installing: /home/arveds/ros2_ws/install/ros_kctrl_custom_interfaces/lib/libros_kctrl_custom_interfaces__rosidl_generator_c.so
[6.421s] -- Set non-toolchain portion of runtime path of "/home/arveds/ros2_ws/install/ros_kctrl_custom_interfaces/lib/libros_kctrl_custom_interfaces__rosidl_generator_c.so" to ""
[6.421s] -- Up-to-date: /home/arveds/ros2_ws/install/ros_kctrl_custom_interfaces/include/ros_kctrl_custom_interfaces/ros_kctrl_custom_interfaces
[6.421s] -- Up-to-date: /home/arveds/ros2_ws/install/ros_kctrl_custom_interfaces/include/ros_kctrl_custom_interfaces/ros_kctrl_custom_interfaces/msg
[6.421s] -- Up-to-date: /home/arveds/ros2_ws/install/ros_kctrl_custom_interfaces/include/ros_kctrl_custom_interfaces/ros_kctrl_custom_interfaces/msg/rosidl_typesupport_fastrtps_c__visibility_control.h
[6.421s] -- Up-to-date: /home/arveds/ros2_ws/install/ros_kctrl_custom_interfaces/include/ros_kctrl_custom_interfaces/ros_kctrl_custom_interfaces/srv
[6.421s] -- Up-to-date: /home/arveds/ros2_ws/install/ros_kctrl_custom_interfaces/include/ros_kctrl_custom_interfaces/ros_kctrl_custom_interfaces/srv/detail
[6.421s] -- Installing: /home/arveds/ros2_ws/install/ros_kctrl_custom_interfaces/include/ros_kctrl_custom_interfaces/ros_kctrl_custom_interfaces/srv/detail/set_pu_parameters__rosidl_typesupport_fastrtps_c.h
[6.422s] -- Installing: /home/arveds/ros2_ws/install/ros_kctrl_custom_interfaces/include/ros_kctrl_custom_interfaces/ros_kctrl_custom_interfaces/srv/detail/request_pu_parameters__rosidl_typesupport_fastrtps_c.h
[6.422s] -- Installing: /home/arveds/ros2_ws/install/ros_kctrl_custom_interfaces/include/ros_kctrl_custom_interfaces/ros_kctrl_custom_interfaces/srv/detail/sounder_command__rosidl_typesupport_fastrtps_c.h
[6.422s] -- Up-to-date: /home/arveds/ros2_ws/install/ros_kctrl_custom_interfaces/include/ros_kctrl_custom_interfaces/ros_kctrl_custom_interfaces/srv/detail/start_sounder__rosidl_typesupport_fastrtps_c.h
[6.422s] -- Up-to-date: /home/arveds/ros2_ws/install/ros_kctrl_custom_interfaces/include/ros_kctrl_custom_interfaces/ros_kctrl_custom_interfaces/srv/detail/start_pinging__rosidl_typesupport_fastrtps_c.h
[6.422s] -- Up-to-date: /home/arveds/ros2_ws/install/ros_kctrl_custom_interfaces/include/ros_kctrl_custom_interfaces/ros_kctrl_custom_interfaces/srv/detail/stop_pinging__rosidl_typesupport_fastrtps_c.h
[6.422s] -- Installing: /home/arveds/ros2_ws/install/ros_kctrl_custom_interfaces/lib/libros_kctrl_custom_interfaces__rosidl_typesupport_fastrtps_c.so
[6.422s] -- Set non-toolchain portion of runtime path of "/home/arveds/ros2_ws/install/ros_kctrl_custom_interfaces/lib/libros_kctrl_custom_interfaces__rosidl_typesupport_fastrtps_c.so" to ""
[6.423s] -- Up-to-date: /home/arveds/ros2_ws/install/ros_kctrl_custom_interfaces/include/ros_kctrl_custom_interfaces/ros_kctrl_custom_interfaces
[6.423s] -- Up-to-date: /home/arveds/ros2_ws/install/ros_kctrl_custom_interfaces/include/ros_kctrl_custom_interfaces/ros_kctrl_custom_interfaces/msg
[6.423s] -- Up-to-date: /home/arveds/ros2_ws/install/ros_kctrl_custom_interfaces/include/ros_kctrl_custom_interfaces/ros_kctrl_custom_interfaces/msg/rosidl_typesupport_introspection_c__visibility_control.h
[6.423s] -- Up-to-date: /home/arveds/ros2_ws/install/ros_kctrl_custom_interfaces/include/ros_kctrl_custom_interfaces/ros_kctrl_custom_interfaces/srv
[6.424s] -- Up-to-date: /home/arveds/ros2_ws/install/ros_kctrl_custom_interfaces/include/ros_kctrl_custom_interfaces/ros_kctrl_custom_interfaces/srv/detail
[6.424s] -- Up-to-date: /home/arveds/ros2_ws/install/ros_kctrl_custom_interfaces/include/ros_kctrl_custom_interfaces/ros_kctrl_custom_interfaces/srv/detail/start_pinging__rosidl_typesupport_introspection_c.h
[6.424s] -- Installing: /home/arveds/ros2_ws/install/ros_kctrl_custom_interfaces/include/ros_kctrl_custom_interfaces/ros_kctrl_custom_interfaces/srv/detail/set_pu_parameters__rosidl_typesupport_introspection_c.h
[6.424s] -- Up-to-date: /home/arveds/ros2_ws/install/ros_kctrl_custom_interfaces/include/ros_kctrl_custom_interfaces/ros_kctrl_custom_interfaces/srv/detail/start_sounder__rosidl_typesupport_introspection_c.h
[6.425s] -- Up-to-date: /home/arveds/ros2_ws/install/ros_kctrl_custom_interfaces/include/ros_kctrl_custom_interfaces/ros_kctrl_custom_interfaces/srv/detail/stop_pinging__type_support.c
[6.425s] -- Up-to-date: /home/arveds/ros2_ws/install/ros_kctrl_custom_interfaces/include/ros_kctrl_custom_interfaces/ros_kctrl_custom_interfaces/srv/detail/start_sounder__type_support.c
[6.425s] -- Installing: /home/arveds/ros2_ws/install/ros_kctrl_custom_interfaces/include/ros_kctrl_custom_interfaces/ros_kctrl_custom_interfaces/srv/detail/request_pu_parameters__rosidl_typesupport_introspection_c.h
[6.425s] -- Installing: /home/arveds/ros2_ws/install/ros_kctrl_custom_interfaces/include/ros_kctrl_custom_interfaces/ros_kctrl_custom_interfaces/srv/detail/request_pu_parameters__type_support.c
[6.426s] -- Installing: /home/arveds/ros2_ws/install/ros_kctrl_custom_interfaces/include/ros_kctrl_custom_interfaces/ros_kctrl_custom_interfaces/srv/detail/sounder_command__type_support.c
[6.426s] -- Up-to-date: /home/arveds/ros2_ws/install/ros_kctrl_custom_interfaces/include/ros_kctrl_custom_interfaces/ros_kctrl_custom_interfaces/srv/detail/start_pinging__type_support.c
[6.426s] -- Up-to-date: /home/arveds/ros2_ws/install/ros_kctrl_custom_interfaces/include/ros_kctrl_custom_interfaces/ros_kctrl_custom_interfaces/srv/detail/stop_pinging__rosidl_typesupport_introspection_c.h
[6.426s] -- Installing: /home/arveds/ros2_ws/install/ros_kctrl_custom_interfaces/include/ros_kctrl_custom_interfaces/ros_kctrl_custom_interfaces/srv/detail/sounder_command__rosidl_typesupport_introspection_c.h
[6.426s] -- Installing: /home/arveds/ros2_ws/install/ros_kctrl_custom_interfaces/include/ros_kctrl_custom_interfaces/ros_kctrl_custom_interfaces/srv/detail/set_pu_parameters__type_support.c
[6.426s] -- Installing: /home/arveds/ros2_ws/install/ros_kctrl_custom_interfaces/lib/libros_kctrl_custom_interfaces__rosidl_typesupport_introspection_c.so
[6.427s] -- Set non-toolchain portion of runtime path of "/home/arveds/ros2_ws/install/ros_kctrl_custom_interfaces/lib/libros_kctrl_custom_interfaces__rosidl_typesupport_introspection_c.so" to ""
[6.428s] -- Installing: /home/arveds/ros2_ws/install/ros_kctrl_custom_interfaces/lib/libros_kctrl_custom_interfaces__rosidl_typesupport_c.so
[6.428s] -- Set non-toolchain portion of runtime path of "/home/arveds/ros2_ws/install/ros_kctrl_custom_interfaces/lib/libros_kctrl_custom_interfaces__rosidl_typesupport_c.so" to ""
[6.428s] -- Up-to-date: /home/arveds/ros2_ws/install/ros_kctrl_custom_interfaces/include/ros_kctrl_custom_interfaces/ros_kctrl_custom_interfaces
[6.428s] -- Up-to-date: /home/arveds/ros2_ws/install/ros_kctrl_custom_interfaces/include/ros_kctrl_custom_interfaces/ros_kctrl_custom_interfaces/msg
[6.429s] -- Installing: /home/arveds/ros2_ws/install/ros_kctrl_custom_interfaces/include/ros_kctrl_custom_interfaces/ros_kctrl_custom_interfaces/msg/rosidl_generator_cpp__visibility_control.hpp
[6.429s] -- Up-to-date: /home/arveds/ros2_ws/install/ros_kctrl_custom_interfaces/include/ros_kctrl_custom_interfaces/ros_kctrl_custom_interfaces/srv
[6.429s] -- Installing: /home/arveds/ros2_ws/install/ros_kctrl_custom_interfaces/include/ros_kctrl_custom_interfaces/ros_kctrl_custom_interfaces/srv/request_pu_parameters.hpp
[6.430s] -- Up-to-date: /home/arveds/ros2_ws/install/ros_kctrl_custom_interfaces/include/ros_kctrl_custom_interfaces/ros_kctrl_custom_interfaces/srv/detail
[6.430s] -- Installing: /home/arveds/ros2_ws/install/ros_kctrl_custom_interfaces/include/ros_kctrl_custom_interfaces/ros_kctrl_custom_interfaces/srv/detail/sounder_command__type_support.hpp
[6.430s] -- Installing: /home/arveds/ros2_ws/install/ros_kctrl_custom_interfaces/include/ros_kctrl_custom_interfaces/ros_kctrl_custom_interfaces/srv/detail/request_pu_parameters__type_support.hpp
[6.430s] -- Installing: /home/arveds/ros2_ws/install/ros_kctrl_custom_interfaces/include/ros_kctrl_custom_interfaces/ros_kctrl_custom_interfaces/srv/detail/set_pu_parameters__struct.hpp
[6.430s] -- Up-to-date: /home/arveds/ros2_ws/install/ros_kctrl_custom_interfaces/include/ros_kctrl_custom_interfaces/ros_kctrl_custom_interfaces/srv/detail/start_pinging__builder.hpp
[6.431s] -- Up-to-date: /home/arveds/ros2_ws/install/ros_kctrl_custom_interfaces/include/ros_kctrl_custom_interfaces/ros_kctrl_custom_interfaces/srv/detail/start_sounder__type_support.hpp
[6.431s] -- Installing: /home/arveds/ros2_ws/install/ros_kctrl_custom_interfaces/include/ros_kctrl_custom_interfaces/ros_kctrl_custom_interfaces/srv/detail/request_pu_parameters__struct.hpp
[6.431s] -- Installing: /home/arveds/ros2_ws/install/ros_kctrl_custom_interfaces/include/ros_kctrl_custom_interfaces/ros_kctrl_custom_interfaces/srv/detail/set_pu_parameters__builder.hpp
[6.431s] -- Up-to-date: /home/arveds/ros2_ws/install/ros_kctrl_custom_interfaces/include/ros_kctrl_custom_interfaces/ros_kctrl_custom_interfaces/srv/detail/stop_pinging__builder.hpp
[6.432s] -- Up-to-date: /home/arveds/ros2_ws/install/ros_kctrl_custom_interfaces/include/ros_kctrl_custom_interfaces/ros_kctrl_custom_interfaces/srv/detail/start_sounder__struct.hpp
[6.432s] -- Installing: /home/arveds/ros2_ws/install/ros_kctrl_custom_interfaces/include/ros_kctrl_custom_interfaces/ros_kctrl_custom_interfaces/srv/detail/sounder_command__traits.hpp
[6.432s] -- Installing: /home/arveds/ros2_ws/install/ros_kctrl_custom_interfaces/include/ros_kctrl_custom_interfaces/ros_kctrl_custom_interfaces/srv/detail/set_pu_parameters__type_support.hpp
[6.432s] -- Up-to-date: /home/arveds/ros2_ws/install/ros_kctrl_custom_interfaces/include/ros_kctrl_custom_interfaces/ros_kctrl_custom_interfaces/srv/detail/start_sounder__traits.hpp
[6.432s] -- Up-to-date: /home/arveds/ros2_ws/install/ros_kctrl_custom_interfaces/include/ros_kctrl_custom_interfaces/ros_kctrl_custom_interfaces/srv/detail/start_pinging__traits.hpp
[6.433s] -- Installing: /home/arveds/ros2_ws/install/ros_kctrl_custom_interfaces/include/ros_kctrl_custom_interfaces/ros_kctrl_custom_interfaces/srv/detail/sounder_command__struct.hpp
[6.433s] -- Up-to-date: /home/arveds/ros2_ws/install/ros_kctrl_custom_interfaces/include/ros_kctrl_custom_interfaces/ros_kctrl_custom_interfaces/srv/detail/stop_pinging__traits.hpp
[6.433s] -- Up-to-date: /home/arveds/ros2_ws/install/ros_kctrl_custom_interfaces/include/ros_kctrl_custom_interfaces/ros_kctrl_custom_interfaces/srv/detail/stop_pinging__struct.hpp
[6.433s] -- Up-to-date: /home/arveds/ros2_ws/install/ros_kctrl_custom_interfaces/include/ros_kctrl_custom_interfaces/ros_kctrl_custom_interfaces/srv/detail/stop_pinging__type_support.hpp
[6.434s] -- Up-to-date: /home/arveds/ros2_ws/install/ros_kctrl_custom_interfaces/include/ros_kctrl_custom_interfaces/ros_kctrl_custom_interfaces/srv/detail/start_sounder__builder.hpp
[6.434s] -- Installing: /home/arveds/ros2_ws/install/ros_kctrl_custom_interfaces/include/ros_kctrl_custom_interfaces/ros_kctrl_custom_interfaces/srv/detail/set_pu_parameters__traits.hpp
[6.434s] -- Up-to-date: /home/arveds/ros2_ws/install/ros_kctrl_custom_interfaces/include/ros_kctrl_custom_interfaces/ros_kctrl_custom_interfaces/srv/detail/start_pinging__struct.hpp
[6.434s] -- Installing: /home/arveds/ros2_ws/install/ros_kctrl_custom_interfaces/include/ros_kctrl_custom_interfaces/ros_kctrl_custom_interfaces/srv/detail/sounder_command__builder.hpp
[6.435s] -- Installing: /home/arveds/ros2_ws/install/ros_kctrl_custom_interfaces/include/ros_kctrl_custom_interfaces/ros_kctrl_custom_interfaces/srv/detail/request_pu_parameters__traits.hpp
[6.435s] -- Up-to-date: /home/arveds/ros2_ws/install/ros_kctrl_custom_interfaces/include/ros_kctrl_custom_interfaces/ros_kctrl_custom_interfaces/srv/detail/start_pinging__type_support.hpp
[6.435s] -- Installing: /home/arveds/ros2_ws/install/ros_kctrl_custom_interfaces/include/ros_kctrl_custom_interfaces/ros_kctrl_custom_interfaces/srv/detail/request_pu_parameters__builder.hpp
[6.435s] -- Up-to-date: /home/arveds/ros2_ws/install/ros_kctrl_custom_interfaces/include/ros_kctrl_custom_interfaces/ros_kctrl_custom_interfaces/srv/start_pinging.hpp
[6.435s] -- Up-to-date: /home/arveds/ros2_ws/install/ros_kctrl_custom_interfaces/include/ros_kctrl_custom_interfaces/ros_kctrl_custom_interfaces/srv/stop_pinging.hpp
[6.436s] -- Installing: /home/arveds/ros2_ws/install/ros_kctrl_custom_interfaces/include/ros_kctrl_custom_interfaces/ros_kctrl_custom_interfaces/srv/sounder_command.hpp
[6.436s] -- Up-to-date: /home/arveds/ros2_ws/install/ros_kctrl_custom_interfaces/include/ros_kctrl_custom_interfaces/ros_kctrl_custom_interfaces/srv/start_sounder.hpp
[6.436s] -- Installing: /home/arveds/ros2_ws/install/ros_kctrl_custom_interfaces/include/ros_kctrl_custom_interfaces/ros_kctrl_custom_interfaces/srv/set_pu_parameters.hpp
[6.436s] -- Up-to-date: /home/arveds/ros2_ws/install/ros_kctrl_custom_interfaces/include/ros_kctrl_custom_interfaces/ros_kctrl_custom_interfaces
[6.436s] -- Up-to-date: /home/arveds/ros2_ws/install/ros_kctrl_custom_interfaces/include/ros_kctrl_custom_interfaces/ros_kctrl_custom_interfaces/msg
[6.437s] -- Up-to-date: /home/arveds/ros2_ws/install/ros_kctrl_custom_interfaces/include/ros_kctrl_custom_interfaces/ros_kctrl_custom_interfaces/msg/rosidl_typesupport_fastrtps_cpp__visibility_control.h
[6.437s] -- Up-to-date: /home/arveds/ros2_ws/install/ros_kctrl_custom_interfaces/include/ros_kctrl_custom_interfaces/ros_kctrl_custom_interfaces/srv
[6.437s] -- Up-to-date: /home/arveds/ros2_ws/install/ros_kctrl_custom_interfaces/include/ros_kctrl_custom_interfaces/ros_kctrl_custom_interfaces/srv/detail
[6.437s] -- Installing: /home/arveds/ros2_ws/install/ros_kctrl_custom_interfaces/include/ros_kctrl_custom_interfaces/ros_kctrl_custom_interfaces/srv/detail/request_pu_parameters__rosidl_typesupport_fastrtps_cpp.hpp
[6.438s] -- Up-to-date: /home/arveds/ros2_ws/install/ros_kctrl_custom_interfaces/include/ros_kctrl_custom_interfaces/ros_kctrl_custom_interfaces/srv/detail/start_sounder__rosidl_typesupport_fastrtps_cpp.hpp
[6.438s] -- Installing: /home/arveds/ros2_ws/install/ros_kctrl_custom_interfaces/include/ros_kctrl_custom_interfaces/ros_kctrl_custom_interfaces/srv/detail/set_pu_parameters__rosidl_typesupport_fastrtps_cpp.hpp
[6.438s] -- Up-to-date: /home/arveds/ros2_ws/install/ros_kctrl_custom_interfaces/include/ros_kctrl_custom_interfaces/ros_kctrl_custom_interfaces/srv/detail/start_pinging__rosidl_typesupport_fastrtps_cpp.hpp
[6.438s] -- Installing: /home/arveds/ros2_ws/install/ros_kctrl_custom_interfaces/include/ros_kctrl_custom_interfaces/ros_kctrl_custom_interfaces/srv/detail/sounder_command__rosidl_typesupport_fastrtps_cpp.hpp
[6.438s] -- Up-to-date: /home/arveds/ros2_ws/install/ros_kctrl_custom_interfaces/include/ros_kctrl_custom_interfaces/ros_kctrl_custom_interfaces/srv/detail/stop_pinging__rosidl_typesupport_fastrtps_cpp.hpp
[6.439s] -- Up-to-date: /home/arveds/ros2_ws/install/ros_kctrl_custom_interfaces/include/ros_kctrl_custom_interfaces/ros_kctrl_custom_interfaces/srv/detail/dds_fastrtps
[6.439s] -- Installing: /home/arveds/ros2_ws/install/ros_kctrl_custom_interfaces/lib/libros_kctrl_custom_interfaces__rosidl_typesupport_fastrtps_cpp.so
[6.439s] -- Set non-toolchain portion of runtime path of "/home/arveds/ros2_ws/install/ros_kctrl_custom_interfaces/lib/libros_kctrl_custom_interfaces__rosidl_typesupport_fastrtps_cpp.so" to ""
[6.439s] -- Up-to-date: /home/arveds/ros2_ws/install/ros_kctrl_custom_interfaces/include/ros_kctrl_custom_interfaces/ros_kctrl_custom_interfaces
[6.439s] -- Up-to-date: /home/arveds/ros2_ws/install/ros_kctrl_custom_interfaces/include/ros_kctrl_custom_interfaces/ros_kctrl_custom_interfaces/srv
[6.439s] -- Up-to-date: /home/arveds/ros2_ws/install/ros_kctrl_custom_interfaces/include/ros_kctrl_custom_interfaces/ros_kctrl_custom_interfaces/srv/detail
[6.439s] -- Installing: /home/arveds/ros2_ws/install/ros_kctrl_custom_interfaces/include/ros_kctrl_custom_interfaces/ros_kctrl_custom_interfaces/srv/detail/set_pu_parameters__rosidl_typesupport_introspection_cpp.hpp
[6.439s] -- Up-to-date: /home/arveds/ros2_ws/install/ros_kctrl_custom_interfaces/include/ros_kctrl_custom_interfaces/ros_kctrl_custom_interfaces/srv/detail/start_pinging__rosidl_typesupport_introspection_cpp.hpp
[6.439s] -- Installing: /home/arveds/ros2_ws/install/ros_kctrl_custom_interfaces/include/ros_kctrl_custom_interfaces/ros_kctrl_custom_interfaces/srv/detail/sounder_command__rosidl_typesupport_introspection_cpp.hpp
[6.440s] -- Up-to-date: /home/arveds/ros2_ws/install/ros_kctrl_custom_interfaces/include/ros_kctrl_custom_interfaces/ros_kctrl_custom_interfaces/srv/detail/start_sounder__type_support.cpp
[6.440s] -- Installing: /home/arveds/ros2_ws/install/ros_kctrl_custom_interfaces/include/ros_kctrl_custom_interfaces/ros_kctrl_custom_interfaces/srv/detail/request_pu_parameters__type_support.cpp
[6.440s] -- Up-to-date: /home/arveds/ros2_ws/install/ros_kctrl_custom_interfaces/include/ros_kctrl_custom_interfaces/ros_kctrl_custom_interfaces/srv/detail/start_pinging__type_support.cpp
[6.440s] -- Installing: /home/arveds/ros2_ws/install/ros_kctrl_custom_interfaces/include/ros_kctrl_custom_interfaces/ros_kctrl_custom_interfaces/srv/detail/sounder_command__type_support.cpp
[6.441s] -- Installing: /home/arveds/ros2_ws/install/ros_kctrl_custom_interfaces/include/ros_kctrl_custom_interfaces/ros_kctrl_custom_interfaces/srv/detail/request_pu_parameters__rosidl_typesupport_introspection_cpp.hpp
[6.441s] -- Up-to-date: /home/arveds/ros2_ws/install/ros_kctrl_custom_interfaces/include/ros_kctrl_custom_interfaces/ros_kctrl_custom_interfaces/srv/detail/start_sounder__rosidl_typesupport_introspection_cpp.hpp
[6.441s] -- Installing: /home/arveds/ros2_ws/install/ros_kctrl_custom_interfaces/include/ros_kctrl_custom_interfaces/ros_kctrl_custom_interfaces/srv/detail/set_pu_parameters__type_support.cpp
[6.441s] -- Up-to-date: /home/arveds/ros2_ws/install/ros_kctrl_custom_interfaces/include/ros_kctrl_custom_interfaces/ros_kctrl_custom_interfaces/srv/detail/stop_pinging__type_support.cpp
[6.441s] -- Up-to-date: /home/arveds/ros2_ws/install/ros_kctrl_custom_interfaces/include/ros_kctrl_custom_interfaces/ros_kctrl_custom_interfaces/srv/detail/stop_pinging__rosidl_typesupport_introspection_cpp.hpp
[6.441s] -- Installing: /home/arveds/ros2_ws/install/ros_kctrl_custom_interfaces/lib/libros_kctrl_custom_interfaces__rosidl_typesupport_introspection_cpp.so
[6.442s] -- Set non-toolchain portion of runtime path of "/home/arveds/ros2_ws/install/ros_kctrl_custom_interfaces/lib/libros_kctrl_custom_interfaces__rosidl_typesupport_introspection_cpp.so" to ""
[6.443s] -- Installing: /home/arveds/ros2_ws/install/ros_kctrl_custom_interfaces/lib/libros_kctrl_custom_interfaces__rosidl_typesupport_cpp.so
[6.444s] -- Set non-toolchain portion of runtime path of "/home/arveds/ros2_ws/install/ros_kctrl_custom_interfaces/lib/libros_kctrl_custom_interfaces__rosidl_typesupport_cpp.so" to ""
[6.444s] -- Up-to-date: /home/arveds/ros2_ws/install/ros_kctrl_custom_interfaces/share/ros_kctrl_custom_interfaces/environment/pythonpath.sh
[6.445s] -- Up-to-date: /home/arveds/ros2_ws/install/ros_kctrl_custom_interfaces/share/ros_kctrl_custom_interfaces/environment/pythonpath.dsv
[6.445s] -- Up-to-date: /home/arveds/ros2_ws/install/ros_kctrl_custom_interfaces/lib/python3.12/site-packages/ros_kctrl_custom_interfaces-0.0.0-py3.12.egg-info
[6.445s] -- Installing: /home/arveds/ros2_ws/install/ros_kctrl_custom_interfaces/lib/python3.12/site-packages/ros_kctrl_custom_interfaces-0.0.0-py3.12.egg-info/top_level.txt
[6.445s] -- Installing: /home/arveds/ros2_ws/install/ros_kctrl_custom_interfaces/lib/python3.12/site-packages/ros_kctrl_custom_interfaces-0.0.0-py3.12.egg-info/dependency_links.txt
[6.445s] -- Installing: /home/arveds/ros2_ws/install/ros_kctrl_custom_interfaces/lib/python3.12/site-packages/ros_kctrl_custom_interfaces-0.0.0-py3.12.egg-info/SOURCES.txt
[6.445s] -- Installing: /home/arveds/ros2_ws/install/ros_kctrl_custom_interfaces/lib/python3.12/site-packages/ros_kctrl_custom_interfaces-0.0.0-py3.12.egg-info/PKG-INFO
[6.446s] -- Up-to-date: /home/arveds/ros2_ws/install/ros_kctrl_custom_interfaces/lib/python3.12/site-packages/ros_kctrl_custom_interfaces
[6.446s] -- Installing: /home/arveds/ros2_ws/install/ros_kctrl_custom_interfaces/lib/python3.12/site-packages/ros_kctrl_custom_interfaces/ros_kctrl_custom_interfaces_s__rosidl_typesupport_fastrtps_c.so
[6.446s] -- Installing: /home/arveds/ros2_ws/install/ros_kctrl_custom_interfaces/lib/python3.12/site-packages/ros_kctrl_custom_interfaces/ros_kctrl_custom_interfaces_s__rosidl_typesupport_c.so
[6.446s] -- Installing: /home/arveds/ros2_ws/install/ros_kctrl_custom_interfaces/lib/python3.12/site-packages/ros_kctrl_custom_interfaces/_ros_kctrl_custom_interfaces_s.ep.rosidl_typesupport_introspection_c.c
[6.447s] -- Installing: /home/arveds/ros2_ws/install/ros_kctrl_custom_interfaces/lib/python3.12/site-packages/ros_kctrl_custom_interfaces/_ros_kctrl_custom_interfaces_s.ep.rosidl_typesupport_fastrtps_c.c
[6.447s] -- Installing: /home/arveds/ros2_ws/install/ros_kctrl_custom_interfaces/lib/python3.12/site-packages/ros_kctrl_custom_interfaces/__init__.py
[6.447s] -- Up-to-date: /home/arveds/ros2_ws/install/ros_kctrl_custom_interfaces/lib/python3.12/site-packages/ros_kctrl_custom_interfaces/srv
[6.448s] -- Installing: /home/arveds/ros2_ws/install/ros_kctrl_custom_interfaces/lib/python3.12/site-packages/ros_kctrl_custom_interfaces/srv/_request_pu_parameters.py
[6.448s] -- Up-to-date: /home/arveds/ros2_ws/install/ros_kctrl_custom_interfaces/lib/python3.12/site-packages/ros_kctrl_custom_interfaces/srv/_stop_pinging.py
[6.448s] -- Installing: /home/arveds/ros2_ws/install/ros_kctrl_custom_interfaces/lib/python3.12/site-packages/ros_kctrl_custom_interfaces/srv/_set_pu_parameters.py
[6.448s] -- Installing: /home/arveds/ros2_ws/install/ros_kctrl_custom_interfaces/lib/python3.12/site-packages/ros_kctrl_custom_interfaces/srv/_request_pu_parameters_s.c
[6.449s] -- Up-to-date: /home/arveds/ros2_ws/install/ros_kctrl_custom_interfaces/lib/python3.12/site-packages/ros_kctrl_custom_interfaces/srv/_start_pinging.py
[6.449s] -- Up-to-date: /home/arveds/ros2_ws/install/ros_kctrl_custom_interfaces/lib/python3.12/site-packages/ros_kctrl_custom_interfaces/srv/_start_sounder.py
[6.449s] -- Up-to-date: /home/arveds/ros2_ws/install/ros_kctrl_custom_interfaces/lib/python3.12/site-packages/ros_kctrl_custom_interfaces/srv/_start_pinging_s.c
[6.449s] -- Installing: /home/arveds/ros2_ws/install/ros_kctrl_custom_interfaces/lib/python3.12/site-packages/ros_kctrl_custom_interfaces/srv/_set_pu_parameters_s.c
[6.449s] -- Up-to-date: /home/arveds/ros2_ws/install/ros_kctrl_custom_interfaces/lib/python3.12/site-packages/ros_kctrl_custom_interfaces/srv/_start_sounder_s.c
[6.450s] -- Installing: /home/arveds/ros2_ws/install/ros_kctrl_custom_interfaces/lib/python3.12/site-packages/ros_kctrl_custom_interfaces/srv/__init__.py
[6.450s] -- Installing: /home/arveds/ros2_ws/install/ros_kctrl_custom_interfaces/lib/python3.12/site-packages/ros_kctrl_custom_interfaces/srv/_sounder_command_s.c
[6.450s] -- Installing: /home/arveds/ros2_ws/install/ros_kctrl_custom_interfaces/lib/python3.12/site-packages/ros_kctrl_custom_interfaces/srv/_sounder_command.py
[6.451s] -- Up-to-date: /home/arveds/ros2_ws/install/ros_kctrl_custom_interfaces/lib/python3.12/site-packages/ros_kctrl_custom_interfaces/srv/_stop_pinging_s.c
[6.451s] -- Installing: /home/arveds/ros2_ws/install/ros_kctrl_custom_interfaces/lib/python3.12/site-packages/ros_kctrl_custom_interfaces/ros_kctrl_custom_interfaces_s__rosidl_typesupport_introspection_c.so
[6.451s] -- Installing: /home/arveds/ros2_ws/install/ros_kctrl_custom_interfaces/lib/python3.12/site-packages/ros_kctrl_custom_interfaces/_ros_kctrl_custom_interfaces_s.ep.rosidl_typesupport_c.c
[6.509s] Listing '/home/arveds/ros2_ws/install/ros_kctrl_custom_interfaces/lib/python3.12/site-packages/ros_kctrl_custom_interfaces'...
[6.510s] Compiling '/home/arveds/ros2_ws/install/ros_kctrl_custom_interfaces/lib/python3.12/site-packages/ros_kctrl_custom_interfaces/__init__.py'...
[6.510s] Listing '/home/arveds/ros2_ws/install/ros_kctrl_custom_interfaces/lib/python3.12/site-packages/ros_kctrl_custom_interfaces/srv'...
[6.510s] Compiling '/home/arveds/ros2_ws/install/ros_kctrl_custom_interfaces/lib/python3.12/site-packages/ros_kctrl_custom_interfaces/srv/__init__.py'...
[6.510s] Compiling '/home/arveds/ros2_ws/install/ros_kctrl_custom_interfaces/lib/python3.12/site-packages/ros_kctrl_custom_interfaces/srv/_request_pu_parameters.py'...
[6.510s] Compiling '/home/arveds/ros2_ws/install/ros_kctrl_custom_interfaces/lib/python3.12/site-packages/ros_kctrl_custom_interfaces/srv/_set_pu_parameters.py'...
[6.510s] Compiling '/home/arveds/ros2_ws/install/ros_kctrl_custom_interfaces/lib/python3.12/site-packages/ros_kctrl_custom_interfaces/srv/_sounder_command.py'...
[6.516s] -- Installing: /home/arveds/ros2_ws/install/ros_kctrl_custom_interfaces/lib/python3.12/site-packages/ros_kctrl_custom_interfaces/ros_kctrl_custom_interfaces_s__rosidl_typesupport_fastrtps_c.so
[6.516s] -- Set non-toolchain portion of runtime path of "/home/arveds/ros2_ws/install/ros_kctrl_custom_interfaces/lib/python3.12/site-packages/ros_kctrl_custom_interfaces/ros_kctrl_custom_interfaces_s__rosidl_typesupport_fastrtps_c.so" to ""
[6.516s] -- Installing: /home/arveds/ros2_ws/install/ros_kctrl_custom_interfaces/lib/python3.12/site-packages/ros_kctrl_custom_interfaces/ros_kctrl_custom_interfaces_s__rosidl_typesupport_introspection_c.so
[6.517s] -- Set non-toolchain portion of runtime path of "/home/arveds/ros2_ws/install/ros_kctrl_custom_interfaces/lib/python3.12/site-packages/ros_kctrl_custom_interfaces/ros_kctrl_custom_interfaces_s__rosidl_typesupport_introspection_c.so" to ""
[6.517s] -- Installing: /home/arveds/ros2_ws/install/ros_kctrl_custom_interfaces/lib/python3.12/site-packages/ros_kctrl_custom_interfaces/ros_kctrl_custom_interfaces_s__rosidl_typesupport_c.so
[6.517s] -- Set non-toolchain portion of runtime path of "/home/arveds/ros2_ws/install/ros_kctrl_custom_interfaces/lib/python3.12/site-packages/ros_kctrl_custom_interfaces/ros_kctrl_custom_interfaces_s__rosidl_typesupport_c.so" to ""
[6.518s] -- Installing: /home/arveds/ros2_ws/install/ros_kctrl_custom_interfaces/lib/libros_kctrl_custom_interfaces__rosidl_generator_py.so
[6.519s] -- Set non-toolchain portion of runtime path of "/home/arveds/ros2_ws/install/ros_kctrl_custom_interfaces/lib/libros_kctrl_custom_interfaces__rosidl_generator_py.so" to ""
[6.519s] -- Installing: /home/arveds/ros2_ws/install/ros_kctrl_custom_interfaces/share/ros_kctrl_custom_interfaces/srv/SounderCommand.idl
[6.519s] -- Up-to-date: /home/arveds/ros2_ws/install/ros_kctrl_custom_interfaces/share/ros_kctrl_custom_interfaces/srv/SetPUParameters.idl
[6.519s] -- Up-to-date: /home/arveds/ros2_ws/install/ros_kctrl_custom_interfaces/share/ros_kctrl_custom_interfaces/srv/RequestPUParameters.idl
[6.520s] -- Installing: /home/arveds/ros2_ws/install/ros_kctrl_custom_interfaces/share/ros_kctrl_custom_interfaces/srv/SounderCommand.srv
[6.520s] -- Up-to-date: /home/arveds/ros2_ws/install/ros_kctrl_custom_interfaces/share/ros_kctrl_custom_interfaces/srv/SetPUParameters.srv
[6.520s] -- Up-to-date: /home/arveds/ros2_ws/install/ros_kctrl_custom_interfaces/share/ros_kctrl_custom_interfaces/srv/RequestPUParameters.srv
[6.520s] -- Up-to-date: /home/arveds/ros2_ws/install/ros_kctrl_custom_interfaces/share/ament_index/resource_index/package_run_dependencies/ros_kctrl_custom_interfaces
[6.520s] -- Up-to-date: /home/arveds/ros2_ws/install/ros_kctrl_custom_interfaces/share/ament_index/resource_index/parent_prefix_path/ros_kctrl_custom_interfaces
[6.521s] -- Up-to-date: /home/arveds/ros2_ws/install/ros_kctrl_custom_interfaces/share/ros_kctrl_custom_interfaces/environment/ament_prefix_path.sh
[6.521s] -- Up-to-date: /home/arveds/ros2_ws/install/ros_kctrl_custom_interfaces/share/ros_kctrl_custom_interfaces/environment/ament_prefix_path.dsv
[6.521s] -- Up-to-date: /home/arveds/ros2_ws/install/ros_kctrl_custom_interfaces/share/ros_kctrl_custom_interfaces/environment/path.sh
[6.521s] -- Up-to-date: /home/arveds/ros2_ws/install/ros_kctrl_custom_interfaces/share/ros_kctrl_custom_interfaces/environment/path.dsv
[6.522s] -- Up-to-date: /home/arveds/ros2_ws/install/ros_kctrl_custom_interfaces/share/ros_kctrl_custom_interfaces/local_setup.bash
[6.522s] -- Up-to-date: /home/arveds/ros2_ws/install/ros_kctrl_custom_interfaces/share/ros_kctrl_custom_interfaces/local_setup.sh
[6.522s] -- Up-to-date: /home/arveds/ros2_ws/install/ros_kctrl_custom_interfaces/share/ros_kctrl_custom_interfaces/local_setup.zsh
[6.522s] -- Up-to-date: /home/arveds/ros2_ws/install/ros_kctrl_custom_interfaces/share/ros_kctrl_custom_interfaces/local_setup.dsv
[6.522s] -- Installing: /home/arveds/ros2_ws/install/ros_kctrl_custom_interfaces/share/ros_kctrl_custom_interfaces/package.dsv
[6.523s] -- Up-to-date: /home/arveds/ros2_ws/install/ros_kctrl_custom_interfaces/share/ament_index/resource_index/packages/ros_kctrl_custom_interfaces
[6.523s] -- Up-to-date: /home/arveds/ros2_ws/install/ros_kctrl_custom_interfaces/share/ros_kctrl_custom_interfaces/cmake/export_ros_kctrl_custom_interfaces__rosidl_generator_cExport.cmake
[6.523s] -- Up-to-date: /home/arveds/ros2_ws/install/ros_kctrl_custom_interfaces/share/ros_kctrl_custom_interfaces/cmake/export_ros_kctrl_custom_interfaces__rosidl_generator_cExport-noconfig.cmake
[6.523s] -- Up-to-date: /home/arveds/ros2_ws/install/ros_kctrl_custom_interfaces/share/ros_kctrl_custom_interfaces/cmake/export_ros_kctrl_custom_interfaces__rosidl_typesupport_fastrtps_cExport.cmake
[6.524s] -- Up-to-date: /home/arveds/ros2_ws/install/ros_kctrl_custom_interfaces/share/ros_kctrl_custom_interfaces/cmake/export_ros_kctrl_custom_interfaces__rosidl_typesupport_fastrtps_cExport-noconfig.cmake
[6.524s] -- Up-to-date: /home/arveds/ros2_ws/install/ros_kctrl_custom_interfaces/share/ros_kctrl_custom_interfaces/cmake/ros_kctrl_custom_interfaces__rosidl_typesupport_introspection_cExport.cmake
[6.524s] -- Up-to-date: /home/arveds/ros2_ws/install/ros_kctrl_custom_interfaces/share/ros_kctrl_custom_interfaces/cmake/ros_kctrl_custom_interfaces__rosidl_typesupport_introspection_cExport-noconfig.cmake
[6.524s] -- Up-to-date: /home/arveds/ros2_ws/install/ros_kctrl_custom_interfaces/share/ros_kctrl_custom_interfaces/cmake/ros_kctrl_custom_interfaces__rosidl_typesupport_cExport.cmake
[6.524s] -- Up-to-date: /home/arveds/ros2_ws/install/ros_kctrl_custom_interfaces/share/ros_kctrl_custom_interfaces/cmake/ros_kctrl_custom_interfaces__rosidl_typesupport_cExport-noconfig.cmake
[6.524s] -- Up-to-date: /home/arveds/ros2_ws/install/ros_kctrl_custom_interfaces/share/ros_kctrl_custom_interfaces/cmake/export_ros_kctrl_custom_interfaces__rosidl_generator_cppExport.cmake
[6.525s] -- Up-to-date: /home/arveds/ros2_ws/install/ros_kctrl_custom_interfaces/share/ros_kctrl_custom_interfaces/cmake/export_ros_kctrl_custom_interfaces__rosidl_typesupport_fastrtps_cppExport.cmake
[6.525s] -- Up-to-date: /home/arveds/ros2_ws/install/ros_kctrl_custom_interfaces/share/ros_kctrl_custom_interfaces/cmake/export_ros_kctrl_custom_interfaces__rosidl_typesupport_fastrtps_cppExport-noconfig.cmake
[6.525s] -- Up-to-date: /home/arveds/ros2_ws/install/ros_kctrl_custom_interfaces/share/ros_kctrl_custom_interfaces/cmake/ros_kctrl_custom_interfaces__rosidl_typesupport_introspection_cppExport.cmake
[6.525s] -- Up-to-date: /home/arveds/ros2_ws/install/ros_kctrl_custom_interfaces/share/ros_kctrl_custom_interfaces/cmake/ros_kctrl_custom_interfaces__rosidl_typesupport_introspection_cppExport-noconfig.cmake
[6.525s] -- Up-to-date: /home/arveds/ros2_ws/install/ros_kctrl_custom_interfaces/share/ros_kctrl_custom_interfaces/cmake/ros_kctrl_custom_interfaces__rosidl_typesupport_cppExport.cmake
[6.526s] -- Up-to-date: /home/arveds/ros2_ws/install/ros_kctrl_custom_interfaces/share/ros_kctrl_custom_interfaces/cmake/ros_kctrl_custom_interfaces__rosidl_typesupport_cppExport-noconfig.cmake
[6.526s] -- Up-to-date: /home/arveds/ros2_ws/install/ros_kctrl_custom_interfaces/share/ros_kctrl_custom_interfaces/cmake/export_ros_kctrl_custom_interfaces__rosidl_generator_pyExport.cmake
[6.526s] -- Up-to-date: /home/arveds/ros2_ws/install/ros_kctrl_custom_interfaces/share/ros_kctrl_custom_interfaces/cmake/export_ros_kctrl_custom_interfaces__rosidl_generator_pyExport-noconfig.cmake
[6.526s] -- Installing: /home/arveds/ros2_ws/install/ros_kctrl_custom_interfaces/share/ros_kctrl_custom_interfaces/cmake/rosidl_cmake-extras.cmake
[6.527s] -- Installing: /home/arveds/ros2_ws/install/ros_kctrl_custom_interfaces/share/ros_kctrl_custom_interfaces/cmake/ament_cmake_export_dependencies-extras.cmake
[6.527s] -- Up-to-date: /home/arveds/ros2_ws/install/ros_kctrl_custom_interfaces/share/ros_kctrl_custom_interfaces/cmake/ament_cmake_export_include_directories-extras.cmake
[6.527s] -- Up-to-date: /home/arveds/ros2_ws/install/ros_kctrl_custom_interfaces/share/ros_kctrl_custom_interfaces/cmake/ament_cmake_export_libraries-extras.cmake
[6.527s] -- Up-to-date: /home/arveds/ros2_ws/install/ros_kctrl_custom_interfaces/share/ros_kctrl_custom_interfaces/cmake/ament_cmake_export_targets-extras.cmake
[6.527s] -- Up-to-date: /home/arveds/ros2_ws/install/ros_kctrl_custom_interfaces/share/ros_kctrl_custom_interfaces/cmake/rosidl_cmake_export_typesupport_targets-extras.cmake
[6.528s] -- Up-to-date: /home/arveds/ros2_ws/install/ros_kctrl_custom_interfaces/share/ros_kctrl_custom_interfaces/cmake/rosidl_cmake_export_typesupport_libraries-extras.cmake
[6.528s] -- Up-to-date: /home/arveds/ros2_ws/install/ros_kctrl_custom_interfaces/share/ros_kctrl_custom_interfaces/cmake/ros_kctrl_custom_interfacesConfig.cmake
[6.528s] -- Up-to-date: /home/arveds/ros2_ws/install/ros_kctrl_custom_interfaces/share/ros_kctrl_custom_interfaces/cmake/ros_kctrl_custom_interfacesConfig-version.cmake
[6.528s] -- Up-to-date: /home/arveds/ros2_ws/install/ros_kctrl_custom_interfaces/share/ros_kctrl_custom_interfaces/package.xml
[6.530s] Invoked command in '/home/arveds/ros2_ws/build/ros_kctrl_custom_interfaces' returned '0': CMAKE_PREFIX_PATH=${CMAKE_PREFIX_PATH}:/opt/ros/jazzy /usr/bin/cmake --install /home/arveds/ros2_ws/build/ros_kctrl_custom_interfaces
