[0.202s] DEBUG:colcon:Command line arguments: ['/usr/bin/colcon', 'build']
[0.203s] DEBUG:colcon:Parsed command line arguments: Namespace(log_base=None, log_level=None, verb_name='build', build_base='build', install_base='install', merge_install=False, symlink_install=False, test_result_base=None, continue_on_error=False, executor='parallel', parallel_workers=12, event_handlers=None, ignore_user_meta=False, metas=['./colcon.meta'], base_paths=['.'], packages_ignore=None, packages_ignore_regex=None, paths=None, packages_up_to=None, packages_up_to_regex=None, packages_above=None, packages_above_and_dependencies=None, packages_above_depth=None, packages_select_by_dep=None, packages_skip_by_dep=None, packages_skip_up_to=None, packages_select_build_failed=False, packages_skip_build_finished=False, packages_select_test_failures=False, packages_skip_test_passed=False, packages_select=None, packages_skip=None, packages_select_regex=None, packages_skip_regex=None, packages_start=None, packages_end=None, allow_overriding=[], cmake_args=None, cmake_target=None, cmake_target_skip_unavailable=False, cmake_clean_cache=False, cmake_clean_first=False, cmake_force_configure=False, ament_cmake_args=None, catkin_cmake_args=None, catkin_skip_building_tests=False, mixin_files=None, mixin=None, verb_parser=<colcon_mixin.mixin.mixin_argument.MixinArgumentDecorator object at 0x7d2d1126d730>, verb_extension=<colcon_core.verb.build.BuildVerb object at 0x7d2d1126d430>, main=<bound method BuildVerb.main of <colcon_core.verb.build.BuildVerb object at 0x7d2d1126d430>>, mixin_verb=('build',))
[0.271s] Level 1:colcon.colcon_core.package_discovery:discover_packages(colcon_meta) check parameters
[0.271s] Level 1:colcon.colcon_core.package_discovery:discover_packages(recursive) check parameters
[0.271s] Level 1:colcon.colcon_core.package_discovery:discover_packages(ignore) check parameters
[0.271s] Level 1:colcon.colcon_core.package_discovery:discover_packages(path) check parameters
[0.271s] Level 1:colcon.colcon_core.package_discovery:discover_packages(colcon_meta) discover
[0.271s] Level 1:colcon.colcon_core.package_discovery:discover_packages(recursive) discover
[0.271s] INFO:colcon.colcon_core.package_discovery:Crawling recursively for packages in '/home/arveds/ros2_ws'
[0.271s] Level 1:colcon.colcon_core.package_identification:_identify(.) by extensions ['ignore', 'ignore_ament_install']
[0.271s] Level 1:colcon.colcon_core.package_identification:_identify(.) by extension 'ignore'
[0.271s] Level 1:colcon.colcon_core.package_identification:_identify(.) by extension 'ignore_ament_install'
[0.271s] Level 1:colcon.colcon_core.package_identification:_identify(.) by extensions ['colcon_pkg']
[0.272s] Level 1:colcon.colcon_core.package_identification:_identify(.) by extension 'colcon_pkg'
[0.272s] Level 1:colcon.colcon_core.package_identification:_identify(.) by extensions ['colcon_meta']
[0.272s] Level 1:colcon.colcon_core.package_identification:_identify(.) by extension 'colcon_meta'
[0.272s] Level 1:colcon.colcon_core.package_identification:_identify(.) by extensions ['ros']
[0.272s] Level 1:colcon.colcon_core.package_identification:_identify(.) by extension 'ros'
[0.306s] Level 1:colcon.colcon_core.package_identification:_identify(.) by extensions ['cmake', 'python']
[0.306s] Level 1:colcon.colcon_core.package_identification:_identify(.) by extension 'cmake'
[0.306s] Level 1:colcon.colcon_core.package_identification:_identify(.) by extension 'python'
[0.306s] Level 1:colcon.colcon_core.package_identification:_identify(.) by extensions ['python_setup_py']
[0.306s] Level 1:colcon.colcon_core.package_identification:_identify(.) by extension 'python_setup_py'
[0.306s] Level 1:colcon.colcon_core.package_identification:_identify(build) by extensions ['ignore', 'ignore_ament_install']
[0.306s] Level 1:colcon.colcon_core.package_identification:_identify(build) by extension 'ignore'
[0.306s] Level 1:colcon.colcon_core.package_identification:_identify(build) ignored
[0.306s] Level 1:colcon.colcon_core.package_identification:_identify(install) by extensions ['ignore', 'ignore_ament_install']
[0.306s] Level 1:colcon.colcon_core.package_identification:_identify(install) by extension 'ignore'
[0.306s] Level 1:colcon.colcon_core.package_identification:_identify(install) ignored
[0.307s] Level 1:colcon.colcon_core.package_identification:_identify(log) by extensions ['ignore', 'ignore_ament_install']
[0.307s] Level 1:colcon.colcon_core.package_identification:_identify(log) by extension 'ignore'
[0.307s] Level 1:colcon.colcon_core.package_identification:_identify(log) ignored
[0.307s] Level 1:colcon.colcon_core.package_identification:_identify(src) by extensions ['ignore', 'ignore_ament_install']
[0.307s] Level 1:colcon.colcon_core.package_identification:_identify(src) by extension 'ignore'
[0.307s] Level 1:colcon.colcon_core.package_identification:_identify(src) by extension 'ignore_ament_install'
[0.307s] Level 1:colcon.colcon_core.package_identification:_identify(src) by extensions ['colcon_pkg']
[0.307s] Level 1:colcon.colcon_core.package_identification:_identify(src) by extension 'colcon_pkg'
[0.307s] Level 1:colcon.colcon_core.package_identification:_identify(src) by extensions ['colcon_meta']
[0.307s] Level 1:colcon.colcon_core.package_identification:_identify(src) by extension 'colcon_meta'
[0.307s] Level 1:colcon.colcon_core.package_identification:_identify(src) by extensions ['ros']
[0.307s] Level 1:colcon.colcon_core.package_identification:_identify(src) by extension 'ros'
[0.307s] Level 1:colcon.colcon_core.package_identification:_identify(src) by extensions ['cmake', 'python']
[0.307s] Level 1:colcon.colcon_core.package_identification:_identify(src) by extension 'cmake'
[0.307s] Level 1:colcon.colcon_core.package_identification:_identify(src) by extension 'python'
[0.307s] Level 1:colcon.colcon_core.package_identification:_identify(src) by extensions ['python_setup_py']
[0.307s] Level 1:colcon.colcon_core.package_identification:_identify(src) by extension 'python_setup_py'
[0.308s] Level 1:colcon.colcon_core.package_identification:_identify(src/ros_kctrl_custom_interfaces) by extensions ['ignore', 'ignore_ament_install']
[0.308s] Level 1:colcon.colcon_core.package_identification:_identify(src/ros_kctrl_custom_interfaces) by extension 'ignore'
[0.308s] Level 1:colcon.colcon_core.package_identification:_identify(src/ros_kctrl_custom_interfaces) by extension 'ignore_ament_install'
[0.308s] Level 1:colcon.colcon_core.package_identification:_identify(src/ros_kctrl_custom_interfaces) by extensions ['colcon_pkg']
[0.308s] Level 1:colcon.colcon_core.package_identification:_identify(src/ros_kctrl_custom_interfaces) by extension 'colcon_pkg'
[0.308s] Level 1:colcon.colcon_core.package_identification:_identify(src/ros_kctrl_custom_interfaces) by extensions ['colcon_meta']
[0.308s] Level 1:colcon.colcon_core.package_identification:_identify(src/ros_kctrl_custom_interfaces) by extension 'colcon_meta'
[0.308s] Level 1:colcon.colcon_core.package_identification:_identify(src/ros_kctrl_custom_interfaces) by extensions ['ros']
[0.308s] Level 1:colcon.colcon_core.package_identification:_identify(src/ros_kctrl_custom_interfaces) by extension 'ros'
[0.312s] DEBUG:colcon.colcon_core.package_identification:Package 'src/ros_kctrl_custom_interfaces' with type 'ros.ament_cmake' and name 'ros_kctrl_custom_interfaces'
[0.312s] Level 1:colcon.colcon_core.package_identification:_identify(src/ros_kctrl_interface_pkg) by extensions ['ignore', 'ignore_ament_install']
[0.312s] Level 1:colcon.colcon_core.package_identification:_identify(src/ros_kctrl_interface_pkg) by extension 'ignore'
[0.312s] Level 1:colcon.colcon_core.package_identification:_identify(src/ros_kctrl_interface_pkg) by extension 'ignore_ament_install'
[0.312s] Level 1:colcon.colcon_core.package_identification:_identify(src/ros_kctrl_interface_pkg) by extensions ['colcon_pkg']
[0.313s] Level 1:colcon.colcon_core.package_identification:_identify(src/ros_kctrl_interface_pkg) by extension 'colcon_pkg'
[0.313s] Level 1:colcon.colcon_core.package_identification:_identify(src/ros_kctrl_interface_pkg) by extensions ['colcon_meta']
[0.313s] Level 1:colcon.colcon_core.package_identification:_identify(src/ros_kctrl_interface_pkg) by extension 'colcon_meta'
[0.313s] Level 1:colcon.colcon_core.package_identification:_identify(src/ros_kctrl_interface_pkg) by extensions ['ros']
[0.313s] Level 1:colcon.colcon_core.package_identification:_identify(src/ros_kctrl_interface_pkg) by extension 'ros'
[0.313s] DEBUG:colcon.colcon_core.package_identification:Package 'src/ros_kctrl_interface_pkg' with type 'ros.ament_cmake' and name 'ros_kctrl_interface_pkg'
[0.313s] Level 1:colcon.colcon_core.package_discovery:discover_packages(recursive) using defaults
[0.313s] Level 1:colcon.colcon_core.package_discovery:discover_packages(ignore) discover
[0.313s] Level 1:colcon.colcon_core.package_discovery:discover_packages(ignore) using defaults
[0.314s] Level 1:colcon.colcon_core.package_discovery:discover_packages(path) discover
[0.314s] Level 1:colcon.colcon_core.package_discovery:discover_packages(path) using defaults
[0.341s] Level 1:colcon.colcon_core.package_discovery:discover_packages(prefix_path) check parameters
[0.341s] Level 1:colcon.colcon_core.package_discovery:discover_packages(prefix_path) discover
[0.346s] DEBUG:colcon.colcon_installed_package_information.package_discovery:Found 2 installed packages in /home/arveds/ros2_ws/install
[0.348s] DEBUG:colcon.colcon_installed_package_information.package_discovery:Found 318 installed packages in /opt/ros/jazzy
[0.350s] Level 1:colcon.colcon_core.package_discovery:discover_packages(prefix_path) using defaults
[0.459s] Level 5:colcon.colcon_core.verb:set package 'ros_kctrl_custom_interfaces' build argument 'cmake_args' from command line to 'None'
[0.459s] Level 5:colcon.colcon_core.verb:set package 'ros_kctrl_custom_interfaces' build argument 'cmake_target' from command line to 'None'
[0.460s] Level 5:colcon.colcon_core.verb:set package 'ros_kctrl_custom_interfaces' build argument 'cmake_target_skip_unavailable' from command line to 'False'
[0.460s] Level 5:colcon.colcon_core.verb:set package 'ros_kctrl_custom_interfaces' build argument 'cmake_clean_cache' from command line to 'False'
[0.460s] Level 5:colcon.colcon_core.verb:set package 'ros_kctrl_custom_interfaces' build argument 'cmake_clean_first' from command line to 'False'
[0.460s] Level 5:colcon.colcon_core.verb:set package 'ros_kctrl_custom_interfaces' build argument 'cmake_force_configure' from command line to 'False'
[0.460s] Level 5:colcon.colcon_core.verb:set package 'ros_kctrl_custom_interfaces' build argument 'ament_cmake_args' from command line to 'None'
[0.460s] Level 5:colcon.colcon_core.verb:set package 'ros_kctrl_custom_interfaces' build argument 'catkin_cmake_args' from command line to 'None'
[0.460s] Level 5:colcon.colcon_core.verb:set package 'ros_kctrl_custom_interfaces' build argument 'catkin_skip_building_tests' from command line to 'False'
[0.460s] DEBUG:colcon.colcon_core.verb:Building package 'ros_kctrl_custom_interfaces' with the following arguments: {'ament_cmake_args': None, 'build_base': '/home/arveds/ros2_ws/build/ros_kctrl_custom_interfaces', 'catkin_cmake_args': None, 'catkin_skip_building_tests': False, 'cmake_args': None, 'cmake_clean_cache': False, 'cmake_clean_first': False, 'cmake_force_configure': False, 'cmake_target': None, 'cmake_target_skip_unavailable': False, 'install_base': '/home/arveds/ros2_ws/install/ros_kctrl_custom_interfaces', 'merge_install': False, 'path': '/home/arveds/ros2_ws/src/ros_kctrl_custom_interfaces', 'symlink_install': False, 'test_result_base': None}
[0.460s] Level 5:colcon.colcon_core.verb:set package 'ros_kctrl_interface_pkg' build argument 'cmake_args' from command line to 'None'
[0.460s] Level 5:colcon.colcon_core.verb:set package 'ros_kctrl_interface_pkg' build argument 'cmake_target' from command line to 'None'
[0.460s] Level 5:colcon.colcon_core.verb:set package 'ros_kctrl_interface_pkg' build argument 'cmake_target_skip_unavailable' from command line to 'False'
[0.460s] Level 5:colcon.colcon_core.verb:set package 'ros_kctrl_interface_pkg' build argument 'cmake_clean_cache' from command line to 'False'
[0.460s] Level 5:colcon.colcon_core.verb:set package 'ros_kctrl_interface_pkg' build argument 'cmake_clean_first' from command line to 'False'
[0.460s] Level 5:colcon.colcon_core.verb:set package 'ros_kctrl_interface_pkg' build argument 'cmake_force_configure' from command line to 'False'
[0.460s] Level 5:colcon.colcon_core.verb:set package 'ros_kctrl_interface_pkg' build argument 'ament_cmake_args' from command line to 'None'
[0.460s] Level 5:colcon.colcon_core.verb:set package 'ros_kctrl_interface_pkg' build argument 'catkin_cmake_args' from command line to 'None'
[0.460s] Level 5:colcon.colcon_core.verb:set package 'ros_kctrl_interface_pkg' build argument 'catkin_skip_building_tests' from command line to 'False'
[0.460s] DEBUG:colcon.colcon_core.verb:Building package 'ros_kctrl_interface_pkg' with the following arguments: {'ament_cmake_args': None, 'build_base': '/home/arveds/ros2_ws/build/ros_kctrl_interface_pkg', 'catkin_cmake_args': None, 'catkin_skip_building_tests': False, 'cmake_args': None, 'cmake_clean_cache': False, 'cmake_clean_first': False, 'cmake_force_configure': False, 'cmake_target': None, 'cmake_target_skip_unavailable': False, 'install_base': '/home/arveds/ros2_ws/install/ros_kctrl_interface_pkg', 'merge_install': False, 'path': '/home/arveds/ros2_ws/src/ros_kctrl_interface_pkg', 'symlink_install': False, 'test_result_base': None}
[0.460s] INFO:colcon.colcon_core.executor:Executing jobs using 'parallel' executor
[0.461s] DEBUG:colcon.colcon_parallel_executor.executor.parallel:run_until_complete
[0.462s] INFO:colcon.colcon_ros.task.ament_cmake.build:Building ROS package in '/home/arveds/ros2_ws/src/ros_kctrl_custom_interfaces' with build type 'ament_cmake'
[0.462s] INFO:colcon.colcon_cmake.task.cmake.build:Building CMake package in '/home/arveds/ros2_ws/src/ros_kctrl_custom_interfaces'
[0.468s] INFO:colcon.colcon_core.plugin_system:Skipping extension 'colcon_core.shell.bat': Not used on non-Windows systems
[0.468s] INFO:colcon.colcon_core.shell:Skip shell extension 'powershell' for command environment: Not usable outside of PowerShell
[0.468s] DEBUG:colcon.colcon_core.shell:Skip shell extension 'dsv' for command environment
[0.477s] DEBUG:colcon.colcon_core.event_handler.log_command:Invoking command in '/home/arveds/ros2_ws/build/ros_kctrl_custom_interfaces': CMAKE_PREFIX_PATH=${CMAKE_PREFIX_PATH}:/opt/ros/jazzy /usr/bin/cmake --build /home/arveds/ros2_ws/build/ros_kctrl_custom_interfaces -- -j12 -l12
[0.977s] DEBUG:colcon.colcon_core.event_handler.log_command:Invoked command in '/home/arveds/ros2_ws/build/ros_kctrl_custom_interfaces' returned '0': CMAKE_PREFIX_PATH=${CMAKE_PREFIX_PATH}:/opt/ros/jazzy /usr/bin/cmake --build /home/arveds/ros2_ws/build/ros_kctrl_custom_interfaces -- -j12 -l12
[0.987s] DEBUG:colcon.colcon_core.event_handler.log_command:Invoking command in '/home/arveds/ros2_ws/build/ros_kctrl_custom_interfaces': CMAKE_PREFIX_PATH=${CMAKE_PREFIX_PATH}:/opt/ros/jazzy /usr/bin/cmake --install /home/arveds/ros2_ws/build/ros_kctrl_custom_interfaces
[1.066s] Level 1:colcon.colcon_core.environment:create_environment_scripts_only(ros_kctrl_custom_interfaces)
[1.066s] DEBUG:colcon.colcon_core.event_handler.log_command:Invoked command in '/home/arveds/ros2_ws/build/ros_kctrl_custom_interfaces' returned '0': CMAKE_PREFIX_PATH=${CMAKE_PREFIX_PATH}:/opt/ros/jazzy /usr/bin/cmake --install /home/arveds/ros2_ws/build/ros_kctrl_custom_interfaces
[1.074s] Level 1:colcon.colcon_core.environment:checking '/home/arveds/ros2_ws/install/ros_kctrl_custom_interfaces' for CMake module files
[1.075s] Level 1:colcon.colcon_core.environment:checking '/home/arveds/ros2_ws/install/ros_kctrl_custom_interfaces' for CMake config files
[1.075s] Level 1:colcon.colcon_core.shell:create_environment_hook('ros_kctrl_custom_interfaces', 'cmake_prefix_path')
[1.075s] INFO:colcon.colcon_core.shell:Creating environment hook '/home/arveds/ros2_ws/install/ros_kctrl_custom_interfaces/share/ros_kctrl_custom_interfaces/hook/cmake_prefix_path.ps1'
[1.076s] INFO:colcon.colcon_core.shell:Creating environment descriptor '/home/arveds/ros2_ws/install/ros_kctrl_custom_interfaces/share/ros_kctrl_custom_interfaces/hook/cmake_prefix_path.dsv'
[1.077s] INFO:colcon.colcon_core.shell:Creating environment hook '/home/arveds/ros2_ws/install/ros_kctrl_custom_interfaces/share/ros_kctrl_custom_interfaces/hook/cmake_prefix_path.sh'
[1.078s] Level 1:colcon.colcon_core.environment:checking '/home/arveds/ros2_ws/install/ros_kctrl_custom_interfaces/lib'
[1.078s] Level 1:colcon.colcon_core.shell:create_environment_hook('ros_kctrl_custom_interfaces', 'ld_library_path_lib')
[1.078s] INFO:colcon.colcon_core.shell:Creating environment hook '/home/arveds/ros2_ws/install/ros_kctrl_custom_interfaces/share/ros_kctrl_custom_interfaces/hook/ld_library_path_lib.ps1'
[1.079s] INFO:colcon.colcon_core.shell:Creating environment descriptor '/home/arveds/ros2_ws/install/ros_kctrl_custom_interfaces/share/ros_kctrl_custom_interfaces/hook/ld_library_path_lib.dsv'
[1.079s] INFO:colcon.colcon_core.shell:Creating environment hook '/home/arveds/ros2_ws/install/ros_kctrl_custom_interfaces/share/ros_kctrl_custom_interfaces/hook/ld_library_path_lib.sh'
[1.079s] Level 1:colcon.colcon_core.environment:checking '/home/arveds/ros2_ws/install/ros_kctrl_custom_interfaces/bin'
[1.079s] Level 1:colcon.colcon_core.environment:checking '/home/arveds/ros2_ws/install/ros_kctrl_custom_interfaces/lib/pkgconfig/ros_kctrl_custom_interfaces.pc'
[1.079s] Level 1:colcon.colcon_core.environment:checking '/home/arveds/ros2_ws/install/ros_kctrl_custom_interfaces/lib/python3.12/site-packages'
[1.080s] Level 1:colcon.colcon_core.shell:create_environment_hook('ros_kctrl_custom_interfaces', 'pythonpath')
[1.080s] INFO:colcon.colcon_core.shell:Creating environment hook '/home/arveds/ros2_ws/install/ros_kctrl_custom_interfaces/share/ros_kctrl_custom_interfaces/hook/pythonpath.ps1'
[1.080s] INFO:colcon.colcon_core.shell:Creating environment descriptor '/home/arveds/ros2_ws/install/ros_kctrl_custom_interfaces/share/ros_kctrl_custom_interfaces/hook/pythonpath.dsv'
[1.080s] INFO:colcon.colcon_core.shell:Creating environment hook '/home/arveds/ros2_ws/install/ros_kctrl_custom_interfaces/share/ros_kctrl_custom_interfaces/hook/pythonpath.sh'
[1.081s] Level 1:colcon.colcon_core.environment:checking '/home/arveds/ros2_ws/install/ros_kctrl_custom_interfaces/bin'
[1.081s] INFO:colcon.colcon_core.shell:Creating package script '/home/arveds/ros2_ws/install/ros_kctrl_custom_interfaces/share/ros_kctrl_custom_interfaces/package.ps1'
[1.082s] INFO:colcon.colcon_core.shell:Creating package descriptor '/home/arveds/ros2_ws/install/ros_kctrl_custom_interfaces/share/ros_kctrl_custom_interfaces/package.dsv'
[1.083s] INFO:colcon.colcon_core.shell:Creating package script '/home/arveds/ros2_ws/install/ros_kctrl_custom_interfaces/share/ros_kctrl_custom_interfaces/package.sh'
[1.083s] INFO:colcon.colcon_core.shell:Creating package script '/home/arveds/ros2_ws/install/ros_kctrl_custom_interfaces/share/ros_kctrl_custom_interfaces/package.bash'
[1.084s] INFO:colcon.colcon_core.shell:Creating package script '/home/arveds/ros2_ws/install/ros_kctrl_custom_interfaces/share/ros_kctrl_custom_interfaces/package.zsh'
[1.085s] Level 1:colcon.colcon_core.environment:create_file_with_runtime_dependencies(/home/arveds/ros2_ws/install/ros_kctrl_custom_interfaces/share/colcon-core/packages/ros_kctrl_custom_interfaces)
[1.085s] Level 1:colcon.colcon_core.environment:create_environment_scripts_only(ros_kctrl_custom_interfaces)
[1.086s] Level 1:colcon.colcon_core.environment:checking '/home/arveds/ros2_ws/install/ros_kctrl_custom_interfaces' for CMake module files
[1.086s] Level 1:colcon.colcon_core.environment:checking '/home/arveds/ros2_ws/install/ros_kctrl_custom_interfaces' for CMake config files
[1.086s] Level 1:colcon.colcon_core.shell:create_environment_hook('ros_kctrl_custom_interfaces', 'cmake_prefix_path')
[1.086s] INFO:colcon.colcon_core.shell:Creating environment hook '/home/arveds/ros2_ws/install/ros_kctrl_custom_interfaces/share/ros_kctrl_custom_interfaces/hook/cmake_prefix_path.ps1'
[1.087s] INFO:colcon.colcon_core.shell:Creating environment descriptor '/home/arveds/ros2_ws/install/ros_kctrl_custom_interfaces/share/ros_kctrl_custom_interfaces/hook/cmake_prefix_path.dsv'
[1.087s] INFO:colcon.colcon_core.shell:Creating environment hook '/home/arveds/ros2_ws/install/ros_kctrl_custom_interfaces/share/ros_kctrl_custom_interfaces/hook/cmake_prefix_path.sh'
[1.088s] Level 1:colcon.colcon_core.environment:checking '/home/arveds/ros2_ws/install/ros_kctrl_custom_interfaces/lib'
[1.088s] Level 1:colcon.colcon_core.shell:create_environment_hook('ros_kctrl_custom_interfaces', 'ld_library_path_lib')
[1.088s] INFO:colcon.colcon_core.shell:Creating environment hook '/home/arveds/ros2_ws/install/ros_kctrl_custom_interfaces/share/ros_kctrl_custom_interfaces/hook/ld_library_path_lib.ps1'
[1.088s] INFO:colcon.colcon_core.shell:Creating environment descriptor '/home/arveds/ros2_ws/install/ros_kctrl_custom_interfaces/share/ros_kctrl_custom_interfaces/hook/ld_library_path_lib.dsv'
[1.088s] INFO:colcon.colcon_core.shell:Creating environment hook '/home/arveds/ros2_ws/install/ros_kctrl_custom_interfaces/share/ros_kctrl_custom_interfaces/hook/ld_library_path_lib.sh'
[1.089s] Level 1:colcon.colcon_core.environment:checking '/home/arveds/ros2_ws/install/ros_kctrl_custom_interfaces/bin'
[1.089s] Level 1:colcon.colcon_core.environment:checking '/home/arveds/ros2_ws/install/ros_kctrl_custom_interfaces/lib/pkgconfig/ros_kctrl_custom_interfaces.pc'
[1.089s] Level 1:colcon.colcon_core.environment:checking '/home/arveds/ros2_ws/install/ros_kctrl_custom_interfaces/lib/python3.12/site-packages'
[1.089s] Level 1:colcon.colcon_core.shell:create_environment_hook('ros_kctrl_custom_interfaces', 'pythonpath')
[1.090s] INFO:colcon.colcon_core.shell:Creating environment hook '/home/arveds/ros2_ws/install/ros_kctrl_custom_interfaces/share/ros_kctrl_custom_interfaces/hook/pythonpath.ps1'
[1.090s] INFO:colcon.colcon_core.shell:Creating environment descriptor '/home/arveds/ros2_ws/install/ros_kctrl_custom_interfaces/share/ros_kctrl_custom_interfaces/hook/pythonpath.dsv'
[1.090s] INFO:colcon.colcon_core.shell:Creating environment hook '/home/arveds/ros2_ws/install/ros_kctrl_custom_interfaces/share/ros_kctrl_custom_interfaces/hook/pythonpath.sh'
[1.091s] Level 1:colcon.colcon_core.environment:checking '/home/arveds/ros2_ws/install/ros_kctrl_custom_interfaces/bin'
[1.091s] INFO:colcon.colcon_core.shell:Creating package script '/home/arveds/ros2_ws/install/ros_kctrl_custom_interfaces/share/ros_kctrl_custom_interfaces/package.ps1'
[1.092s] INFO:colcon.colcon_core.shell:Creating package descriptor '/home/arveds/ros2_ws/install/ros_kctrl_custom_interfaces/share/ros_kctrl_custom_interfaces/package.dsv'
[1.092s] INFO:colcon.colcon_core.shell:Creating package script '/home/arveds/ros2_ws/install/ros_kctrl_custom_interfaces/share/ros_kctrl_custom_interfaces/package.sh'
[1.093s] INFO:colcon.colcon_core.shell:Creating package script '/home/arveds/ros2_ws/install/ros_kctrl_custom_interfaces/share/ros_kctrl_custom_interfaces/package.bash'
[1.093s] INFO:colcon.colcon_core.shell:Creating package script '/home/arveds/ros2_ws/install/ros_kctrl_custom_interfaces/share/ros_kctrl_custom_interfaces/package.zsh'
[1.093s] Level 1:colcon.colcon_core.environment:create_file_with_runtime_dependencies(/home/arveds/ros2_ws/install/ros_kctrl_custom_interfaces/share/colcon-core/packages/ros_kctrl_custom_interfaces)
[1.094s] INFO:colcon.colcon_ros.task.ament_cmake.build:Building ROS package in '/home/arveds/ros2_ws/src/ros_kctrl_interface_pkg' with build type 'ament_cmake'
[1.094s] INFO:colcon.colcon_cmake.task.cmake.build:Building CMake package in '/home/arveds/ros2_ws/src/ros_kctrl_interface_pkg'
[1.095s] INFO:colcon.colcon_core.shell:Skip shell extension 'powershell' for command environment: Not usable outside of PowerShell
[1.095s] DEBUG:colcon.colcon_core.shell:Skip shell extension 'dsv' for command environment
[1.135s] DEBUG:colcon.colcon_core.event_handler.log_command:Invoking command in '/home/arveds/ros2_ws/build/ros_kctrl_interface_pkg': CMAKE_PREFIX_PATH=/home/arveds/ros2_ws/install/ros_kctrl_custom_interfaces:/home/arveds/ros2_ws/install/ros_kctrl_interface_pkg:/opt/ros/jazzy/opt/sdformat_vendor:/opt/ros/jazzy/opt/gz_math_vendor:/opt/ros/jazzy/opt/gz_utils_vendor:/opt/ros/jazzy/opt/gz_tools_vendor:/opt/ros/jazzy/opt/gz_cmake_vendor:/opt/ros/jazzy /usr/bin/cmake --build /home/arveds/ros2_ws/build/ros_kctrl_interface_pkg -- -j12 -l12
[6.741s] DEBUG:colcon.colcon_core.event_handler.log_command:Invoked command in '/home/arveds/ros2_ws/build/ros_kctrl_interface_pkg' returned '0': CMAKE_PREFIX_PATH=/home/arveds/ros2_ws/install/ros_kctrl_custom_interfaces:/home/arveds/ros2_ws/install/ros_kctrl_interface_pkg:/opt/ros/jazzy/opt/sdformat_vendor:/opt/ros/jazzy/opt/gz_math_vendor:/opt/ros/jazzy/opt/gz_utils_vendor:/opt/ros/jazzy/opt/gz_tools_vendor:/opt/ros/jazzy/opt/gz_cmake_vendor:/opt/ros/jazzy /usr/bin/cmake --build /home/arveds/ros2_ws/build/ros_kctrl_interface_pkg -- -j12 -l12
[6.743s] DEBUG:colcon.colcon_core.event_handler.log_command:Invoking command in '/home/arveds/ros2_ws/build/ros_kctrl_interface_pkg': CMAKE_PREFIX_PATH=/home/arveds/ros2_ws/install/ros_kctrl_custom_interfaces:/home/arveds/ros2_ws/install/ros_kctrl_interface_pkg:/opt/ros/jazzy/opt/sdformat_vendor:/opt/ros/jazzy/opt/gz_math_vendor:/opt/ros/jazzy/opt/gz_utils_vendor:/opt/ros/jazzy/opt/gz_tools_vendor:/opt/ros/jazzy/opt/gz_cmake_vendor:/opt/ros/jazzy /usr/bin/cmake --install /home/arveds/ros2_ws/build/ros_kctrl_interface_pkg
[6.757s] Level 1:colcon.colcon_core.environment:create_environment_scripts_only(ros_kctrl_interface_pkg)
[6.758s] DEBUG:colcon.colcon_core.event_handler.log_command:Invoked command in '/home/arveds/ros2_ws/build/ros_kctrl_interface_pkg' returned '0': CMAKE_PREFIX_PATH=/home/arveds/ros2_ws/install/ros_kctrl_custom_interfaces:/home/arveds/ros2_ws/install/ros_kctrl_interface_pkg:/opt/ros/jazzy/opt/sdformat_vendor:/opt/ros/jazzy/opt/gz_math_vendor:/opt/ros/jazzy/opt/gz_utils_vendor:/opt/ros/jazzy/opt/gz_tools_vendor:/opt/ros/jazzy/opt/gz_cmake_vendor:/opt/ros/jazzy /usr/bin/cmake --install /home/arveds/ros2_ws/build/ros_kctrl_interface_pkg
[6.758s] Level 1:colcon.colcon_core.environment:checking '/home/arveds/ros2_ws/install/ros_kctrl_interface_pkg' for CMake module files
[6.759s] Level 1:colcon.colcon_core.environment:checking '/home/arveds/ros2_ws/install/ros_kctrl_interface_pkg' for CMake config files
[6.759s] Level 1:colcon.colcon_core.shell:create_environment_hook('ros_kctrl_interface_pkg', 'cmake_prefix_path')
[6.759s] INFO:colcon.colcon_core.shell:Creating environment hook '/home/arveds/ros2_ws/install/ros_kctrl_interface_pkg/share/ros_kctrl_interface_pkg/hook/cmake_prefix_path.ps1'
[6.759s] INFO:colcon.colcon_core.shell:Creating environment descriptor '/home/arveds/ros2_ws/install/ros_kctrl_interface_pkg/share/ros_kctrl_interface_pkg/hook/cmake_prefix_path.dsv'
[6.760s] INFO:colcon.colcon_core.shell:Creating environment hook '/home/arveds/ros2_ws/install/ros_kctrl_interface_pkg/share/ros_kctrl_interface_pkg/hook/cmake_prefix_path.sh'
[6.760s] Level 1:colcon.colcon_core.environment:checking '/home/arveds/ros2_ws/install/ros_kctrl_interface_pkg/lib'
[6.760s] Level 1:colcon.colcon_core.environment:checking '/home/arveds/ros2_ws/install/ros_kctrl_interface_pkg/bin'
[6.760s] Level 1:colcon.colcon_core.environment:checking '/home/arveds/ros2_ws/install/ros_kctrl_interface_pkg/lib/pkgconfig/ros_kctrl_interface_pkg.pc'
[6.761s] Level 1:colcon.colcon_core.environment:checking '/home/arveds/ros2_ws/install/ros_kctrl_interface_pkg/lib/python3.12/site-packages'
[6.761s] Level 1:colcon.colcon_core.environment:checking '/home/arveds/ros2_ws/install/ros_kctrl_interface_pkg/bin'
[6.761s] INFO:colcon.colcon_core.shell:Creating package script '/home/arveds/ros2_ws/install/ros_kctrl_interface_pkg/share/ros_kctrl_interface_pkg/package.ps1'
[6.761s] INFO:colcon.colcon_core.shell:Creating package descriptor '/home/arveds/ros2_ws/install/ros_kctrl_interface_pkg/share/ros_kctrl_interface_pkg/package.dsv'
[6.762s] INFO:colcon.colcon_core.shell:Creating package script '/home/arveds/ros2_ws/install/ros_kctrl_interface_pkg/share/ros_kctrl_interface_pkg/package.sh'
[6.762s] INFO:colcon.colcon_core.shell:Creating package script '/home/arveds/ros2_ws/install/ros_kctrl_interface_pkg/share/ros_kctrl_interface_pkg/package.bash'
[6.762s] INFO:colcon.colcon_core.shell:Creating package script '/home/arveds/ros2_ws/install/ros_kctrl_interface_pkg/share/ros_kctrl_interface_pkg/package.zsh'
[6.763s] Level 1:colcon.colcon_core.environment:create_file_with_runtime_dependencies(/home/arveds/ros2_ws/install/ros_kctrl_interface_pkg/share/colcon-core/packages/ros_kctrl_interface_pkg)
[6.763s] Level 1:colcon.colcon_core.environment:create_environment_scripts_only(ros_kctrl_interface_pkg)
[6.763s] Level 1:colcon.colcon_core.environment:checking '/home/arveds/ros2_ws/install/ros_kctrl_interface_pkg' for CMake module files
[6.764s] Level 1:colcon.colcon_core.environment:checking '/home/arveds/ros2_ws/install/ros_kctrl_interface_pkg' for CMake config files
[6.764s] Level 1:colcon.colcon_core.shell:create_environment_hook('ros_kctrl_interface_pkg', 'cmake_prefix_path')
[6.764s] INFO:colcon.colcon_core.shell:Creating environment hook '/home/arveds/ros2_ws/install/ros_kctrl_interface_pkg/share/ros_kctrl_interface_pkg/hook/cmake_prefix_path.ps1'
[6.764s] INFO:colcon.colcon_core.shell:Creating environment descriptor '/home/arveds/ros2_ws/install/ros_kctrl_interface_pkg/share/ros_kctrl_interface_pkg/hook/cmake_prefix_path.dsv'
[6.765s] INFO:colcon.colcon_core.shell:Creating environment hook '/home/arveds/ros2_ws/install/ros_kctrl_interface_pkg/share/ros_kctrl_interface_pkg/hook/cmake_prefix_path.sh'
[6.765s] Level 1:colcon.colcon_core.environment:checking '/home/arveds/ros2_ws/install/ros_kctrl_interface_pkg/lib'
[6.765s] Level 1:colcon.colcon_core.environment:checking '/home/arveds/ros2_ws/install/ros_kctrl_interface_pkg/bin'
[6.765s] Level 1:colcon.colcon_core.environment:checking '/home/arveds/ros2_ws/install/ros_kctrl_interface_pkg/lib/pkgconfig/ros_kctrl_interface_pkg.pc'
[6.766s] Level 1:colcon.colcon_core.environment:checking '/home/arveds/ros2_ws/install/ros_kctrl_interface_pkg/lib/python3.12/site-packages'
[6.766s] Level 1:colcon.colcon_core.environment:checking '/home/arveds/ros2_ws/install/ros_kctrl_interface_pkg/bin'
[6.766s] INFO:colcon.colcon_core.shell:Creating package script '/home/arveds/ros2_ws/install/ros_kctrl_interface_pkg/share/ros_kctrl_interface_pkg/package.ps1'
[6.766s] INFO:colcon.colcon_core.shell:Creating package descriptor '/home/arveds/ros2_ws/install/ros_kctrl_interface_pkg/share/ros_kctrl_interface_pkg/package.dsv'
[6.767s] INFO:colcon.colcon_core.shell:Creating package script '/home/arveds/ros2_ws/install/ros_kctrl_interface_pkg/share/ros_kctrl_interface_pkg/package.sh'
[6.767s] INFO:colcon.colcon_core.shell:Creating package script '/home/arveds/ros2_ws/install/ros_kctrl_interface_pkg/share/ros_kctrl_interface_pkg/package.bash'
[6.768s] INFO:colcon.colcon_core.shell:Creating package script '/home/arveds/ros2_ws/install/ros_kctrl_interface_pkg/share/ros_kctrl_interface_pkg/package.zsh'
[6.768s] Level 1:colcon.colcon_core.environment:create_file_with_runtime_dependencies(/home/arveds/ros2_ws/install/ros_kctrl_interface_pkg/share/colcon-core/packages/ros_kctrl_interface_pkg)
[6.768s] DEBUG:colcon.colcon_parallel_executor.executor.parallel:closing loop
[6.769s] DEBUG:colcon.colcon_parallel_executor.executor.parallel:loop closed
[6.769s] DEBUG:colcon.colcon_parallel_executor.executor.parallel:run_until_complete finished with '0'
[6.769s] DEBUG:colcon.colcon_core.event_reactor:joining thread
[6.790s] INFO:colcon.colcon_core.plugin_system:Skipping extension 'colcon_notification.desktop_notification.notify_send': Could not find 'notify-send'
[6.791s] INFO:colcon.colcon_core.plugin_system:Skipping extension 'colcon_notification.desktop_notification.terminal_notifier': Not used on non-Darwin systems
[6.791s] INFO:colcon.colcon_core.plugin_system:Skipping extension 'colcon_notification.desktop_notification.win32': Not used on non-Windows systems
[6.791s] INFO:colcon.colcon_notification.desktop_notification:Sending desktop notification using 'notify2'
[6.793s] DEBUG:colcon.colcon_notification.desktop_notification.notify2:Failed to initialize notify2: org.freedesktop.DBus.Error.ServiceUnknown: The name org.freedesktop.Notifications was not provided by any .service files
[6.794s] DEBUG:colcon.colcon_core.event_reactor:joined thread
[6.794s] INFO:colcon.colcon_core.shell:Creating prefix script '/home/arveds/ros2_ws/install/local_setup.ps1'
[6.795s] INFO:colcon.colcon_core.shell:Creating prefix util module '/home/arveds/ros2_ws/install/_local_setup_util_ps1.py'
[6.796s] INFO:colcon.colcon_core.shell:Creating prefix chain script '/home/arveds/ros2_ws/install/setup.ps1'
[6.798s] INFO:colcon.colcon_core.shell:Creating prefix script '/home/arveds/ros2_ws/install/local_setup.sh'
[6.799s] INFO:colcon.colcon_core.shell:Creating prefix util module '/home/arveds/ros2_ws/install/_local_setup_util_sh.py'
[6.799s] INFO:colcon.colcon_core.shell:Creating prefix chain script '/home/arveds/ros2_ws/install/setup.sh'
[6.800s] INFO:colcon.colcon_core.shell:Creating prefix script '/home/arveds/ros2_ws/install/local_setup.bash'
[6.801s] INFO:colcon.colcon_core.shell:Creating prefix chain script '/home/arveds/ros2_ws/install/setup.bash'
[6.802s] INFO:colcon.colcon_core.shell:Creating prefix script '/home/arveds/ros2_ws/install/local_setup.zsh'
[6.803s] INFO:colcon.colcon_core.shell:Creating prefix chain script '/home/arveds/ros2_ws/install/setup.zsh'
